This file contains any messages produced by compilers while
running configure, to aid debugging if configure makes a mistake.

It was created by pango configure 1.29.5, which was
generated by GNU Autoconf 2.68.  Invocation command line was

  $ ./configure --prefix=/Users/soegaard/BuildRacketLibs --without-x --with-included-modules=yes --with-dynamic-modules=no

## --------- ##
## Platform. ##
## --------- ##

hostname = mba-5.local
uname -m = x86_64
uname -r = 13.0.0
uname -s = Darwin
uname -v = Darwin Kernel Version 13.0.0: Thu Sep 19 22:22:27 PDT 2013; root:xnu-2422.1.72~6/RELEASE_X86_64

/usr/bin/uname -p = i386
/bin/uname -X     = unknown

/bin/arch              = unknown
/usr/bin/arch -k       = unknown
/usr/convex/getsysinfo = unknown
/usr/bin/hostinfo      = Mach kernel version:
	 Darwin Kernel Version 13.0.0: Thu Sep 19 22:22:27 PDT 2013; root:xnu-2422.1.72~6/RELEASE_X86_64
Kernel configured for up to 4 processors.
2 processors are physically available.
4 processors are logically available.
Processor type: i486 (Intel 80486)
Processors active: 0 1 2 3
Primary memory available: 4.00 gigabytes
Default processor set: 316 tasks, 2182 threads, 4 processors
Load average: 4.59, Mach factor: 1.55
/bin/machine           = unknown
/usr/bin/oslevel       = unknown
/bin/universe          = unknown

PATH: /Users/soegaard/BuildRacketLibs/bin
PATH: /opt/local/bin
PATH: /opt/local/sbin
PATH: /opt/local/bin
PATH: /opt/local/sbin
PATH: /usr/bin
PATH: /bin
PATH: /usr/sbin
PATH: /sbin
PATH: /usr/local/bin
PATH: /opt/X11/bin


## ----------- ##
## Core tests. ##
## ----------- ##

configure:2640: checking for a BSD-compatible install
configure:2708: result: /usr/bin/install -c
configure:2719: checking whether build environment is sane
configure:2769: result: yes
configure:2910: checking for a thread-safe mkdir -p
configure:2949: result: ./install-sh -c -d
configure:2962: checking for gawk
configure:2992: result: no
configure:2962: checking for mawk
configure:2992: result: no
configure:2962: checking for nawk
configure:2992: result: no
configure:2962: checking for awk
configure:2978: found /usr/bin/awk
configure:2989: result: awk
configure:3000: checking whether make sets $(MAKE)
configure:3022: result: yes
configure:3168: checking build system type
configure:3182: result: x86_64-apple-darwin13.0.0
configure:3202: checking host system type
configure:3215: result: x86_64-apple-darwin13.0.0
configure:3236: checking for native Win32
configure:3254: result: no
configure:3316: checking for gcc
configure:3343: result: /usr/bin/gcc-4.2
configure:3572: checking for C compiler version
configure:3581: /usr/bin/gcc-4.2 --version >&5
i686-apple-darwin10-gcc-4.2.1 (GCC) 4.2.1 (Apple Inc. build 5666) (dot 3)
Copyright (C) 2007 Free Software Foundation, Inc.
This is free software; see the source for copying conditions.  There is NO
warranty; not even for MERCHANTABILITY or FITNESS FOR A PARTICULAR PURPOSE.

configure:3592: $? = 0
configure:3581: /usr/bin/gcc-4.2 -v >&5
Using built-in specs.
Target: i686-apple-darwin10
Configured with: /var/tmp/gcc/gcc-5666.3~6/src/configure --disable-checking --enable-werror --prefix=/usr --mandir=/share/man --enable-languages=c,objc,c++,obj-c++ --program-transform-name=/^[cg][^.-]*$/s/$/-4.2/ --with-slibdir=/usr/lib --build=i686-apple-darwin10 --program-prefix=i686-apple-darwin10- --host=x86_64-apple-darwin10 --target=i686-apple-darwin10 --with-gxx-include-dir=/include/c++/4.2.1
Thread model: posix
gcc version 4.2.1 (Apple Inc. build 5666) (dot 3)
configure:3592: $? = 0
configure:3581: /usr/bin/gcc-4.2 -V >&5
gcc-4.2: argument to `-V' is missing
configure:3592: $? = 1
configure:3581: /usr/bin/gcc-4.2 -qversion >&5
i686-apple-darwin10-gcc-4.2.1: no input files
configure:3592: $? = 1
configure:3612: checking whether the C compiler works
configure:3634: /usr/bin/gcc-4.2 -Os -arch x86_64 -isysroot /Developer/SDKs/MacOSX10.5.sdk -I/Users/soegaard/BuildRacketLibs/include -isysroot /Developer/SDKs/MacOSX10.5.sdk -mmacosx-version-min=10.5    -arch x86_64 -isysroot /Developer/SDKs/MacOSX10.5.sdk -L/Users/soegaard/BuildRacketLibs/lib conftest.c  >&5
configure:3638: $? = 0
configure:3686: result: yes
configure:3689: checking for C compiler default output file name
configure:3691: result: a.out
configure:3697: checking for suffix of executables
configure:3704: /usr/bin/gcc-4.2 -o conftest -Os -arch x86_64 -isysroot /Developer/SDKs/MacOSX10.5.sdk -I/Users/soegaard/BuildRacketLibs/include -isysroot /Developer/SDKs/MacOSX10.5.sdk -mmacosx-version-min=10.5    -arch x86_64 -isysroot /Developer/SDKs/MacOSX10.5.sdk -L/Users/soegaard/BuildRacketLibs/lib conftest.c  >&5
configure:3708: $? = 0
configure:3730: result: 
configure:3752: checking whether we are cross compiling
configure:3760: /usr/bin/gcc-4.2 -o conftest -Os -arch x86_64 -isysroot /Developer/SDKs/MacOSX10.5.sdk -I/Users/soegaard/BuildRacketLibs/include -isysroot /Developer/SDKs/MacOSX10.5.sdk -mmacosx-version-min=10.5    -arch x86_64 -isysroot /Developer/SDKs/MacOSX10.5.sdk -L/Users/soegaard/BuildRacketLibs/lib conftest.c  >&5
configure:3764: $? = 0
configure:3771: ./conftest
configure:3775: $? = 0
configure:3790: result: no
configure:3795: checking for suffix of object files
configure:3817: /usr/bin/gcc-4.2 -c -Os -arch x86_64 -isysroot /Developer/SDKs/MacOSX10.5.sdk -I/Users/soegaard/BuildRacketLibs/include -isysroot /Developer/SDKs/MacOSX10.5.sdk -mmacosx-version-min=10.5 conftest.c >&5
configure:3821: $? = 0
configure:3842: result: o
configure:3846: checking whether we are using the GNU C compiler
configure:3865: /usr/bin/gcc-4.2 -c -Os -arch x86_64 -isysroot /Developer/SDKs/MacOSX10.5.sdk -I/Users/soegaard/BuildRacketLibs/include -isysroot /Developer/SDKs/MacOSX10.5.sdk -mmacosx-version-min=10.5 conftest.c >&5
configure:3865: $? = 0
configure:3874: result: yes
configure:3883: checking whether /usr/bin/gcc-4.2 accepts -g
configure:3903: /usr/bin/gcc-4.2 -c -g -isysroot /Developer/SDKs/MacOSX10.5.sdk -mmacosx-version-min=10.5 conftest.c >&5
configure:3903: $? = 0
configure:3944: result: yes
configure:3961: checking for /usr/bin/gcc-4.2 option to accept ISO C89
configure:4025: /usr/bin/gcc-4.2  -c -Os -arch x86_64 -isysroot /Developer/SDKs/MacOSX10.5.sdk -I/Users/soegaard/BuildRacketLibs/include -isysroot /Developer/SDKs/MacOSX10.5.sdk -mmacosx-version-min=10.5 conftest.c >&5
configure:4025: $? = 0
configure:4038: result: none needed
configure:4069: checking for style of include used by make
configure:4097: result: GNU
configure:4122: checking dependency style of /usr/bin/gcc-4.2
configure:4232: result: gcc3
configure:4252: checking for c++
configure:4268: found /usr/bin/c++
configure:4279: result: c++
configure:4410: checking for C++ compiler version
configure:4419: c++ --version >&5
i686-apple-darwin10-llvm-g++-4.2 (GCC) 4.2.1 (Based on Apple Inc. build 5658) (LLVM build 2335.6)
Copyright (C) 2007 Free Software Foundation, Inc.
This is free software; see the source for copying conditions.  There is NO
warranty; not even for MERCHANTABILITY or FITNESS FOR A PARTICULAR PURPOSE.

configure:4430: $? = 0
configure:4419: c++ -v >&5
Using built-in specs.
Target: i686-apple-darwin10
Configured with: /var/tmp/llvmgcc42/llvmgcc42-2335.6~17/src/configure --disable-checking --enable-werror --prefix=/Developer/usr/llvm-gcc-4.2 --mandir=/share/man --enable-languages=c,objc,c++,obj-c++ --program-prefix=llvm- --program-transform-name=/^[cg][^.-]*$/s/$/-4.2/ --with-slibdir=/usr/lib --build=i686-apple-darwin10 --enable-llvm=/var/tmp/llvmgcc42/llvmgcc42-2335.6~17/dst-llvmCore/Developer/usr/local --program-prefix=i686-apple-darwin10- --host=x86_64-apple-darwin10 --target=i686-apple-darwin10 --with-gxx-include-dir=/usr/include/c++/4.2.1
Thread model: posix
gcc version 4.2.1 (Based on Apple Inc. build 5658) (LLVM build 2335.6)
configure:4430: $? = 0
configure:4419: c++ -V >&5
llvm-g++-4.2: argument to `-V' is missing
configure:4430: $? = 1
configure:4419: c++ -qversion >&5
i686-apple-darwin10-llvm-g++-4.2: no input files
configure:4430: $? = 1
configure:4434: checking whether we are using the GNU C++ compiler
configure:4453: c++ -c -I/Users/soegaard/BuildRacketLibs/include -isysroot /Developer/SDKs/MacOSX10.5.sdk -mmacosx-version-min=10.5 conftest.cpp >&5
configure:4453: $? = 0
configure:4462: result: yes
configure:4471: checking whether c++ accepts -g
configure:4491: c++ -c -g -isysroot /Developer/SDKs/MacOSX10.5.sdk -mmacosx-version-min=10.5 conftest.cpp >&5
configure:4491: $? = 0
configure:4532: result: yes
configure:4557: checking dependency style of c++
configure:4667: result: gcc3
configure:4694: c++ -c -I/Users/soegaard/BuildRacketLibs/include -isysroot /Developer/SDKs/MacOSX10.5.sdk -mmacosx-version-min=10.5 conftest.cpp >&5
configure:4694: $? = 0
configure:4831: checking for C++ compiler version
configure:4840: c++ --version >&5
i686-apple-darwin10-llvm-g++-4.2 (GCC) 4.2.1 (Based on Apple Inc. build 5658) (LLVM build 2335.6)
Copyright (C) 2007 Free Software Foundation, Inc.
This is free software; see the source for copying conditions.  There is NO
warranty; not even for MERCHANTABILITY or FITNESS FOR A PARTICULAR PURPOSE.

configure:4851: $? = 0
configure:4840: c++ -v >&5
Using built-in specs.
Target: i686-apple-darwin10
Configured with: /var/tmp/llvmgcc42/llvmgcc42-2335.6~17/src/configure --disable-checking --enable-werror --prefix=/Developer/usr/llvm-gcc-4.2 --mandir=/share/man --enable-languages=c,objc,c++,obj-c++ --program-prefix=llvm- --program-transform-name=/^[cg][^.-]*$/s/$/-4.2/ --with-slibdir=/usr/lib --build=i686-apple-darwin10 --enable-llvm=/var/tmp/llvmgcc42/llvmgcc42-2335.6~17/dst-llvmCore/Developer/usr/local --program-prefix=i686-apple-darwin10- --host=x86_64-apple-darwin10 --target=i686-apple-darwin10 --with-gxx-include-dir=/usr/include/c++/4.2.1
Thread model: posix
gcc version 4.2.1 (Based on Apple Inc. build 5658) (LLVM build 2335.6)
configure:4851: $? = 0
configure:4840: c++ -V >&5
llvm-g++-4.2: argument to `-V' is missing
configure:4851: $? = 1
configure:4840: c++ -qversion >&5
i686-apple-darwin10-llvm-g++-4.2: no input files
configure:4851: $? = 1
configure:4855: checking whether we are using the GNU C++ compiler
configure:4883: result: yes
configure:4892: checking whether c++ accepts -g
configure:4953: result: yes
configure:4978: checking dependency style of c++
configure:5088: result: gcc3
configure:5107: checking for mprotect
configure:5107: /usr/bin/gcc-4.2 -o conftest -Os -arch x86_64 -isysroot /Developer/SDKs/MacOSX10.5.sdk -I/Users/soegaard/BuildRacketLibs/include -isysroot /Developer/SDKs/MacOSX10.5.sdk -mmacosx-version-min=10.5    -arch x86_64 -isysroot /Developer/SDKs/MacOSX10.5.sdk -L/Users/soegaard/BuildRacketLibs/lib conftest.c  >&5
configure:5107: $? = 0
configure:5107: result: yes
configure:5107: checking for sysconf
configure:5107: /usr/bin/gcc-4.2 -o conftest -Os -arch x86_64 -isysroot /Developer/SDKs/MacOSX10.5.sdk -I/Users/soegaard/BuildRacketLibs/include -isysroot /Developer/SDKs/MacOSX10.5.sdk -mmacosx-version-min=10.5    -arch x86_64 -isysroot /Developer/SDKs/MacOSX10.5.sdk -L/Users/soegaard/BuildRacketLibs/lib conftest.c  >&5
configure:5107: $? = 0
configure:5107: result: yes
configure:5107: checking for getpagesize
configure:5107: /usr/bin/gcc-4.2 -o conftest -Os -arch x86_64 -isysroot /Developer/SDKs/MacOSX10.5.sdk -I/Users/soegaard/BuildRacketLibs/include -isysroot /Developer/SDKs/MacOSX10.5.sdk -mmacosx-version-min=10.5    -arch x86_64 -isysroot /Developer/SDKs/MacOSX10.5.sdk -L/Users/soegaard/BuildRacketLibs/lib conftest.c  >&5
configure:5107: $? = 0
configure:5107: result: yes
configure:5121: checking how to run the C preprocessor
configure:5152: /usr/bin/gcc-4.2 -E -isysroot /Developer/SDKs/MacOSX10.5.sdk -mmacosx-version-min=10.5 conftest.c
configure:5152: $? = 0
configure:5166: /usr/bin/gcc-4.2 -E -isysroot /Developer/SDKs/MacOSX10.5.sdk -mmacosx-version-min=10.5 conftest.c
conftest.c:20:28: error: ac_nonexistent.h: No such file or directory
configure:5166: $? = 1
configure: failed program was:
| /* confdefs.h */
| #define PACKAGE_NAME "pango"
| #define PACKAGE_TARNAME "pango"
| #define PACKAGE_VERSION "1.29.5"
| #define PACKAGE_STRING "pango 1.29.5"
| #define PACKAGE_BUGREPORT "http://bugzilla.gnome.org/enter_bug.cgi?product=pango"
| #define PACKAGE_URL ""
| #define PACKAGE "pango"
| #define VERSION "1.29.5"
| #define MODULE_VERSION "1.6.0"
| #define PANGO_BINARY_AGE 2905
| #define PANGO_INTERFACE_AGE 0
| #define PANGO_VERSION_MAJOR 1
| #define PANGO_VERSION_MINOR 29
| #define PANGO_VERSION_MICRO 5
| #define HAVE_MPROTECT 1
| #define HAVE_SYSCONF 1
| #define HAVE_GETPAGESIZE 1
| /* end confdefs.h.  */
| #include <ac_nonexistent.h>
configure:5191: result: /usr/bin/gcc-4.2 -E
configure:5211: /usr/bin/gcc-4.2 -E -isysroot /Developer/SDKs/MacOSX10.5.sdk -mmacosx-version-min=10.5 conftest.c
configure:5211: $? = 0
configure:5225: /usr/bin/gcc-4.2 -E -isysroot /Developer/SDKs/MacOSX10.5.sdk -mmacosx-version-min=10.5 conftest.c
conftest.c:20:28: error: ac_nonexistent.h: No such file or directory
configure:5225: $? = 1
configure: failed program was:
| /* confdefs.h */
| #define PACKAGE_NAME "pango"
| #define PACKAGE_TARNAME "pango"
| #define PACKAGE_VERSION "1.29.5"
| #define PACKAGE_STRING "pango 1.29.5"
| #define PACKAGE_BUGREPORT "http://bugzilla.gnome.org/enter_bug.cgi?product=pango"
| #define PACKAGE_URL ""
| #define PACKAGE "pango"
| #define VERSION "1.29.5"
| #define MODULE_VERSION "1.6.0"
| #define PANGO_BINARY_AGE 2905
| #define PANGO_INTERFACE_AGE 0
| #define PANGO_VERSION_MAJOR 1
| #define PANGO_VERSION_MINOR 29
| #define PANGO_VERSION_MICRO 5
| #define HAVE_MPROTECT 1
| #define HAVE_SYSCONF 1
| #define HAVE_GETPAGESIZE 1
| /* end confdefs.h.  */
| #include <ac_nonexistent.h>
configure:5254: checking for grep that handles long lines and -e
configure:5312: result: /usr/bin/grep
configure:5317: checking for egrep
configure:5379: result: /usr/bin/grep -E
configure:5384: checking for ANSI C header files
configure:5404: /usr/bin/gcc-4.2 -c -Os -arch x86_64 -isysroot /Developer/SDKs/MacOSX10.5.sdk -I/Users/soegaard/BuildRacketLibs/include -isysroot /Developer/SDKs/MacOSX10.5.sdk -mmacosx-version-min=10.5 conftest.c >&5
configure:5404: $? = 0
configure:5477: /usr/bin/gcc-4.2 -o conftest -Os -arch x86_64 -isysroot /Developer/SDKs/MacOSX10.5.sdk -I/Users/soegaard/BuildRacketLibs/include -isysroot /Developer/SDKs/MacOSX10.5.sdk -mmacosx-version-min=10.5    -arch x86_64 -isysroot /Developer/SDKs/MacOSX10.5.sdk -L/Users/soegaard/BuildRacketLibs/lib conftest.c  >&5
configure:5477: $? = 0
configure:5477: ./conftest
configure:5477: $? = 0
configure:5488: result: yes
configure:5501: checking for sys/types.h
configure:5501: /usr/bin/gcc-4.2 -c -Os -arch x86_64 -isysroot /Developer/SDKs/MacOSX10.5.sdk -I/Users/soegaard/BuildRacketLibs/include -isysroot /Developer/SDKs/MacOSX10.5.sdk -mmacosx-version-min=10.5 conftest.c >&5
configure:5501: $? = 0
configure:5501: result: yes
configure:5501: checking for sys/stat.h
configure:5501: /usr/bin/gcc-4.2 -c -Os -arch x86_64 -isysroot /Developer/SDKs/MacOSX10.5.sdk -I/Users/soegaard/BuildRacketLibs/include -isysroot /Developer/SDKs/MacOSX10.5.sdk -mmacosx-version-min=10.5 conftest.c >&5
configure:5501: $? = 0
configure:5501: result: yes
configure:5501: checking for stdlib.h
configure:5501: /usr/bin/gcc-4.2 -c -Os -arch x86_64 -isysroot /Developer/SDKs/MacOSX10.5.sdk -I/Users/soegaard/BuildRacketLibs/include -isysroot /Developer/SDKs/MacOSX10.5.sdk -mmacosx-version-min=10.5 conftest.c >&5
configure:5501: $? = 0
configure:5501: result: yes
configure:5501: checking for string.h
configure:5501: /usr/bin/gcc-4.2 -c -Os -arch x86_64 -isysroot /Developer/SDKs/MacOSX10.5.sdk -I/Users/soegaard/BuildRacketLibs/include -isysroot /Developer/SDKs/MacOSX10.5.sdk -mmacosx-version-min=10.5 conftest.c >&5
configure:5501: $? = 0
configure:5501: result: yes
configure:5501: checking for memory.h
configure:5501: /usr/bin/gcc-4.2 -c -Os -arch x86_64 -isysroot /Developer/SDKs/MacOSX10.5.sdk -I/Users/soegaard/BuildRacketLibs/include -isysroot /Developer/SDKs/MacOSX10.5.sdk -mmacosx-version-min=10.5 conftest.c >&5
configure:5501: $? = 0
configure:5501: result: yes
configure:5501: checking for strings.h
configure:5501: /usr/bin/gcc-4.2 -c -Os -arch x86_64 -isysroot /Developer/SDKs/MacOSX10.5.sdk -I/Users/soegaard/BuildRacketLibs/include -isysroot /Developer/SDKs/MacOSX10.5.sdk -mmacosx-version-min=10.5 conftest.c >&5
configure:5501: $? = 0
configure:5501: result: yes
configure:5501: checking for inttypes.h
configure:5501: /usr/bin/gcc-4.2 -c -Os -arch x86_64 -isysroot /Developer/SDKs/MacOSX10.5.sdk -I/Users/soegaard/BuildRacketLibs/include -isysroot /Developer/SDKs/MacOSX10.5.sdk -mmacosx-version-min=10.5 conftest.c >&5
configure:5501: $? = 0
configure:5501: result: yes
configure:5501: checking for stdint.h
configure:5501: /usr/bin/gcc-4.2 -c -Os -arch x86_64 -isysroot /Developer/SDKs/MacOSX10.5.sdk -I/Users/soegaard/BuildRacketLibs/include -isysroot /Developer/SDKs/MacOSX10.5.sdk -mmacosx-version-min=10.5 conftest.c >&5
configure:5501: $? = 0
configure:5501: result: yes
configure:5501: checking for unistd.h
configure:5501: /usr/bin/gcc-4.2 -c -Os -arch x86_64 -isysroot /Developer/SDKs/MacOSX10.5.sdk -I/Users/soegaard/BuildRacketLibs/include -isysroot /Developer/SDKs/MacOSX10.5.sdk -mmacosx-version-min=10.5 conftest.c >&5
configure:5501: $? = 0
configure:5501: result: yes
configure:5516: checking for unistd.h
configure:5516: result: yes
configure:5516: checking sys/mman.h usability
configure:5516: /usr/bin/gcc-4.2 -c -Os -arch x86_64 -isysroot /Developer/SDKs/MacOSX10.5.sdk -I/Users/soegaard/BuildRacketLibs/include -isysroot /Developer/SDKs/MacOSX10.5.sdk -mmacosx-version-min=10.5 conftest.c >&5
configure:5516: $? = 0
configure:5516: result: yes
configure:5516: checking sys/mman.h presence
configure:5516: /usr/bin/gcc-4.2 -E -isysroot /Developer/SDKs/MacOSX10.5.sdk -mmacosx-version-min=10.5 conftest.c
configure:5516: $? = 0
configure:5516: result: yes
configure:5516: checking for sys/mman.h
configure:5516: result: yes
configure:5929: checking how to print strings
configure:5956: result: printf
configure:5977: checking for a sed that does not truncate output
configure:6041: result: /usr/bin/sed
configure:6059: checking for fgrep
configure:6121: result: /usr/bin/grep -F
configure:6156: checking for ld used by /usr/bin/gcc-4.2
configure:6223: result: /usr/libexec/gcc/i686-apple-darwin10/4.2.1/ld
configure:6230: checking if the linker (/usr/libexec/gcc/i686-apple-darwin10/4.2.1/ld) is GNU ld
configure:6245: result: no
configure:6257: checking for BSD- or MS-compatible name lister (nm)
configure:6306: result: /opt/local/bin/nm
configure:6436: checking the name lister (/opt/local/bin/nm) interface
configure:6443: /usr/bin/gcc-4.2 -c -Os -arch x86_64 -isysroot /Developer/SDKs/MacOSX10.5.sdk -I/Users/soegaard/BuildRacketLibs/include -isysroot /Developer/SDKs/MacOSX10.5.sdk -mmacosx-version-min=10.5 conftest.c >&5
configure:6446: /opt/local/bin/nm "conftest.o"
configure:6449: output
0000000000000000 D _some_variable
configure:6456: result: BSD nm
configure:6459: checking whether ln -s works
configure:6463: result: yes
configure:6471: checking the maximum length of command line arguments
configure:6596: result: 196608
configure:6613: checking whether the shell understands some XSI constructs
configure:6623: result: yes
configure:6627: checking whether the shell understands "+="
configure:6633: result: yes
configure:6668: checking how to convert x86_64-apple-darwin13.0.0 file names to x86_64-apple-darwin13.0.0 format
configure:6708: result: func_convert_file_noop
configure:6715: checking how to convert x86_64-apple-darwin13.0.0 file names to toolchain format
configure:6735: result: func_convert_file_noop
configure:6742: checking for /usr/libexec/gcc/i686-apple-darwin10/4.2.1/ld option to reload object files
configure:6749: result: -r
configure:6823: checking for objdump
configure:6850: result: objdump
configure:6879: checking how to recognize dependent libraries
configure:7081: result: pass_all
configure:7166: checking for dlltool
configure:7193: result: dlltool
configure:7223: checking how to associate runtime and link libraries
configure:7250: result: printf %s\n
configure:7310: checking for ar
configure:7326: found /opt/local/bin/ar
configure:7337: result: ar
configure:7374: checking for archiver @FILE support
configure:7391: /usr/bin/gcc-4.2 -c -Os -arch x86_64 -isysroot /Developer/SDKs/MacOSX10.5.sdk -I/Users/soegaard/BuildRacketLibs/include -isysroot /Developer/SDKs/MacOSX10.5.sdk -mmacosx-version-min=10.5 conftest.c >&5
configure:7391: $? = 0
configure:7394: ar cru libconftest.a @conftest.lst >&5
ar: @conftest.lst: No such file or directory
configure:7397: $? = 1
configure:7417: result: no
configure:7475: checking for strip
configure:7491: found /opt/local/bin/strip
configure:7502: result: strip
configure:7574: checking for ranlib
configure:7590: found /opt/local/bin/ranlib
configure:7601: result: ranlib
configure:7703: checking command to parse /opt/local/bin/nm output from /usr/bin/gcc-4.2 object
configure:7822: /usr/bin/gcc-4.2 -c -Os -arch x86_64 -isysroot /Developer/SDKs/MacOSX10.5.sdk -I/Users/soegaard/BuildRacketLibs/include -isysroot /Developer/SDKs/MacOSX10.5.sdk -mmacosx-version-min=10.5 conftest.c >&5
configure:7825: $? = 0
configure:7829: /opt/local/bin/nm conftest.o \| sed -n -e 's/^.*[ ]\([BCDEGRST][BCDEGRST]*\)[ ][ ]*\([_A-Za-z][_A-Za-z0-9]*\)$/\1 \2 \2/p' | sed '/ __gnu_lto/d' \> conftest.nm
configure:7832: $? = 0
cannot find nm_test_var in conftest.nm
configure:7822: /usr/bin/gcc-4.2 -c -Os -arch x86_64 -isysroot /Developer/SDKs/MacOSX10.5.sdk -I/Users/soegaard/BuildRacketLibs/include -isysroot /Developer/SDKs/MacOSX10.5.sdk -mmacosx-version-min=10.5 conftest.c >&5
configure:7825: $? = 0
configure:7829: /opt/local/bin/nm conftest.o \| sed -n -e 's/^.*[ ]\([BCDEGRST][BCDEGRST]*\)[ ][ ]*_\([_A-Za-z][_A-Za-z0-9]*\)$/\1 _\2 \2/p' | sed '/ __gnu_lto/d' \> conftest.nm
configure:7832: $? = 0
configure:7898: /usr/bin/gcc-4.2 -o conftest -Os -arch x86_64 -isysroot /Developer/SDKs/MacOSX10.5.sdk -I/Users/soegaard/BuildRacketLibs/include -isysroot /Developer/SDKs/MacOSX10.5.sdk -mmacosx-version-min=10.5    -arch x86_64 -isysroot /Developer/SDKs/MacOSX10.5.sdk -L/Users/soegaard/BuildRacketLibs/lib conftest.c conftstm.o >&5
configure:7901: $? = 0
configure:7939: result: ok
configure:7976: checking for sysroot
configure:8006: result: no
configure:8249: checking for mt
configure:8279: result: no
configure:8299: checking if : is a manifest tool
configure:8305: : '-?'
configure:8313: result: no
configure:8369: checking for dsymutil
configure:8385: found /usr/bin/dsymutil
configure:8396: result: dsymutil
configure:8461: checking for nmedit
configure:8477: found /opt/local/bin/nmedit
configure:8488: result: nmedit
configure:8553: checking for lipo
configure:8569: found /opt/local/bin/lipo
configure:8580: result: lipo
configure:8645: checking for otool
configure:8661: found /opt/local/bin/otool
configure:8672: result: otool
configure:8737: checking for otool64
configure:8767: result: no
configure:8812: checking for -single_module linker flag
/usr/bin/gcc-4.2 -Os -arch x86_64 -isysroot /Developer/SDKs/MacOSX10.5.sdk -I/Users/soegaard/BuildRacketLibs/include    -arch x86_64 -isysroot /Developer/SDKs/MacOSX10.5.sdk -L/Users/soegaard/BuildRacketLibs/lib -o libconftest.dylib -dynamiclib -Wl,-single_module conftest.c
configure:8839: result: yes
configure:8841: checking for -exported_symbols_list linker flag
configure:8861: /usr/bin/gcc-4.2 -o conftest -Os -arch x86_64 -isysroot /Developer/SDKs/MacOSX10.5.sdk -I/Users/soegaard/BuildRacketLibs/include -isysroot /Developer/SDKs/MacOSX10.5.sdk -mmacosx-version-min=10.5    -arch x86_64 -isysroot /Developer/SDKs/MacOSX10.5.sdk -L/Users/soegaard/BuildRacketLibs/lib -Wl,-exported_symbols_list,conftest.sym conftest.c  >&5
configure:8861: $? = 0
configure:8871: result: yes
configure:8873: checking for -force_load linker flag
/usr/bin/gcc-4.2 -Os -arch x86_64 -isysroot /Developer/SDKs/MacOSX10.5.sdk -I/Users/soegaard/BuildRacketLibs/include -c -o conftest.o conftest.c
ar cru libconftest.a conftest.o
ranlib libconftest.a
/usr/bin/gcc-4.2 -Os -arch x86_64 -isysroot /Developer/SDKs/MacOSX10.5.sdk -I/Users/soegaard/BuildRacketLibs/include    -arch x86_64 -isysroot /Developer/SDKs/MacOSX10.5.sdk -L/Users/soegaard/BuildRacketLibs/lib -o conftest conftest.c -Wl,-force_load,./libconftest.a
configure:8903: result: yes
configure:8942: checking for dlfcn.h
configure:8942: /usr/bin/gcc-4.2 -c -Os -arch x86_64 -isysroot /Developer/SDKs/MacOSX10.5.sdk -I/Users/soegaard/BuildRacketLibs/include -isysroot /Developer/SDKs/MacOSX10.5.sdk -mmacosx-version-min=10.5 conftest.c >&5
configure:8942: $? = 0
configure:8942: result: yes
configure:9107: checking for objdir
configure:9122: result: .libs
configure:9389: checking if /usr/bin/gcc-4.2 supports -fno-rtti -fno-exceptions
configure:9407: /usr/bin/gcc-4.2 -c -Os -arch x86_64 -isysroot /Developer/SDKs/MacOSX10.5.sdk -I/Users/soegaard/BuildRacketLibs/include -isysroot /Developer/SDKs/MacOSX10.5.sdk -mmacosx-version-min=10.5 -fno-rtti -fno-exceptions conftest.c >&5
cc1: warning: command line option "-fno-rtti" is valid for C++/ObjC++ but not for C
configure:9411: $? = 0
configure:9424: result: no
configure:9734: checking for /usr/bin/gcc-4.2 option to produce PIC
configure:9741: result: -fno-common -DPIC
configure:9749: checking if /usr/bin/gcc-4.2 PIC flag -fno-common -DPIC works
configure:9767: /usr/bin/gcc-4.2 -c -Os -arch x86_64 -isysroot /Developer/SDKs/MacOSX10.5.sdk -I/Users/soegaard/BuildRacketLibs/include -isysroot /Developer/SDKs/MacOSX10.5.sdk -mmacosx-version-min=10.5 -fno-common -DPIC -DPIC conftest.c >&5
configure:9771: $? = 0
configure:9784: result: yes
configure:9813: checking if /usr/bin/gcc-4.2 static flag -static works
configure:9841: result: no
configure:9856: checking if /usr/bin/gcc-4.2 supports -c -o file.o
configure:9877: /usr/bin/gcc-4.2 -c -Os -arch x86_64 -isysroot /Developer/SDKs/MacOSX10.5.sdk -I/Users/soegaard/BuildRacketLibs/include -isysroot /Developer/SDKs/MacOSX10.5.sdk -mmacosx-version-min=10.5 -o out/conftest2.o conftest.c >&5
configure:9881: $? = 0
configure:9903: result: yes
configure:9911: checking if /usr/bin/gcc-4.2 supports -c -o file.o
configure:9958: result: yes
configure:9991: checking whether the /usr/bin/gcc-4.2 linker (/usr/libexec/gcc/i686-apple-darwin10/4.2.1/ld) supports shared libraries
configure:11149: result: yes
configure:11394: checking dynamic linker characteristics
configure:12134: result: darwin13.0.0 dyld
configure:12241: checking how to hardcode library paths into programs
configure:12266: result: immediate
configure:12806: checking whether stripping libraries is possible
configure:12820: result: yes
configure:12846: checking if libtool supports shared libraries
configure:12848: result: yes
configure:12851: checking whether to build shared libraries
configure:12872: result: yes
configure:12875: checking whether to build static libraries
configure:12879: result: no
configure:12902: checking how to run the C++ preprocessor
configure:12929: c++ -E -isysroot /Developer/SDKs/MacOSX10.5.sdk -mmacosx-version-min=10.5 conftest.cpp
configure:12929: $? = 0
configure:12943: c++ -E -isysroot /Developer/SDKs/MacOSX10.5.sdk -mmacosx-version-min=10.5 conftest.cpp
conftest.cpp:34:28: error: ac_nonexistent.h: No such file or directory
configure:12943: $? = 1
configure: failed program was:
| /* confdefs.h */
| #define PACKAGE_NAME "pango"
| #define PACKAGE_TARNAME "pango"
| #define PACKAGE_VERSION "1.29.5"
| #define PACKAGE_STRING "pango 1.29.5"
| #define PACKAGE_BUGREPORT "http://bugzilla.gnome.org/enter_bug.cgi?product=pango"
| #define PACKAGE_URL ""
| #define PACKAGE "pango"
| #define VERSION "1.29.5"
| #define MODULE_VERSION "1.6.0"
| #define PANGO_BINARY_AGE 2905
| #define PANGO_INTERFACE_AGE 0
| #define PANGO_VERSION_MAJOR 1
| #define PANGO_VERSION_MINOR 29
| #define PANGO_VERSION_MICRO 5
| #define HAVE_MPROTECT 1
| #define HAVE_SYSCONF 1
| #define HAVE_GETPAGESIZE 1
| #define STDC_HEADERS 1
| #define HAVE_SYS_TYPES_H 1
| #define HAVE_SYS_STAT_H 1
| #define HAVE_STDLIB_H 1
| #define HAVE_STRING_H 1
| #define HAVE_MEMORY_H 1
| #define HAVE_STRINGS_H 1
| #define HAVE_INTTYPES_H 1
| #define HAVE_STDINT_H 1
| #define HAVE_UNISTD_H 1
| #define HAVE_UNISTD_H 1
| #define HAVE_SYS_MMAN_H 1
| #define HAVE_DLFCN_H 1
| #define LT_OBJDIR ".libs/"
| /* end confdefs.h.  */
| #include <ac_nonexistent.h>
configure:12968: result: c++ -E
configure:12988: c++ -E -isysroot /Developer/SDKs/MacOSX10.5.sdk -mmacosx-version-min=10.5 conftest.cpp
configure:12988: $? = 0
configure:13002: c++ -E -isysroot /Developer/SDKs/MacOSX10.5.sdk -mmacosx-version-min=10.5 conftest.cpp
conftest.cpp:34:28: error: ac_nonexistent.h: No such file or directory
configure:13002: $? = 1
configure: failed program was:
| /* confdefs.h */
| #define PACKAGE_NAME "pango"
| #define PACKAGE_TARNAME "pango"
| #define PACKAGE_VERSION "1.29.5"
| #define PACKAGE_STRING "pango 1.29.5"
| #define PACKAGE_BUGREPORT "http://bugzilla.gnome.org/enter_bug.cgi?product=pango"
| #define PACKAGE_URL ""
| #define PACKAGE "pango"
| #define VERSION "1.29.5"
| #define MODULE_VERSION "1.6.0"
| #define PANGO_BINARY_AGE 2905
| #define PANGO_INTERFACE_AGE 0
| #define PANGO_VERSION_MAJOR 1
| #define PANGO_VERSION_MINOR 29
| #define PANGO_VERSION_MICRO 5
| #define HAVE_MPROTECT 1
| #define HAVE_SYSCONF 1
| #define HAVE_GETPAGESIZE 1
| #define STDC_HEADERS 1
| #define HAVE_SYS_TYPES_H 1
| #define HAVE_SYS_STAT_H 1
| #define HAVE_STDLIB_H 1
| #define HAVE_STRING_H 1
| #define HAVE_MEMORY_H 1
| #define HAVE_STRINGS_H 1
| #define HAVE_INTTYPES_H 1
| #define HAVE_STDINT_H 1
| #define HAVE_UNISTD_H 1
| #define HAVE_UNISTD_H 1
| #define HAVE_SYS_MMAN_H 1
| #define HAVE_DLFCN_H 1
| #define LT_OBJDIR ".libs/"
| /* end confdefs.h.  */
| #include <ac_nonexistent.h>
configure:13172: checking for ld used by c++
configure:13239: result: /usr/libexec/gcc/i686-apple-darwin10/4.2.1/ld
configure:13246: checking if the linker (/usr/libexec/gcc/i686-apple-darwin10/4.2.1/ld) is GNU ld
configure:13261: result: no
configure:13316: checking whether the c++ linker (/usr/libexec/gcc/i686-apple-darwin10/4.2.1/ld) supports shared libraries
configure:14320: result: yes
configure:14355: c++ -c -I/Users/soegaard/BuildRacketLibs/include -fno-rtti -fno-exceptions -isysroot /Developer/SDKs/MacOSX10.5.sdk -mmacosx-version-min=10.5 conftest.cpp >&5
configure:14358: $? = 0
configure:14878: checking for c++ option to produce PIC
configure:14885: result: -fno-common -DPIC
configure:14893: checking if c++ PIC flag -fno-common -DPIC works
configure:14911: c++ -c -I/Users/soegaard/BuildRacketLibs/include -fno-rtti -fno-exceptions -isysroot /Developer/SDKs/MacOSX10.5.sdk -mmacosx-version-min=10.5 -fno-common -DPIC -DPIC conftest.cpp >&5
configure:14915: $? = 0
configure:14928: result: yes
configure:14951: checking if c++ static flag -static works
configure:14979: result: no
configure:14991: checking if c++ supports -c -o file.o
configure:15012: c++ -c -I/Users/soegaard/BuildRacketLibs/include -fno-rtti -fno-exceptions -isysroot /Developer/SDKs/MacOSX10.5.sdk -mmacosx-version-min=10.5 -o out/conftest2.o conftest.cpp >&5
configure:15016: $? = 0
configure:15038: result: yes
configure:15043: checking if c++ supports -c -o file.o
configure:15090: result: yes
configure:15120: checking whether the c++ linker (/usr/libexec/gcc/i686-apple-darwin10/4.2.1/ld) supports shared libraries
configure:15154: result: yes
configure:15297: checking dynamic linker characteristics
configure:15971: result: darwin13.0.0 dyld
configure:16024: checking how to hardcode library paths into programs
configure:16049: result: immediate
configure:16109: creating ./config.lt

## ------------------ ##
## Running config.lt. ##
## ------------------ ##
config.lt:692: creating libtool
configure:17766: checking for some Win32 platform
configure:17776: result: no
configure:17980: checking for X
configure:18158: result: disabled
configure:18665: WARNING: X development libraries not found
configure:18800: checking pkg-config is at least version 0.9.0
configure:18803: result: yes
configure:18813: checking for FONTCONFIG
configure:18820: $PKG_CONFIG --exists --print-errors "fontconfig >= 2.5.0"
configure:18823: $? = 0
configure:18836: $PKG_CONFIG --exists --print-errors "fontconfig >= 2.5.0"
configure:18839: $? = 0
configure:18878: result: yes
configure:18891: checking for FREETYPE
configure:18898: $PKG_CONFIG --exists --print-errors "freetype2"
configure:18901: $? = 0
configure:18914: $PKG_CONFIG --exists --print-errors "freetype2"
configure:18917: $? = 0
configure:18956: result: yes
configure:19137: checking Carbon/Carbon.h usability
configure:19137: /usr/bin/gcc-4.2 -c -Os -arch x86_64 -isysroot /Developer/SDKs/MacOSX10.5.sdk -I/Users/soegaard/BuildRacketLibs/include -Wall -isysroot /Developer/SDKs/MacOSX10.5.sdk -mmacosx-version-min=10.5 conftest.c >&5
configure:19137: $? = 0
configure:19137: result: yes
configure:19137: checking Carbon/Carbon.h presence
configure:19137: /usr/bin/gcc-4.2 -E -isysroot /Developer/SDKs/MacOSX10.5.sdk -mmacosx-version-min=10.5 conftest.c
configure:19137: $? = 0
configure:19137: result: yes
configure:19137: checking for Carbon/Carbon.h
configure:19137: result: yes
configure:19150: checking for CoreText availability
configure:19165: /usr/bin/gcc-4.2 -o conftest -Os -arch x86_64 -isysroot /Developer/SDKs/MacOSX10.5.sdk -I/Users/soegaard/BuildRacketLibs/include -Wall -isysroot /Developer/SDKs/MacOSX10.5.sdk -mmacosx-version-min=10.5    -arch x86_64 -isysroot /Developer/SDKs/MacOSX10.5.sdk -L/Users/soegaard/BuildRacketLibs/lib conftest.c  -framework ApplicationServices >&5
configure:19165: $? = 0
configure:19180: result: yes
configure:19207: checking for CAIRO
configure:19272: result: yes
configure:19288: $PKG_CONFIG --exists --print-errors "cairo-ft >= $cairo_required"
configure:19291: $? = 0
configure:19328: $PKG_CONFIG --exists --print-errors "cairo-quartz-font >= $cairo_required"
configure:19331: $? = 0
configure:19346: checking which cairo font backends could be used
configure:19349: result: quartz freetype 
configure:19364: $PKG_CONFIG --exists --print-errors "cairo-png >= $cairo_required"
configure:19367: $? = 0
configure:19380: $PKG_CONFIG --exists --print-errors "cairo-ps >= $cairo_required"
configure:19383: $? = 0
configure:19396: $PKG_CONFIG --exists --print-errors "cairo-pdf >= $cairo_required"
configure:19399: $? = 0
configure:19412: $PKG_CONFIG --exists --print-errors "cairo-xlib >= $cairo_required"
Package cairo-xlib was not found in the pkg-config search path.
Perhaps you should add the directory containing `cairo-xlib.pc'
to the PKG_CONFIG_PATH environment variable
No package 'cairo-xlib' found
configure:19415: $? = 1
configure:19516: checking for GLIB
configure:19523: $PKG_CONFIG --exists --print-errors "$GLIB_MODULES"
configure:19526: $? = 0
configure:19539: $PKG_CONFIG --exists --print-errors "$GLIB_MODULES"
configure:19542: $? = 0
configure:19583: result: yes
configure:19604: checking for LIBTHAI
configure:19611: $PKG_CONFIG --exists --print-errors "libthai >= $LIBTHAI_REQUIRED_VERSION"
Package libthai was not found in the pkg-config search path.
Perhaps you should add the directory containing `libthai.pc'
to the PKG_CONFIG_PATH environment variable
No package 'libthai' found
configure:19614: $? = 1
configure:19627: $PKG_CONFIG --exists --print-errors "libthai >= $LIBTHAI_REQUIRED_VERSION"
Package libthai was not found in the pkg-config search path.
Perhaps you should add the directory containing `libthai.pc'
to the PKG_CONFIG_PATH environment variable
No package 'libthai' found
configure:19630: $? = 1
configure:19643: result: no
No package 'libthai' found
configure:19687: checking for gobject-introspection
configure:19718: $PKG_CONFIG --exists --print-errors "gobject-introspection-1.0 >= 0.9.5"
Package gobject-introspection-1.0 was not found in the pkg-config search path.
Perhaps you should add the directory containing `gobject-introspection-1.0.pc'
to the PKG_CONFIG_PATH environment variable
No package 'gobject-introspection-1.0' found
configure:19721: $? = 1
configure:19732: result: no
configure:19792: checking modules to link statically
configure:19808: result: arabic-fc,arabic-lang,basic-fc,basic-win32,basic-x,basic-atsui,basic-coretext,hangul-fc,hebrew-fc,indic-fc,indic-lang,khmer-fc,syriac-fc,thai-fc,tibetan-fc
configure:19822: checking dynamic modules to build
configure:19838: result:  (those built into Pango will be excluded)
configure:20149: checking for flockfile
configure:20149: /usr/bin/gcc-4.2 -o conftest -Os -arch x86_64 -isysroot /Developer/SDKs/MacOSX10.5.sdk -I/Users/soegaard/BuildRacketLibs/include -Wall -isysroot /Developer/SDKs/MacOSX10.5.sdk -mmacosx-version-min=10.5    -arch x86_64 -isysroot /Developer/SDKs/MacOSX10.5.sdk -L/Users/soegaard/BuildRacketLibs/lib conftest.c  >&5
configure:20149: $? = 0
configure:20149: result: yes
configure:20149: checking for strtok_r
configure:20149: /usr/bin/gcc-4.2 -o conftest -Os -arch x86_64 -isysroot /Developer/SDKs/MacOSX10.5.sdk -I/Users/soegaard/BuildRacketLibs/include -Wall -isysroot /Developer/SDKs/MacOSX10.5.sdk -mmacosx-version-min=10.5    -arch x86_64 -isysroot /Developer/SDKs/MacOSX10.5.sdk -L/Users/soegaard/BuildRacketLibs/lib conftest.c  >&5
configure:20149: $? = 0
configure:20149: result: yes
configure:20173: checking for gtkdoc-check
configure:20191: found /opt/local/bin/gtkdoc-check
configure:20203: result: /opt/local/bin/gtkdoc-check
configure:20215: checking for gtkdoc-rebase
configure:20233: found /opt/local/bin/gtkdoc-rebase
configure:20245: result: /opt/local/bin/gtkdoc-rebase
configure:20259: checking for gtkdoc-mkpdf
configure:20277: found /opt/local/bin/gtkdoc-mkpdf
configure:20289: result: /opt/local/bin/gtkdoc-mkpdf
configure:20423: checking whether to build gtk-doc documentation
configure:20425: result: no
configure:20729: checking Whether to write dependencies into .pc files
configure:20746: result: no
configure:20801: checking for dirent.h that defines DIR
configure:20820: /usr/bin/gcc-4.2 -c -Os -arch x86_64 -isysroot /Developer/SDKs/MacOSX10.5.sdk -I/Users/soegaard/BuildRacketLibs/include -Wall -isysroot /Developer/SDKs/MacOSX10.5.sdk -mmacosx-version-min=10.5 conftest.c >&5
configure:20820: $? = 0
configure:20828: result: yes
configure:20841: checking for library containing opendir
configure:20872: /usr/bin/gcc-4.2 -o conftest -Os -arch x86_64 -isysroot /Developer/SDKs/MacOSX10.5.sdk -I/Users/soegaard/BuildRacketLibs/include -Wall -isysroot /Developer/SDKs/MacOSX10.5.sdk -mmacosx-version-min=10.5    -arch x86_64 -isysroot /Developer/SDKs/MacOSX10.5.sdk -L/Users/soegaard/BuildRacketLibs/lib conftest.c  >&5
configure:20872: $? = 0
configure:20889: result: none required
configure:20958: checking for unistd.h
configure:20958: result: yes
configure:21362: creating ./config.status

## ---------------------- ##
## Running config.status. ##
## ---------------------- ##

This file was extended by pango config.status 1.29.5, which was
generated by GNU Autoconf 2.68.  Invocation command line was

  CONFIG_FILES    = 
  CONFIG_HEADERS  = 
  CONFIG_LINKS    = 
  CONFIG_COMMANDS = 
  $ ./config.status 

on mba-5.local

config.status:1429: creating Makefile
config.status:1429: creating pango/Makefile
config.status:1429: creating pango/mini-fribidi/Makefile
config.status:1429: creating pango/opentype/Makefile
config.status:1429: creating pango/pango.rc
config.status:1429: creating pango/pangoft2.rc
config.status:1429: creating pango/pangowin32.rc
config.status:1429: creating pango/pangocairo.rc
config.status:1429: creating pango/pangox.rc
config.status:1429: creating pango/pangoxft.rc
config.status:1429: creating pango-view/Makefile
config.status:1429: creating modules/Makefile
config.status:1429: creating modules/arabic/Makefile
config.status:1429: creating modules/basic/Makefile
config.status:1429: creating modules/hangul/Makefile
config.status:1429: creating modules/hebrew/Makefile
config.status:1429: creating modules/indic/Makefile
config.status:1429: creating modules/khmer/Makefile
config.status:1429: creating modules/syriac/Makefile
config.status:1429: creating modules/thai/Makefile
config.status:1429: creating modules/tibetan/Makefile
config.status:1429: creating examples/Makefile
config.status:1429: creating docs/Makefile
config.status:1429: creating docs/version.xml
config.status:1429: creating tools/Makefile
config.status:1429: creating tests/Makefile
config.status:1429: creating build/Makefile
config.status:1429: creating build/win32/Makefile
config.status:1429: creating build/win32/vs9/Makefile
config.status:1429: creating build/win32/vs10/Makefile
config.status:1429: creating pango.pc
config.status:1429: creating pangox.pc
config.status:1429: creating pangowin32.pc
config.status:1429: creating pangoft2.pc
config.status:1429: creating pangoxft.pc
config.status:1429: creating pangocairo.pc
config.status:1429: creating pango-uninstalled.pc
config.status:1429: creating pangox-uninstalled.pc
config.status:1429: creating pangowin32-uninstalled.pc
config.status:1429: creating pangoft2-uninstalled.pc
config.status:1429: creating pangoxft-uninstalled.pc
config.status:1429: creating pangocairo-uninstalled.pc
config.status:1429: creating pango-zip.sh
config.status:1429: creating config.h.win32
config.status:1429: creating tests/runtests.sh
config.status:1429: creating config.h
config.status:1658: executing depfiles commands
config.status:1658: executing libtool commands
config.status:1658: executing pango/module-defs.h commands
config.status:1658: executing pango/module-defs-x.c commands
config.status:1658: executing pango/module-defs-fc.c commands
config.status:1658: executing pango/module-defs-win32.c commands
config.status:1658: executing pango/module-defs-atsui.c commands
config.status:1658: executing pango/module-defs-coretext.c commands
config.status:1658: executing pango/module-defs-lang.c commands
config.status:1658: executing pango/pango-features.h commands
config.status:2751: creating pango/pango-features.h
config.status:2771: pango/pango-features.h is unchanged

## ---------------- ##
## Cache variables. ##
## ---------------- ##

ac_cv_build=x86_64-apple-darwin13.0.0
ac_cv_c_compiler_gnu=yes
ac_cv_cxx_compiler_gnu=yes
ac_cv_env_CAIRO_CFLAGS_set=set
ac_cv_env_CAIRO_CFLAGS_value=-I/Users/soegaard/BuildRacketLibs/include/cairo
ac_cv_env_CAIRO_LIBS_set=set
ac_cv_env_CAIRO_LIBS_value=-lcairo
ac_cv_env_CCC_set=
ac_cv_env_CCC_value=
ac_cv_env_CC_set=set
ac_cv_env_CC_value=/usr/bin/gcc-4.2
ac_cv_env_CFLAGS_set=set
ac_cv_env_CFLAGS_value='-Os -arch x86_64 -isysroot /Developer/SDKs/MacOSX10.5.sdk -I/Users/soegaard/BuildRacketLibs/include'
ac_cv_env_CPPFLAGS_set=set
ac_cv_env_CPPFLAGS_value='-isysroot /Developer/SDKs/MacOSX10.5.sdk -mmacosx-version-min=10.5'
ac_cv_env_CPP_set=
ac_cv_env_CPP_value=
ac_cv_env_CXXCPP_set=
ac_cv_env_CXXCPP_value=
ac_cv_env_CXXFLAGS_set=set
ac_cv_env_CXXFLAGS_value=-I/Users/soegaard/BuildRacketLibs/include
ac_cv_env_CXX_set=
ac_cv_env_CXX_value=
ac_cv_env_FONTCONFIG_CFLAGS_set=
ac_cv_env_FONTCONFIG_CFLAGS_value=
ac_cv_env_FONTCONFIG_LIBS_set=
ac_cv_env_FONTCONFIG_LIBS_value=
ac_cv_env_FREETYPE_CFLAGS_set=
ac_cv_env_FREETYPE_CFLAGS_value=
ac_cv_env_FREETYPE_LIBS_set=
ac_cv_env_FREETYPE_LIBS_value=
ac_cv_env_GLIB_CFLAGS_set=
ac_cv_env_GLIB_CFLAGS_value=
ac_cv_env_GLIB_LIBS_set=
ac_cv_env_GLIB_LIBS_value=
ac_cv_env_GTKDOC_DEPS_CFLAGS_set=
ac_cv_env_GTKDOC_DEPS_CFLAGS_value=
ac_cv_env_GTKDOC_DEPS_LIBS_set=
ac_cv_env_GTKDOC_DEPS_LIBS_value=
ac_cv_env_LDFLAGS_set=set
ac_cv_env_LDFLAGS_value='   -arch x86_64 -isysroot /Developer/SDKs/MacOSX10.5.sdk -L/Users/soegaard/BuildRacketLibs/lib'
ac_cv_env_LIBS_set=
ac_cv_env_LIBS_value=
ac_cv_env_LIBTHAI_CFLAGS_set=
ac_cv_env_LIBTHAI_CFLAGS_value=
ac_cv_env_LIBTHAI_LIBS_set=
ac_cv_env_LIBTHAI_LIBS_value=
ac_cv_env_PKG_CONFIG_LIBDIR_set=set
ac_cv_env_PKG_CONFIG_LIBDIR_value=/Users/soegaard/BuildRacketLibs/lib/pkg-config
ac_cv_env_PKG_CONFIG_PATH_set=set
ac_cv_env_PKG_CONFIG_PATH_value=/Users/soegaard/BuildRacketLibs/lib/pkgconfig
ac_cv_env_PKG_CONFIG_set=set
ac_cv_env_PKG_CONFIG_value=/Users/soegaard/BuildRacketLibs/bin/pkg-config
ac_cv_env_XFT_CFLAGS_set=
ac_cv_env_XFT_CFLAGS_value=
ac_cv_env_XFT_LIBS_set=
ac_cv_env_XFT_LIBS_value=
ac_cv_env_XMKMF_set=
ac_cv_env_XMKMF_value=
ac_cv_env_build_alias_set=
ac_cv_env_build_alias_value=
ac_cv_env_host_alias_set=
ac_cv_env_host_alias_value=
ac_cv_env_target_alias_set=
ac_cv_env_target_alias_value=
ac_cv_func_flockfile=yes
ac_cv_func_getpagesize=yes
ac_cv_func_mprotect=yes
ac_cv_func_strtok_r=yes
ac_cv_func_sysconf=yes
ac_cv_header_Carbon_Carbon_h=yes
ac_cv_header_dirent_dirent_h=yes
ac_cv_header_dlfcn_h=yes
ac_cv_header_inttypes_h=yes
ac_cv_header_memory_h=yes
ac_cv_header_stdc=yes
ac_cv_header_stdint_h=yes
ac_cv_header_stdlib_h=yes
ac_cv_header_string_h=yes
ac_cv_header_strings_h=yes
ac_cv_header_sys_mman_h=yes
ac_cv_header_sys_stat_h=yes
ac_cv_header_sys_types_h=yes
ac_cv_header_unistd_h=yes
ac_cv_host=x86_64-apple-darwin13.0.0
ac_cv_objext=o
ac_cv_path_EGREP='/usr/bin/grep -E'
ac_cv_path_FGREP='/usr/bin/grep -F'
ac_cv_path_GREP=/usr/bin/grep
ac_cv_path_GTKDOC_CHECK=/opt/local/bin/gtkdoc-check
ac_cv_path_GTKDOC_MKPDF=/opt/local/bin/gtkdoc-mkpdf
ac_cv_path_GTKDOC_REBASE=/opt/local/bin/gtkdoc-rebase
ac_cv_path_SED=/usr/bin/sed
ac_cv_path_install='/usr/bin/install -c'
ac_cv_prog_AWK=awk
ac_cv_prog_CPP='/usr/bin/gcc-4.2 -E'
ac_cv_prog_CXX=c++
ac_cv_prog_CXXCPP='c++ -E'
ac_cv_prog_ac_ct_AR=ar
ac_cv_prog_ac_ct_CC=/usr/bin/gcc-4.2
ac_cv_prog_ac_ct_DLLTOOL=dlltool
ac_cv_prog_ac_ct_DSYMUTIL=dsymutil
ac_cv_prog_ac_ct_LIPO=lipo
ac_cv_prog_ac_ct_NMEDIT=nmedit
ac_cv_prog_ac_ct_OBJDUMP=objdump
ac_cv_prog_ac_ct_OTOOL=otool
ac_cv_prog_ac_ct_RANLIB=ranlib
ac_cv_prog_ac_ct_STRIP=strip
ac_cv_prog_cc_c89=
ac_cv_prog_cc_g=yes
ac_cv_prog_cxx_g=yes
ac_cv_prog_make_make_set=yes
ac_cv_search_opendir='none required'
am_cv_CC_dependencies_compiler_type=gcc3
am_cv_CXX_dependencies_compiler_type=gcc3
lt_cv_apple_cc_single_mod=yes
lt_cv_ar_at_file=no
lt_cv_deplibs_check_method=pass_all
lt_cv_file_magic_cmd='$MAGIC_CMD'
lt_cv_file_magic_test_file=
lt_cv_ld_exported_symbols_list=yes
lt_cv_ld_force_load=yes
lt_cv_ld_reload_flag=-r
lt_cv_nm_interface='BSD nm'
lt_cv_objdir=.libs
lt_cv_path_LD=/usr/libexec/gcc/i686-apple-darwin10/4.2.1/ld
lt_cv_path_LDCXX=/usr/libexec/gcc/i686-apple-darwin10/4.2.1/ld
lt_cv_path_NM=/opt/local/bin/nm
lt_cv_path_mainfest_tool=no
lt_cv_prog_compiler_c_o=yes
lt_cv_prog_compiler_c_o_CXX=yes
lt_cv_prog_compiler_pic='-fno-common -DPIC'
lt_cv_prog_compiler_pic_CXX='-fno-common -DPIC'
lt_cv_prog_compiler_pic_works=yes
lt_cv_prog_compiler_pic_works_CXX=yes
lt_cv_prog_compiler_rtti_exceptions=no
lt_cv_prog_compiler_static_works=no
lt_cv_prog_compiler_static_works_CXX=no
lt_cv_prog_gnu_ld=no
lt_cv_prog_gnu_ldcxx=no
lt_cv_sharedlib_from_linklib_cmd='printf %s\n'
lt_cv_sys_global_symbol_pipe='sed -n -e '\''s/^.*[	 ]\([BCDEGRST][BCDEGRST]*\)[	 ][	 ]*_\([_A-Za-z][_A-Za-z0-9]*\)$/\1 _\2 \2/p'\'' | sed '\''/ __gnu_lto/d'\'''
lt_cv_sys_global_symbol_to_c_name_address='sed -n -e '\''s/^: \([^ ]*\)[ ]*$/  {\"\1\", (void *) 0},/p'\'' -e '\''s/^[BCDEGRST]* \([^ ]*\) \([^ ]*\)$/  {"\2", (void *) \&\2},/p'\'''
lt_cv_sys_global_symbol_to_c_name_address_lib_prefix='sed -n -e '\''s/^: \([^ ]*\)[ ]*$/  {\"\1\", (void *) 0},/p'\'' -e '\''s/^[BCDEGRST]* \([^ ]*\) \(lib[^ ]*\)$/  {"\2", (void *) \&\2},/p'\'' -e '\''s/^[BCDEGRST]* \([^ ]*\) \([^ ]*\)$/  {"lib\2", (void *) \&\2},/p'\'''
lt_cv_sys_global_symbol_to_cdecl='sed -n -e '\''s/^T .* \(.*\)$/extern int \1();/p'\'' -e '\''s/^[BCDEGRST]* .* \(.*\)$/extern char \1;/p'\'''
lt_cv_sys_max_cmd_len=196608
lt_cv_to_host_file_cmd=func_convert_file_noop
lt_cv_to_tool_file_cmd=func_convert_file_noop
pkg_cv_CAIRO_CFLAGS=-I/Users/soegaard/BuildRacketLibs/include/cairo
pkg_cv_CAIRO_LIBS=-lcairo
pkg_cv_FONTCONFIG_CFLAGS='-I/Users/soegaard/BuildRacketLibs/include -I/Users/soegaard/BuildRacketLibs/include/freetype2 -I/Users/soegaard/BuildRacketLibs/include -I/Users/soegaard/BuildRacketLibs/include/freetype2 -I/Users/soegaard/BuildRacketLibs/include '
pkg_cv_FONTCONFIG_LIBS='-L/Users/soegaard/BuildRacketLibs/lib -lfontconfig -lfreetype '
pkg_cv_FREETYPE_CFLAGS='-I/Users/soegaard/BuildRacketLibs/include/freetype2 -I/Users/soegaard/BuildRacketLibs/include '
pkg_cv_FREETYPE_LIBS='-L/Users/soegaard/BuildRacketLibs/lib -lfreetype '
pkg_cv_GLIB_CFLAGS='-D_REENTRANT -I/Users/soegaard/BuildRacketLibs/include/glib-2.0 -I/Users/soegaard/BuildRacketLibs/lib/glib-2.0/include '
pkg_cv_GLIB_LIBS='-L/Users/soegaard/BuildRacketLibs/lib -lgobject-2.0 -lgmodule-2.0 -lglib-2.0 -lintl '

## ----------------- ##
## Output variables. ##
## ----------------- ##

ACLOCAL='${SHELL} /Users/soegaard/BuildRacketLibs/pango/missing --run aclocal-1.11 '
AMDEPBACKSLASH='\'
AMDEP_FALSE='#'
AMDEP_TRUE=''
AMTAR='${SHELL} /Users/soegaard/BuildRacketLibs/pango/missing --run tar'
AM_BACKSLASH='\'
AM_DEFAULT_VERBOSITY='0'
AR='ar'
AS='as'
AUTOCONF='${SHELL} /Users/soegaard/BuildRacketLibs/pango/missing --run autoconf'
AUTOHEADER='${SHELL} /Users/soegaard/BuildRacketLibs/pango/missing --run autoheader'
AUTOMAKE='${SHELL} /Users/soegaard/BuildRacketLibs/pango/missing --run automake-1.11'
AWK='awk'
CAIRO_CFLAGS='-I/Users/soegaard/BuildRacketLibs/include/cairo'
CAIRO_LIBS='-lcairo'
CAIRO_PREFIX='/Users/soegaard/BuildRacketLibs'
CC='/usr/bin/gcc-4.2'
CCDEPMODE='depmode=gcc3'
CFLAGS='-Os -arch x86_64 -isysroot /Developer/SDKs/MacOSX10.5.sdk -I/Users/soegaard/BuildRacketLibs/include -Wall'
CPP='/usr/bin/gcc-4.2 -E'
CPPFLAGS='-isysroot /Developer/SDKs/MacOSX10.5.sdk -mmacosx-version-min=10.5'
CROSS_COMPILING_FALSE=''
CROSS_COMPILING_TRUE='#'
CXX='c++'
CXXCPP='c++ -E'
CXXDEPMODE='depmode=gcc3'
CXXFLAGS='-I/Users/soegaard/BuildRacketLibs/include -fno-rtti -fno-exceptions'
CYGPATH_W='echo'
DEFS='-DHAVE_CONFIG_H'
DEPDIR='.deps'
DISABLE_EXPLICIT_DEPS_FALSE='#'
DISABLE_EXPLICIT_DEPS_TRUE=''
DLLTOOL='dlltool'
DSYMUTIL='dsymutil'
DUMPBIN=''
DYNAMIC_ARABIC_FC_FALSE=''
DYNAMIC_ARABIC_FC_TRUE='#'
DYNAMIC_ARABIC_LANG_FALSE=''
DYNAMIC_ARABIC_LANG_TRUE='#'
DYNAMIC_BASIC_ATSUI_FALSE=''
DYNAMIC_BASIC_ATSUI_TRUE='#'
DYNAMIC_BASIC_CORE_TEXT_FALSE=''
DYNAMIC_BASIC_CORE_TEXT_TRUE='#'
DYNAMIC_BASIC_FC_FALSE=''
DYNAMIC_BASIC_FC_TRUE='#'
DYNAMIC_BASIC_WIN32_FALSE=''
DYNAMIC_BASIC_WIN32_TRUE='#'
DYNAMIC_BASIC_X_FALSE=''
DYNAMIC_BASIC_X_TRUE='#'
DYNAMIC_HANGUL_FC_FALSE=''
DYNAMIC_HANGUL_FC_TRUE='#'
DYNAMIC_HEBREW_FC_FALSE=''
DYNAMIC_HEBREW_FC_TRUE='#'
DYNAMIC_INDIC_FC_FALSE=''
DYNAMIC_INDIC_FC_TRUE='#'
DYNAMIC_INDIC_LANG_FALSE=''
DYNAMIC_INDIC_LANG_TRUE='#'
DYNAMIC_KHMER_FC_FALSE=''
DYNAMIC_KHMER_FC_TRUE='#'
DYNAMIC_SYRIAC_FC_FALSE=''
DYNAMIC_SYRIAC_FC_TRUE='#'
DYNAMIC_THAI_FC_FALSE=''
DYNAMIC_THAI_FC_TRUE='#'
DYNAMIC_THAI_LANG_FALSE=''
DYNAMIC_THAI_LANG_TRUE='#'
DYNAMIC_TIBETAN_FC_FALSE=''
DYNAMIC_TIBETAN_FC_TRUE='#'
ECHO_C='\c'
ECHO_N=''
ECHO_T=''
EGREP='/usr/bin/grep -E'
ENABLE_DOC_CROSS_REFERENCES_FALSE='#'
ENABLE_DOC_CROSS_REFERENCES_TRUE=''
ENABLE_GTK_DOC_FALSE=''
ENABLE_GTK_DOC_TRUE='#'
ENABLE_MAN_FALSE=''
ENABLE_MAN_TRUE='#'
EXEEXT=''
FGREP='/usr/bin/grep -F'
FONTCONFIG_CFLAGS='-I/Users/soegaard/BuildRacketLibs/include -I/Users/soegaard/BuildRacketLibs/include/freetype2 -I/Users/soegaard/BuildRacketLibs/include -I/Users/soegaard/BuildRacketLibs/include/freetype2 -I/Users/soegaard/BuildRacketLibs/include '
FONTCONFIG_LIBS='-L/Users/soegaard/BuildRacketLibs/lib -lfontconfig -lfreetype '
FREETYPE_CFLAGS='-I/Users/soegaard/BuildRacketLibs/include/freetype2 -I/Users/soegaard/BuildRacketLibs/include  -I/Users/soegaard/BuildRacketLibs/include -I/Users/soegaard/BuildRacketLibs/include/freetype2 -I/Users/soegaard/BuildRacketLibs/include -I/Users/soegaard/BuildRacketLibs/include/freetype2 -I/Users/soegaard/BuildRacketLibs/include '
FREETYPE_LIBS='-L/Users/soegaard/BuildRacketLibs/lib -lfreetype  -L/Users/soegaard/BuildRacketLibs/lib -lfontconfig -lfreetype '
GLIB_CFLAGS='-D_REENTRANT -I/Users/soegaard/BuildRacketLibs/include/glib-2.0 -I/Users/soegaard/BuildRacketLibs/lib/glib-2.0/include '
GLIB_LIBS='-L/Users/soegaard/BuildRacketLibs/lib -lgobject-2.0 -lgmodule-2.0 -lglib-2.0 -lintl '
GLIB_MKENUMS='glib-mkenums'
GLIB_PREFIX='/Users/soegaard/BuildRacketLibs'
GREP='/usr/bin/grep'
GTKDOC_CHECK='/opt/local/bin/gtkdoc-check'
GTKDOC_DEPS_CFLAGS=''
GTKDOC_DEPS_LIBS=''
GTKDOC_MKPDF='/opt/local/bin/gtkdoc-mkpdf'
GTKDOC_REBASE='/opt/local/bin/gtkdoc-rebase'
GTK_DOC_BUILD_HTML_FALSE='#'
GTK_DOC_BUILD_HTML_TRUE=''
GTK_DOC_BUILD_PDF_FALSE=''
GTK_DOC_BUILD_PDF_TRUE='#'
GTK_DOC_USE_LIBTOOL_FALSE='#'
GTK_DOC_USE_LIBTOOL_TRUE=''
GTK_DOC_USE_REBASE_FALSE='#'
GTK_DOC_USE_REBASE_TRUE=''
HAVE_CAIRO_ATSUI_FALSE='#'
HAVE_CAIRO_ATSUI_TRUE=''
HAVE_CAIRO_FALSE='#'
HAVE_CAIRO_FREETYPE_FALSE='#'
HAVE_CAIRO_FREETYPE_TRUE=''
HAVE_CAIRO_PDF_FALSE='#'
HAVE_CAIRO_PDF_TRUE=''
HAVE_CAIRO_PNG_FALSE='#'
HAVE_CAIRO_PNG_TRUE=''
HAVE_CAIRO_PS_FALSE='#'
HAVE_CAIRO_PS_TRUE=''
HAVE_CAIRO_TRUE=''
HAVE_CAIRO_WIN32_FALSE=''
HAVE_CAIRO_WIN32_TRUE='#'
HAVE_CAIRO_XLIB_FALSE=''
HAVE_CAIRO_XLIB_TRUE='#'
HAVE_CORE_TEXT_FALSE='#'
HAVE_CORE_TEXT_TRUE=''
HAVE_CXX_FALSE='#'
HAVE_CXX_TRUE=''
HAVE_DYNAMIC_MODULES_FALSE=''
HAVE_DYNAMIC_MODULES_TRUE='#'
HAVE_FREETYPE_FALSE='#'
HAVE_FREETYPE_TRUE=''
HAVE_INCLUDED_MODULES_FALSE='#'
HAVE_INCLUDED_MODULES_TRUE=''
HAVE_INTROSPECTION_FALSE=''
HAVE_INTROSPECTION_TRUE='#'
HAVE_WIN32_FALSE=''
HAVE_WIN32_TRUE='#'
HAVE_XFT_FALSE=''
HAVE_XFT_TRUE='#'
HAVE_X_FALSE=''
HAVE_X_TRUE='#'
HTML_DIR='${datadir}/gtk-doc/html'
INCLUDED_ATSUI_MODULES=' $(top_builddir)/modules/basic/libpango-basic-atsui.la'
INCLUDED_CORE_TEXT_MODULES=' $(top_builddir)/modules/basic/libpango-basic-coretext.la'
INCLUDED_FC_MODULES=' $(top_builddir)/modules/arabic/libpango-arabic-fc.la $(top_builddir)/modules/basic/libpango-basic-fc.la $(top_builddir)/modules/hangul/libpango-hangul-fc.la $(top_builddir)/modules/hebrew/libpango-hebrew-fc.la $(top_builddir)/modules/indic/libpango-indic-fc.la $(top_builddir)/modules/khmer/libpango-khmer-fc.la $(top_builddir)/modules/syriac/libpango-syriac-fc.la $(top_builddir)/modules/thai/libpango-thai-fc.la $(top_builddir)/modules/tibetan/libpango-tibetan-fc.la'
INCLUDED_LANG_MODULES=' $(top_builddir)/modules/arabic/libpango-arabic-lang.la $(top_builddir)/modules/indic/libpango-indic-lang.la'
INCLUDED_WIN32_MODULES=' $(top_builddir)/modules/basic/libpango-basic-win32.la'
INCLUDED_X_MODULES=' $(top_builddir)/modules/basic/libpango-basic-x.la'
INCLUDE_ARABIC_FC_FALSE='#'
INCLUDE_ARABIC_FC_TRUE=''
INCLUDE_ARABIC_LANG_FALSE='#'
INCLUDE_ARABIC_LANG_TRUE=''
INCLUDE_BASIC_ATSUI_FALSE='#'
INCLUDE_BASIC_ATSUI_TRUE=''
INCLUDE_BASIC_CORE_TEXT_FALSE='#'
INCLUDE_BASIC_CORE_TEXT_TRUE=''
INCLUDE_BASIC_FC_FALSE='#'
INCLUDE_BASIC_FC_TRUE=''
INCLUDE_BASIC_WIN32_FALSE='#'
INCLUDE_BASIC_WIN32_TRUE=''
INCLUDE_BASIC_X_FALSE='#'
INCLUDE_BASIC_X_TRUE=''
INCLUDE_HANGUL_FC_FALSE='#'
INCLUDE_HANGUL_FC_TRUE=''
INCLUDE_HEBREW_FC_FALSE='#'
INCLUDE_HEBREW_FC_TRUE=''
INCLUDE_INDIC_FC_FALSE='#'
INCLUDE_INDIC_FC_TRUE=''
INCLUDE_INDIC_LANG_FALSE='#'
INCLUDE_INDIC_LANG_TRUE=''
INCLUDE_KHMER_FC_FALSE='#'
INCLUDE_KHMER_FC_TRUE=''
INCLUDE_SYRIAC_FC_FALSE='#'
INCLUDE_SYRIAC_FC_TRUE=''
INCLUDE_THAI_FC_FALSE='#'
INCLUDE_THAI_FC_TRUE=''
INCLUDE_THAI_LANG_FALSE=''
INCLUDE_THAI_LANG_TRUE='#'
INCLUDE_TIBETAN_FC_FALSE='#'
INCLUDE_TIBETAN_FC_TRUE=''
INSTALL_DATA='${INSTALL} -m 644'
INSTALL_PROGRAM='${INSTALL}'
INSTALL_SCRIPT='${INSTALL}'
INSTALL_STRIP_PROGRAM='$(install_sh) -c -s'
INTROSPECTION_CFLAGS=''
INTROSPECTION_COMPILER=''
INTROSPECTION_GENERATE=''
INTROSPECTION_GIRDIR=''
INTROSPECTION_LIBS=''
INTROSPECTION_MAKEFILE=''
INTROSPECTION_SCANNER=''
INTROSPECTION_TYPELIBDIR=''
LD='/usr/libexec/gcc/i686-apple-darwin10/4.2.1/ld'
LDFLAGS='   -arch x86_64 -isysroot /Developer/SDKs/MacOSX10.5.sdk -L/Users/soegaard/BuildRacketLibs/lib'
LIBOBJS=''
LIBRARY_LIBTOOL_OPTIONS='-version-info 2905:0:2905 -export-symbols-regex "^pango_.*"'
LIBS=''
LIBTHAI_CFLAGS=''
LIBTHAI_LIBS=''
LIBTOOL='$(SHELL) $(top_builddir)/libtool'
LIB_EXE_MACHINE_FLAG=''
LIPO='lipo'
LN_S='ln -s'
LTLIBOBJS=''
MAKEINFO='${SHELL} /Users/soegaard/BuildRacketLibs/pango/missing --run makeinfo'
MANIFEST_TOOL=':'
MKDIR_P='./install-sh -c -d'
MODULE_LIBTOOL_OPTIONS='-export-dynamic -avoid-version -export-symbols-regex "^script_engine_.*"'
MS_LIB_AVAILABLE_FALSE=''
MS_LIB_AVAILABLE_TRUE='#'
NM='/opt/local/bin/nm'
NMEDIT='nmedit'
OBJDUMP='objdump'
OBJEXT='o'
OS_WIN32_FALSE=''
OS_WIN32_TRUE='#'
OTOOL64=':'
OTOOL='otool'
PACKAGE='pango'
PACKAGE_BUGREPORT='http://bugzilla.gnome.org/enter_bug.cgi?product=pango'
PACKAGE_NAME='pango'
PACKAGE_STRING='pango 1.29.5'
PACKAGE_TARNAME='pango'
PACKAGE_URL=''
PACKAGE_VERSION='1.29.5'
PANGO_API_VERSION='1.0'
PANGO_BINARY_AGE='2905'
PANGO_CURRENT_MINUS_AGE='0'
PANGO_DEBUG_FLAGS='-DPANGO_ENABLE_DEBUG'
PANGO_INTERFACE_AGE='0'
PANGO_MODULE_VERSION='1.6.0'
PANGO_VERSION='1.29.5'
PANGO_VERSION_MAJOR='1'
PANGO_VERSION_MICRO='5'
PANGO_VERSION_MINOR='29'
PATH_SEPARATOR=':'
PKGCONFIG_CAIRO_REQUIRES=''
PKGCONFIG_MATH_LIBS=''
PKG_CONFIG='/Users/soegaard/BuildRacketLibs/bin/pkg-config'
PKG_CONFIG_LIBDIR='/Users/soegaard/BuildRacketLibs/lib/pkg-config'
PKG_CONFIG_PATH='/Users/soegaard/BuildRacketLibs/lib/pkgconfig'
PLATFORM_WIN32_FALSE=''
PLATFORM_WIN32_TRUE='#'
RANLIB='ranlib'
SED='/usr/bin/sed'
SET_MAKE=''
SHELL='/bin/sh'
STRIP='strip'
VERSION='1.29.5'
WIN32_LIBS=''
WINDRES=''
XFT_CFLAGS=''
XFT_LIBS=''
XMKMF=''
XMLCATALOG=''
XML_CATALOG_FILE=''
XSLTPROC=''
X_CFLAGS=''
X_EXTRA_LIBS=''
X_LIBS=''
X_PRE_LIBS=''
ac_ct_AR='ar'
ac_ct_CC='/usr/bin/gcc-4.2'
ac_ct_CXX=''
ac_ct_DUMPBIN=''
am__EXEEXT_FALSE=''
am__EXEEXT_TRUE='#'
am__fastdepCC_FALSE='#'
am__fastdepCC_TRUE=''
am__fastdepCXX_FALSE='#'
am__fastdepCXX_TRUE=''
am__include='include'
am__isrc=''
am__leading_dot='.'
am__quote=''
am__tar='${AMTAR} chof - "$$tardir"'
am__untar='${AMTAR} xf -'
bindir='${exec_prefix}/bin'
build='x86_64-apple-darwin13.0.0'
build_alias=''
build_cpu='x86_64'
build_os='darwin13.0.0'
build_vendor='apple'
datadir='${datarootdir}'
datarootdir='${prefix}/share'
docdir='${datarootdir}/doc/${PACKAGE_TARNAME}'
dvidir='${docdir}'
exec_prefix='${prefix}'
host='x86_64-apple-darwin13.0.0'
host_alias=''
host_cpu='x86_64'
host_os='darwin13.0.0'
host_vendor='apple'
htmldir='${docdir}'
includedir='${prefix}/include'
infodir='${datarootdir}/info'
install_sh='${SHELL} /Users/soegaard/BuildRacketLibs/pango/install-sh'
libdir='${exec_prefix}/lib'
libexecdir='${exec_prefix}/libexec'
localedir='${datarootdir}/locale'
localstatedir='${prefix}/var'
mandir='${datarootdir}/man'
mkdir_p='$(top_builddir)/./install-sh -c -d'
ms_librarian=''
oldincludedir='/usr/include'
pdfdir='${docdir}'
prefix='/Users/soegaard/BuildRacketLibs'
program_transform_name='s,x,x,'
psdir='${docdir}'
sbindir='${exec_prefix}/sbin'
sharedstatedir='${prefix}/com'
sysconfdir='${prefix}/etc'
target_alias=''

## ----------- ##
## confdefs.h. ##
## ----------- ##

/* confdefs.h */
#define PACKAGE_NAME "pango"
#define PACKAGE_TARNAME "pango"
#define PACKAGE_VERSION "1.29.5"
#define PACKAGE_STRING "pango 1.29.5"
#define PACKAGE_BUGREPORT "http://bugzilla.gnome.org/enter_bug.cgi?product=pango"
#define PACKAGE_URL ""
#define PACKAGE "pango"
#define VERSION "1.29.5"
#define MODULE_VERSION "1.6.0"
#define PANGO_BINARY_AGE 2905
#define PANGO_INTERFACE_AGE 0
#define PANGO_VERSION_MAJOR 1
#define PANGO_VERSION_MINOR 29
#define PANGO_VERSION_MICRO 5
#define HAVE_MPROTECT 1
#define HAVE_SYSCONF 1
#define HAVE_GETPAGESIZE 1
#define STDC_HEADERS 1
#define HAVE_SYS_TYPES_H 1
#define HAVE_SYS_STAT_H 1
#define HAVE_STDLIB_H 1
#define HAVE_STRING_H 1
#define HAVE_MEMORY_H 1
#define HAVE_STRINGS_H 1
#define HAVE_INTTYPES_H 1
#define HAVE_STDINT_H 1
#define HAVE_UNISTD_H 1
#define HAVE_UNISTD_H 1
#define HAVE_SYS_MMAN_H 1
#define HAVE_DLFCN_H 1
#define LT_OBJDIR ".libs/"
#define X_DISPLAY_MISSING 1
#define HAVE_FREETYPE 1
#define HAVE_CORE_TEXT 1
#define HAVE_CAIRO_FREETYPE 1
#define HAVE_CAIRO_ATSUI 1
#define HAVE_CAIRO 1
#define HAVE_CAIRO_PNG 1
#define HAVE_CAIRO_PS 1
#define HAVE_CAIRO_PDF 1
#define HAVE_FLOCKFILE 1
#define HAVE_STRTOK_R 1
#define HAVE_DIRENT_H 1
#define HAVE_UNISTD_H 1

configure: exit 0
