This file contains any messages produced by compilers while
running configure, to aid debugging if configure makes a mistake.

It was created by GNU Automake configure 1.14, which was
generated by GNU Autoconf 2.69.  Invocation command line was

  $ ./configure --prefix=/Users/soegaard/BuildRacketLibs

## --------- ##
## Platform. ##
## --------- ##

hostname = mba-5.local
uname -m = x86_64
uname -r = 13.0.0
uname -s = Darwin
uname -v = Darwin Kernel Version 13.0.0: Thu Sep 19 22:22:27 PDT 2013; root:xnu-2422.1.72~6/RELEASE_X86_64

/usr/bin/uname -p = i386
/bin/uname -X     = unknown

/bin/arch              = unknown
/usr/bin/arch -k       = unknown
/usr/convex/getsysinfo = unknown
/usr/bin/hostinfo      = Mach kernel version:
	 Darwin Kernel Version 13.0.0: Thu Sep 19 22:22:27 PDT 2013; root:xnu-2422.1.72~6/RELEASE_X86_64
Kernel configured for up to 4 processors.
2 processors are physically available.
4 processors are logically available.
Processor type: i486 (Intel 80486)
Processors active: 0 1 2 3
Primary memory available: 4.00 gigabytes
Default processor set: 317 tasks, 1972 threads, 4 processors
Load average: 5.37, Mach factor: 1.88
/bin/machine           = unknown
/usr/bin/oslevel       = unknown
/bin/universe          = unknown

PATH: /opt/local/bin
PATH: /opt/local/sbin
PATH: /opt/local/bin
PATH: /opt/local/sbin
PATH: /usr/bin
PATH: /bin
PATH: /usr/sbin
PATH: /sbin
PATH: /usr/local/bin
PATH: /opt/X11/bin


## ----------- ##
## Core tests. ##
## ----------- ##

configure:2031: checking whether make supports nested variables
configure:2048: result: yes
configure:2064: checking build system type
configure:2078: result: x86_64-apple-darwin13.0.0
configure:2098: checking host system type
configure:2111: result: x86_64-apple-darwin13.0.0
configure:2164: checking for a BSD-compatible install
configure:2232: result: /usr/bin/install -c
configure:2243: checking whether build environment is sane
configure:2298: result: yes
configure:2449: checking for a thread-safe mkdir -p
configure:2488: result: lib/install-sh -c -d
configure:2495: checking for gawk
configure:2525: result: no
configure:2495: checking for mawk
configure:2525: result: no
configure:2495: checking for nawk
configure:2525: result: no
configure:2495: checking for awk
configure:2511: found /usr/bin/awk
configure:2522: result: awk
configure:2533: checking whether make sets $(MAKE)
configure:2555: result: yes
configure:2712: checking whether ln -s works
configure:2716: result: yes
configure:2726: checking for perl
configure:2744: found /opt/local/bin/perl
configure:2756: result: /opt/local/bin/perl
configure:2768: /opt/local/bin/perl --version

This is perl 5, version 12, subversion 4 (v5.12.4) built for darwin-thread-multi-2level

Copyright 1987-2010, Larry Wall

Perl may be copied only under the terms of either the Artistic License or the
GNU General Public License, which may be found in the Perl 5 source kit.

Complete documentation for Perl, including FAQ lists, should be found on
this system using "man perl" or "perldoc perl".  If you have access to the
Internet, point your browser at http://www.perl.org/, the Perl Home Page.

configure:2771: $? = 0
configure:2783: checking for tex
configure:2813: result: no
configure:2821:  --version </dev/null
./configure: line 2822: --version: command not found
configure:2824: $? = 127
configure:2842: checking for yacc
configure:2858: found /usr/bin/yacc
configure:2869: result: yacc
configure:2885: checking for lex
configure:2901: found /usr/bin/lex
configure:2912: result: lex
configure:2933: checking whether autoconf is installed
configure:2938: autoconf --version
autoconf (GNU Autoconf) 2.69
Copyright (C) 2012 Free Software Foundation, Inc.
License GPLv3+/Autoconf: GNU GPL version 3 or later
<http://gnu.org/licenses/gpl.html>, <http://gnu.org/licenses/exceptions.html>
This is free software: you are free to change and redistribute it.
There is NO WARRANTY, to the extent permitted by law.

Written by David J. MacKenzie and Akim Demaille.
configure:2941: $? = 0
configure:2949: result: yes
configure:2956: checking whether autoconf works
configure:2963: cd conftest && autoconf -o /dev/null conftest.ac
configure:2966: $? = 0
configure:2975: result: yes
configure:2982: checking whether autoconf is recent enough
configure:2989: cd conftest && autoconf -o /dev/null conftest.ac
configure:2992: $? = 0
configure:3001: result: yes
configure:3008: checking whether ln works
configure:3028: result: yes
configure:3046: checking for grep that handles long lines and -e
configure:3104: result: /usr/bin/grep
configure:3109: checking for egrep
configure:3171: result: /usr/bin/grep -E
configure:3176: checking for fgrep
configure:3238: result: /usr/bin/grep -F
configure:3281: will now look for a sturdy POSIX shell, for our testsuite
configure:3317: checking for sh
configure:3335: found /bin/sh
configure:3347: result: /bin/sh
configure:3317: checking for sh5
configure:3350: result: no
configure:3317: checking for dash
configure:3350: result: no
configure:3317: checking for ash
configure:3350: result: no
configure:3317: checking for bash
configure:3335: found /bin/bash
configure:3347: result: /bin/bash
configure:3317: checking for zsh
configure:3335: found /bin/zsh
configure:3347: result: /bin/zsh
configure:3317: checking for ksh
configure:3335: found /bin/ksh
configure:3347: result: /bin/ksh
configure:3317: checking for pdksh
configure:3350: result: no
configure:3371: checking whether /bin/sh supports $(cmd)
configure:3381: result: yes
configure:3391: checking whether /bin/sh supports $((expr))
configure:3401: result: yes
configure:3411: checking whether /bin/sh supports ${#var}
configure:3424: result: yes
configure:3434: checking whether /bin/sh supports ${var#glob} and ${var%glob}
configure:3448: result: yes
configure:3458: checking whether /bin/sh preserves exit traps with "set -e"
configure:3468: result: yes
configure:3478: checking whether /bin/sh can define exit traps in a shell function
configure:3488: result: yes
configure:3498: checking whether /bin/sh corrupts stderr with "set -x"
configure:3512: result: no
configure:3520: checking whether /bin/sh can return early from "dot-sourced" files
configure:3530: result: yes
configure:3542: checking whether /bin/sh supports alias named like shell builtins

configure:3552: result: yes
configure:3562: checking whether /bin/sh supports "test -e"
configure:3572: result: yes
configure:3590: shell /bin/sh is good enough, stop looking
configure:3607: will use /bin/sh as the testsuite shell
configure:3631: will now look for generic compilers
configure:3754: checking for C compiler version
configure:3763: /usr/bin/gcc-4.2 --version >&5
i686-apple-darwin10-gcc-4.2.1 (GCC) 4.2.1 (Apple Inc. build 5666) (dot 3)
Copyright (C) 2007 Free Software Foundation, Inc.
This is free software; see the source for copying conditions.  There is NO
warranty; not even for MERCHANTABILITY or FITNESS FOR A PARTICULAR PURPOSE.

configure:3774: $? = 0
configure:3763: /usr/bin/gcc-4.2 -v >&5
Using built-in specs.
Target: i686-apple-darwin10
Configured with: /var/tmp/gcc/gcc-5666.3~6/src/configure --disable-checking --enable-werror --prefix=/usr --mandir=/share/man --enable-languages=c,objc,c++,obj-c++ --program-transform-name=/^[cg][^.-]*$/s/$/-4.2/ --with-slibdir=/usr/lib --build=i686-apple-darwin10 --program-prefix=i686-apple-darwin10- --host=x86_64-apple-darwin10 --target=i686-apple-darwin10 --with-gxx-include-dir=/include/c++/4.2.1
Thread model: posix
gcc version 4.2.1 (Apple Inc. build 5666) (dot 3)
configure:3774: $? = 0
configure:3763: /usr/bin/gcc-4.2 -V >&5
gcc-4.2: argument to `-V' is missing
configure:3774: $? = 1
configure:3763: /usr/bin/gcc-4.2 -qversion >&5
i686-apple-darwin10-gcc-4.2.1: no input files
configure:3774: $? = 1
configure:3794: checking whether the C compiler works
configure:3816: /usr/bin/gcc-4.2 -Os -arch x86_64 -isysroot /Developer/SDKs/MacOSX10.5.sdk -I/Users/soegaard/BuildRacketLibs/include -isysroot /Developer/SDKs/MacOSX10.5.sdk -mmacosx-version-min=10.5    -arch x86_64 -isysroot /Developer/SDKs/MacOSX10.5.sdk -L/Users/soegaard/BuildRacketLibs/lib conftest.c  >&5
configure:3820: $? = 0
configure:3870: result: yes
configure:3873: checking for C compiler default output file name
configure:3875: result: a.out
configure:3881: checking for suffix of executables
configure:3888: /usr/bin/gcc-4.2 -o conftest -Os -arch x86_64 -isysroot /Developer/SDKs/MacOSX10.5.sdk -I/Users/soegaard/BuildRacketLibs/include -isysroot /Developer/SDKs/MacOSX10.5.sdk -mmacosx-version-min=10.5    -arch x86_64 -isysroot /Developer/SDKs/MacOSX10.5.sdk -L/Users/soegaard/BuildRacketLibs/lib conftest.c  >&5
configure:3892: $? = 0
configure:3916: result: 
configure:3938: checking whether we are cross compiling
configure:3946: /usr/bin/gcc-4.2 -o conftest -Os -arch x86_64 -isysroot /Developer/SDKs/MacOSX10.5.sdk -I/Users/soegaard/BuildRacketLibs/include -isysroot /Developer/SDKs/MacOSX10.5.sdk -mmacosx-version-min=10.5    -arch x86_64 -isysroot /Developer/SDKs/MacOSX10.5.sdk -L/Users/soegaard/BuildRacketLibs/lib conftest.c  >&5
configure:3950: $? = 0
configure:3957: ./conftest
configure:3961: $? = 0
configure:3979: result: no
configure:3984: checking for suffix of object files
configure:4006: /usr/bin/gcc-4.2 -c -Os -arch x86_64 -isysroot /Developer/SDKs/MacOSX10.5.sdk -I/Users/soegaard/BuildRacketLibs/include -isysroot /Developer/SDKs/MacOSX10.5.sdk -mmacosx-version-min=10.5 conftest.c >&5
configure:4010: $? = 0
configure:4033: result: o
configure:4037: checking whether we are using the GNU C compiler
configure:4056: /usr/bin/gcc-4.2 -c -Os -arch x86_64 -isysroot /Developer/SDKs/MacOSX10.5.sdk -I/Users/soegaard/BuildRacketLibs/include -isysroot /Developer/SDKs/MacOSX10.5.sdk -mmacosx-version-min=10.5 conftest.c >&5
configure:4056: $? = 0
configure:4065: result: yes
configure:4074: checking whether /usr/bin/gcc-4.2 accepts -g
configure:4094: /usr/bin/gcc-4.2 -c -g -isysroot /Developer/SDKs/MacOSX10.5.sdk -mmacosx-version-min=10.5 conftest.c >&5
configure:4094: $? = 0
configure:4135: result: yes
configure:4152: checking for /usr/bin/gcc-4.2 option to accept ISO C89
configure:4215: /usr/bin/gcc-4.2  -c -Os -arch x86_64 -isysroot /Developer/SDKs/MacOSX10.5.sdk -I/Users/soegaard/BuildRacketLibs/include -isysroot /Developer/SDKs/MacOSX10.5.sdk -mmacosx-version-min=10.5 conftest.c >&5
configure:4215: $? = 0
configure:4228: result: none needed
configure:4253: checking whether /usr/bin/gcc-4.2 understands -c and -o together
configure:4275: /usr/bin/gcc-4.2 -c conftest.c -o conftest2.o
configure:4278: $? = 0
configure:4275: /usr/bin/gcc-4.2 -c conftest.c -o conftest2.o
configure:4278: $? = 0
configure:4290: result: yes
configure:4412: checking for aCC
configure:4442: result: no
configure:4412: checking for FCC
configure:4442: result: no
configure:4412: checking for KCC
configure:4428: found /usr/bin/KCC
configure:4439: result: KCC
configure:4466: checking for C++ compiler version
configure:4475: KCC --version >&5
KCC (Heimdal 1.5.1apple1)
Copyright 1995-2011 Kungliga Tekniska Högskolan
Send bug-reports to heimdal-bugs@h5l.org
configure:4486: $? = 0
configure:4475: KCC -v >&5
Usage: : KCC [--version] [--help] command ..
configure:4486: $? = 1
configure:4475: KCC -V >&5
Usage: : KCC [--version] [--help] command ..
configure:4486: $? = 1
configure:4475: KCC -qversion >&5
Usage: : KCC [--version] [--help] command ..
configure:4486: $? = 1
configure:4506: checking whether the C++ compiler works
configure:4528: KCC -I/Users/soegaard/BuildRacketLibs/include -isysroot /Developer/SDKs/MacOSX10.5.sdk -mmacosx-version-min=10.5    -arch x86_64 -isysroot /Developer/SDKs/MacOSX10.5.sdk -L/Users/soegaard/BuildRacketLibs/lib conftest.cpp  >&5
Usage: : KCC [--version] [--help] command ..
configure:4532: $? = 1
configure:4570: result: no
configure: failed program was:
| /* confdefs.h */
| #define PACKAGE_NAME "GNU Automake"
| #define PACKAGE_TARNAME "automake"
| #define PACKAGE_VERSION "1.14"
| #define PACKAGE_STRING "GNU Automake 1.14"
| #define PACKAGE_BUGREPORT "bug-automake@gnu.org"
| #define PACKAGE_URL "http://www.gnu.org/software/automake/"
| /* end confdefs.h.  */
| 
| int
| main ()
| {
| 
|   ;
|   return 0;
| }
configure:4576: WARNING: C++ compiler cannot create executables
configure:4873: tests requiring the C++ compiler will be skipped
configure:4958: checking for xlf95
configure:4988: result: no
configure:4958: checking for f95
configure:4988: result: no
configure:4958: checking for fort
configure:4988: result: no
configure:4958: checking for ifort
configure:4988: result: no
configure:4958: checking for ifc
configure:4988: result: no
configure:4958: checking for efc
configure:4988: result: no
configure:4958: checking for pgfortran
configure:4988: result: no
configure:4958: checking for pgf95
configure:4988: result: no
configure:4958: checking for lf95
configure:4988: result: no
configure:4958: checking for ftn
configure:4988: result: no
configure:4958: checking for nagfor
configure:4988: result: no
configure:4958: checking for xlf90
configure:4988: result: no
configure:4958: checking for f90
configure:4988: result: no
configure:4958: checking for pgf90
configure:4988: result: no
configure:4958: checking for pghpf
configure:4988: result: no
configure:4958: checking for epcf90
configure:4988: result: no
configure:4958: checking for g95
configure:4988: result: no
configure:4958: checking for gfortran
configure:4988: result: no
configure:5011: checking for Fortran compiler version
configure:5020:  --version >&5
./configure: line 5022: --version: command not found
configure:5031: $? = 127
configure:5020:  -v >&5
./configure: line 5022: -v: command not found
configure:5031: $? = 127
configure:5020:  -V >&5
./configure: line 5022: -V: command not found
configure:5031: $? = 127
configure:5020:  -qversion >&5
./configure: line 5022: -qversion: command not found
configure:5031: $? = 127
configure:5046: checking whether the Fortran compiler works
configure:5068:      -arch x86_64 -isysroot /Developer/SDKs/MacOSX10.5.sdk -L/Users/soegaard/BuildRacketLibs/lib  conftest.f  >&5
./configure: line 5070: -arch: command not found
configure:5072: $? = 127
configure:5110: result: no
configure: failed program was:
|       program main
| 
|       end
configure:5116: WARNING: Fortran compiler cannot create executables
configure:5360: tests requiring the Fortran compiler will be skipped
configure:5440: checking for xlf
configure:5470: result: no
configure:5440: checking for f77
configure:5470: result: no
configure:5440: checking for frt
configure:5470: result: no
configure:5440: checking for pgf77
configure:5470: result: no
configure:5440: checking for cf77
configure:5470: result: no
configure:5440: checking for fort77
configure:5470: result: no
configure:5440: checking for fl32
configure:5470: result: no
configure:5440: checking for af77
configure:5470: result: no
configure:5440: checking for g77
configure:5470: result: no
configure:5440: checking for gfortran
configure:5470: result: no
configure:5493: checking for Fortran 77 compiler version
configure:5502:  --version >&5
./configure: line 5504: --version: command not found
configure:5513: $? = 127
configure:5502:  -v >&5
./configure: line 5504: -v: command not found
configure:5513: $? = 127
configure:5502:  -V >&5
./configure: line 5504: -V: command not found
configure:5513: $? = 127
configure:5502:  -qversion >&5
./configure: line 5504: -qversion: command not found
configure:5513: $? = 127
configure:5528: checking whether the Fortran 77 compiler works
configure:5550:      -arch x86_64 -isysroot /Developer/SDKs/MacOSX10.5.sdk -L/Users/soegaard/BuildRacketLibs/lib conftest.f  >&5
./configure: line 5552: -arch: command not found
configure:5554: $? = 127
configure:5592: result: no
configure: failed program was:
|       program main
| 
|       end
configure:5598: WARNING: Fortran 77 compiler cannot create executables
configure:5842: tests requiring the Fortran 77 compiler will be skipped
configure:5874: will now look for GNU compilers
configure:5881: /usr/bin/gcc-4.2 is already a GNU C compiler
configure:5987: /usr/bin/gcc-4.2 --version && /usr/bin/gcc-4.2 -v
i686-apple-darwin10-gcc-4.2.1 (GCC) 4.2.1 (Apple Inc. build 5666) (dot 3)
Copyright (C) 2007 Free Software Foundation, Inc.
This is free software; see the source for copying conditions.  There is NO
warranty; not even for MERCHANTABILITY or FITNESS FOR A PARTICULAR PURPOSE.

Using built-in specs.
Target: i686-apple-darwin10
Configured with: /var/tmp/gcc/gcc-5666.3~6/src/configure --disable-checking --enable-werror --prefix=/usr --mandir=/share/man --enable-languages=c,objc,c++,obj-c++ --program-transform-name=/^[cg][^.-]*$/s/$/-4.2/ --with-slibdir=/usr/lib --build=i686-apple-darwin10 --program-prefix=i686-apple-darwin10- --host=x86_64-apple-darwin10 --target=i686-apple-darwin10 --with-gxx-include-dir=/include/c++/4.2.1
Thread model: posix
gcc version 4.2.1 (Apple Inc. build 5666) (dot 3)
configure:5990: $? = 0
configure:6059: checking for g++
configure:6075: found /usr/bin/g++
configure:6086: result: g++
configure:6112: g++ --version && g++ -v
i686-apple-darwin10-llvm-g++-4.2 (GCC) 4.2.1 (Based on Apple Inc. build 5658) (LLVM build 2335.6)
Copyright (C) 2007 Free Software Foundation, Inc.
This is free software; see the source for copying conditions.  There is NO
warranty; not even for MERCHANTABILITY or FITNESS FOR A PARTICULAR PURPOSE.

Using built-in specs.
Target: i686-apple-darwin10
Configured with: /var/tmp/llvmgcc42/llvmgcc42-2335.6~17/src/configure --disable-checking --enable-werror --prefix=/Developer/usr/llvm-gcc-4.2 --mandir=/share/man --enable-languages=c,objc,c++,obj-c++ --program-prefix=llvm- --program-transform-name=/^[cg][^.-]*$/s/$/-4.2/ --with-slibdir=/usr/lib --build=i686-apple-darwin10 --enable-llvm=/var/tmp/llvmgcc42/llvmgcc42-2335.6~17/dst-llvmCore/Developer/usr/local --program-prefix=i686-apple-darwin10- --host=x86_64-apple-darwin10 --target=i686-apple-darwin10 --with-gxx-include-dir=/usr/include/c++/4.2.1
Thread model: posix
gcc version 4.2.1 (Based on Apple Inc. build 5658) (LLVM build 2335.6)
configure:6115: $? = 0
configure:6184: checking for gfortran
configure:6214: result: no
configure:6309: checking for g77
configure:6339: result: no
configure:6309: checking for gfortran
configure:6339: result: no
configure:6428: checking for gcj
configure:6458: result: no
configure:6662: checking that generated files are newer than configure
configure:6668: result: done
configure:6683: creating ./config.status

## ---------------------- ##
## Running config.status. ##
## ---------------------- ##

This file was extended by GNU Automake config.status 1.14, which was
generated by GNU Autoconf 2.69.  Invocation command line was

  CONFIG_FILES    = 
  CONFIG_HEADERS  = 
  CONFIG_LINKS    = 
  CONFIG_COMMANDS = 
  $ ./config.status 

on mba-5.local

config.status:824: creating Makefile
config.status:824: creating t/wrap/aclocal-1.14
config.status:824: creating t/wrap/automake-1.14

## ---------------- ##
## Cache variables. ##
## ---------------- ##

ac_cv_AM_TEST_RUNNER_SHELL=/bin/sh
ac_cv_build=x86_64-apple-darwin13.0.0
ac_cv_c_compiler_gnu=yes
ac_cv_env_AM_TEST_RUNNER_SHELL_set=
ac_cv_env_AM_TEST_RUNNER_SHELL_value=
ac_cv_env_CCC_set=
ac_cv_env_CCC_value=
ac_cv_env_CC_set=set
ac_cv_env_CC_value=/usr/bin/gcc-4.2
ac_cv_env_CFLAGS_set=set
ac_cv_env_CFLAGS_value='-Os -arch x86_64 -isysroot /Developer/SDKs/MacOSX10.5.sdk -I/Users/soegaard/BuildRacketLibs/include'
ac_cv_env_CPPFLAGS_set=set
ac_cv_env_CPPFLAGS_value='-isysroot /Developer/SDKs/MacOSX10.5.sdk -mmacosx-version-min=10.5'
ac_cv_env_CXXFLAGS_set=set
ac_cv_env_CXXFLAGS_value=-I/Users/soegaard/BuildRacketLibs/include
ac_cv_env_CXX_set=
ac_cv_env_CXX_value=
ac_cv_env_F77_set=
ac_cv_env_F77_value=
ac_cv_env_FCFLAGS_set=
ac_cv_env_FCFLAGS_value=
ac_cv_env_FC_set=
ac_cv_env_FC_value=
ac_cv_env_FFLAGS_set=
ac_cv_env_FFLAGS_value=
ac_cv_env_GNU_CC_set=
ac_cv_env_GNU_CC_value=
ac_cv_env_GNU_CFLAGS_set=
ac_cv_env_GNU_CFLAGS_value=
ac_cv_env_GNU_CXXFLAGS_set=
ac_cv_env_GNU_CXXFLAGS_value=
ac_cv_env_GNU_CXX_set=
ac_cv_env_GNU_CXX_value=
ac_cv_env_GNU_F77_set=
ac_cv_env_GNU_F77_value=
ac_cv_env_GNU_FCFLAGS_set=
ac_cv_env_GNU_FCFLAGS_value=
ac_cv_env_GNU_FC_set=
ac_cv_env_GNU_FC_value=
ac_cv_env_GNU_FFLAGS_set=
ac_cv_env_GNU_FFLAGS_value=
ac_cv_env_GNU_GCJFLAGS_set=
ac_cv_env_GNU_GCJFLAGS_value=
ac_cv_env_GNU_GCJ_set=
ac_cv_env_GNU_GCJ_value=
ac_cv_env_LDFLAGS_set=set
ac_cv_env_LDFLAGS_value='   -arch x86_64 -isysroot /Developer/SDKs/MacOSX10.5.sdk -L/Users/soegaard/BuildRacketLibs/lib'
ac_cv_env_LIBS_set=
ac_cv_env_LIBS_value=
ac_cv_env_build_alias_set=
ac_cv_env_build_alias_value=
ac_cv_env_host_alias_set=
ac_cv_env_host_alias_value=
ac_cv_env_target_alias_set=
ac_cv_env_target_alias_value=
ac_cv_host=x86_64-apple-darwin13.0.0
ac_cv_path_EGREP='/usr/bin/grep -E'
ac_cv_path_FGREP='/usr/bin/grep -F'
ac_cv_path_GREP=/usr/bin/grep
ac_cv_path_PERL=/opt/local/bin/perl
ac_cv_path_install='/usr/bin/install -c'
ac_cv_prog_AWK=awk
ac_cv_prog_LEX=lex
ac_cv_prog_YACC=yacc
ac_cv_prog_ac_ct_CXX=KCC
ac_cv_prog_ac_ct_GNU_CXX=g++
ac_cv_prog_cc_c89=
ac_cv_prog_cc_g=yes
ac_cv_prog_make_make_set=yes
am_cv_autoconf_installed=yes
am_cv_autoconf_version=yes
am_cv_autoconf_works=yes
am_cv_make_support_nested_variables=yes
am_cv_prog_cc_c_o=yes
am_cv_prog_ln=ln

## ----------------- ##
## Output variables. ##
## ----------------- ##

ACLOCAL='"/Users/soegaard/BuildRacketLibs/automake/t/wrap/aclocal-1.14"'
AMTAR='$${TAR-tar}'
AM_BACKSLASH='\'
AM_DEFAULT_V='$(AM_DEFAULT_VERBOSITY)'
AM_DEFAULT_VERBOSITY='0'
AM_TEST_RUNNER_SHELL='/bin/sh'
AM_V='$(V)'
APIVERSION='1.14'
AUTOCONF='${SHELL} /Users/soegaard/BuildRacketLibs/automake/lib/missing autoconf'
AUTOHEADER='${SHELL} /Users/soegaard/BuildRacketLibs/automake/lib/missing autoheader'
AUTOMAKE='"/Users/soegaard/BuildRacketLibs/automake/t/wrap/automake-1.14"'
AWK='awk'
CC='/usr/bin/gcc-4.2'
CFLAGS='-Os -arch x86_64 -isysroot /Developer/SDKs/MacOSX10.5.sdk -I/Users/soegaard/BuildRacketLibs/include'
CPPFLAGS='-isysroot /Developer/SDKs/MacOSX10.5.sdk -mmacosx-version-min=10.5'
CXX='false'
CXXFLAGS='-I/Users/soegaard/BuildRacketLibs/include'
CYGPATH_W='echo'
DEFS='-DPACKAGE_NAME=\"GNU\ Automake\" -DPACKAGE_TARNAME=\"automake\" -DPACKAGE_VERSION=\"1.14\" -DPACKAGE_STRING=\"GNU\ Automake\ 1.14\" -DPACKAGE_BUGREPORT=\"bug-automake@gnu.org\" -DPACKAGE_URL=\"http://www.gnu.org/software/automake/\"'
ECHO_C='\c'
ECHO_N=''
ECHO_T=''
EGREP='/usr/bin/grep -E'
EXEEXT='UNKNOWN'
F77='false'
FC='false'
FCFLAGS=''
FFLAGS=''
FGREP='/usr/bin/grep -F'
GNU_CC='/usr/bin/gcc-4.2'
GNU_CFLAGS='-Os -arch x86_64 -isysroot /Developer/SDKs/MacOSX10.5.sdk -I/Users/soegaard/BuildRacketLibs/include'
GNU_CXX='g++'
GNU_CXXFLAGS=''
GNU_F77='false'
GNU_FC='false'
GNU_FCFLAGS=''
GNU_FFLAGS=''
GNU_GCJ='false'
GNU_GCJFLAGS=''
GREP='/usr/bin/grep'
INSTALL_DATA='${INSTALL} -m 644'
INSTALL_PROGRAM='${INSTALL}'
INSTALL_SCRIPT='${INSTALL}'
INSTALL_STRIP_PROGRAM='$(install_sh) -c -s'
LDFLAGS='   -arch x86_64 -isysroot /Developer/SDKs/MacOSX10.5.sdk -L/Users/soegaard/BuildRacketLibs/lib'
LEX='lex'
LIBOBJS=''
LIBS=''
LN='ln'
LN_S='ln -s'
LTLIBOBJS=''
MAKEINFO='${SHELL} /Users/soegaard/BuildRacketLibs/automake/lib/missing makeinfo'
MKDIR_P='lib/install-sh -c -d'
MODIFICATION_DELAY='2'
OBJEXT='UNKNOWN'
PACKAGE='automake'
PACKAGE_BUGREPORT='bug-automake@gnu.org'
PACKAGE_NAME='GNU Automake'
PACKAGE_STRING='GNU Automake 1.14'
PACKAGE_TARNAME='automake'
PACKAGE_URL='http://www.gnu.org/software/automake/'
PACKAGE_VERSION='1.14'
PATH_SEPARATOR=':'
PERL='/opt/local/bin/perl'
RELEASE_YEAR='2013'
SET_MAKE=''
SHELL='/bin/sh'
STRIP=''
TEX=''
VERSION='1.14'
YACC='yacc'
ac_ct_CC=''
ac_ct_CXX='KCC'
ac_ct_F77=''
ac_ct_FC=''
ac_ct_GNU_CC=''
ac_ct_GNU_CXX='g++'
ac_ct_GNU_F77=''
ac_ct_GNU_FC=''
ac_ct_GNU_GCJ=''
am_AUTOCONF='autoconf'
am_AUTOHEADER='autoheader'
am_AUTOM4TE='autom4te'
am_AUTORECONF='autoreconf'
am_AUTOUPDATE='autoupdate'
am__EXEEXT_FALSE='#'
am__EXEEXT_TRUE=''
am__isrc=''
am__leading_dot='.'
am__tar='$${TAR-tar} chof - "$$tardir"'
am__untar='$${TAR-tar} xf -'
am_candidate_sh=''
amdir='${pkgvdatadir}/am'
automake_acdir='${datadir}/aclocal-1.14'
bindir='${exec_prefix}/bin'
build='x86_64-apple-darwin13.0.0'
build_alias=''
build_cpu='x86_64'
build_os='darwin13.0.0'
build_vendor='apple'
datadir='${datarootdir}'
datarootdir='${prefix}/share'
docdir='${datarootdir}/doc/${PACKAGE_TARNAME}'
dvidir='${docdir}'
exec_prefix='${prefix}'
host='x86_64-apple-darwin13.0.0'
host_alias=''
host_cpu='x86_64'
host_os='darwin13.0.0'
host_vendor='apple'
htmldir='${docdir}'
includedir='${prefix}/include'
infodir='${datarootdir}/info'
install_sh='${SHELL} /Users/soegaard/BuildRacketLibs/automake/lib/install-sh'
libdir='${exec_prefix}/lib'
libexecdir='${exec_prefix}/libexec'
localedir='${datarootdir}/locale'
localstatedir='${prefix}/var'
mandir='${datarootdir}/man'
mkdir_p='$(MKDIR_P)'
oldincludedir='/usr/include'
pdfdir='${docdir}'
pkgvdatadir='${datadir}/automake-1.14'
prefix='/Users/soegaard/BuildRacketLibs'
program_transform_name='s,x,x,'
psdir='${docdir}'
required_autoconf_version='2.65'
sbindir='${exec_prefix}/sbin'
scriptdir='${pkgvdatadir}'
sharedstatedir='${prefix}/com'
sysconfdir='${prefix}/etc'
system_acdir='${datadir}/aclocal'
target_alias=''

## ----------- ##
## confdefs.h. ##
## ----------- ##

/* confdefs.h */
#define PACKAGE_NAME "GNU Automake"
#define PACKAGE_TARNAME "automake"
#define PACKAGE_VERSION "1.14"
#define PACKAGE_STRING "GNU Automake 1.14"
#define PACKAGE_BUGREPORT "bug-automake@gnu.org"
#define PACKAGE_URL "http://www.gnu.org/software/automake/"

configure: exit 0

## ---------------------- ##
## Running config.status. ##
## ---------------------- ##

This file was extended by GNU Automake config.status 1.14, which was
generated by GNU Autoconf 2.69.  Invocation command line was

  CONFIG_FILES    = 
  CONFIG_HEADERS  = 
  CONFIG_LINKS    = 
  CONFIG_COMMANDS = 
  $ ./config.status --file=-

on mba-5.local


## ---------------------- ##
## Running config.status. ##
## ---------------------- ##

This file was extended by GNU Automake config.status 1.14, which was
generated by GNU Autoconf 2.69.  Invocation command line was

  CONFIG_FILES    = 
  CONFIG_HEADERS  = 
  CONFIG_LINKS    = 
  CONFIG_COMMANDS = 
  $ ./config.status --file=-

on mba-5.local


## ---------------------- ##
## Running config.status. ##
## ---------------------- ##

This file was extended by GNU Automake config.status 1.14, which was
generated by GNU Autoconf 2.69.  Invocation command line was

  CONFIG_FILES    = 
  CONFIG_HEADERS  = 
  CONFIG_LINKS    = 
  CONFIG_COMMANDS = 
  $ ./config.status --file=-

on mba-5.local


## ---------------------- ##
## Running config.status. ##
## ---------------------- ##

This file was extended by GNU Automake config.status 1.14, which was
generated by GNU Autoconf 2.69.  Invocation command line was

  CONFIG_FILES    = 
  CONFIG_HEADERS  = 
  CONFIG_LINKS    = 
  CONFIG_COMMANDS = 
  $ ./config.status --file=-

on mba-5.local


## ---------------------- ##
## Running config.status. ##
## ---------------------- ##

This file was extended by GNU Automake config.status 1.14, which was
generated by GNU Autoconf 2.69.  Invocation command line was

  CONFIG_FILES    = 
  CONFIG_HEADERS  = 
  CONFIG_LINKS    = 
  CONFIG_COMMANDS = 
  $ ./config.status --file=-

on mba-5.local


## ---------------------- ##
## Running config.status. ##
## ---------------------- ##

This file was extended by GNU Automake config.status 1.14, which was
generated by GNU Autoconf 2.69.  Invocation command line was

  CONFIG_FILES    = 
  CONFIG_HEADERS  = 
  CONFIG_LINKS    = 
  CONFIG_COMMANDS = 
  $ ./config.status --file=-

on mba-5.local


## ---------------------- ##
## Running config.status. ##
## ---------------------- ##

This file was extended by GNU Automake config.status 1.14, which was
generated by GNU Autoconf 2.69.  Invocation command line was

  CONFIG_FILES    = 
  CONFIG_HEADERS  = 
  CONFIG_LINKS    = 
  CONFIG_COMMANDS = 
  $ ./config.status --file=-

on mba-5.local

