This file contains any messages produced by compilers while
running configure, to aid debugging if configure makes a mistake.

It was created by libjpeg configure 9.0.0, which was
generated by GNU Autoconf 2.69.  Invocation command line was

  $ ./configure --prefix=/Users/soegaard/BuildRacketLibs --enable-shared --disable-dependency-tracking

## --------- ##
## Platform. ##
## --------- ##

hostname = mba-5.local
uname -m = x86_64
uname -r = 13.0.0
uname -s = Darwin
uname -v = Darwin Kernel Version 13.0.0: Thu Sep 19 22:22:27 PDT 2013; root:xnu-2422.1.72~6/RELEASE_X86_64

/usr/bin/uname -p = i386
/bin/uname -X     = unknown

/bin/arch              = unknown
/usr/bin/arch -k       = unknown
/usr/convex/getsysinfo = unknown
/usr/bin/hostinfo      = Mach kernel version:
	 Darwin Kernel Version 13.0.0: Thu Sep 19 22:22:27 PDT 2013; root:xnu-2422.1.72~6/RELEASE_X86_64
Kernel configured for up to 4 processors.
2 processors are physically available.
4 processors are logically available.
Processor type: i486 (Intel 80486)
Processors active: 0 1 2 3
Primary memory available: 4.00 gigabytes
Default processor set: 297 tasks, 1828 threads, 4 processors
Load average: 3.76, Mach factor: 1.35
/bin/machine           = unknown
/usr/bin/oslevel       = unknown
/bin/universe          = unknown

PATH: /opt/local/bin
PATH: /opt/local/sbin
PATH: /opt/local/bin
PATH: /opt/local/sbin
PATH: /usr/bin
PATH: /bin
PATH: /usr/sbin
PATH: /sbin
PATH: /usr/local/bin
PATH: /opt/X11/bin


## ----------- ##
## Core tests. ##
## ----------- ##

configure:2264: checking build system type
configure:2278: result: x86_64-apple-darwin13.0.0
configure:2298: checking host system type
configure:2311: result: x86_64-apple-darwin13.0.0
configure:2331: checking target system type
configure:2344: result: x86_64-apple-darwin13.0.0
configure:2389: checking for a BSD-compatible install
configure:2457: result: /usr/bin/install -c
configure:2468: checking whether build environment is sane
configure:2523: result: yes
configure:2674: checking for a thread-safe mkdir -p
configure:2713: result: ./install-sh -c -d
configure:2720: checking for gawk
configure:2750: result: no
configure:2720: checking for mawk
configure:2750: result: no
configure:2720: checking for nawk
configure:2750: result: no
configure:2720: checking for awk
configure:2736: found /usr/bin/awk
configure:2747: result: awk
configure:2758: checking whether make sets $(MAKE)
configure:2780: result: yes
configure:2809: checking whether make supports nested variables
configure:2826: result: yes
configure:2920: checking whether make supports nested variables
configure:2937: result: yes
configure:2953: checking whether to enable maintainer-specific portions of Makefiles
configure:2962: result: no
configure:3025: checking for gcc
configure:3052: result: /usr/bin/gcc-4.2
configure:3281: checking for C compiler version
configure:3290: /usr/bin/gcc-4.2 --version >&5
i686-apple-darwin10-gcc-4.2.1 (GCC) 4.2.1 (Apple Inc. build 5666) (dot 3)
Copyright (C) 2007 Free Software Foundation, Inc.
This is free software; see the source for copying conditions.  There is NO
warranty; not even for MERCHANTABILITY or FITNESS FOR A PARTICULAR PURPOSE.

configure:3301: $? = 0
configure:3290: /usr/bin/gcc-4.2 -v >&5
Using built-in specs.
Target: i686-apple-darwin10
Configured with: /var/tmp/gcc/gcc-5666.3~6/src/configure --disable-checking --enable-werror --prefix=/usr --mandir=/share/man --enable-languages=c,objc,c++,obj-c++ --program-transform-name=/^[cg][^.-]*$/s/$/-4.2/ --with-slibdir=/usr/lib --build=i686-apple-darwin10 --program-prefix=i686-apple-darwin10- --host=x86_64-apple-darwin10 --target=i686-apple-darwin10 --with-gxx-include-dir=/include/c++/4.2.1
Thread model: posix
gcc version 4.2.1 (Apple Inc. build 5666) (dot 3)
configure:3301: $? = 0
configure:3290: /usr/bin/gcc-4.2 -V >&5
gcc-4.2: argument to `-V' is missing
configure:3301: $? = 1
configure:3290: /usr/bin/gcc-4.2 -qversion >&5
i686-apple-darwin10-gcc-4.2.1: no input files
configure:3301: $? = 1
configure:3321: checking whether the C compiler works
configure:3343: /usr/bin/gcc-4.2 -Os -arch x86_64 -isysroot /Developer/SDKs/MacOSX10.5.sdk -I/Users/soegaard/BuildRacketLibs/include -isysroot /Developer/SDKs/MacOSX10.5.sdk -mmacosx-version-min=10.5    -arch x86_64 -isysroot /Developer/SDKs/MacOSX10.5.sdk -L/Users/soegaard/BuildRacketLibs/lib conftest.c  >&5
configure:3347: $? = 0
configure:3395: result: yes
configure:3398: checking for C compiler default output file name
configure:3400: result: a.out
configure:3406: checking for suffix of executables
configure:3413: /usr/bin/gcc-4.2 -o conftest -Os -arch x86_64 -isysroot /Developer/SDKs/MacOSX10.5.sdk -I/Users/soegaard/BuildRacketLibs/include -isysroot /Developer/SDKs/MacOSX10.5.sdk -mmacosx-version-min=10.5    -arch x86_64 -isysroot /Developer/SDKs/MacOSX10.5.sdk -L/Users/soegaard/BuildRacketLibs/lib conftest.c  >&5
configure:3417: $? = 0
configure:3439: result: 
configure:3461: checking whether we are cross compiling
configure:3469: /usr/bin/gcc-4.2 -o conftest -Os -arch x86_64 -isysroot /Developer/SDKs/MacOSX10.5.sdk -I/Users/soegaard/BuildRacketLibs/include -isysroot /Developer/SDKs/MacOSX10.5.sdk -mmacosx-version-min=10.5    -arch x86_64 -isysroot /Developer/SDKs/MacOSX10.5.sdk -L/Users/soegaard/BuildRacketLibs/lib conftest.c  >&5
configure:3473: $? = 0
configure:3480: ./conftest
configure:3484: $? = 0
configure:3499: result: no
configure:3504: checking for suffix of object files
configure:3526: /usr/bin/gcc-4.2 -c -Os -arch x86_64 -isysroot /Developer/SDKs/MacOSX10.5.sdk -I/Users/soegaard/BuildRacketLibs/include -isysroot /Developer/SDKs/MacOSX10.5.sdk -mmacosx-version-min=10.5 conftest.c >&5
configure:3530: $? = 0
configure:3551: result: o
configure:3555: checking whether we are using the GNU C compiler
configure:3574: /usr/bin/gcc-4.2 -c -Os -arch x86_64 -isysroot /Developer/SDKs/MacOSX10.5.sdk -I/Users/soegaard/BuildRacketLibs/include -isysroot /Developer/SDKs/MacOSX10.5.sdk -mmacosx-version-min=10.5 conftest.c >&5
configure:3574: $? = 0
configure:3583: result: yes
configure:3592: checking whether /usr/bin/gcc-4.2 accepts -g
configure:3612: /usr/bin/gcc-4.2 -c -g -isysroot /Developer/SDKs/MacOSX10.5.sdk -mmacosx-version-min=10.5 conftest.c >&5
configure:3612: $? = 0
configure:3653: result: yes
configure:3670: checking for /usr/bin/gcc-4.2 option to accept ISO C89
configure:3733: /usr/bin/gcc-4.2  -c -Os -arch x86_64 -isysroot /Developer/SDKs/MacOSX10.5.sdk -I/Users/soegaard/BuildRacketLibs/include -isysroot /Developer/SDKs/MacOSX10.5.sdk -mmacosx-version-min=10.5 conftest.c >&5
configure:3733: $? = 0
configure:3746: result: none needed
configure:3777: checking for style of include used by make
configure:3805: result: GNU
configure:3831: checking dependency style of /usr/bin/gcc-4.2
configure:3942: result: none
configure:3961: checking for /usr/bin/gcc-4.2 option to accept ISO C99
configure:4110: /usr/bin/gcc-4.2  -c -Os -arch x86_64 -isysroot /Developer/SDKs/MacOSX10.5.sdk -I/Users/soegaard/BuildRacketLibs/include -isysroot /Developer/SDKs/MacOSX10.5.sdk -mmacosx-version-min=10.5 conftest.c >&5
conftest.c:61: error: expected ';', ',' or ')' before 'text'
conftest.c: In function 'main':
conftest.c:115: error: nested functions are disabled, use -fnested-functions to re-enable
conftest.c:115: error: expected '=', ',', ';', 'asm' or '__attribute__' before 'newvar'
conftest.c:115: error: 'newvar' undeclared (first use in this function)
conftest.c:115: error: (Each undeclared identifier is reported only once
conftest.c:115: error: for each function it appears in.)
conftest.c:125: error: 'for' loop initial declaration used outside C99 mode
configure:4110: $? = 1
configure: failed program was:
| /* confdefs.h */
| #define PACKAGE_NAME "libjpeg"
| #define PACKAGE_TARNAME "libjpeg"
| #define PACKAGE_VERSION "9.0.0"
| #define PACKAGE_STRING "libjpeg 9.0.0"
| #define PACKAGE_BUGREPORT ""
| #define PACKAGE_URL ""
| #define PACKAGE "libjpeg"
| #define VERSION "9.0.0"
| /* end confdefs.h.  */
| #include <stdarg.h>
| #include <stdbool.h>
| #include <stdlib.h>
| #include <wchar.h>
| #include <stdio.h>
| 
| // Check varargs macros.  These examples are taken from C99 6.10.3.5.
| #define debug(...) fprintf (stderr, __VA_ARGS__)
| #define showlist(...) puts (#__VA_ARGS__)
| #define report(test,...) ((test) ? puts (#test) : printf (__VA_ARGS__))
| static void
| test_varargs_macros (void)
| {
|   int x = 1234;
|   int y = 5678;
|   debug ("Flag");
|   debug ("X = %d\n", x);
|   showlist (The first, second, and third items.);
|   report (x>y, "x is %d but y is %d", x, y);
| }
| 
| // Check long long types.
| #define BIG64 18446744073709551615ull
| #define BIG32 4294967295ul
| #define BIG_OK (BIG64 / BIG32 == 4294967297ull && BIG64 % BIG32 == 0)
| #if !BIG_OK
|   your preprocessor is broken;
| #endif
| #if BIG_OK
| #else
|   your preprocessor is broken;
| #endif
| static long long int bignum = -9223372036854775807LL;
| static unsigned long long int ubignum = BIG64;
| 
| struct incomplete_array
| {
|   int datasize;
|   double data[];
| };
| 
| struct named_init {
|   int number;
|   const wchar_t *name;
|   double average;
| };
| 
| typedef const char *ccp;
| 
| static inline int
| test_restrict (ccp restrict text)
| {
|   // See if C++-style comments work.
|   // Iterate through items via the restricted pointer.
|   // Also check for declarations in for loops.
|   for (unsigned int i = 0; *(text+i) != '\0'; ++i)
|     continue;
|   return 0;
| }
| 
| // Check varargs and va_copy.
| static void
| test_varargs (const char *format, ...)
| {
|   va_list args;
|   va_start (args, format);
|   va_list args_copy;
|   va_copy (args_copy, args);
| 
|   const char *str;
|   int number;
|   float fnumber;
| 
|   while (*format)
|     {
|       switch (*format++)
| 	{
| 	case 's': // string
| 	  str = va_arg (args_copy, const char *);
| 	  break;
| 	case 'd': // int
| 	  number = va_arg (args_copy, int);
| 	  break;
| 	case 'f': // float
| 	  fnumber = va_arg (args_copy, double);
| 	  break;
| 	default:
| 	  break;
| 	}
|     }
|   va_end (args_copy);
|   va_end (args);
| }
| 
| int
| main ()
| {
| 
|   // Check bool.
|   _Bool success = false;
| 
|   // Check restrict.
|   if (test_restrict ("String literal") == 0)
|     success = true;
|   char *restrict newvar = "Another string";
| 
|   // Check varargs.
|   test_varargs ("s, d' f .", "string", 65, 34.234);
|   test_varargs_macros ();
| 
|   // Check flexible array members.
|   struct incomplete_array *ia =
|     malloc (sizeof (struct incomplete_array) + (sizeof (double) * 10));
|   ia->datasize = 10;
|   for (int i = 0; i < ia->datasize; ++i)
|     ia->data[i] = i * 1.234;
| 
|   // Check named initializers.
|   struct named_init ni = {
|     .number = 34,
|     .name = L"Test wide string",
|     .average = 543.34343,
|   };
| 
|   ni.number = 58;
| 
|   int dynamic_array[ni.number];
|   dynamic_array[ni.number - 1] = 543;
| 
|   // work around unused variable warnings
|   return (!success || bignum == 0LL || ubignum == 0uLL || newvar[0] == 'x'
| 	  || dynamic_array[ni.number - 1] != 543);
| 
|   ;
|   return 0;
| }
configure:4110: /usr/bin/gcc-4.2 -std=gnu99 -c -Os -arch x86_64 -isysroot /Developer/SDKs/MacOSX10.5.sdk -I/Users/soegaard/BuildRacketLibs/include -isysroot /Developer/SDKs/MacOSX10.5.sdk -mmacosx-version-min=10.5 conftest.c >&5
configure:4110: $? = 0
configure:4130: result: -std=gnu99
configure:4231: checking for /usr/bin/gcc-4.2 -std=gnu99 option to accept ISO Standard C
configure:4245: result: -std=gnu99
configure:4254: checking how to run the C preprocessor
configure:4285: /usr/bin/gcc-4.2 -std=gnu99 -E -isysroot /Developer/SDKs/MacOSX10.5.sdk -mmacosx-version-min=10.5 conftest.c
configure:4285: $? = 0
configure:4299: /usr/bin/gcc-4.2 -std=gnu99 -E -isysroot /Developer/SDKs/MacOSX10.5.sdk -mmacosx-version-min=10.5 conftest.c
conftest.c:11:28: error: ac_nonexistent.h: No such file or directory
configure:4299: $? = 1
configure: failed program was:
| /* confdefs.h */
| #define PACKAGE_NAME "libjpeg"
| #define PACKAGE_TARNAME "libjpeg"
| #define PACKAGE_VERSION "9.0.0"
| #define PACKAGE_STRING "libjpeg 9.0.0"
| #define PACKAGE_BUGREPORT ""
| #define PACKAGE_URL ""
| #define PACKAGE "libjpeg"
| #define VERSION "9.0.0"
| /* end confdefs.h.  */
| #include <ac_nonexistent.h>
configure:4324: result: /usr/bin/gcc-4.2 -std=gnu99 -E
configure:4344: /usr/bin/gcc-4.2 -std=gnu99 -E -isysroot /Developer/SDKs/MacOSX10.5.sdk -mmacosx-version-min=10.5 conftest.c
configure:4344: $? = 0
configure:4358: /usr/bin/gcc-4.2 -std=gnu99 -E -isysroot /Developer/SDKs/MacOSX10.5.sdk -mmacosx-version-min=10.5 conftest.c
conftest.c:11:28: error: ac_nonexistent.h: No such file or directory
configure:4358: $? = 1
configure: failed program was:
| /* confdefs.h */
| #define PACKAGE_NAME "libjpeg"
| #define PACKAGE_TARNAME "libjpeg"
| #define PACKAGE_VERSION "9.0.0"
| #define PACKAGE_STRING "libjpeg 9.0.0"
| #define PACKAGE_BUGREPORT ""
| #define PACKAGE_URL ""
| #define PACKAGE "libjpeg"
| #define VERSION "9.0.0"
| /* end confdefs.h.  */
| #include <ac_nonexistent.h>
configure:4387: checking whether make sets $(MAKE)
configure:4409: result: yes
configure:4418: checking whether ln -s works
configure:4422: result: yes
configure:4479: checking for ar
configure:4495: found /opt/local/bin/ar
configure:4506: result: ar
configure:4532: checking the archiver (ar) interface
configure:4542: /usr/bin/gcc-4.2 -std=gnu99 -c -Os -arch x86_64 -isysroot /Developer/SDKs/MacOSX10.5.sdk -I/Users/soegaard/BuildRacketLibs/include -isysroot /Developer/SDKs/MacOSX10.5.sdk -mmacosx-version-min=10.5 conftest.c >&5
configure:4542: $? = 0
configure:4544: ar cru libconftest.a conftest.o >&5
configure:4547: $? = 0
configure:4570: result: ar
configure:4599: checking if LD -Wl,--version-script works
configure:4623: /usr/bin/gcc-4.2 -std=gnu99 -o conftest -Os -arch x86_64 -isysroot /Developer/SDKs/MacOSX10.5.sdk -I/Users/soegaard/BuildRacketLibs/include -isysroot /Developer/SDKs/MacOSX10.5.sdk -mmacosx-version-min=10.5    -arch x86_64 -isysroot /Developer/SDKs/MacOSX10.5.sdk -L/Users/soegaard/BuildRacketLibs/lib -Wl,--version-script=conftest.map conftest.c  >&5
ld: unknown option: --version-script=conftest.map
collect2: ld returned 1 exit status
configure:4623: $? = 1
configure: failed program was:
| /* confdefs.h */
| #define PACKAGE_NAME "libjpeg"
| #define PACKAGE_TARNAME "libjpeg"
| #define PACKAGE_VERSION "9.0.0"
| #define PACKAGE_STRING "libjpeg 9.0.0"
| #define PACKAGE_BUGREPORT ""
| #define PACKAGE_URL ""
| #define PACKAGE "libjpeg"
| #define VERSION "9.0.0"
| /* end confdefs.h.  */
| 
| int
| main ()
| {
| 
|   ;
|   return 0;
| }
configure:4632: result: no
configure:4645: checking for function prototypes
configure:4665: /usr/bin/gcc-4.2 -std=gnu99 -c -Os -arch x86_64 -isysroot /Developer/SDKs/MacOSX10.5.sdk -I/Users/soegaard/BuildRacketLibs/include -isysroot /Developer/SDKs/MacOSX10.5.sdk -mmacosx-version-min=10.5 conftest.c >&5
configure:4665: $? = 0
configure:4673: result: yes
configure:4694: checking for grep that handles long lines and -e
configure:4752: result: /usr/bin/grep
configure:4757: checking for egrep
configure:4819: result: /usr/bin/grep -E
configure:4824: checking for ANSI C header files
configure:4844: /usr/bin/gcc-4.2 -std=gnu99 -c -Os -arch x86_64 -isysroot /Developer/SDKs/MacOSX10.5.sdk -I/Users/soegaard/BuildRacketLibs/include -isysroot /Developer/SDKs/MacOSX10.5.sdk -mmacosx-version-min=10.5 conftest.c >&5
configure:4844: $? = 0
configure:4917: /usr/bin/gcc-4.2 -std=gnu99 -o conftest -Os -arch x86_64 -isysroot /Developer/SDKs/MacOSX10.5.sdk -I/Users/soegaard/BuildRacketLibs/include -isysroot /Developer/SDKs/MacOSX10.5.sdk -mmacosx-version-min=10.5    -arch x86_64 -isysroot /Developer/SDKs/MacOSX10.5.sdk -L/Users/soegaard/BuildRacketLibs/lib conftest.c  >&5
configure:4917: $? = 0
configure:4917: ./conftest
configure:4917: $? = 0
configure:4928: result: yes
configure:4941: checking for sys/types.h
configure:4941: /usr/bin/gcc-4.2 -std=gnu99 -c -Os -arch x86_64 -isysroot /Developer/SDKs/MacOSX10.5.sdk -I/Users/soegaard/BuildRacketLibs/include -isysroot /Developer/SDKs/MacOSX10.5.sdk -mmacosx-version-min=10.5 conftest.c >&5
configure:4941: $? = 0
configure:4941: result: yes
configure:4941: checking for sys/stat.h
configure:4941: /usr/bin/gcc-4.2 -std=gnu99 -c -Os -arch x86_64 -isysroot /Developer/SDKs/MacOSX10.5.sdk -I/Users/soegaard/BuildRacketLibs/include -isysroot /Developer/SDKs/MacOSX10.5.sdk -mmacosx-version-min=10.5 conftest.c >&5
configure:4941: $? = 0
configure:4941: result: yes
configure:4941: checking for stdlib.h
configure:4941: /usr/bin/gcc-4.2 -std=gnu99 -c -Os -arch x86_64 -isysroot /Developer/SDKs/MacOSX10.5.sdk -I/Users/soegaard/BuildRacketLibs/include -isysroot /Developer/SDKs/MacOSX10.5.sdk -mmacosx-version-min=10.5 conftest.c >&5
configure:4941: $? = 0
configure:4941: result: yes
configure:4941: checking for string.h
configure:4941: /usr/bin/gcc-4.2 -std=gnu99 -c -Os -arch x86_64 -isysroot /Developer/SDKs/MacOSX10.5.sdk -I/Users/soegaard/BuildRacketLibs/include -isysroot /Developer/SDKs/MacOSX10.5.sdk -mmacosx-version-min=10.5 conftest.c >&5
configure:4941: $? = 0
configure:4941: result: yes
configure:4941: checking for memory.h
configure:4941: /usr/bin/gcc-4.2 -std=gnu99 -c -Os -arch x86_64 -isysroot /Developer/SDKs/MacOSX10.5.sdk -I/Users/soegaard/BuildRacketLibs/include -isysroot /Developer/SDKs/MacOSX10.5.sdk -mmacosx-version-min=10.5 conftest.c >&5
configure:4941: $? = 0
configure:4941: result: yes
configure:4941: checking for strings.h
configure:4941: /usr/bin/gcc-4.2 -std=gnu99 -c -Os -arch x86_64 -isysroot /Developer/SDKs/MacOSX10.5.sdk -I/Users/soegaard/BuildRacketLibs/include -isysroot /Developer/SDKs/MacOSX10.5.sdk -mmacosx-version-min=10.5 conftest.c >&5
configure:4941: $? = 0
configure:4941: result: yes
configure:4941: checking for inttypes.h
configure:4941: /usr/bin/gcc-4.2 -std=gnu99 -c -Os -arch x86_64 -isysroot /Developer/SDKs/MacOSX10.5.sdk -I/Users/soegaard/BuildRacketLibs/include -isysroot /Developer/SDKs/MacOSX10.5.sdk -mmacosx-version-min=10.5 conftest.c >&5
configure:4941: $? = 0
configure:4941: result: yes
configure:4941: checking for stdint.h
configure:4941: /usr/bin/gcc-4.2 -std=gnu99 -c -Os -arch x86_64 -isysroot /Developer/SDKs/MacOSX10.5.sdk -I/Users/soegaard/BuildRacketLibs/include -isysroot /Developer/SDKs/MacOSX10.5.sdk -mmacosx-version-min=10.5 conftest.c >&5
configure:4941: $? = 0
configure:4941: result: yes
configure:4941: checking for unistd.h
configure:4941: /usr/bin/gcc-4.2 -std=gnu99 -c -Os -arch x86_64 -isysroot /Developer/SDKs/MacOSX10.5.sdk -I/Users/soegaard/BuildRacketLibs/include -isysroot /Developer/SDKs/MacOSX10.5.sdk -mmacosx-version-min=10.5 conftest.c >&5
configure:4941: $? = 0
configure:4941: result: yes
configure:4956: checking stddef.h usability
configure:4956: /usr/bin/gcc-4.2 -std=gnu99 -c -Os -arch x86_64 -isysroot /Developer/SDKs/MacOSX10.5.sdk -I/Users/soegaard/BuildRacketLibs/include -isysroot /Developer/SDKs/MacOSX10.5.sdk -mmacosx-version-min=10.5 conftest.c >&5
configure:4956: $? = 0
configure:4956: result: yes
configure:4956: checking stddef.h presence
configure:4956: /usr/bin/gcc-4.2 -std=gnu99 -E -isysroot /Developer/SDKs/MacOSX10.5.sdk -mmacosx-version-min=10.5 conftest.c
configure:4956: $? = 0
configure:4956: result: yes
configure:4956: checking for stddef.h
configure:4956: result: yes
configure:4956: checking for stdlib.h
configure:4956: result: yes
configure:4956: checking locale.h usability
configure:4956: /usr/bin/gcc-4.2 -std=gnu99 -c -Os -arch x86_64 -isysroot /Developer/SDKs/MacOSX10.5.sdk -I/Users/soegaard/BuildRacketLibs/include -isysroot /Developer/SDKs/MacOSX10.5.sdk -mmacosx-version-min=10.5 conftest.c >&5
configure:4956: $? = 0
configure:4956: result: yes
configure:4956: checking locale.h presence
configure:4956: /usr/bin/gcc-4.2 -std=gnu99 -E -isysroot /Developer/SDKs/MacOSX10.5.sdk -mmacosx-version-min=10.5 conftest.c
configure:4956: $? = 0
configure:4956: result: yes
configure:4956: checking for locale.h
configure:4956: result: yes
configure:4966: checking for string.h
configure:4966: result: yes
configure:4979: checking for size_t
configure:5006: /usr/bin/gcc-4.2 -std=gnu99 -c -Os -arch x86_64 -isysroot /Developer/SDKs/MacOSX10.5.sdk -I/Users/soegaard/BuildRacketLibs/include -isysroot /Developer/SDKs/MacOSX10.5.sdk -mmacosx-version-min=10.5 conftest.c >&5
configure:5006: $? = 0
configure:5012: result: yes
configure:5048: checking for type unsigned char
configure:5061: /usr/bin/gcc-4.2 -std=gnu99 -c -Os -arch x86_64 -isysroot /Developer/SDKs/MacOSX10.5.sdk -I/Users/soegaard/BuildRacketLibs/include -isysroot /Developer/SDKs/MacOSX10.5.sdk -mmacosx-version-min=10.5 conftest.c >&5
configure:5061: $? = 0
configure:5062: result: yes
configure:5073: checking for type unsigned short
configure:5086: /usr/bin/gcc-4.2 -std=gnu99 -c -Os -arch x86_64 -isysroot /Developer/SDKs/MacOSX10.5.sdk -I/Users/soegaard/BuildRacketLibs/include -isysroot /Developer/SDKs/MacOSX10.5.sdk -mmacosx-version-min=10.5 conftest.c >&5
configure:5086: $? = 0
configure:5087: result: yes
configure:5098: checking for type void
configure:5132: /usr/bin/gcc-4.2 -std=gnu99 -c -Os -arch x86_64 -isysroot /Developer/SDKs/MacOSX10.5.sdk -I/Users/soegaard/BuildRacketLibs/include -isysroot /Developer/SDKs/MacOSX10.5.sdk -mmacosx-version-min=10.5 conftest.c >&5
configure:5132: $? = 0
configure:5133: result: yes
configure:5143: checking for an ANSI C-conforming const
configure:5209: /usr/bin/gcc-4.2 -std=gnu99 -c -Os -arch x86_64 -isysroot /Developer/SDKs/MacOSX10.5.sdk -I/Users/soegaard/BuildRacketLibs/include -isysroot /Developer/SDKs/MacOSX10.5.sdk -mmacosx-version-min=10.5 conftest.c >&5
configure:5209: $? = 0
configure:5216: result: yes
configure:5226: checking for inline
configure:5241: /usr/bin/gcc-4.2 -std=gnu99 -c -Os -arch x86_64 -isysroot /Developer/SDKs/MacOSX10.5.sdk -I/Users/soegaard/BuildRacketLibs/include -isysroot /Developer/SDKs/MacOSX10.5.sdk -mmacosx-version-min=10.5 conftest.c >&5
configure:5241: $? = 0
configure:5279: result: __inline__
configure:5288: checking for broken incomplete types
configure:5301: /usr/bin/gcc-4.2 -std=gnu99 -c -Os -arch x86_64 -isysroot /Developer/SDKs/MacOSX10.5.sdk -I/Users/soegaard/BuildRacketLibs/include -isysroot /Developer/SDKs/MacOSX10.5.sdk -mmacosx-version-min=10.5 conftest.c >&5
configure:5301: $? = 0
configure:5302: result: ok
configure:5314: checking for short external names
configure:5330: /usr/bin/gcc-4.2 -std=gnu99 -o conftest -Os -arch x86_64 -isysroot /Developer/SDKs/MacOSX10.5.sdk -I/Users/soegaard/BuildRacketLibs/include -isysroot /Developer/SDKs/MacOSX10.5.sdk -mmacosx-version-min=10.5    -arch x86_64 -isysroot /Developer/SDKs/MacOSX10.5.sdk -L/Users/soegaard/BuildRacketLibs/lib conftest.c  >&5
configure:5330: $? = 0
configure:5331: result: ok
configure:5344: checking to see if char is signed
configure:5381: /usr/bin/gcc-4.2 -std=gnu99 -o conftest -Os -arch x86_64 -isysroot /Developer/SDKs/MacOSX10.5.sdk -I/Users/soegaard/BuildRacketLibs/include -isysroot /Developer/SDKs/MacOSX10.5.sdk -mmacosx-version-min=10.5    -arch x86_64 -isysroot /Developer/SDKs/MacOSX10.5.sdk -L/Users/soegaard/BuildRacketLibs/lib conftest.c  >&5
configure:5381: $? = 0
configure:5381: ./conftest
configure:5381: $? = 1
configure: program exited with status 1
configure: failed program was:
| /* confdefs.h */
| #define PACKAGE_NAME "libjpeg"
| #define PACKAGE_TARNAME "libjpeg"
| #define PACKAGE_VERSION "9.0.0"
| #define PACKAGE_STRING "libjpeg 9.0.0"
| #define PACKAGE_BUGREPORT ""
| #define PACKAGE_URL ""
| #define PACKAGE "libjpeg"
| #define VERSION "9.0.0"
| #define HAVE_PROTOTYPES 1
| #define STDC_HEADERS 1
| #define HAVE_SYS_TYPES_H 1
| #define HAVE_SYS_STAT_H 1
| #define HAVE_STDLIB_H 1
| #define HAVE_STRING_H 1
| #define HAVE_MEMORY_H 1
| #define HAVE_STRINGS_H 1
| #define HAVE_INTTYPES_H 1
| #define HAVE_STDINT_H 1
| #define HAVE_UNISTD_H 1
| #define HAVE_STDDEF_H 1
| #define HAVE_STDLIB_H 1
| #define HAVE_LOCALE_H 1
| #define HAVE_UNSIGNED_CHAR 1
| #define HAVE_UNSIGNED_SHORT 1
| #define INLINE __inline__
| /* end confdefs.h.  */
| 
| #ifdef HAVE_STDLIB_H
| #include <stdlib.h>
| #endif
| #include <stdio.h>
| #ifdef HAVE_PROTOTYPES
| int is_char_signed (int arg)
| #else
| int is_char_signed (arg)
|      int arg;
| #endif
| {
|   if (arg == 189) {		/* expected result for unsigned char */
|     return 0;			/* type char is unsigned */
|   }
|   else if (arg != -67) {	/* expected result for signed char */
|     printf("Hmm, it seems 'char' is not eight bits wide on your machine.\n");
|     printf("I fear the JPEG software will not work at all.\n\n");
|   }
|   return 1;			/* assume char is signed otherwise */
| }
| char signed_char_check = (char) (-67);
| int main() {
|   exit(is_char_signed((int) signed_char_check));
| }
configure:5388: result: yes
configure:5396: checking to see if right shift is signed
configure:5436: /usr/bin/gcc-4.2 -std=gnu99 -o conftest -Os -arch x86_64 -isysroot /Developer/SDKs/MacOSX10.5.sdk -I/Users/soegaard/BuildRacketLibs/include -isysroot /Developer/SDKs/MacOSX10.5.sdk -mmacosx-version-min=10.5    -arch x86_64 -isysroot /Developer/SDKs/MacOSX10.5.sdk -L/Users/soegaard/BuildRacketLibs/lib conftest.c  >&5
configure:5436: $? = 0
configure:5436: ./conftest
configure:5436: $? = 1
configure: program exited with status 1
configure: failed program was:
| /* confdefs.h */
| #define PACKAGE_NAME "libjpeg"
| #define PACKAGE_TARNAME "libjpeg"
| #define PACKAGE_VERSION "9.0.0"
| #define PACKAGE_STRING "libjpeg 9.0.0"
| #define PACKAGE_BUGREPORT ""
| #define PACKAGE_URL ""
| #define PACKAGE "libjpeg"
| #define VERSION "9.0.0"
| #define HAVE_PROTOTYPES 1
| #define STDC_HEADERS 1
| #define HAVE_SYS_TYPES_H 1
| #define HAVE_SYS_STAT_H 1
| #define HAVE_STDLIB_H 1
| #define HAVE_STRING_H 1
| #define HAVE_MEMORY_H 1
| #define HAVE_STRINGS_H 1
| #define HAVE_INTTYPES_H 1
| #define HAVE_STDINT_H 1
| #define HAVE_UNISTD_H 1
| #define HAVE_STDDEF_H 1
| #define HAVE_STDLIB_H 1
| #define HAVE_LOCALE_H 1
| #define HAVE_UNSIGNED_CHAR 1
| #define HAVE_UNSIGNED_SHORT 1
| #define INLINE __inline__
| /* end confdefs.h.  */
| 
| #ifdef HAVE_STDLIB_H
| #include <stdlib.h>
| #endif
| #include <stdio.h>
| #ifdef HAVE_PROTOTYPES
| int is_shifting_signed (long arg)
| #else
| int is_shifting_signed (arg)
|      long arg;
| #endif
| /* See whether right-shift on a long is signed or not. */
| {
|   long res = arg >> 4;
| 
|   if (res == -0x7F7E80CL) {	/* expected result for signed shift */
|     return 1;			/* right shift is signed */
|   }
|   /* see if unsigned-shift hack will fix it. */
|   /* we can't just test exact value since it depends on width of long... */
|   res |= (~0L) << (32-4);
|   if (res == -0x7F7E80CL) {	/* expected result now? */
|     return 0;			/* right shift is unsigned */
|   }
|   printf("Right shift isn't acting as I expect it to.\n");
|   printf("I fear the JPEG software will not work at all.\n\n");
|   return 0;			/* try it with unsigned anyway */
| }
| int main() {
|   exit(is_shifting_signed(-0x7F7E80B1L));
| }
configure:5443: result: yes
configure:5451: checking to see if fopen accepts b spec
configure:5470: /usr/bin/gcc-4.2 -std=gnu99 -o conftest -Os -arch x86_64 -isysroot /Developer/SDKs/MacOSX10.5.sdk -I/Users/soegaard/BuildRacketLibs/include -isysroot /Developer/SDKs/MacOSX10.5.sdk -mmacosx-version-min=10.5    -arch x86_64 -isysroot /Developer/SDKs/MacOSX10.5.sdk -L/Users/soegaard/BuildRacketLibs/lib conftest.c  >&5
configure:5470: $? = 0
configure:5470: ./conftest
configure:5470: $? = 0
configure:5471: result: yes
configure:5835: checking how to print strings
configure:5862: result: printf
configure:5883: checking for a sed that does not truncate output
configure:5947: result: /usr/bin/sed
configure:5965: checking for fgrep
configure:6027: result: /usr/bin/grep -F
configure:6062: checking for ld used by /usr/bin/gcc-4.2 -std=gnu99
configure:6129: result: /usr/libexec/gcc/i686-apple-darwin10/4.2.1/ld
configure:6136: checking if the linker (/usr/libexec/gcc/i686-apple-darwin10/4.2.1/ld) is GNU ld
configure:6151: result: no
configure:6163: checking for BSD- or MS-compatible name lister (nm)
configure:6212: result: /opt/local/bin/nm
configure:6342: checking the name lister (/opt/local/bin/nm) interface
configure:6349: /usr/bin/gcc-4.2 -std=gnu99 -c -Os -arch x86_64 -isysroot /Developer/SDKs/MacOSX10.5.sdk -I/Users/soegaard/BuildRacketLibs/include -isysroot /Developer/SDKs/MacOSX10.5.sdk -mmacosx-version-min=10.5 conftest.c >&5
configure:6352: /opt/local/bin/nm "conftest.o"
configure:6355: output
0000000000000000 D _some_variable
configure:6362: result: BSD nm
configure:6366: checking the maximum length of command line arguments
configure:6496: result: 196608
configure:6513: checking whether the shell understands some XSI constructs
configure:6523: result: yes
configure:6527: checking whether the shell understands "+="
configure:6533: result: yes
configure:6568: checking how to convert x86_64-apple-darwin13.0.0 file names to x86_64-apple-darwin13.0.0 format
configure:6608: result: func_convert_file_noop
configure:6615: checking how to convert x86_64-apple-darwin13.0.0 file names to toolchain format
configure:6635: result: func_convert_file_noop
configure:6642: checking for /usr/libexec/gcc/i686-apple-darwin10/4.2.1/ld option to reload object files
configure:6649: result: -r
configure:6723: checking for objdump
configure:6750: result: objdump
configure:6779: checking how to recognize dependent libraries
configure:6981: result: pass_all
configure:7066: checking for dlltool
configure:7093: result: dlltool
configure:7123: checking how to associate runtime and link libraries
configure:7150: result: printf %s\n
configure:7274: checking for archiver @FILE support
configure:7291: /usr/bin/gcc-4.2 -std=gnu99 -c -Os -arch x86_64 -isysroot /Developer/SDKs/MacOSX10.5.sdk -I/Users/soegaard/BuildRacketLibs/include -isysroot /Developer/SDKs/MacOSX10.5.sdk -mmacosx-version-min=10.5 conftest.c >&5
configure:7291: $? = 0
configure:7294: ar cru libconftest.a @conftest.lst >&5
ar: @conftest.lst: No such file or directory
configure:7297: $? = 1
configure:7317: result: no
configure:7375: checking for strip
configure:7391: found /opt/local/bin/strip
configure:7402: result: strip
configure:7474: checking for ranlib
configure:7490: found /opt/local/bin/ranlib
configure:7501: result: ranlib
configure:7603: checking command to parse /opt/local/bin/nm output from /usr/bin/gcc-4.2 -std=gnu99 object
configure:7723: /usr/bin/gcc-4.2 -std=gnu99 -c -Os -arch x86_64 -isysroot /Developer/SDKs/MacOSX10.5.sdk -I/Users/soegaard/BuildRacketLibs/include -isysroot /Developer/SDKs/MacOSX10.5.sdk -mmacosx-version-min=10.5 conftest.c >&5
configure:7726: $? = 0
configure:7730: /opt/local/bin/nm conftest.o \| sed -n -e 's/^.*[ ]\([BCDEGRST][BCDEGRST]*\)[ ][ ]*\([_A-Za-z][_A-Za-z0-9]*\)$/\1 \2 \2/p' | sed '/ __gnu_lto/d' \> conftest.nm
configure:7733: $? = 0
cannot find nm_test_var in conftest.nm
configure:7723: /usr/bin/gcc-4.2 -std=gnu99 -c -Os -arch x86_64 -isysroot /Developer/SDKs/MacOSX10.5.sdk -I/Users/soegaard/BuildRacketLibs/include -isysroot /Developer/SDKs/MacOSX10.5.sdk -mmacosx-version-min=10.5 conftest.c >&5
configure:7726: $? = 0
configure:7730: /opt/local/bin/nm conftest.o \| sed -n -e 's/^.*[ ]\([BCDEGRST][BCDEGRST]*\)[ ][ ]*_\([_A-Za-z][_A-Za-z0-9]*\)$/\1 _\2 \2/p' | sed '/ __gnu_lto/d' \> conftest.nm
configure:7733: $? = 0
configure:7799: /usr/bin/gcc-4.2 -std=gnu99 -o conftest -Os -arch x86_64 -isysroot /Developer/SDKs/MacOSX10.5.sdk -I/Users/soegaard/BuildRacketLibs/include -isysroot /Developer/SDKs/MacOSX10.5.sdk -mmacosx-version-min=10.5    -arch x86_64 -isysroot /Developer/SDKs/MacOSX10.5.sdk -L/Users/soegaard/BuildRacketLibs/lib conftest.c conftstm.o >&5
configure:7802: $? = 0
configure:7840: result: ok
configure:7877: checking for sysroot
configure:7907: result: no
configure:8163: checking for mt
configure:8193: result: no
configure:8213: checking if : is a manifest tool
configure:8219: : '-?'
configure:8227: result: no
configure:8283: checking for dsymutil
configure:8299: found /usr/bin/dsymutil
configure:8310: result: dsymutil
configure:8375: checking for nmedit
configure:8391: found /opt/local/bin/nmedit
configure:8402: result: nmedit
configure:8467: checking for lipo
configure:8483: found /opt/local/bin/lipo
configure:8494: result: lipo
configure:8559: checking for otool
configure:8575: found /opt/local/bin/otool
configure:8586: result: otool
configure:8651: checking for otool64
configure:8681: result: no
configure:8726: checking for -single_module linker flag
/usr/bin/gcc-4.2 -std=gnu99 -Os -arch x86_64 -isysroot /Developer/SDKs/MacOSX10.5.sdk -I/Users/soegaard/BuildRacketLibs/include    -arch x86_64 -isysroot /Developer/SDKs/MacOSX10.5.sdk -L/Users/soegaard/BuildRacketLibs/lib -o libconftest.dylib -dynamiclib -Wl,-single_module conftest.c
configure:8759: result: yes
configure:8762: checking for -exported_symbols_list linker flag
configure:8782: /usr/bin/gcc-4.2 -std=gnu99 -o conftest -Os -arch x86_64 -isysroot /Developer/SDKs/MacOSX10.5.sdk -I/Users/soegaard/BuildRacketLibs/include -isysroot /Developer/SDKs/MacOSX10.5.sdk -mmacosx-version-min=10.5    -arch x86_64 -isysroot /Developer/SDKs/MacOSX10.5.sdk -L/Users/soegaard/BuildRacketLibs/lib -Wl,-exported_symbols_list,conftest.sym conftest.c  >&5
configure:8782: $? = 0
configure:8792: result: yes
configure:8795: checking for -force_load linker flag
/usr/bin/gcc-4.2 -std=gnu99 -Os -arch x86_64 -isysroot /Developer/SDKs/MacOSX10.5.sdk -I/Users/soegaard/BuildRacketLibs/include -c -o conftest.o conftest.c
ar cru libconftest.a conftest.o
ranlib libconftest.a
/usr/bin/gcc-4.2 -std=gnu99 -Os -arch x86_64 -isysroot /Developer/SDKs/MacOSX10.5.sdk -I/Users/soegaard/BuildRacketLibs/include    -arch x86_64 -isysroot /Developer/SDKs/MacOSX10.5.sdk -L/Users/soegaard/BuildRacketLibs/lib -o conftest conftest.c -Wl,-force_load,./libconftest.a
configure:8827: result: yes
configure:8866: checking for dlfcn.h
configure:8866: /usr/bin/gcc-4.2 -std=gnu99 -c -Os -arch x86_64 -isysroot /Developer/SDKs/MacOSX10.5.sdk -I/Users/soegaard/BuildRacketLibs/include -isysroot /Developer/SDKs/MacOSX10.5.sdk -mmacosx-version-min=10.5 conftest.c >&5
configure:8866: $? = 0
configure:8866: result: yes
configure:9070: checking for objdir
configure:9085: result: .libs
configure:9352: checking if /usr/bin/gcc-4.2 -std=gnu99 supports -fno-rtti -fno-exceptions
configure:9370: /usr/bin/gcc-4.2 -std=gnu99 -c -Os -arch x86_64 -isysroot /Developer/SDKs/MacOSX10.5.sdk -I/Users/soegaard/BuildRacketLibs/include -isysroot /Developer/SDKs/MacOSX10.5.sdk -mmacosx-version-min=10.5 -fno-rtti -fno-exceptions conftest.c >&5
cc1: warning: command line option "-fno-rtti" is valid for C++/ObjC++ but not for C
configure:9374: $? = 0
configure:9387: result: no
configure:9714: checking for /usr/bin/gcc-4.2 -std=gnu99 option to produce PIC
configure:9721: result: -fno-common -DPIC
configure:9729: checking if /usr/bin/gcc-4.2 -std=gnu99 PIC flag -fno-common -DPIC works
configure:9747: /usr/bin/gcc-4.2 -std=gnu99 -c -Os -arch x86_64 -isysroot /Developer/SDKs/MacOSX10.5.sdk -I/Users/soegaard/BuildRacketLibs/include -isysroot /Developer/SDKs/MacOSX10.5.sdk -mmacosx-version-min=10.5 -fno-common -DPIC -DPIC conftest.c >&5
configure:9751: $? = 0
configure:9764: result: yes
configure:9793: checking if /usr/bin/gcc-4.2 -std=gnu99 static flag -static works
configure:9821: result: no
configure:9836: checking if /usr/bin/gcc-4.2 -std=gnu99 supports -c -o file.o
configure:9857: /usr/bin/gcc-4.2 -std=gnu99 -c -Os -arch x86_64 -isysroot /Developer/SDKs/MacOSX10.5.sdk -I/Users/soegaard/BuildRacketLibs/include -isysroot /Developer/SDKs/MacOSX10.5.sdk -mmacosx-version-min=10.5 -o out/conftest2.o conftest.c >&5
configure:9861: $? = 0
configure:9883: result: yes
configure:9891: checking if /usr/bin/gcc-4.2 -std=gnu99 supports -c -o file.o
configure:9938: result: yes
configure:9971: checking whether the /usr/bin/gcc-4.2 -std=gnu99 linker (/usr/libexec/gcc/i686-apple-darwin10/4.2.1/ld) supports shared libraries
configure:11124: result: yes
configure:11364: checking dynamic linker characteristics
configure:12097: result: darwin13.0.0 dyld
configure:12204: checking how to hardcode library paths into programs
configure:12229: result: immediate
configure:12769: checking whether stripping libraries is possible
configure:12783: result: yes
configure:12809: checking if libtool supports shared libraries
configure:12811: result: yes
configure:12814: checking whether to build shared libraries
configure:12835: result: yes
configure:12838: checking whether to build static libraries
configure:12842: result: yes
configure:12961: checking libjpeg version number
configure:12967: result: 9:0:0
configure:13081: checking that generated files are newer than configure
configure:13087: result: done
configure:13118: creating ./config.status

## ---------------------- ##
## Running config.status. ##
## ---------------------- ##

This file was extended by libjpeg config.status 9.0.0, which was
generated by GNU Autoconf 2.69.  Invocation command line was

  CONFIG_FILES    = 
  CONFIG_HEADERS  = 
  CONFIG_LINKS    = 
  CONFIG_COMMANDS = 
  $ ./config.status 

on mba-5.local

config.status:1097: creating Makefile
config.status:1097: creating jconfig.h
config.status:1326: executing depfiles commands
config.status:1326: executing libtool commands

## ---------------- ##
## Cache variables. ##
## ---------------- ##

ac_cv_build=x86_64-apple-darwin13.0.0
ac_cv_c_compiler_gnu=yes
ac_cv_c_const=yes
ac_cv_env_CC_set=set
ac_cv_env_CC_value=/usr/bin/gcc-4.2
ac_cv_env_CFLAGS_set=set
ac_cv_env_CFLAGS_value='-Os -arch x86_64 -isysroot /Developer/SDKs/MacOSX10.5.sdk -I/Users/soegaard/BuildRacketLibs/include'
ac_cv_env_CPPFLAGS_set=set
ac_cv_env_CPPFLAGS_value='-isysroot /Developer/SDKs/MacOSX10.5.sdk -mmacosx-version-min=10.5'
ac_cv_env_CPP_set=
ac_cv_env_CPP_value=
ac_cv_env_LDFLAGS_set=set
ac_cv_env_LDFLAGS_value='   -arch x86_64 -isysroot /Developer/SDKs/MacOSX10.5.sdk -L/Users/soegaard/BuildRacketLibs/lib'
ac_cv_env_LIBS_set=
ac_cv_env_LIBS_value=
ac_cv_env_build_alias_set=
ac_cv_env_build_alias_value=
ac_cv_env_host_alias_set=
ac_cv_env_host_alias_value=
ac_cv_env_target_alias_set=
ac_cv_env_target_alias_value=
ac_cv_header_dlfcn_h=yes
ac_cv_header_inttypes_h=yes
ac_cv_header_locale_h=yes
ac_cv_header_memory_h=yes
ac_cv_header_stdc=yes
ac_cv_header_stddef_h=yes
ac_cv_header_stdint_h=yes
ac_cv_header_stdlib_h=yes
ac_cv_header_string_h=yes
ac_cv_header_strings_h=yes
ac_cv_header_sys_stat_h=yes
ac_cv_header_sys_types_h=yes
ac_cv_header_unistd_h=yes
ac_cv_host=x86_64-apple-darwin13.0.0
ac_cv_objext=o
ac_cv_path_EGREP='/usr/bin/grep -E'
ac_cv_path_FGREP='/usr/bin/grep -F'
ac_cv_path_GREP=/usr/bin/grep
ac_cv_path_SED=/usr/bin/sed
ac_cv_path_install='/usr/bin/install -c'
ac_cv_prog_AWK=awk
ac_cv_prog_CPP='/usr/bin/gcc-4.2 -std=gnu99 -E'
ac_cv_prog_ac_ct_AR=ar
ac_cv_prog_ac_ct_CC=/usr/bin/gcc-4.2
ac_cv_prog_ac_ct_DLLTOOL=dlltool
ac_cv_prog_ac_ct_DSYMUTIL=dsymutil
ac_cv_prog_ac_ct_LIPO=lipo
ac_cv_prog_ac_ct_NMEDIT=nmedit
ac_cv_prog_ac_ct_OBJDUMP=objdump
ac_cv_prog_ac_ct_OTOOL=otool
ac_cv_prog_ac_ct_RANLIB=ranlib
ac_cv_prog_ac_ct_STRIP=strip
ac_cv_prog_cc_c89=
ac_cv_prog_cc_c99=-std=gnu99
ac_cv_prog_cc_g=yes
ac_cv_prog_cc_stdc=-std=gnu99
ac_cv_prog_make_make_set=yes
ac_cv_target=x86_64-apple-darwin13.0.0
am_cv_CC_dependencies_compiler_type=none
am_cv_ar_interface=ar
am_cv_make_support_nested_variables=yes
ijg_cv_have_prototypes=yes
ijg_cv_inline=__inline__
lt_cv_apple_cc_single_mod=yes
lt_cv_ar_at_file=no
lt_cv_deplibs_check_method=pass_all
lt_cv_file_magic_cmd='$MAGIC_CMD'
lt_cv_file_magic_test_file=
lt_cv_ld_exported_symbols_list=yes
lt_cv_ld_force_load=yes
lt_cv_ld_reload_flag=-r
lt_cv_nm_interface='BSD nm'
lt_cv_objdir=.libs
lt_cv_path_LD=/usr/libexec/gcc/i686-apple-darwin10/4.2.1/ld
lt_cv_path_NM=/opt/local/bin/nm
lt_cv_path_mainfest_tool=no
lt_cv_prog_compiler_c_o=yes
lt_cv_prog_compiler_pic='-fno-common -DPIC'
lt_cv_prog_compiler_pic_works=yes
lt_cv_prog_compiler_rtti_exceptions=no
lt_cv_prog_compiler_static_works=no
lt_cv_prog_gnu_ld=no
lt_cv_sharedlib_from_linklib_cmd='printf %s\n'
lt_cv_sys_global_symbol_pipe='sed -n -e '\''s/^.*[	 ]\([BCDEGRST][BCDEGRST]*\)[	 ][	 ]*_\([_A-Za-z][_A-Za-z0-9]*\)$/\1 _\2 \2/p'\'' | sed '\''/ __gnu_lto/d'\'''
lt_cv_sys_global_symbol_to_c_name_address='sed -n -e '\''s/^: \([^ ]*\)[ ]*$/  {\"\1\", (void *) 0},/p'\'' -e '\''s/^[BCDEGRST]* \([^ ]*\) \([^ ]*\)$/  {"\2", (void *) \&\2},/p'\'''
lt_cv_sys_global_symbol_to_c_name_address_lib_prefix='sed -n -e '\''s/^: \([^ ]*\)[ ]*$/  {\"\1\", (void *) 0},/p'\'' -e '\''s/^[BCDEGRST]* \([^ ]*\) \(lib[^ ]*\)$/  {"\2", (void *) \&\2},/p'\'' -e '\''s/^[BCDEGRST]* \([^ ]*\) \([^ ]*\)$/  {"lib\2", (void *) \&\2},/p'\'''
lt_cv_sys_global_symbol_to_cdecl='sed -n -e '\''s/^T .* \(.*\)$/extern int \1();/p'\'' -e '\''s/^[BCDEGRST]* .* \(.*\)$/extern char \1;/p'\'''
lt_cv_sys_max_cmd_len=196608
lt_cv_to_host_file_cmd=func_convert_file_noop
lt_cv_to_tool_file_cmd=func_convert_file_noop

## ----------------- ##
## Output variables. ##
## ----------------- ##

ACLOCAL='${SHELL} /Users/soegaard/BuildRacketLibs/jpeg/missing aclocal-1.13'
AMDEPBACKSLASH=''
AMDEP_FALSE=''
AMDEP_TRUE='#'
AMTAR='$${TAR-tar}'
AM_BACKSLASH='\'
AM_DEFAULT_V='$(AM_DEFAULT_VERBOSITY)'
AM_DEFAULT_VERBOSITY='0'
AM_V='$(V)'
AR='ar'
AS='as'
AUTOCONF='${SHELL} /Users/soegaard/BuildRacketLibs/jpeg/missing autoconf'
AUTOHEADER='echo autoheader ignored'
AUTOMAKE='${SHELL} /Users/soegaard/BuildRacketLibs/jpeg/missing automake-1.13'
AWK='awk'
CC='/usr/bin/gcc-4.2 -std=gnu99'
CCDEPMODE='depmode=none'
CFLAGS='-Os -arch x86_64 -isysroot /Developer/SDKs/MacOSX10.5.sdk -I/Users/soegaard/BuildRacketLibs/include'
CPP='/usr/bin/gcc-4.2 -std=gnu99 -E'
CPPFLAGS='-isysroot /Developer/SDKs/MacOSX10.5.sdk -mmacosx-version-min=10.5'
CYGPATH_W='echo'
DEFS='-DHAVE_CONFIG_H'
DEPDIR='.deps'
DLLTOOL='dlltool'
DSYMUTIL='dsymutil'
DUMPBIN=''
ECHO_C='\c'
ECHO_N=''
ECHO_T=''
EGREP='/usr/bin/grep -E'
EXEEXT=''
FGREP='/usr/bin/grep -F'
GREP='/usr/bin/grep'
HAVE_LD_VERSION_SCRIPT_FALSE=''
HAVE_LD_VERSION_SCRIPT_TRUE='#'
INSTALL_DATA='${INSTALL} -m 644'
INSTALL_PROGRAM='${INSTALL}'
INSTALL_SCRIPT='${INSTALL}'
INSTALL_STRIP_PROGRAM='$(install_sh) -c -s'
JPEG_LIB_VERSION='9:0:0'
LD='/usr/libexec/gcc/i686-apple-darwin10/4.2.1/ld'
LDFLAGS='   -arch x86_64 -isysroot /Developer/SDKs/MacOSX10.5.sdk -L/Users/soegaard/BuildRacketLibs/lib'
LIBOBJS=''
LIBS=''
LIBTOOL='$(SHELL) $(top_builddir)/libtool'
LIPO='lipo'
LN_S='ln -s'
LTLIBOBJS=''
MAINT='#'
MAINTAINER_MODE_FALSE=''
MAINTAINER_MODE_TRUE='#'
MAKEINFO='${SHELL} /Users/soegaard/BuildRacketLibs/jpeg/missing makeinfo'
MANIFEST_TOOL=':'
MEMORYMGR='jmemnobs'
MKDIR_P='./install-sh -c -d'
NM='/opt/local/bin/nm'
NMEDIT='nmedit'
OBJDUMP='objdump'
OBJEXT='o'
OTOOL64=':'
OTOOL='otool'
PACKAGE='libjpeg'
PACKAGE_BUGREPORT=''
PACKAGE_NAME='libjpeg'
PACKAGE_STRING='libjpeg 9.0.0'
PACKAGE_TARNAME='libjpeg'
PACKAGE_URL=''
PACKAGE_VERSION='9.0.0'
PATH_SEPARATOR=':'
RANLIB='ranlib'
SED='/usr/bin/sed'
SET_MAKE=''
SHELL='/bin/sh'
STRIP='strip'
VERSION='9.0.0'
ac_ct_AR='ar'
ac_ct_CC='/usr/bin/gcc-4.2'
ac_ct_DUMPBIN=''
am__EXEEXT_FALSE=''
am__EXEEXT_TRUE='#'
am__fastdepCC_FALSE=''
am__fastdepCC_TRUE='#'
am__include='include'
am__isrc=''
am__leading_dot='.'
am__nodep=''
am__quote=''
am__tar='$${TAR-tar} chof - "$$tardir"'
am__untar='$${TAR-tar} xf -'
bindir='${exec_prefix}/bin'
build='x86_64-apple-darwin13.0.0'
build_alias=''
build_cpu='x86_64'
build_os='darwin13.0.0'
build_vendor='apple'
datadir='${datarootdir}'
datarootdir='${prefix}/share'
docdir='${datarootdir}/doc/${PACKAGE_TARNAME}'
dvidir='${docdir}'
exec_prefix='${prefix}'
host='x86_64-apple-darwin13.0.0'
host_alias=''
host_cpu='x86_64'
host_os='darwin13.0.0'
host_vendor='apple'
htmldir='${docdir}'
includedir='${prefix}/include'
infodir='${datarootdir}/info'
install_sh='${SHELL} /Users/soegaard/BuildRacketLibs/jpeg/install-sh'
libdir='${exec_prefix}/lib'
libexecdir='${exec_prefix}/libexec'
localedir='${datarootdir}/locale'
localstatedir='${prefix}/var'
mandir='${datarootdir}/man'
mkdir_p='$(MKDIR_P)'
oldincludedir='/usr/include'
pdfdir='${docdir}'
prefix='/Users/soegaard/BuildRacketLibs'
program_transform_name='s,x,x,'
psdir='${docdir}'
sbindir='${exec_prefix}/sbin'
sharedstatedir='${prefix}/com'
sysconfdir='${prefix}/etc'
target='x86_64-apple-darwin13.0.0'
target_alias=''
target_cpu='x86_64'
target_os='darwin13.0.0'
target_vendor='apple'

## ----------- ##
## confdefs.h. ##
## ----------- ##

/* confdefs.h */
#define PACKAGE_NAME "libjpeg"
#define PACKAGE_TARNAME "libjpeg"
#define PACKAGE_VERSION "9.0.0"
#define PACKAGE_STRING "libjpeg 9.0.0"
#define PACKAGE_BUGREPORT ""
#define PACKAGE_URL ""
#define PACKAGE "libjpeg"
#define VERSION "9.0.0"
#define HAVE_PROTOTYPES 1
#define STDC_HEADERS 1
#define HAVE_SYS_TYPES_H 1
#define HAVE_SYS_STAT_H 1
#define HAVE_STDLIB_H 1
#define HAVE_STRING_H 1
#define HAVE_MEMORY_H 1
#define HAVE_STRINGS_H 1
#define HAVE_INTTYPES_H 1
#define HAVE_STDINT_H 1
#define HAVE_UNISTD_H 1
#define HAVE_STDDEF_H 1
#define HAVE_STDLIB_H 1
#define HAVE_LOCALE_H 1
#define HAVE_UNSIGNED_CHAR 1
#define HAVE_UNSIGNED_SHORT 1
#define INLINE __inline__
#define HAVE_DLFCN_H 1
#define LT_OBJDIR ".libs/"

configure: exit 0
