This file contains any messages produced by compilers while
running configure, to aid debugging if configure makes a mistake.

It was created by MPFR configure 3.1.1, which was
generated by GNU Autoconf 2.69.  Invocation command line was

  $ ./configure --prefix=/Users/soegaard/BuildRacketLibs

## --------- ##
## Platform. ##
## --------- ##

hostname = mba-5.local
uname -m = x86_64
uname -r = 13.0.0
uname -s = Darwin
uname -v = Darwin Kernel Version 13.0.0: Thu Sep 19 22:22:27 PDT 2013; root:xnu-2422.1.72~6/RELEASE_X86_64

/usr/bin/uname -p = i386
/bin/uname -X     = unknown

/bin/arch              = unknown
/usr/bin/arch -k       = unknown
/usr/convex/getsysinfo = unknown
/usr/bin/hostinfo      = Mach kernel version:
	 Darwin Kernel Version 13.0.0: Thu Sep 19 22:22:27 PDT 2013; root:xnu-2422.1.72~6/RELEASE_X86_64
Kernel configured for up to 4 processors.
2 processors are physically available.
4 processors are logically available.
Processor type: i486 (Intel 80486)
Processors active: 0 1 2 3
Primary memory available: 4.00 gigabytes
Default processor set: 317 tasks, 1952 threads, 4 processors
Load average: 2.17, Mach factor: 2.34
/bin/machine           = unknown
/usr/bin/oslevel       = unknown
/bin/universe          = unknown

PATH: /Users/soegaard/BuildRacketLibs/bin
PATH: /opt/local/bin
PATH: /opt/local/sbin
PATH: /opt/local/bin
PATH: /opt/local/sbin
PATH: /usr/bin
PATH: /bin
PATH: /usr/sbin
PATH: /sbin
PATH: /usr/local/bin
PATH: /opt/X11/bin


## ----------- ##
## Core tests. ##
## ----------- ##

configure:2557: checking for a BSD-compatible install
configure:2625: result: /usr/bin/install -c
configure:2636: checking whether build environment is sane
configure:2686: result: yes
configure:2827: checking for a thread-safe mkdir -p
configure:2866: result: ./install-sh -c -d
configure:2879: checking for gawk
configure:2909: result: no
configure:2879: checking for mawk
configure:2909: result: no
configure:2879: checking for nawk
configure:2909: result: no
configure:2879: checking for awk
configure:2895: found /usr/bin/awk
configure:2906: result: awk
configure:2917: checking whether make sets $(MAKE)
configure:2939: result: yes
configure:3011: checking whether to enable maintainer-specific portions of Makefiles
configure:3020: result: yes
configure:3043: checking build system type
configure:3057: result: x86_64-apple-darwin13.0.0
configure:3077: checking host system type
configure:3090: result: x86_64-apple-darwin13.0.0
configure:3111: checking for grep that handles long lines and -e
configure:3169: result: /usr/bin/grep
configure:3174: checking for egrep
configure:3236: result: /usr/bin/grep -E
configure:3241: checking for a sed that does not truncate output
configure:3305: result: /usr/bin/sed
configure:3576: checking for gcc
configure:3603: result: /usr/bin/gcc-4.2
configure:3832: checking for C compiler version
configure:3841: /usr/bin/gcc-4.2 --version >&5
i686-apple-darwin10-gcc-4.2.1 (GCC) 4.2.1 (Apple Inc. build 5666) (dot 3)
Copyright (C) 2007 Free Software Foundation, Inc.
This is free software; see the source for copying conditions.  There is NO
warranty; not even for MERCHANTABILITY or FITNESS FOR A PARTICULAR PURPOSE.

configure:3852: $? = 0
configure:3841: /usr/bin/gcc-4.2 -v >&5
Using built-in specs.
Target: i686-apple-darwin10
Configured with: /var/tmp/gcc/gcc-5666.3~6/src/configure --disable-checking --enable-werror --prefix=/usr --mandir=/share/man --enable-languages=c,objc,c++,obj-c++ --program-transform-name=/^[cg][^.-]*$/s/$/-4.2/ --with-slibdir=/usr/lib --build=i686-apple-darwin10 --program-prefix=i686-apple-darwin10- --host=x86_64-apple-darwin10 --target=i686-apple-darwin10 --with-gxx-include-dir=/include/c++/4.2.1
Thread model: posix
gcc version 4.2.1 (Apple Inc. build 5666) (dot 3)
configure:3852: $? = 0
configure:3841: /usr/bin/gcc-4.2 -V >&5
gcc-4.2: argument to `-V' is missing
configure:3852: $? = 1
configure:3841: /usr/bin/gcc-4.2 -qversion >&5
i686-apple-darwin10-gcc-4.2.1: no input files
configure:3852: $? = 1
configure:3872: checking whether the C compiler works
configure:3894: /usr/bin/gcc-4.2 -Os -arch x86_64 -isysroot /Developer/SDKs/MacOSX10.5.sdk -I/Users/soegaard/BuildRacketLibs/include -isysroot /Developer/SDKs/MacOSX10.5.sdk -mmacosx-version-min=10.5    -arch x86_64 -isysroot /Developer/SDKs/MacOSX10.5.sdk -L/Users/soegaard/BuildRacketLibs/lib conftest.c  >&5
configure:3898: $? = 0
configure:3946: result: yes
configure:3949: checking for C compiler default output file name
configure:3951: result: a.out
configure:3957: checking for suffix of executables
configure:3964: /usr/bin/gcc-4.2 -o conftest -Os -arch x86_64 -isysroot /Developer/SDKs/MacOSX10.5.sdk -I/Users/soegaard/BuildRacketLibs/include -isysroot /Developer/SDKs/MacOSX10.5.sdk -mmacosx-version-min=10.5    -arch x86_64 -isysroot /Developer/SDKs/MacOSX10.5.sdk -L/Users/soegaard/BuildRacketLibs/lib conftest.c  >&5
configure:3968: $? = 0
configure:3990: result: 
configure:4012: checking whether we are cross compiling
configure:4020: /usr/bin/gcc-4.2 -o conftest -Os -arch x86_64 -isysroot /Developer/SDKs/MacOSX10.5.sdk -I/Users/soegaard/BuildRacketLibs/include -isysroot /Developer/SDKs/MacOSX10.5.sdk -mmacosx-version-min=10.5    -arch x86_64 -isysroot /Developer/SDKs/MacOSX10.5.sdk -L/Users/soegaard/BuildRacketLibs/lib conftest.c  >&5
configure:4024: $? = 0
configure:4031: ./conftest
configure:4035: $? = 0
configure:4050: result: no
configure:4055: checking for suffix of object files
configure:4077: /usr/bin/gcc-4.2 -c -Os -arch x86_64 -isysroot /Developer/SDKs/MacOSX10.5.sdk -I/Users/soegaard/BuildRacketLibs/include -isysroot /Developer/SDKs/MacOSX10.5.sdk -mmacosx-version-min=10.5 conftest.c >&5
configure:4081: $? = 0
configure:4102: result: o
configure:4106: checking whether we are using the GNU C compiler
configure:4125: /usr/bin/gcc-4.2 -c -Os -arch x86_64 -isysroot /Developer/SDKs/MacOSX10.5.sdk -I/Users/soegaard/BuildRacketLibs/include -isysroot /Developer/SDKs/MacOSX10.5.sdk -mmacosx-version-min=10.5 conftest.c >&5
configure:4125: $? = 0
configure:4134: result: yes
configure:4143: checking whether /usr/bin/gcc-4.2 accepts -g
configure:4163: /usr/bin/gcc-4.2 -c -g -isysroot /Developer/SDKs/MacOSX10.5.sdk -mmacosx-version-min=10.5 conftest.c >&5
configure:4163: $? = 0
configure:4204: result: yes
configure:4221: checking for /usr/bin/gcc-4.2 option to accept ISO C89
configure:4284: /usr/bin/gcc-4.2  -c -Os -arch x86_64 -isysroot /Developer/SDKs/MacOSX10.5.sdk -I/Users/soegaard/BuildRacketLibs/include -isysroot /Developer/SDKs/MacOSX10.5.sdk -mmacosx-version-min=10.5 conftest.c >&5
configure:4284: $? = 0
configure:4297: result: none needed
configure:4328: checking for style of include used by make
configure:4356: result: GNU
configure:4382: checking dependency style of /usr/bin/gcc-4.2
configure:4493: result: gcc3
configure:4513: checking how to run the C preprocessor
configure:4544: /usr/bin/gcc-4.2 -E -isysroot /Developer/SDKs/MacOSX10.5.sdk -mmacosx-version-min=10.5 conftest.c
configure:4544: $? = 0
configure:4558: /usr/bin/gcc-4.2 -E -isysroot /Developer/SDKs/MacOSX10.5.sdk -mmacosx-version-min=10.5 conftest.c
conftest.c:9:28: error: ac_nonexistent.h: No such file or directory
configure:4558: $? = 1
configure: failed program was:
| /* confdefs.h */
| #define PACKAGE_NAME "MPFR"
| #define PACKAGE_TARNAME "mpfr"
| #define PACKAGE_VERSION "3.1.1"
| #define PACKAGE_STRING "MPFR 3.1.1"
| #define PACKAGE_BUGREPORT ""
| #define PACKAGE_URL ""
| /* end confdefs.h.  */
| #include <ac_nonexistent.h>
configure:4583: result: /usr/bin/gcc-4.2 -E
configure:4603: /usr/bin/gcc-4.2 -E -isysroot /Developer/SDKs/MacOSX10.5.sdk -mmacosx-version-min=10.5 conftest.c
configure:4603: $? = 0
configure:4617: /usr/bin/gcc-4.2 -E -isysroot /Developer/SDKs/MacOSX10.5.sdk -mmacosx-version-min=10.5 conftest.c
conftest.c:9:28: error: ac_nonexistent.h: No such file or directory
configure:4617: $? = 1
configure: failed program was:
| /* confdefs.h */
| #define PACKAGE_NAME "MPFR"
| #define PACKAGE_TARNAME "mpfr"
| #define PACKAGE_VERSION "3.1.1"
| #define PACKAGE_STRING "MPFR 3.1.1"
| #define PACKAGE_BUGREPORT ""
| #define PACKAGE_URL ""
| /* end confdefs.h.  */
| #include <ac_nonexistent.h>
configure:4756: checking for ICC
configure:4774: /usr/bin/gcc-4.2 -c -Os -arch x86_64 -isysroot /Developer/SDKs/MacOSX10.5.sdk -I/Users/soegaard/BuildRacketLibs/include -isysroot /Developer/SDKs/MacOSX10.5.sdk -mmacosx-version-min=10.5 conftest.c >&5
conftest.c:11:3: error: #error "ICC Not Found"
conftest.c:15: error: expected '=', ',', ';', 'asm' or '__attribute__' before 'int'
configure:4774: $? = 1
configure: failed program was:
| /* confdefs.h */
| #define PACKAGE_NAME "MPFR"
| #define PACKAGE_TARNAME "mpfr"
| #define PACKAGE_VERSION "3.1.1"
| #define PACKAGE_STRING "MPFR 3.1.1"
| #define PACKAGE_BUGREPORT ""
| #define PACKAGE_URL ""
| /* end confdefs.h.  */
| 
| #if !defined(__ICC)
| # error "ICC Not Found"
| error
| #endif
| 
| int
| main ()
| {
| 
|   ;
|   return 0;
| }
configure:4781: result: no
configure:4791: checking whether /usr/bin/gcc-4.2 and cc understand -c and -o together
configure:4822: /usr/bin/gcc-4.2 -c conftest.c -o conftest2.o >&5
configure:4826: $? = 0
configure:4832: /usr/bin/gcc-4.2 -c conftest.c -o conftest2.o >&5
configure:4836: $? = 0
configure:4847: cc -c conftest.c >&5
configure:4851: $? = 0
configure:4859: cc -c conftest.c -o conftest2.o >&5
configure:4863: $? = 0
configure:4869: cc -c conftest.c -o conftest2.o >&5
configure:4873: $? = 0
configure:4891: result: yes
configure:4921: checking if the compiler understands -Wl,-search_paths_first
configure:4936: /usr/bin/gcc-4.2 -o conftest -Os -arch x86_64 -isysroot /Developer/SDKs/MacOSX10.5.sdk -I/Users/soegaard/BuildRacketLibs/include -isysroot /Developer/SDKs/MacOSX10.5.sdk -mmacosx-version-min=10.5 -Wl,-search_paths_first    -arch x86_64 -isysroot /Developer/SDKs/MacOSX10.5.sdk -L/Users/soegaard/BuildRacketLibs/lib conftest.c  >&5
configure:4936: $? = 0
configure:4937: result: yes
configure:4951: checking for an ANSI C-conforming const
configure:5017: /usr/bin/gcc-4.2 -c -Os -arch x86_64 -isysroot /Developer/SDKs/MacOSX10.5.sdk -I/Users/soegaard/BuildRacketLibs/include -isysroot /Developer/SDKs/MacOSX10.5.sdk -mmacosx-version-min=10.5 conftest.c >&5
configure:5017: $? = 0
configure:5024: result: yes
configure:5032: checking for working volatile
configure:5051: /usr/bin/gcc-4.2 -c -Os -arch x86_64 -isysroot /Developer/SDKs/MacOSX10.5.sdk -I/Users/soegaard/BuildRacketLibs/include -isysroot /Developer/SDKs/MacOSX10.5.sdk -mmacosx-version-min=10.5 conftest.c >&5
configure:5051: $? = 0
configure:5058: result: yes
configure:5224: checking for main in -lm
configure:5243: /usr/bin/gcc-4.2 -o conftest -Os -arch x86_64 -isysroot /Developer/SDKs/MacOSX10.5.sdk -I/Users/soegaard/BuildRacketLibs/include -isysroot /Developer/SDKs/MacOSX10.5.sdk -mmacosx-version-min=10.5 -Wl,-search_paths_first    -arch x86_64 -isysroot /Developer/SDKs/MacOSX10.5.sdk -L/Users/soegaard/BuildRacketLibs/lib conftest.c -lm   >&5
configure:5243: $? = 0
configure:5252: result: yes
configure:5261: checking whether time.h and sys/time.h may both be included
configure:5281: /usr/bin/gcc-4.2 -c -Os -arch x86_64 -isysroot /Developer/SDKs/MacOSX10.5.sdk -I/Users/soegaard/BuildRacketLibs/include -isysroot /Developer/SDKs/MacOSX10.5.sdk -mmacosx-version-min=10.5 conftest.c >&5
configure:5281: $? = 0
configure:5288: result: yes
configure:5297: checking for ANSI C header files
configure:5317: /usr/bin/gcc-4.2 -c -Os -arch x86_64 -isysroot /Developer/SDKs/MacOSX10.5.sdk -I/Users/soegaard/BuildRacketLibs/include -isysroot /Developer/SDKs/MacOSX10.5.sdk -mmacosx-version-min=10.5 conftest.c >&5
configure:5317: $? = 0
configure:5390: /usr/bin/gcc-4.2 -o conftest -Os -arch x86_64 -isysroot /Developer/SDKs/MacOSX10.5.sdk -I/Users/soegaard/BuildRacketLibs/include -isysroot /Developer/SDKs/MacOSX10.5.sdk -mmacosx-version-min=10.5 -Wl,-search_paths_first    -arch x86_64 -isysroot /Developer/SDKs/MacOSX10.5.sdk -L/Users/soegaard/BuildRacketLibs/lib conftest.c  >&5
configure:5390: $? = 0
configure:5390: ./conftest
configure:5390: $? = 0
configure:5401: result: yes
configure:5414: checking for sys/types.h
configure:5414: /usr/bin/gcc-4.2 -c -Os -arch x86_64 -isysroot /Developer/SDKs/MacOSX10.5.sdk -I/Users/soegaard/BuildRacketLibs/include -isysroot /Developer/SDKs/MacOSX10.5.sdk -mmacosx-version-min=10.5 conftest.c >&5
configure:5414: $? = 0
configure:5414: result: yes
configure:5414: checking for sys/stat.h
configure:5414: /usr/bin/gcc-4.2 -c -Os -arch x86_64 -isysroot /Developer/SDKs/MacOSX10.5.sdk -I/Users/soegaard/BuildRacketLibs/include -isysroot /Developer/SDKs/MacOSX10.5.sdk -mmacosx-version-min=10.5 conftest.c >&5
configure:5414: $? = 0
configure:5414: result: yes
configure:5414: checking for stdlib.h
configure:5414: /usr/bin/gcc-4.2 -c -Os -arch x86_64 -isysroot /Developer/SDKs/MacOSX10.5.sdk -I/Users/soegaard/BuildRacketLibs/include -isysroot /Developer/SDKs/MacOSX10.5.sdk -mmacosx-version-min=10.5 conftest.c >&5
configure:5414: $? = 0
configure:5414: result: yes
configure:5414: checking for string.h
configure:5414: /usr/bin/gcc-4.2 -c -Os -arch x86_64 -isysroot /Developer/SDKs/MacOSX10.5.sdk -I/Users/soegaard/BuildRacketLibs/include -isysroot /Developer/SDKs/MacOSX10.5.sdk -mmacosx-version-min=10.5 conftest.c >&5
configure:5414: $? = 0
configure:5414: result: yes
configure:5414: checking for memory.h
configure:5414: /usr/bin/gcc-4.2 -c -Os -arch x86_64 -isysroot /Developer/SDKs/MacOSX10.5.sdk -I/Users/soegaard/BuildRacketLibs/include -isysroot /Developer/SDKs/MacOSX10.5.sdk -mmacosx-version-min=10.5 conftest.c >&5
configure:5414: $? = 0
configure:5414: result: yes
configure:5414: checking for strings.h
configure:5414: /usr/bin/gcc-4.2 -c -Os -arch x86_64 -isysroot /Developer/SDKs/MacOSX10.5.sdk -I/Users/soegaard/BuildRacketLibs/include -isysroot /Developer/SDKs/MacOSX10.5.sdk -mmacosx-version-min=10.5 conftest.c >&5
configure:5414: $? = 0
configure:5414: result: yes
configure:5414: checking for inttypes.h
configure:5414: /usr/bin/gcc-4.2 -c -Os -arch x86_64 -isysroot /Developer/SDKs/MacOSX10.5.sdk -I/Users/soegaard/BuildRacketLibs/include -isysroot /Developer/SDKs/MacOSX10.5.sdk -mmacosx-version-min=10.5 conftest.c >&5
configure:5414: $? = 0
configure:5414: result: yes
configure:5414: checking for stdint.h
configure:5414: /usr/bin/gcc-4.2 -c -Os -arch x86_64 -isysroot /Developer/SDKs/MacOSX10.5.sdk -I/Users/soegaard/BuildRacketLibs/include -isysroot /Developer/SDKs/MacOSX10.5.sdk -mmacosx-version-min=10.5 conftest.c >&5
configure:5414: $? = 0
configure:5414: result: yes
configure:5414: checking for unistd.h
configure:5414: /usr/bin/gcc-4.2 -c -Os -arch x86_64 -isysroot /Developer/SDKs/MacOSX10.5.sdk -I/Users/soegaard/BuildRacketLibs/include -isysroot /Developer/SDKs/MacOSX10.5.sdk -mmacosx-version-min=10.5 conftest.c >&5
configure:5414: $? = 0
configure:5414: result: yes
configure:5426: checking for size_t
configure:5426: /usr/bin/gcc-4.2 -c -Os -arch x86_64 -isysroot /Developer/SDKs/MacOSX10.5.sdk -I/Users/soegaard/BuildRacketLibs/include -isysroot /Developer/SDKs/MacOSX10.5.sdk -mmacosx-version-min=10.5 conftest.c >&5
configure:5426: $? = 0
configure:5426: /usr/bin/gcc-4.2 -c -Os -arch x86_64 -isysroot /Developer/SDKs/MacOSX10.5.sdk -I/Users/soegaard/BuildRacketLibs/include -isysroot /Developer/SDKs/MacOSX10.5.sdk -mmacosx-version-min=10.5 conftest.c >&5
conftest.c: In function 'main':
conftest.c:56: error: expected expression before ')' token
configure:5426: $? = 1
configure: failed program was:
| /* confdefs.h */
| #define PACKAGE_NAME "MPFR"
| #define PACKAGE_TARNAME "mpfr"
| #define PACKAGE_VERSION "3.1.1"
| #define PACKAGE_STRING "MPFR 3.1.1"
| #define PACKAGE_BUGREPORT ""
| #define PACKAGE_URL ""
| #define TIME_WITH_SYS_TIME 1
| #define STDC_HEADERS 1
| #define HAVE_SYS_TYPES_H 1
| #define HAVE_SYS_STAT_H 1
| #define HAVE_STDLIB_H 1
| #define HAVE_STRING_H 1
| #define HAVE_MEMORY_H 1
| #define HAVE_STRINGS_H 1
| #define HAVE_INTTYPES_H 1
| #define HAVE_STDINT_H 1
| #define HAVE_UNISTD_H 1
| /* end confdefs.h.  */
| #include <stdio.h>
| #ifdef HAVE_SYS_TYPES_H
| # include <sys/types.h>
| #endif
| #ifdef HAVE_SYS_STAT_H
| # include <sys/stat.h>
| #endif
| #ifdef STDC_HEADERS
| # include <stdlib.h>
| # include <stddef.h>
| #else
| # ifdef HAVE_STDLIB_H
| #  include <stdlib.h>
| # endif
| #endif
| #ifdef HAVE_STRING_H
| # if !defined STDC_HEADERS && defined HAVE_MEMORY_H
| #  include <memory.h>
| # endif
| # include <string.h>
| #endif
| #ifdef HAVE_STRINGS_H
| # include <strings.h>
| #endif
| #ifdef HAVE_INTTYPES_H
| # include <inttypes.h>
| #endif
| #ifdef HAVE_STDINT_H
| # include <stdint.h>
| #endif
| #ifdef HAVE_UNISTD_H
| # include <unistd.h>
| #endif
| int
| main ()
| {
| if (sizeof ((size_t)))
| 	    return 0;
|   ;
|   return 0;
| }
configure:5426: result: yes
configure:5443: checking limits.h usability
configure:5443: /usr/bin/gcc-4.2 -c -Os -arch x86_64 -isysroot /Developer/SDKs/MacOSX10.5.sdk -I/Users/soegaard/BuildRacketLibs/include -isysroot /Developer/SDKs/MacOSX10.5.sdk -mmacosx-version-min=10.5 conftest.c >&5
configure:5443: $? = 0
configure:5443: result: yes
configure:5443: checking limits.h presence
configure:5443: /usr/bin/gcc-4.2 -E -isysroot /Developer/SDKs/MacOSX10.5.sdk -mmacosx-version-min=10.5 conftest.c
configure:5443: $? = 0
configure:5443: result: yes
configure:5443: checking for limits.h
configure:5443: result: yes
configure:5451: checking float.h usability
configure:5451: /usr/bin/gcc-4.2 -c -Os -arch x86_64 -isysroot /Developer/SDKs/MacOSX10.5.sdk -I/Users/soegaard/BuildRacketLibs/include -isysroot /Developer/SDKs/MacOSX10.5.sdk -mmacosx-version-min=10.5 conftest.c >&5
configure:5451: $? = 0
configure:5451: result: yes
configure:5451: checking float.h presence
configure:5451: /usr/bin/gcc-4.2 -E -isysroot /Developer/SDKs/MacOSX10.5.sdk -mmacosx-version-min=10.5 conftest.c
configure:5451: $? = 0
configure:5451: result: yes
configure:5451: checking for float.h
configure:5451: result: yes
configure:5459: checking for string.h
configure:5459: result: yes
configure:5470: checking locale.h usability
configure:5470: /usr/bin/gcc-4.2 -c -Os -arch x86_64 -isysroot /Developer/SDKs/MacOSX10.5.sdk -I/Users/soegaard/BuildRacketLibs/include -isysroot /Developer/SDKs/MacOSX10.5.sdk -mmacosx-version-min=10.5 conftest.c >&5
configure:5470: $? = 0
configure:5470: result: yes
configure:5470: checking locale.h presence
configure:5470: /usr/bin/gcc-4.2 -E -isysroot /Developer/SDKs/MacOSX10.5.sdk -mmacosx-version-min=10.5 conftest.c
configure:5470: $? = 0
configure:5470: result: yes
configure:5470: checking for locale.h
configure:5470: result: yes
configure:5483: checking wchar.h usability
configure:5483: /usr/bin/gcc-4.2 -c -Os -arch x86_64 -isysroot /Developer/SDKs/MacOSX10.5.sdk -I/Users/soegaard/BuildRacketLibs/include -isysroot /Developer/SDKs/MacOSX10.5.sdk -mmacosx-version-min=10.5 conftest.c >&5
configure:5483: $? = 0
configure:5483: result: yes
configure:5483: checking wchar.h presence
configure:5483: /usr/bin/gcc-4.2 -E -isysroot /Developer/SDKs/MacOSX10.5.sdk -mmacosx-version-min=10.5 conftest.c
configure:5483: $? = 0
configure:5483: result: yes
configure:5483: checking for wchar.h
configure:5483: result: yes
configure:5494: checking stdarg.h usability
configure:5494: /usr/bin/gcc-4.2 -c -Os -arch x86_64 -isysroot /Developer/SDKs/MacOSX10.5.sdk -I/Users/soegaard/BuildRacketLibs/include -isysroot /Developer/SDKs/MacOSX10.5.sdk -mmacosx-version-min=10.5 conftest.c >&5
configure:5494: $? = 0
configure:5494: result: yes
configure:5494: checking stdarg.h presence
configure:5494: /usr/bin/gcc-4.2 -E -isysroot /Developer/SDKs/MacOSX10.5.sdk -mmacosx-version-min=10.5 conftest.c
configure:5494: $? = 0
configure:5494: result: yes
configure:5494: checking for stdarg.h
configure:5494: result: yes
configure:5515: checking sys/time.h usability
configure:5515: /usr/bin/gcc-4.2 -c -Os -arch x86_64 -isysroot /Developer/SDKs/MacOSX10.5.sdk -I/Users/soegaard/BuildRacketLibs/include -isysroot /Developer/SDKs/MacOSX10.5.sdk -mmacosx-version-min=10.5 conftest.c >&5
configure:5515: $? = 0
configure:5515: result: yes
configure:5515: checking sys/time.h presence
configure:5515: /usr/bin/gcc-4.2 -E -isysroot /Developer/SDKs/MacOSX10.5.sdk -mmacosx-version-min=10.5 conftest.c
configure:5515: $? = 0
configure:5515: result: yes
configure:5515: checking for sys/time.h
configure:5515: result: yes
configure:5515: checking sys/fpu.h usability
configure:5515: /usr/bin/gcc-4.2 -c -Os -arch x86_64 -isysroot /Developer/SDKs/MacOSX10.5.sdk -I/Users/soegaard/BuildRacketLibs/include -isysroot /Developer/SDKs/MacOSX10.5.sdk -mmacosx-version-min=10.5 conftest.c >&5
conftest.c:57:21: error: sys/fpu.h: No such file or directory
configure:5515: $? = 1
configure: failed program was:
| /* confdefs.h */
| #define PACKAGE_NAME "MPFR"
| #define PACKAGE_TARNAME "mpfr"
| #define PACKAGE_VERSION "3.1.1"
| #define PACKAGE_STRING "MPFR 3.1.1"
| #define PACKAGE_BUGREPORT ""
| #define PACKAGE_URL ""
| #define TIME_WITH_SYS_TIME 1
| #define STDC_HEADERS 1
| #define HAVE_SYS_TYPES_H 1
| #define HAVE_SYS_STAT_H 1
| #define HAVE_STDLIB_H 1
| #define HAVE_STRING_H 1
| #define HAVE_MEMORY_H 1
| #define HAVE_STRINGS_H 1
| #define HAVE_INTTYPES_H 1
| #define HAVE_STDINT_H 1
| #define HAVE_UNISTD_H 1
| #define HAVE_LOCALE_H 1
| #define HAVE_WCHAR_H 1
| #define HAVE_STDARG 1
| #define HAVE_SYS_TIME_H 1
| /* end confdefs.h.  */
| #include <stdio.h>
| #ifdef HAVE_SYS_TYPES_H
| # include <sys/types.h>
| #endif
| #ifdef HAVE_SYS_STAT_H
| # include <sys/stat.h>
| #endif
| #ifdef STDC_HEADERS
| # include <stdlib.h>
| # include <stddef.h>
| #else
| # ifdef HAVE_STDLIB_H
| #  include <stdlib.h>
| # endif
| #endif
| #ifdef HAVE_STRING_H
| # if !defined STDC_HEADERS && defined HAVE_MEMORY_H
| #  include <memory.h>
| # endif
| # include <string.h>
| #endif
| #ifdef HAVE_STRINGS_H
| # include <strings.h>
| #endif
| #ifdef HAVE_INTTYPES_H
| # include <inttypes.h>
| #endif
| #ifdef HAVE_STDINT_H
| # include <stdint.h>
| #endif
| #ifdef HAVE_UNISTD_H
| # include <unistd.h>
| #endif
| #include <sys/fpu.h>
configure:5515: result: no
configure:5515: checking sys/fpu.h presence
configure:5515: /usr/bin/gcc-4.2 -E -isysroot /Developer/SDKs/MacOSX10.5.sdk -mmacosx-version-min=10.5 conftest.c
conftest.c:24:21: error: sys/fpu.h: No such file or directory
configure:5515: $? = 1
configure: failed program was:
| /* confdefs.h */
| #define PACKAGE_NAME "MPFR"
| #define PACKAGE_TARNAME "mpfr"
| #define PACKAGE_VERSION "3.1.1"
| #define PACKAGE_STRING "MPFR 3.1.1"
| #define PACKAGE_BUGREPORT ""
| #define PACKAGE_URL ""
| #define TIME_WITH_SYS_TIME 1
| #define STDC_HEADERS 1
| #define HAVE_SYS_TYPES_H 1
| #define HAVE_SYS_STAT_H 1
| #define HAVE_STDLIB_H 1
| #define HAVE_STRING_H 1
| #define HAVE_MEMORY_H 1
| #define HAVE_STRINGS_H 1
| #define HAVE_INTTYPES_H 1
| #define HAVE_STDINT_H 1
| #define HAVE_UNISTD_H 1
| #define HAVE_LOCALE_H 1
| #define HAVE_WCHAR_H 1
| #define HAVE_STDARG 1
| #define HAVE_SYS_TIME_H 1
| /* end confdefs.h.  */
| #include <sys/fpu.h>
configure:5515: result: no
configure:5515: checking for sys/fpu.h
configure:5515: result: no
configure:5528: checking for working alloca.h
configure:5545: /usr/bin/gcc-4.2 -o conftest -Os -arch x86_64 -isysroot /Developer/SDKs/MacOSX10.5.sdk -I/Users/soegaard/BuildRacketLibs/include -isysroot /Developer/SDKs/MacOSX10.5.sdk -mmacosx-version-min=10.5 -Wl,-search_paths_first    -arch x86_64 -isysroot /Developer/SDKs/MacOSX10.5.sdk -L/Users/soegaard/BuildRacketLibs/lib conftest.c  >&5
configure:5545: $? = 0
configure:5553: result: yes
configure:5561: checking for alloca
configure:5598: /usr/bin/gcc-4.2 -o conftest -Os -arch x86_64 -isysroot /Developer/SDKs/MacOSX10.5.sdk -I/Users/soegaard/BuildRacketLibs/include -isysroot /Developer/SDKs/MacOSX10.5.sdk -mmacosx-version-min=10.5 -Wl,-search_paths_first    -arch x86_64 -isysroot /Developer/SDKs/MacOSX10.5.sdk -L/Users/soegaard/BuildRacketLibs/lib conftest.c  >&5
configure:5598: $? = 0
configure:5606: result: yes
configure:5716: checking for stdint.h
configure:5716: result: yes
configure:5726: checking for SIZE_MAX
configure:5801: result: yes
configure:5812: checking how to copy va_list
configure:5830: /usr/bin/gcc-4.2 -o conftest -Os -arch x86_64 -isysroot /Developer/SDKs/MacOSX10.5.sdk -I/Users/soegaard/BuildRacketLibs/include -isysroot /Developer/SDKs/MacOSX10.5.sdk -mmacosx-version-min=10.5 -Wl,-search_paths_first    -arch x86_64 -isysroot /Developer/SDKs/MacOSX10.5.sdk -L/Users/soegaard/BuildRacketLibs/lib conftest.c  >&5
configure:5830: $? = 0
configure:5832: result: va_copy
configure:5871: checking for memmove
configure:5871: /usr/bin/gcc-4.2 -o conftest -Os -arch x86_64 -isysroot /Developer/SDKs/MacOSX10.5.sdk -I/Users/soegaard/BuildRacketLibs/include -isysroot /Developer/SDKs/MacOSX10.5.sdk -mmacosx-version-min=10.5 -Wl,-search_paths_first    -arch x86_64 -isysroot /Developer/SDKs/MacOSX10.5.sdk -L/Users/soegaard/BuildRacketLibs/lib conftest.c  >&5
conftest.c:51: warning: conflicting types for built-in function 'memmove'
configure:5871: $? = 0
configure:5871: result: yes
configure:5871: checking for memset
configure:5871: /usr/bin/gcc-4.2 -o conftest -Os -arch x86_64 -isysroot /Developer/SDKs/MacOSX10.5.sdk -I/Users/soegaard/BuildRacketLibs/include -isysroot /Developer/SDKs/MacOSX10.5.sdk -mmacosx-version-min=10.5 -Wl,-search_paths_first    -arch x86_64 -isysroot /Developer/SDKs/MacOSX10.5.sdk -L/Users/soegaard/BuildRacketLibs/lib conftest.c  >&5
conftest.c:52: warning: conflicting types for built-in function 'memset'
configure:5871: $? = 0
configure:5871: result: yes
configure:5871: checking for setlocale
configure:5871: /usr/bin/gcc-4.2 -o conftest -Os -arch x86_64 -isysroot /Developer/SDKs/MacOSX10.5.sdk -I/Users/soegaard/BuildRacketLibs/include -isysroot /Developer/SDKs/MacOSX10.5.sdk -mmacosx-version-min=10.5 -Wl,-search_paths_first    -arch x86_64 -isysroot /Developer/SDKs/MacOSX10.5.sdk -L/Users/soegaard/BuildRacketLibs/lib conftest.c  >&5
configure:5871: $? = 0
configure:5871: result: yes
configure:5871: checking for strtol
configure:5871: /usr/bin/gcc-4.2 -o conftest -Os -arch x86_64 -isysroot /Developer/SDKs/MacOSX10.5.sdk -I/Users/soegaard/BuildRacketLibs/include -isysroot /Developer/SDKs/MacOSX10.5.sdk -mmacosx-version-min=10.5 -Wl,-search_paths_first    -arch x86_64 -isysroot /Developer/SDKs/MacOSX10.5.sdk -L/Users/soegaard/BuildRacketLibs/lib conftest.c  >&5
configure:5871: $? = 0
configure:5871: result: yes
configure:5871: checking for gettimeofday
configure:5871: /usr/bin/gcc-4.2 -o conftest -Os -arch x86_64 -isysroot /Developer/SDKs/MacOSX10.5.sdk -I/Users/soegaard/BuildRacketLibs/include -isysroot /Developer/SDKs/MacOSX10.5.sdk -mmacosx-version-min=10.5 -Wl,-search_paths_first    -arch x86_64 -isysroot /Developer/SDKs/MacOSX10.5.sdk -L/Users/soegaard/BuildRacketLibs/lib conftest.c  >&5
configure:5871: $? = 0
configure:5871: result: yes
configure:5924: checking for long long int
configure:5924: /usr/bin/gcc-4.2 -c -Os -arch x86_64 -isysroot /Developer/SDKs/MacOSX10.5.sdk -I/Users/soegaard/BuildRacketLibs/include -isysroot /Developer/SDKs/MacOSX10.5.sdk -mmacosx-version-min=10.5 conftest.c >&5
configure:5924: $? = 0
configure:5924: /usr/bin/gcc-4.2 -c -Os -arch x86_64 -isysroot /Developer/SDKs/MacOSX10.5.sdk -I/Users/soegaard/BuildRacketLibs/include -isysroot /Developer/SDKs/MacOSX10.5.sdk -mmacosx-version-min=10.5 conftest.c >&5
conftest.c: In function 'main':
conftest.c:69: error: expected expression before ')' token
configure:5924: $? = 1
configure: failed program was:
| /* confdefs.h */
| #define PACKAGE_NAME "MPFR"
| #define PACKAGE_TARNAME "mpfr"
| #define PACKAGE_VERSION "3.1.1"
| #define PACKAGE_STRING "MPFR 3.1.1"
| #define PACKAGE_BUGREPORT ""
| #define PACKAGE_URL ""
| #define TIME_WITH_SYS_TIME 1
| #define STDC_HEADERS 1
| #define HAVE_SYS_TYPES_H 1
| #define HAVE_SYS_STAT_H 1
| #define HAVE_STDLIB_H 1
| #define HAVE_STRING_H 1
| #define HAVE_MEMORY_H 1
| #define HAVE_STRINGS_H 1
| #define HAVE_INTTYPES_H 1
| #define HAVE_STDINT_H 1
| #define HAVE_UNISTD_H 1
| #define HAVE_LOCALE_H 1
| #define HAVE_WCHAR_H 1
| #define HAVE_STDARG 1
| #define HAVE_SYS_TIME_H 1
| #define HAVE_ALLOCA_H 1
| #define HAVE_ALLOCA 1
| #define HAVE_STDINT_H 1
| #define HAVE_VA_COPY 1
| #define HAVE_MEMMOVE 1
| #define HAVE_MEMSET 1
| #define HAVE_SETLOCALE 1
| #define HAVE_STRTOL 1
| #define HAVE_GETTIMEOFDAY 1
| /* end confdefs.h.  */
| #include <stdio.h>
| #ifdef HAVE_SYS_TYPES_H
| # include <sys/types.h>
| #endif
| #ifdef HAVE_SYS_STAT_H
| # include <sys/stat.h>
| #endif
| #ifdef STDC_HEADERS
| # include <stdlib.h>
| # include <stddef.h>
| #else
| # ifdef HAVE_STDLIB_H
| #  include <stdlib.h>
| # endif
| #endif
| #ifdef HAVE_STRING_H
| # if !defined STDC_HEADERS && defined HAVE_MEMORY_H
| #  include <memory.h>
| # endif
| # include <string.h>
| #endif
| #ifdef HAVE_STRINGS_H
| # include <strings.h>
| #endif
| #ifdef HAVE_INTTYPES_H
| # include <inttypes.h>
| #endif
| #ifdef HAVE_STDINT_H
| # include <stdint.h>
| #endif
| #ifdef HAVE_UNISTD_H
| # include <unistd.h>
| #endif
| int
| main ()
| {
| if (sizeof ((long long int)))
| 	    return 0;
|   ;
|   return 0;
| }
configure:5924: result: yes
configure:5932: checking for intmax_t
configure:5932: /usr/bin/gcc-4.2 -c -Os -arch x86_64 -isysroot /Developer/SDKs/MacOSX10.5.sdk -I/Users/soegaard/BuildRacketLibs/include -isysroot /Developer/SDKs/MacOSX10.5.sdk -mmacosx-version-min=10.5 conftest.c >&5
configure:5932: $? = 0
configure:5932: /usr/bin/gcc-4.2 -c -Os -arch x86_64 -isysroot /Developer/SDKs/MacOSX10.5.sdk -I/Users/soegaard/BuildRacketLibs/include -isysroot /Developer/SDKs/MacOSX10.5.sdk -mmacosx-version-min=10.5 conftest.c >&5
conftest.c: In function 'main':
conftest.c:70: error: expected expression before ')' token
configure:5932: $? = 1
configure: failed program was:
| /* confdefs.h */
| #define PACKAGE_NAME "MPFR"
| #define PACKAGE_TARNAME "mpfr"
| #define PACKAGE_VERSION "3.1.1"
| #define PACKAGE_STRING "MPFR 3.1.1"
| #define PACKAGE_BUGREPORT ""
| #define PACKAGE_URL ""
| #define TIME_WITH_SYS_TIME 1
| #define STDC_HEADERS 1
| #define HAVE_SYS_TYPES_H 1
| #define HAVE_SYS_STAT_H 1
| #define HAVE_STDLIB_H 1
| #define HAVE_STRING_H 1
| #define HAVE_MEMORY_H 1
| #define HAVE_STRINGS_H 1
| #define HAVE_INTTYPES_H 1
| #define HAVE_STDINT_H 1
| #define HAVE_UNISTD_H 1
| #define HAVE_LOCALE_H 1
| #define HAVE_WCHAR_H 1
| #define HAVE_STDARG 1
| #define HAVE_SYS_TIME_H 1
| #define HAVE_ALLOCA_H 1
| #define HAVE_ALLOCA 1
| #define HAVE_STDINT_H 1
| #define HAVE_VA_COPY 1
| #define HAVE_MEMMOVE 1
| #define HAVE_MEMSET 1
| #define HAVE_SETLOCALE 1
| #define HAVE_STRTOL 1
| #define HAVE_GETTIMEOFDAY 1
| #define HAVE_LONG_LONG 1
| /* end confdefs.h.  */
| #include <stdio.h>
| #ifdef HAVE_SYS_TYPES_H
| # include <sys/types.h>
| #endif
| #ifdef HAVE_SYS_STAT_H
| # include <sys/stat.h>
| #endif
| #ifdef STDC_HEADERS
| # include <stdlib.h>
| # include <stddef.h>
| #else
| # ifdef HAVE_STDLIB_H
| #  include <stdlib.h>
| # endif
| #endif
| #ifdef HAVE_STRING_H
| # if !defined STDC_HEADERS && defined HAVE_MEMORY_H
| #  include <memory.h>
| # endif
| # include <string.h>
| #endif
| #ifdef HAVE_STRINGS_H
| # include <strings.h>
| #endif
| #ifdef HAVE_INTTYPES_H
| # include <inttypes.h>
| #endif
| #ifdef HAVE_STDINT_H
| # include <stdint.h>
| #endif
| #ifdef HAVE_UNISTD_H
| # include <unistd.h>
| #endif
| int
| main ()
| {
| if (sizeof ((intmax_t)))
| 	    return 0;
|   ;
|   return 0;
| }
configure:5932: result: yes
configure:5943: checking for working INTMAX_MAX
configure:5962: /usr/bin/gcc-4.2 -c -Os -arch x86_64 -isysroot /Developer/SDKs/MacOSX10.5.sdk -I/Users/soegaard/BuildRacketLibs/include -isysroot /Developer/SDKs/MacOSX10.5.sdk -mmacosx-version-min=10.5 -I./src conftest.c >&5
configure:5962: $? = 0
configure:5971: result: yes
configure:5980: checking for union fpc_csr
configure:5980: /usr/bin/gcc-4.2 -c -Os -arch x86_64 -isysroot /Developer/SDKs/MacOSX10.5.sdk -I/Users/soegaard/BuildRacketLibs/include -isysroot /Developer/SDKs/MacOSX10.5.sdk -mmacosx-version-min=10.5 conftest.c >&5
conftest.c: In function 'main':
conftest.c:45: error: invalid application of 'sizeof' to incomplete type 'union fpc_csr' 
configure:5980: $? = 1
configure: failed program was:
| /* confdefs.h */
| #define PACKAGE_NAME "MPFR"
| #define PACKAGE_TARNAME "mpfr"
| #define PACKAGE_VERSION "3.1.1"
| #define PACKAGE_STRING "MPFR 3.1.1"
| #define PACKAGE_BUGREPORT ""
| #define PACKAGE_URL ""
| #define TIME_WITH_SYS_TIME 1
| #define STDC_HEADERS 1
| #define HAVE_SYS_TYPES_H 1
| #define HAVE_SYS_STAT_H 1
| #define HAVE_STDLIB_H 1
| #define HAVE_STRING_H 1
| #define HAVE_MEMORY_H 1
| #define HAVE_STRINGS_H 1
| #define HAVE_INTTYPES_H 1
| #define HAVE_STDINT_H 1
| #define HAVE_UNISTD_H 1
| #define HAVE_LOCALE_H 1
| #define HAVE_WCHAR_H 1
| #define HAVE_STDARG 1
| #define HAVE_SYS_TIME_H 1
| #define HAVE_ALLOCA_H 1
| #define HAVE_ALLOCA 1
| #define HAVE_STDINT_H 1
| #define HAVE_VA_COPY 1
| #define HAVE_MEMMOVE 1
| #define HAVE_MEMSET 1
| #define HAVE_SETLOCALE 1
| #define HAVE_STRTOL 1
| #define HAVE_GETTIMEOFDAY 1
| #define HAVE_LONG_LONG 1
| #define HAVE_INTMAX_T 1
| #define MPFR_HAVE_INTMAX_MAX 1
| /* end confdefs.h.  */
| 
| #if HAVE_SYS_FPU_H
| #  include <sys/fpu.h>
| #endif
| 
| 
| int
| main ()
| {
| if (sizeof (union fpc_csr))
| 	 return 0;
|   ;
|   return 0;
| }
configure:5980: result: no
configure:5993: checking for fesetround
configure:6012: /usr/bin/gcc-4.2 -o conftest -Os -arch x86_64 -isysroot /Developer/SDKs/MacOSX10.5.sdk -I/Users/soegaard/BuildRacketLibs/include -isysroot /Developer/SDKs/MacOSX10.5.sdk -mmacosx-version-min=10.5 -Wl,-search_paths_first    -arch x86_64 -isysroot /Developer/SDKs/MacOSX10.5.sdk -L/Users/soegaard/BuildRacketLibs/lib conftest.c  -lm >&5
configure:6012: $? = 0
configure:6022: result: yes
configure:6031: checking for gcc float-conversion bug
configure:6071: /usr/bin/gcc-4.2 -o conftest -Os -arch x86_64 -isysroot /Developer/SDKs/MacOSX10.5.sdk -I/Users/soegaard/BuildRacketLibs/include -isysroot /Developer/SDKs/MacOSX10.5.sdk -mmacosx-version-min=10.5 -Wl,-search_paths_first    -arch x86_64 -isysroot /Developer/SDKs/MacOSX10.5.sdk -L/Users/soegaard/BuildRacketLibs/lib conftest.c  -lm >&5
configure:6071: $? = 0
configure:6071: ./conftest
configure:6071: $? = 0
configure:6083: result: no
configure:6090: checking for denormalized numbers
configure:6111: /usr/bin/gcc-4.2 -o conftest -Os -arch x86_64 -isysroot /Developer/SDKs/MacOSX10.5.sdk -I/Users/soegaard/BuildRacketLibs/include -isysroot /Developer/SDKs/MacOSX10.5.sdk -mmacosx-version-min=10.5 -Wl,-search_paths_first    -arch x86_64 -isysroot /Developer/SDKs/MacOSX10.5.sdk -L/Users/soegaard/BuildRacketLibs/lib conftest.c  >&5
configure:6111: $? = 0
configure:6111: ./conftest
1.112537e-308
configure:6111: $? = 0
configure:6122: result: yes
configure:6130: checking if the FP division by 0 fails
configure:6150: /usr/bin/gcc-4.2 -o conftest -Os -arch x86_64 -isysroot /Developer/SDKs/MacOSX10.5.sdk -I/Users/soegaard/BuildRacketLibs/include -isysroot /Developer/SDKs/MacOSX10.5.sdk -mmacosx-version-min=10.5 -Wl,-search_paths_first    -arch x86_64 -isysroot /Developer/SDKs/MacOSX10.5.sdk -L/Users/soegaard/BuildRacketLibs/lib conftest.c  >&5
configure:6150: $? = 0
configure:6150: ./conftest
configure:6150: $? = 0
configure:6161: result: no
configure:6175: checking if NAN == NAN
configure:6199: /usr/bin/gcc-4.2 -o conftest -Os -arch x86_64 -isysroot /Developer/SDKs/MacOSX10.5.sdk -I/Users/soegaard/BuildRacketLibs/include -isysroot /Developer/SDKs/MacOSX10.5.sdk -mmacosx-version-min=10.5 -Wl,-search_paths_first    -arch x86_64 -isysroot /Developer/SDKs/MacOSX10.5.sdk -L/Users/soegaard/BuildRacketLibs/lib conftest.c  >&5
configure:6199: $? = 0
configure:6199: ./conftest
configure:6199: $? = 1
configure: program exited with status 1
configure: failed program was:
| /* confdefs.h */
| #define PACKAGE_NAME "MPFR"
| #define PACKAGE_TARNAME "mpfr"
| #define PACKAGE_VERSION "3.1.1"
| #define PACKAGE_STRING "MPFR 3.1.1"
| #define PACKAGE_BUGREPORT ""
| #define PACKAGE_URL ""
| #define TIME_WITH_SYS_TIME 1
| #define STDC_HEADERS 1
| #define HAVE_SYS_TYPES_H 1
| #define HAVE_SYS_STAT_H 1
| #define HAVE_STDLIB_H 1
| #define HAVE_STRING_H 1
| #define HAVE_MEMORY_H 1
| #define HAVE_STRINGS_H 1
| #define HAVE_INTTYPES_H 1
| #define HAVE_STDINT_H 1
| #define HAVE_UNISTD_H 1
| #define HAVE_LOCALE_H 1
| #define HAVE_WCHAR_H 1
| #define HAVE_STDARG 1
| #define HAVE_SYS_TIME_H 1
| #define HAVE_ALLOCA_H 1
| #define HAVE_ALLOCA 1
| #define HAVE_STDINT_H 1
| #define HAVE_VA_COPY 1
| #define HAVE_MEMMOVE 1
| #define HAVE_MEMSET 1
| #define HAVE_SETLOCALE 1
| #define HAVE_STRTOL 1
| #define HAVE_GETTIMEOFDAY 1
| #define HAVE_LONG_LONG 1
| #define HAVE_INTMAX_T 1
| #define MPFR_HAVE_INTMAX_MAX 1
| #define MPFR_HAVE_FESETROUND 1
| #define HAVE_DENORMS 1
| /* end confdefs.h.  */
| 
| #include <stdio.h>
| #include <math.h>
| #ifndef NAN
| # define NAN (0.0/0.0)
| #endif
| int main() {
|   double d;
|   d = NAN;
|   return d != d;
| }
| 
configure:6210: result: no
configure:6238: checking if charset has consecutive values
configure:6268: /usr/bin/gcc-4.2 -o conftest -Os -arch x86_64 -isysroot /Developer/SDKs/MacOSX10.5.sdk -I/Users/soegaard/BuildRacketLibs/include -isysroot /Developer/SDKs/MacOSX10.5.sdk -mmacosx-version-min=10.5 -Wl,-search_paths_first    -arch x86_64 -isysroot /Developer/SDKs/MacOSX10.5.sdk -L/Users/soegaard/BuildRacketLibs/lib conftest.c  >&5
configure:6268: $? = 0
configure:6268: ./conftest
configure:6268: $? = 0
configure:6269: result: yes
configure:6287: checking for math/round
configure:6307: /usr/bin/gcc-4.2 -o conftest -Os -arch x86_64 -isysroot /Developer/SDKs/MacOSX10.5.sdk -I/Users/soegaard/BuildRacketLibs/include -isysroot /Developer/SDKs/MacOSX10.5.sdk -mmacosx-version-min=10.5 -Wl,-search_paths_first    -arch x86_64 -isysroot /Developer/SDKs/MacOSX10.5.sdk -L/Users/soegaard/BuildRacketLibs/lib conftest.c  -lm >&5
configure:6307: $? = 0
configure:6309: result: yes
configure:6322: checking for math/trunc
configure:6342: /usr/bin/gcc-4.2 -o conftest -Os -arch x86_64 -isysroot /Developer/SDKs/MacOSX10.5.sdk -I/Users/soegaard/BuildRacketLibs/include -isysroot /Developer/SDKs/MacOSX10.5.sdk -mmacosx-version-min=10.5 -Wl,-search_paths_first    -arch x86_64 -isysroot /Developer/SDKs/MacOSX10.5.sdk -L/Users/soegaard/BuildRacketLibs/lib conftest.c  -lm >&5
configure:6342: $? = 0
configure:6344: result: yes
configure:6357: checking for math/floor
configure:6377: /usr/bin/gcc-4.2 -o conftest -Os -arch x86_64 -isysroot /Developer/SDKs/MacOSX10.5.sdk -I/Users/soegaard/BuildRacketLibs/include -isysroot /Developer/SDKs/MacOSX10.5.sdk -mmacosx-version-min=10.5 -Wl,-search_paths_first    -arch x86_64 -isysroot /Developer/SDKs/MacOSX10.5.sdk -L/Users/soegaard/BuildRacketLibs/lib conftest.c  -lm >&5
configure:6377: $? = 0
configure:6379: result: yes
configure:6392: checking for math/ceil
configure:6412: /usr/bin/gcc-4.2 -o conftest -Os -arch x86_64 -isysroot /Developer/SDKs/MacOSX10.5.sdk -I/Users/soegaard/BuildRacketLibs/include -isysroot /Developer/SDKs/MacOSX10.5.sdk -mmacosx-version-min=10.5 -Wl,-search_paths_first    -arch x86_64 -isysroot /Developer/SDKs/MacOSX10.5.sdk -L/Users/soegaard/BuildRacketLibs/lib conftest.c  -lm >&5
configure:6412: $? = 0
configure:6414: result: yes
configure:6427: checking for math/rint
configure:6447: /usr/bin/gcc-4.2 -o conftest -Os -arch x86_64 -isysroot /Developer/SDKs/MacOSX10.5.sdk -I/Users/soegaard/BuildRacketLibs/include -isysroot /Developer/SDKs/MacOSX10.5.sdk -mmacosx-version-min=10.5 -Wl,-search_paths_first    -arch x86_64 -isysroot /Developer/SDKs/MacOSX10.5.sdk -L/Users/soegaard/BuildRacketLibs/lib conftest.c  -lm >&5
configure:6447: $? = 0
configure:6449: result: yes
configure:6467: checking for long double
configure:6467: /usr/bin/gcc-4.2 -c -Os -arch x86_64 -isysroot /Developer/SDKs/MacOSX10.5.sdk -I/Users/soegaard/BuildRacketLibs/include -isysroot /Developer/SDKs/MacOSX10.5.sdk -mmacosx-version-min=10.5 conftest.c >&5
configure:6467: $? = 0
configure:6467: /usr/bin/gcc-4.2 -c -Os -arch x86_64 -isysroot /Developer/SDKs/MacOSX10.5.sdk -I/Users/soegaard/BuildRacketLibs/include -isysroot /Developer/SDKs/MacOSX10.5.sdk -mmacosx-version-min=10.5 conftest.c >&5
conftest.c: In function 'main':
conftest.c:79: error: expected expression before ')' token
configure:6467: $? = 1
configure: failed program was:
| /* confdefs.h */
| #define PACKAGE_NAME "MPFR"
| #define PACKAGE_TARNAME "mpfr"
| #define PACKAGE_VERSION "3.1.1"
| #define PACKAGE_STRING "MPFR 3.1.1"
| #define PACKAGE_BUGREPORT ""
| #define PACKAGE_URL ""
| #define TIME_WITH_SYS_TIME 1
| #define STDC_HEADERS 1
| #define HAVE_SYS_TYPES_H 1
| #define HAVE_SYS_STAT_H 1
| #define HAVE_STDLIB_H 1
| #define HAVE_STRING_H 1
| #define HAVE_MEMORY_H 1
| #define HAVE_STRINGS_H 1
| #define HAVE_INTTYPES_H 1
| #define HAVE_STDINT_H 1
| #define HAVE_UNISTD_H 1
| #define HAVE_LOCALE_H 1
| #define HAVE_WCHAR_H 1
| #define HAVE_STDARG 1
| #define HAVE_SYS_TIME_H 1
| #define HAVE_ALLOCA_H 1
| #define HAVE_ALLOCA 1
| #define HAVE_STDINT_H 1
| #define HAVE_VA_COPY 1
| #define HAVE_MEMMOVE 1
| #define HAVE_MEMSET 1
| #define HAVE_SETLOCALE 1
| #define HAVE_STRTOL 1
| #define HAVE_GETTIMEOFDAY 1
| #define HAVE_LONG_LONG 1
| #define HAVE_INTMAX_T 1
| #define MPFR_HAVE_INTMAX_MAX 1
| #define MPFR_HAVE_FESETROUND 1
| #define HAVE_DENORMS 1
| #define HAVE_ROUND 1
| #define HAVE_TRUNC 1
| #define HAVE_FLOOR 1
| #define HAVE_CEIL 1
| #define HAVE_NEARBYINT 1
| /* end confdefs.h.  */
| #include <stdio.h>
| #ifdef HAVE_SYS_TYPES_H
| # include <sys/types.h>
| #endif
| #ifdef HAVE_SYS_STAT_H
| # include <sys/stat.h>
| #endif
| #ifdef STDC_HEADERS
| # include <stdlib.h>
| # include <stddef.h>
| #else
| # ifdef HAVE_STDLIB_H
| #  include <stdlib.h>
| # endif
| #endif
| #ifdef HAVE_STRING_H
| # if !defined STDC_HEADERS && defined HAVE_MEMORY_H
| #  include <memory.h>
| # endif
| # include <string.h>
| #endif
| #ifdef HAVE_STRINGS_H
| # include <strings.h>
| #endif
| #ifdef HAVE_INTTYPES_H
| # include <inttypes.h>
| #endif
| #ifdef HAVE_STDINT_H
| # include <stdint.h>
| #endif
| #ifdef HAVE_UNISTD_H
| # include <unistd.h>
| #endif
| int
| main ()
| {
| if (sizeof ((long double)))
| 	    return 0;
|   ;
|   return 0;
| }
configure:6467: result: yes
configure:6477: checking format of `long double' floating point
configure:6504: /usr/bin/gcc-4.2 -Os -arch x86_64 -isysroot /Developer/SDKs/MacOSX10.5.sdk -I/Users/soegaard/BuildRacketLibs/include -isysroot /Developer/SDKs/MacOSX10.5.sdk -mmacosx-version-min=10.5 -c conftest.c >&5 2>&1
configure:6507: $? = 0
configure:6779: result: IEEE extended, little endian
configure:6824: checking for TLS support
configure:6852: /usr/bin/gcc-4.2 -o conftest -Os -arch x86_64 -isysroot /Developer/SDKs/MacOSX10.5.sdk -I/Users/soegaard/BuildRacketLibs/include -isysroot /Developer/SDKs/MacOSX10.5.sdk -mmacosx-version-min=10.5 -I./src -Wl,-search_paths_first    -arch x86_64 -isysroot /Developer/SDKs/MacOSX10.5.sdk -L/Users/soegaard/BuildRacketLibs/lib conftest.c  >&5
conftest.c:48: error: thread-local storage not supported for this target
configure:6852: $? = 1
configure: program exited with status 1
configure: failed program was:
| /* confdefs.h */
| #define PACKAGE_NAME "MPFR"
| #define PACKAGE_TARNAME "mpfr"
| #define PACKAGE_VERSION "3.1.1"
| #define PACKAGE_STRING "MPFR 3.1.1"
| #define PACKAGE_BUGREPORT ""
| #define PACKAGE_URL ""
| #define TIME_WITH_SYS_TIME 1
| #define STDC_HEADERS 1
| #define HAVE_SYS_TYPES_H 1
| #define HAVE_SYS_STAT_H 1
| #define HAVE_STDLIB_H 1
| #define HAVE_STRING_H 1
| #define HAVE_MEMORY_H 1
| #define HAVE_STRINGS_H 1
| #define HAVE_INTTYPES_H 1
| #define HAVE_STDINT_H 1
| #define HAVE_UNISTD_H 1
| #define HAVE_LOCALE_H 1
| #define HAVE_WCHAR_H 1
| #define HAVE_STDARG 1
| #define HAVE_SYS_TIME_H 1
| #define HAVE_ALLOCA_H 1
| #define HAVE_ALLOCA 1
| #define HAVE_STDINT_H 1
| #define HAVE_VA_COPY 1
| #define HAVE_MEMMOVE 1
| #define HAVE_MEMSET 1
| #define HAVE_SETLOCALE 1
| #define HAVE_STRTOL 1
| #define HAVE_GETTIMEOFDAY 1
| #define HAVE_LONG_LONG 1
| #define HAVE_INTMAX_T 1
| #define MPFR_HAVE_INTMAX_MAX 1
| #define MPFR_HAVE_FESETROUND 1
| #define HAVE_DENORMS 1
| #define HAVE_ROUND 1
| #define HAVE_TRUNC 1
| #define HAVE_FLOOR 1
| #define HAVE_CEIL 1
| #define HAVE_NEARBYINT 1
| #define HAVE_LONG_DOUBLE 1
| #define HAVE_LDOUBLE_IEEE_EXT_LITTLE 1
| /* end confdefs.h.  */
| 
| #define MPFR_USE_THREAD_SAFE 1
| #include "mpfr-thread.h"
| MPFR_THREAD_ATTR int x = 17;
| int main() {
|   return x != 17;
| }
| 
configure:6860: result: no
configure:6876: checking for gmp.h
configure:6884: /usr/bin/gcc-4.2 -c -Os -arch x86_64 -isysroot /Developer/SDKs/MacOSX10.5.sdk -I/Users/soegaard/BuildRacketLibs/include -isysroot /Developer/SDKs/MacOSX10.5.sdk -mmacosx-version-min=10.5 conftest.c >&5
configure:6884: $? = 0
configure:6885: result: yes
configure:7313: checking how to print strings
configure:7340: result: printf
configure:7361: checking for a sed that does not truncate output
configure:7425: result: /usr/bin/sed
configure:7443: checking for fgrep
configure:7505: result: /usr/bin/grep -F
configure:7540: checking for ld used by /usr/bin/gcc-4.2
configure:7607: result: /usr/libexec/gcc/i686-apple-darwin10/4.2.1/ld
configure:7614: checking if the linker (/usr/libexec/gcc/i686-apple-darwin10/4.2.1/ld) is GNU ld
configure:7629: result: no
configure:7641: checking for BSD- or MS-compatible name lister (nm)
configure:7690: result: /opt/local/bin/nm
configure:7820: checking the name lister (/opt/local/bin/nm) interface
configure:7827: /usr/bin/gcc-4.2 -c -Os -arch x86_64 -isysroot /Developer/SDKs/MacOSX10.5.sdk -I/Users/soegaard/BuildRacketLibs/include -isysroot /Developer/SDKs/MacOSX10.5.sdk -mmacosx-version-min=10.5 conftest.c >&5
configure:7830: /opt/local/bin/nm "conftest.o"
configure:7833: output
0000000000000000 D _some_variable
configure:7840: result: BSD nm
configure:7843: checking whether ln -s works
configure:7847: result: yes
configure:7855: checking the maximum length of command line arguments
configure:7985: result: 196608
configure:8002: checking whether the shell understands some XSI constructs
configure:8012: result: yes
configure:8016: checking whether the shell understands "+="
configure:8022: result: yes
configure:8057: checking how to convert x86_64-apple-darwin13.0.0 file names to x86_64-apple-darwin13.0.0 format
configure:8097: result: func_convert_file_noop
configure:8104: checking how to convert x86_64-apple-darwin13.0.0 file names to toolchain format
configure:8124: result: func_convert_file_noop
configure:8131: checking for /usr/libexec/gcc/i686-apple-darwin10/4.2.1/ld option to reload object files
configure:8138: result: -r
configure:8212: checking for objdump
configure:8239: result: objdump
configure:8268: checking how to recognize dependent libraries
configure:8466: result: pass_all
configure:8551: checking for dlltool
configure:8578: result: dlltool
configure:8608: checking how to associate runtime and link libraries
configure:8635: result: printf %s\n
configure:8695: checking for ar
configure:8711: found /opt/local/bin/ar
configure:8722: result: ar
configure:8759: checking for archiver @FILE support
configure:8776: /usr/bin/gcc-4.2 -c -Os -arch x86_64 -isysroot /Developer/SDKs/MacOSX10.5.sdk -I/Users/soegaard/BuildRacketLibs/include -isysroot /Developer/SDKs/MacOSX10.5.sdk -mmacosx-version-min=10.5 conftest.c >&5
configure:8776: $? = 0
configure:8779: ar cru libconftest.a @conftest.lst >&5
ar: @conftest.lst: No such file or directory
configure:8782: $? = 1
configure:8802: result: no
configure:8860: checking for strip
configure:8876: found /opt/local/bin/strip
configure:8887: result: strip
configure:8959: checking for ranlib
configure:8975: found /opt/local/bin/ranlib
configure:8986: result: ranlib
configure:9088: checking command to parse /opt/local/bin/nm output from /usr/bin/gcc-4.2 object
configure:9208: /usr/bin/gcc-4.2 -c -Os -arch x86_64 -isysroot /Developer/SDKs/MacOSX10.5.sdk -I/Users/soegaard/BuildRacketLibs/include -isysroot /Developer/SDKs/MacOSX10.5.sdk -mmacosx-version-min=10.5 conftest.c >&5
configure:9211: $? = 0
configure:9215: /opt/local/bin/nm conftest.o \| sed -n -e 's/^.*[ ]\([BCDEGRST][BCDEGRST]*\)[ ][ ]*\([_A-Za-z][_A-Za-z0-9]*\)$/\1 \2 \2/p' | sed '/ __gnu_lto/d' \> conftest.nm
configure:9218: $? = 0
cannot find nm_test_var in conftest.nm
configure:9208: /usr/bin/gcc-4.2 -c -Os -arch x86_64 -isysroot /Developer/SDKs/MacOSX10.5.sdk -I/Users/soegaard/BuildRacketLibs/include -isysroot /Developer/SDKs/MacOSX10.5.sdk -mmacosx-version-min=10.5 conftest.c >&5
configure:9211: $? = 0
configure:9215: /opt/local/bin/nm conftest.o \| sed -n -e 's/^.*[ ]\([BCDEGRST][BCDEGRST]*\)[ ][ ]*_\([_A-Za-z][_A-Za-z0-9]*\)$/\1 _\2 \2/p' | sed '/ __gnu_lto/d' \> conftest.nm
configure:9218: $? = 0
configure:9284: /usr/bin/gcc-4.2 -o conftest -Os -arch x86_64 -isysroot /Developer/SDKs/MacOSX10.5.sdk -I/Users/soegaard/BuildRacketLibs/include -isysroot /Developer/SDKs/MacOSX10.5.sdk -mmacosx-version-min=10.5 -Wl,-search_paths_first    -arch x86_64 -isysroot /Developer/SDKs/MacOSX10.5.sdk -L/Users/soegaard/BuildRacketLibs/lib conftest.c conftstm.o >&5
configure:9287: $? = 0
configure:9325: result: ok
configure:9362: checking for sysroot
configure:9392: result: no
configure:9648: checking for mt
configure:9678: result: no
configure:9698: checking if : is a manifest tool
configure:9704: : '-?'
configure:9712: result: no
configure:9768: checking for dsymutil
configure:9784: found /usr/bin/dsymutil
configure:9795: result: dsymutil
configure:9860: checking for nmedit
configure:9876: found /opt/local/bin/nmedit
configure:9887: result: nmedit
configure:9952: checking for lipo
configure:9968: found /opt/local/bin/lipo
configure:9979: result: lipo
configure:10044: checking for otool
configure:10060: found /opt/local/bin/otool
configure:10071: result: otool
configure:10136: checking for otool64
configure:10166: result: no
configure:10211: checking for -single_module linker flag
/usr/bin/gcc-4.2 -Os -arch x86_64 -isysroot /Developer/SDKs/MacOSX10.5.sdk -I/Users/soegaard/BuildRacketLibs/include -Wl,-search_paths_first    -arch x86_64 -isysroot /Developer/SDKs/MacOSX10.5.sdk -L/Users/soegaard/BuildRacketLibs/lib -o libconftest.dylib -dynamiclib -Wl,-single_module conftest.c
configure:10244: result: yes
configure:10247: checking for -exported_symbols_list linker flag
configure:10267: /usr/bin/gcc-4.2 -o conftest -Os -arch x86_64 -isysroot /Developer/SDKs/MacOSX10.5.sdk -I/Users/soegaard/BuildRacketLibs/include -isysroot /Developer/SDKs/MacOSX10.5.sdk -mmacosx-version-min=10.5 -Wl,-search_paths_first    -arch x86_64 -isysroot /Developer/SDKs/MacOSX10.5.sdk -L/Users/soegaard/BuildRacketLibs/lib -Wl,-exported_symbols_list,conftest.sym conftest.c  >&5
configure:10267: $? = 0
configure:10277: result: yes
configure:10280: checking for -force_load linker flag
/usr/bin/gcc-4.2 -Os -arch x86_64 -isysroot /Developer/SDKs/MacOSX10.5.sdk -I/Users/soegaard/BuildRacketLibs/include -c -o conftest.o conftest.c
ar cru libconftest.a conftest.o
ranlib libconftest.a
/usr/bin/gcc-4.2 -Os -arch x86_64 -isysroot /Developer/SDKs/MacOSX10.5.sdk -I/Users/soegaard/BuildRacketLibs/include -Wl,-search_paths_first    -arch x86_64 -isysroot /Developer/SDKs/MacOSX10.5.sdk -L/Users/soegaard/BuildRacketLibs/lib -o conftest conftest.c -Wl,-force_load,./libconftest.a
configure:10312: result: yes
configure:10351: checking for dlfcn.h
configure:10351: /usr/bin/gcc-4.2 -c -Os -arch x86_64 -isysroot /Developer/SDKs/MacOSX10.5.sdk -I/Users/soegaard/BuildRacketLibs/include -isysroot /Developer/SDKs/MacOSX10.5.sdk -mmacosx-version-min=10.5 conftest.c >&5
configure:10351: $? = 0
configure:10351: result: yes
configure:10555: checking for objdir
configure:10570: result: .libs
configure:10841: checking if /usr/bin/gcc-4.2 supports -fno-rtti -fno-exceptions
configure:10859: /usr/bin/gcc-4.2 -c -Os -arch x86_64 -isysroot /Developer/SDKs/MacOSX10.5.sdk -I/Users/soegaard/BuildRacketLibs/include -isysroot /Developer/SDKs/MacOSX10.5.sdk -mmacosx-version-min=10.5 -fno-rtti -fno-exceptions conftest.c >&5
cc1: warning: command line option "-fno-rtti" is valid for C++/ObjC++ but not for C
configure:10863: $? = 0
configure:10876: result: no
configure:11211: checking for /usr/bin/gcc-4.2 option to produce PIC
configure:11218: result: -fno-common -DPIC
configure:11226: checking if /usr/bin/gcc-4.2 PIC flag -fno-common -DPIC works
configure:11244: /usr/bin/gcc-4.2 -c -Os -arch x86_64 -isysroot /Developer/SDKs/MacOSX10.5.sdk -I/Users/soegaard/BuildRacketLibs/include -isysroot /Developer/SDKs/MacOSX10.5.sdk -mmacosx-version-min=10.5 -fno-common -DPIC -DPIC conftest.c >&5
configure:11248: $? = 0
configure:11261: result: yes
configure:11290: checking if /usr/bin/gcc-4.2 static flag -static works
configure:11318: result: no
configure:11333: checking if /usr/bin/gcc-4.2 supports -c -o file.o
configure:11354: /usr/bin/gcc-4.2 -c -Os -arch x86_64 -isysroot /Developer/SDKs/MacOSX10.5.sdk -I/Users/soegaard/BuildRacketLibs/include -isysroot /Developer/SDKs/MacOSX10.5.sdk -mmacosx-version-min=10.5 -o out/conftest2.o conftest.c >&5
configure:11358: $? = 0
configure:11380: result: yes
configure:11388: checking if /usr/bin/gcc-4.2 supports -c -o file.o
configure:11435: result: yes
configure:11468: checking whether the /usr/bin/gcc-4.2 linker (/usr/libexec/gcc/i686-apple-darwin10/4.2.1/ld) supports shared libraries
configure:12625: result: yes
configure:12865: checking dynamic linker characteristics
configure:13599: result: darwin13.0.0 dyld
configure:13706: checking how to hardcode library paths into programs
configure:13731: result: immediate
configure:14271: checking whether stripping libraries is possible
configure:14285: result: yes
configure:14311: checking if libtool supports shared libraries
configure:14313: result: yes
configure:14316: checking whether to build shared libraries
configure:14337: result: yes
configure:14340: checking whether to build static libraries
configure:14344: result: yes
configure:14384: checking whether gcc __attribute__ ((mode (XX))) works
configure:14400: /usr/bin/gcc-4.2 -c -Os -arch x86_64 -isysroot /Developer/SDKs/MacOSX10.5.sdk -I/Users/soegaard/BuildRacketLibs/include -isysroot /Developer/SDKs/MacOSX10.5.sdk -mmacosx-version-min=10.5 conftest.c >&5
configure:14400: $? = 0
configure:14408: result: yes
configure:14419: checking for recent GMP
configure:14431: /usr/bin/gcc-4.2 -c -Os -arch x86_64 -isysroot /Developer/SDKs/MacOSX10.5.sdk -I/Users/soegaard/BuildRacketLibs/include -isysroot /Developer/SDKs/MacOSX10.5.sdk -mmacosx-version-min=10.5 conftest.c >&5
configure:14431: $? = 0
configure:14432: result: yes
configure:14516: checking for __gmpz_init in -lgmp
configure:14541: /usr/bin/gcc-4.2 -o conftest -Os -arch x86_64 -isysroot /Developer/SDKs/MacOSX10.5.sdk -I/Users/soegaard/BuildRacketLibs/include -isysroot /Developer/SDKs/MacOSX10.5.sdk -mmacosx-version-min=10.5 -Wl,-search_paths_first    -arch x86_64 -isysroot /Developer/SDKs/MacOSX10.5.sdk -L/Users/soegaard/BuildRacketLibs/lib conftest.c -lgmp   >&5
configure:14541: $? = 0
configure:14550: result: yes
configure:14560: checking if gmp.h version and libgmp version are the same
configure:14596: /usr/bin/gcc-4.2 -o conftest -Os -arch x86_64 -isysroot /Developer/SDKs/MacOSX10.5.sdk -I/Users/soegaard/BuildRacketLibs/include -isysroot /Developer/SDKs/MacOSX10.5.sdk -mmacosx-version-min=10.5 -Wl,-search_paths_first    -arch x86_64 -isysroot /Developer/SDKs/MacOSX10.5.sdk -L/Users/soegaard/BuildRacketLibs/lib conftest.c -lgmp  >&5
configure:14596: $? = 0
configure:14596: ./conftest
configure:14596: $? = 0
configure:14597: result: yes
configure:14602: checking if gmp_printf supports "%jd"
configure:14638: /usr/bin/gcc-4.2 -o conftest -Os -arch x86_64 -isysroot /Developer/SDKs/MacOSX10.5.sdk -I/Users/soegaard/BuildRacketLibs/include -isysroot /Developer/SDKs/MacOSX10.5.sdk -mmacosx-version-min=10.5 -Wl,-search_paths_first    -arch x86_64 -isysroot /Developer/SDKs/MacOSX10.5.sdk -L/Users/soegaard/BuildRacketLibs/lib conftest.c -lgmp  >&5
configure:14638: $? = 0
configure:14638: ./conftest
configure:14638: $? = 0
configure:14639: result: yes
configure:14657: checking if gmp_printf supports "%hhd"
configure:14688: /usr/bin/gcc-4.2 -o conftest -Os -arch x86_64 -isysroot /Developer/SDKs/MacOSX10.5.sdk -I/Users/soegaard/BuildRacketLibs/include -isysroot /Developer/SDKs/MacOSX10.5.sdk -mmacosx-version-min=10.5 -Wl,-search_paths_first    -arch x86_64 -isysroot /Developer/SDKs/MacOSX10.5.sdk -L/Users/soegaard/BuildRacketLibs/lib conftest.c -lgmp  >&5
configure:14688: $? = 0
configure:14688: ./conftest
configure:14688: $? = 0
configure:14689: result: yes
configure:14706: checking if gmp_printf supports "%lld"
configure:14737: /usr/bin/gcc-4.2 -o conftest -Os -arch x86_64 -isysroot /Developer/SDKs/MacOSX10.5.sdk -I/Users/soegaard/BuildRacketLibs/include -isysroot /Developer/SDKs/MacOSX10.5.sdk -mmacosx-version-min=10.5 -Wl,-search_paths_first    -arch x86_64 -isysroot /Developer/SDKs/MacOSX10.5.sdk -L/Users/soegaard/BuildRacketLibs/lib conftest.c -lgmp  >&5
configure:14737: $? = 0
configure:14737: ./conftest
configure:14737: $? = 0
configure:14738: result: yes
configure:14755: checking if gmp_printf supports "%Lf"
configure:14786: /usr/bin/gcc-4.2 -o conftest -Os -arch x86_64 -isysroot /Developer/SDKs/MacOSX10.5.sdk -I/Users/soegaard/BuildRacketLibs/include -isysroot /Developer/SDKs/MacOSX10.5.sdk -mmacosx-version-min=10.5 -Wl,-search_paths_first    -arch x86_64 -isysroot /Developer/SDKs/MacOSX10.5.sdk -L/Users/soegaard/BuildRacketLibs/lib conftest.c -lgmp  >&5
configure:14786: $? = 0
configure:14786: ./conftest
configure:14786: $? = 0
configure:14787: result: yes
configure:14804: checking if gmp_printf supports "%td"
configure:14840: /usr/bin/gcc-4.2 -o conftest -Os -arch x86_64 -isysroot /Developer/SDKs/MacOSX10.5.sdk -I/Users/soegaard/BuildRacketLibs/include -isysroot /Developer/SDKs/MacOSX10.5.sdk -mmacosx-version-min=10.5 -Wl,-search_paths_first    -arch x86_64 -isysroot /Developer/SDKs/MacOSX10.5.sdk -L/Users/soegaard/BuildRacketLibs/lib conftest.c -lgmp  >&5
configure:14840: $? = 0
configure:14840: ./conftest
configure:14840: $? = 0
configure:14841: result: yes
configure:14891: checking for __gmpn_rootrem
configure:14891: /usr/bin/gcc-4.2 -o conftest -Os -arch x86_64 -isysroot /Developer/SDKs/MacOSX10.5.sdk -I/Users/soegaard/BuildRacketLibs/include -isysroot /Developer/SDKs/MacOSX10.5.sdk -mmacosx-version-min=10.5 -Wl,-search_paths_first    -arch x86_64 -isysroot /Developer/SDKs/MacOSX10.5.sdk -L/Users/soegaard/BuildRacketLibs/lib conftest.c -lgmp  >&5
configure:14891: $? = 0
configure:14891: result: yes
configure:14891: checking for __gmpn_sbpi1_divappr_q
configure:14891: /usr/bin/gcc-4.2 -o conftest -Os -arch x86_64 -isysroot /Developer/SDKs/MacOSX10.5.sdk -I/Users/soegaard/BuildRacketLibs/include -isysroot /Developer/SDKs/MacOSX10.5.sdk -mmacosx-version-min=10.5 -Wl,-search_paths_first    -arch x86_64 -isysroot /Developer/SDKs/MacOSX10.5.sdk -L/Users/soegaard/BuildRacketLibs/lib conftest.c -lgmp  >&5
configure:14891: $? = 0
configure:14891: result: yes
configure:15101: creating ./config.status

## ---------------------- ##
## Running config.status. ##
## ---------------------- ##

This file was extended by MPFR config.status 3.1.1, which was
generated by GNU Autoconf 2.69.  Invocation command line was

  CONFIG_FILES    = 
  CONFIG_HEADERS  = 
  CONFIG_LINKS    = 
  CONFIG_COMMANDS = 
  $ ./config.status 

on mba-5.local

config.status:1011: creating Makefile
config.status:1011: creating doc/Makefile
config.status:1011: creating src/Makefile
config.status:1011: creating tests/Makefile
config.status:1011: creating tune/Makefile
config.status:1011: creating src/mparam.h
config.status:1183: executing depfiles commands
config.status:1183: executing libtool commands

## ---------------- ##
## Cache variables. ##
## ---------------- ##

ac_cv_build=x86_64-apple-darwin13.0.0
ac_cv_c_compiler_gnu=yes
ac_cv_c_const=yes
ac_cv_c_volatile=yes
ac_cv_env_CC_set=set
ac_cv_env_CC_value=/usr/bin/gcc-4.2
ac_cv_env_CFLAGS_set=set
ac_cv_env_CFLAGS_value='-Os -arch x86_64 -isysroot /Developer/SDKs/MacOSX10.5.sdk -I/Users/soegaard/BuildRacketLibs/include'
ac_cv_env_CPPFLAGS_set=set
ac_cv_env_CPPFLAGS_value='-isysroot /Developer/SDKs/MacOSX10.5.sdk -mmacosx-version-min=10.5'
ac_cv_env_CPP_set=
ac_cv_env_CPP_value=
ac_cv_env_LDFLAGS_set=set
ac_cv_env_LDFLAGS_value='   -arch x86_64 -isysroot /Developer/SDKs/MacOSX10.5.sdk -L/Users/soegaard/BuildRacketLibs/lib'
ac_cv_env_LIBS_set=
ac_cv_env_LIBS_value=
ac_cv_env_build_alias_set=
ac_cv_env_build_alias_value=
ac_cv_env_host_alias_set=
ac_cv_env_host_alias_value=
ac_cv_env_target_alias_set=
ac_cv_env_target_alias_value=
ac_cv_func___gmpn_rootrem=yes
ac_cv_func___gmpn_sbpi1_divappr_q=yes
ac_cv_func_alloca_works=yes
ac_cv_func_gettimeofday=yes
ac_cv_func_memmove=yes
ac_cv_func_memset=yes
ac_cv_func_setlocale=yes
ac_cv_func_strtol=yes
ac_cv_header_dlfcn_h=yes
ac_cv_header_float_h=yes
ac_cv_header_inttypes_h=yes
ac_cv_header_limits_h=yes
ac_cv_header_locale_h=yes
ac_cv_header_memory_h=yes
ac_cv_header_stdarg_h=yes
ac_cv_header_stdc=yes
ac_cv_header_stdint_h=yes
ac_cv_header_stdlib_h=yes
ac_cv_header_string_h=yes
ac_cv_header_strings_h=yes
ac_cv_header_sys_fpu_h=no
ac_cv_header_sys_stat_h=yes
ac_cv_header_sys_time_h=yes
ac_cv_header_sys_types_h=yes
ac_cv_header_time=yes
ac_cv_header_unistd_h=yes
ac_cv_header_wchar_h=yes
ac_cv_host=x86_64-apple-darwin13.0.0
ac_cv_lib_gmp___gmpz_init=yes
ac_cv_lib_m_main=yes
ac_cv_objext=o
ac_cv_path_EGREP='/usr/bin/grep -E'
ac_cv_path_FGREP='/usr/bin/grep -F'
ac_cv_path_GREP=/usr/bin/grep
ac_cv_path_SED=/usr/bin/sed
ac_cv_path_install='/usr/bin/install -c'
ac_cv_prog_AWK=awk
ac_cv_prog_CPP='/usr/bin/gcc-4.2 -E'
ac_cv_prog_ac_ct_AR=ar
ac_cv_prog_ac_ct_CC=/usr/bin/gcc-4.2
ac_cv_prog_ac_ct_DLLTOOL=dlltool
ac_cv_prog_ac_ct_DSYMUTIL=dsymutil
ac_cv_prog_ac_ct_LIPO=lipo
ac_cv_prog_ac_ct_NMEDIT=nmedit
ac_cv_prog_ac_ct_OBJDUMP=objdump
ac_cv_prog_ac_ct_OTOOL=otool
ac_cv_prog_ac_ct_RANLIB=ranlib
ac_cv_prog_ac_ct_STRIP=strip
ac_cv_prog_cc__usr_bin_gcc_4_2_c_o=yes
ac_cv_prog_cc_c89=
ac_cv_prog_cc_g=yes
ac_cv_prog_make_make_set=yes
ac_cv_type_intmax_t=yes
ac_cv_type_long_double=yes
ac_cv_type_long_long_int=yes
ac_cv_type_size_t=yes
ac_cv_type_union_fpc_csr=no
ac_cv_working_alloca_h=yes
am_cv_CC_dependencies_compiler_type=gcc3
gl_cv_size_max=yes
gmp_cv_c_attribute_mode=yes
lt_cv_apple_cc_single_mod=yes
lt_cv_ar_at_file=no
lt_cv_deplibs_check_method=pass_all
lt_cv_file_magic_cmd='$MAGIC_CMD'
lt_cv_file_magic_test_file=
lt_cv_ld_exported_symbols_list=yes
lt_cv_ld_force_load=yes
lt_cv_ld_reload_flag=-r
lt_cv_nm_interface='BSD nm'
lt_cv_objdir=.libs
lt_cv_path_LD=/usr/libexec/gcc/i686-apple-darwin10/4.2.1/ld
lt_cv_path_NM=/opt/local/bin/nm
lt_cv_path_mainfest_tool=no
lt_cv_prog_compiler_c_o=yes
lt_cv_prog_compiler_pic='-fno-common -DPIC'
lt_cv_prog_compiler_pic_works=yes
lt_cv_prog_compiler_rtti_exceptions=no
lt_cv_prog_compiler_static_works=no
lt_cv_prog_gnu_ld=no
lt_cv_sharedlib_from_linklib_cmd='printf %s\n'
lt_cv_sys_global_symbol_pipe='sed -n -e '\''s/^.*[	 ]\([BCDEGRST][BCDEGRST]*\)[	 ][	 ]*_\([_A-Za-z][_A-Za-z0-9]*\)$/\1 _\2 \2/p'\'' | sed '\''/ __gnu_lto/d'\'''
lt_cv_sys_global_symbol_to_c_name_address='sed -n -e '\''s/^: \([^ ]*\)[ ]*$/  {\"\1\", (void *) 0},/p'\'' -e '\''s/^[BCDEGRST]* \([^ ]*\) \([^ ]*\)$/  {"\2", (void *) \&\2},/p'\'''
lt_cv_sys_global_symbol_to_c_name_address_lib_prefix='sed -n -e '\''s/^: \([^ ]*\)[ ]*$/  {\"\1\", (void *) 0},/p'\'' -e '\''s/^[BCDEGRST]* \([^ ]*\) \(lib[^ ]*\)$/  {"\2", (void *) \&\2},/p'\'' -e '\''s/^[BCDEGRST]* \([^ ]*\) \([^ ]*\)$/  {"lib\2", (void *) \&\2},/p'\'''
lt_cv_sys_global_symbol_to_cdecl='sed -n -e '\''s/^T .* \(.*\)$/extern int \1();/p'\'' -e '\''s/^[BCDEGRST]* .* \(.*\)$/extern char \1;/p'\'''
lt_cv_sys_max_cmd_len=196608
lt_cv_to_host_file_cmd=func_convert_file_noop
lt_cv_to_tool_file_cmd=func_convert_file_noop
mpfr_cv_c_long_double_format='IEEE extended, little endian'
mpfr_cv_errdivzero=no
mpfr_cv_gcc_floatconv_bug=no
mpfr_cv_have_denorms=yes
mpfr_cv_have_fesetround=yes
mpfr_cv_have_intmax_max=yes
mpfr_cv_nanisnan=no

## ----------------- ##
## Output variables. ##
## ----------------- ##

ACLOCAL='${SHELL} /Users/soegaard/BuildRacketLibs/mpfr/missing --run aclocal-1.11'
ALLOCA=''
AMDEPBACKSLASH='\'
AMDEP_FALSE='#'
AMDEP_TRUE=''
AMTAR='$${TAR-tar}'
AR='ar'
AS='as'
AUTOCONF='${SHELL} /Users/soegaard/BuildRacketLibs/mpfr/missing --run autoconf'
AUTOHEADER='${SHELL} /Users/soegaard/BuildRacketLibs/mpfr/missing --run autoheader'
AUTOMAKE='${SHELL} /Users/soegaard/BuildRacketLibs/mpfr/missing --run automake-1.11'
AWK='awk'
CC='/usr/bin/gcc-4.2'
CCDEPMODE='depmode=gcc3'
CFLAGS='-Os -arch x86_64 -isysroot /Developer/SDKs/MacOSX10.5.sdk -I/Users/soegaard/BuildRacketLibs/include'
CPP='/usr/bin/gcc-4.2 -E'
CPPFLAGS='-isysroot /Developer/SDKs/MacOSX10.5.sdk -mmacosx-version-min=10.5'
CYGPATH_W='echo'
DATAFILES=''
DEFS='-DTIME_WITH_SYS_TIME=1 -DHAVE_INTTYPES_H=1 -DHAVE_STDINT_H=1 -DHAVE_LOCALE_H=1 -DHAVE_WCHAR_H=1 -DHAVE_STDARG=1 -DHAVE_SYS_TIME_H=1 -DHAVE_ALLOCA_H=1 -DHAVE_STDINT_H=1 -DHAVE_VA_COPY=1 -DHAVE_SETLOCALE=1 -DHAVE_GETTIMEOFDAY=1 -DHAVE_LONG_LONG=1 -DHAVE_INTMAX_T=1 -DMPFR_HAVE_INTMAX_MAX=1 -DMPFR_HAVE_FESETROUND=1 -DHAVE_DENORMS=1 -DHAVE_ROUND=1 -DHAVE_TRUNC=1 -DHAVE_FLOOR=1 -DHAVE_CEIL=1 -DHAVE_NEARBYINT=1 -DHAVE_LDOUBLE_IEEE_EXT_LITTLE=1 -DLT_OBJDIR=\".libs/\" -DHAVE_ATTRIBUTE_MODE=1 -DHAVE___GMPN_ROOTREM=1 -DHAVE___GMPN_SBPI1_DIVAPPR_Q=1'
DEPDIR='.deps'
DLLTOOL='dlltool'
DSYMUTIL='dsymutil'
DUMPBIN=''
ECHO_C='\c'
ECHO_N=''
ECHO_T=''
EGREP='/usr/bin/grep -E'
EXEEXT=''
FGREP='/usr/bin/grep -F'
GREP='/usr/bin/grep'
INSTALL_DATA='${INSTALL} -m 644'
INSTALL_PROGRAM='${INSTALL}'
INSTALL_SCRIPT='${INSTALL}'
INSTALL_STRIP_PROGRAM='$(install_sh) -c -s'
LD='/usr/libexec/gcc/i686-apple-darwin10/4.2.1/ld'
LDFLAGS='-Wl,-search_paths_first    -arch x86_64 -isysroot /Developer/SDKs/MacOSX10.5.sdk -L/Users/soegaard/BuildRacketLibs/lib'
LIBMPFR_LDFLAGS=''
LIBOBJS=''
LIBS='-lgmp '
LIBTOOL='$(SHELL) $(top_builddir)/libtool'
LIPO='lipo'
LN_S='ln -s'
LTLIBOBJS=''
MAINT=''
MAINTAINER_MODE_FALSE='#'
MAINTAINER_MODE_TRUE=''
MAKEINFO='${SHELL} /Users/soegaard/BuildRacketLibs/mpfr/missing --run makeinfo'
MANIFEST_TOOL=':'
MKDIR_P='./install-sh -c -d'
MPFR_LDFLAGS=''
MPFR_LIBM='-lm'
NM='/opt/local/bin/nm'
NMEDIT='nmedit'
OBJDUMP='objdump'
OBJEXT='o'
OTOOL64=':'
OTOOL='otool'
PACKAGE='mpfr'
PACKAGE_BUGREPORT=''
PACKAGE_NAME='MPFR'
PACKAGE_STRING='MPFR 3.1.1'
PACKAGE_TARNAME='mpfr'
PACKAGE_URL=''
PACKAGE_VERSION='3.1.1'
PATH_SEPARATOR=':'
RANLIB='ranlib'
SED='/usr/bin/sed'
SET_MAKE=''
SHELL='/bin/sh'
STRIP='strip'
VERSION='3.1.1'
ac_ct_AR='ar'
ac_ct_CC='/usr/bin/gcc-4.2'
ac_ct_DUMPBIN=''
am__EXEEXT_FALSE=''
am__EXEEXT_TRUE='#'
am__fastdepCC_FALSE='#'
am__fastdepCC_TRUE=''
am__include='include'
am__isrc=''
am__leading_dot='.'
am__nodep='_no'
am__quote=''
am__tar='$${TAR-tar} chof - "$$tardir"'
am__untar='$${TAR-tar} xf -'
bindir='${exec_prefix}/bin'
build='x86_64-apple-darwin13.0.0'
build_alias=''
build_cpu='x86_64'
build_os='darwin13.0.0'
build_vendor='apple'
datadir='${datarootdir}'
datarootdir='${prefix}/share'
docdir='${datarootdir}/doc/${PACKAGE_TARNAME}'
dvidir='${docdir}'
exec_prefix='${prefix}'
host='x86_64-apple-darwin13.0.0'
host_alias=''
host_cpu='x86_64'
host_os='darwin13.0.0'
host_vendor='apple'
htmldir='${docdir}'
includedir='${prefix}/include'
infodir='${datarootdir}/info'
install_sh='${SHELL} /Users/soegaard/BuildRacketLibs/mpfr/install-sh'
libdir='${exec_prefix}/lib'
libexecdir='${exec_prefix}/libexec'
localedir='${datarootdir}/locale'
localstatedir='${prefix}/var'
mandir='${datarootdir}/man'
mkdir_p='$(top_builddir)/./install-sh -c -d'
oldincludedir='/usr/include'
pdfdir='${docdir}'
prefix='/Users/soegaard/BuildRacketLibs'
program_transform_name='s,x,x,'
psdir='${docdir}'
sbindir='${exec_prefix}/sbin'
sharedstatedir='${prefix}/com'
sysconfdir='${prefix}/etc'
target_alias=''

## ----------- ##
## confdefs.h. ##
## ----------- ##

/* confdefs.h */
#define TIME_WITH_SYS_TIME 1
#define HAVE_INTTYPES_H 1
#define HAVE_STDINT_H 1
#define HAVE_LOCALE_H 1
#define HAVE_WCHAR_H 1
#define HAVE_STDARG 1
#define HAVE_SYS_TIME_H 1
#define HAVE_ALLOCA_H 1
#define HAVE_STDINT_H 1
#define HAVE_VA_COPY 1
#define HAVE_SETLOCALE 1
#define HAVE_GETTIMEOFDAY 1
#define HAVE_LONG_LONG 1
#define HAVE_INTMAX_T 1
#define MPFR_HAVE_INTMAX_MAX 1
#define MPFR_HAVE_FESETROUND 1
#define HAVE_DENORMS 1
#define HAVE_ROUND 1
#define HAVE_TRUNC 1
#define HAVE_FLOOR 1
#define HAVE_CEIL 1
#define HAVE_NEARBYINT 1
#define HAVE_LDOUBLE_IEEE_EXT_LITTLE 1
#define LT_OBJDIR ".libs/"
#define HAVE_ATTRIBUTE_MODE 1
#define HAVE___GMPN_ROOTREM 1
#define HAVE___GMPN_SBPI1_DIVAPPR_Q 1

configure: exit 0
