This file contains any messages produced by compilers while
running configure, to aid debugging if configure makes a mistake.

It was created by configure, which was
generated by GNU Autoconf 2.65.  Invocation command line was

  $ ./configure --disable-option-checking --prefix=/Users/soegaard/BuildRacketLibs CC=/usr/bin/gcc-4.2 CFLAGS=-Os -arch x86_64 -isysroot /Developer/SDKs/MacOSX10.5.sdk -I/Users/soegaard/BuildRacketLibs/include LDFLAGS=   -arch x86_64 -isysroot /Developer/SDKs/MacOSX10.5.sdk -L/Users/soegaard/BuildRacketLibs/lib CPPFLAGS=-isysroot /Developer/SDKs/MacOSX10.5.sdk -mmacosx-version-min=10.5 CXXFLAGS=-I/Users/soegaard/BuildRacketLibs/include --cache-file=/dev/null --srcdir=.

## --------- ##
## Platform. ##
## --------- ##

hostname = mba-5.local
uname -m = x86_64
uname -r = 13.0.0
uname -s = Darwin
uname -v = Darwin Kernel Version 13.0.0: Thu Sep 19 22:22:27 PDT 2013; root:xnu-2422.1.72~6/RELEASE_X86_64

/usr/bin/uname -p = i386
/bin/uname -X     = unknown

/bin/arch              = unknown
/usr/bin/arch -k       = unknown
/usr/convex/getsysinfo = unknown
/usr/bin/hostinfo      = Mach kernel version:
	 Darwin Kernel Version 13.0.0: Thu Sep 19 22:22:27 PDT 2013; root:xnu-2422.1.72~6/RELEASE_X86_64
Kernel configured for up to 4 processors.
2 processors are physically available.
4 processors are logically available.
Processor type: i486 (Intel 80486)
Processors active: 0 1 2 3
Primary memory available: 4.00 gigabytes
Default processor set: 313 tasks, 1901 threads, 4 processors
Load average: 3.76, Mach factor: 0.84
/bin/machine           = unknown
/usr/bin/oslevel       = unknown
/bin/universe          = unknown

PATH: /opt/local/bin
PATH: /opt/local/sbin
PATH: /opt/local/bin
PATH: /opt/local/sbin
PATH: /usr/bin
PATH: /bin
PATH: /usr/sbin
PATH: /sbin
PATH: /usr/local/bin
PATH: /opt/X11/bin


## ----------- ##
## Core tests. ##
## ----------- ##

configure:1733: checking for a BSD-compatible install
configure:1801: result: /usr/bin/install -c
configure:1812: checking whether build environment is sane
configure:1862: result: yes
configure:2003: checking for a thread-safe mkdir -p
configure:2042: result: ../../build-aux/install-sh -c -d
configure:2055: checking for gawk
configure:2085: result: no
configure:2055: checking for mawk
configure:2085: result: no
configure:2055: checking for nawk
configure:2085: result: no
configure:2055: checking for awk
configure:2071: found /usr/bin/awk
configure:2082: result: awk
configure:2093: checking whether make sets $(MAKE)
configure:2115: result: yes
configure:2221: checking whether NLS is requested
configure:2230: result: yes
configure:2271: checking for msgfmt
configure: trying /opt/local/bin/msgfmt...
0 translated messages.
configure:2303: result: /opt/local/bin/msgfmt
configure:2312: checking for gmsgfmt
configure:2343: result: /opt/local/bin/msgfmt
configure:2394: checking for xgettext
configure: trying /opt/local/bin/xgettext...
/opt/local/bin/xgettext: warning: file '/dev/null' extension '' is unknown; will try C
configure:2426: result: /opt/local/bin/xgettext
configure:2472: checking for msgmerge
configure: trying /opt/local/bin/msgmerge...
configure:2503: result: /opt/local/bin/msgmerge
configure:2670: creating ./config.status

## ---------------------- ##
## Running config.status. ##
## ---------------------- ##

This file was extended by gettext-examples config.status, which was
generated by GNU Autoconf 2.65.  Invocation command line was

  CONFIG_FILES    = 
  CONFIG_HEADERS  = 
  CONFIG_LINKS    = 
  CONFIG_COMMANDS = 
  $ ./config.status 

on mba-5.local

config.status:773: creating Makefile
config.status:773: creating installpaths
config.status:773: creating po/Makefile
config.status:936: executing po-directories commands

## ---------------- ##
## Cache variables. ##
## ---------------- ##

ac_cv_env_build_alias_set=
ac_cv_env_build_alias_value=
ac_cv_env_host_alias_set=
ac_cv_env_host_alias_value=
ac_cv_env_target_alias_set=
ac_cv_env_target_alias_value=
ac_cv_path_GMSGFMT=/opt/local/bin/msgfmt
ac_cv_path_MSGFMT=/opt/local/bin/msgfmt
ac_cv_path_MSGMERGE=/opt/local/bin/msgmerge
ac_cv_path_XGETTEXT=/opt/local/bin/xgettext
ac_cv_path_install='/usr/bin/install -c'
ac_cv_prog_AWK=awk
ac_cv_prog_make_make_set=yes

## ----------------- ##
## Output variables. ##
## ----------------- ##

ACLOCAL='${SHELL} /Users/soegaard/BuildRacketLibs/gettext/build-aux/missing --run aclocal-1.11'
AMTAR='${SHELL} /Users/soegaard/BuildRacketLibs/gettext/build-aux/missing --run tar'
AM_BACKSLASH='\'
AM_DEFAULT_VERBOSITY='1'
AUTOCONF='${SHELL} /Users/soegaard/BuildRacketLibs/gettext/build-aux/missing --run autoconf'
AUTOHEADER='${SHELL} /Users/soegaard/BuildRacketLibs/gettext/build-aux/missing --run autoheader'
AUTOMAKE='${SHELL} /Users/soegaard/BuildRacketLibs/gettext/build-aux/missing --run automake-1.11'
AWK='awk'
CYGPATH_W='echo'
DEFS='-DPACKAGE_NAME=\"\" -DPACKAGE_TARNAME=\"\" -DPACKAGE_VERSION=\"\" -DPACKAGE_STRING=\"\" -DPACKAGE_BUGREPORT=\"\" -DPACKAGE_URL=\"\" -DPACKAGE=\"gettext-examples\" -DVERSION=\"0.18.1\"'
ECHO_C='\c'
ECHO_N=''
ECHO_T=''
GETTEXT_MACRO_VERSION='0.18'
GMSGFMT='/opt/local/bin/msgfmt'
GMSGFMT_015='/opt/local/bin/msgfmt'
INSTALL_DATA='${INSTALL} -m 644'
INSTALL_PROGRAM='${INSTALL}'
INSTALL_SCRIPT='${INSTALL}'
INSTALL_STRIP_PROGRAM='$(install_sh) -c -s'
LIBOBJS=''
LIBS=''
LTLIBOBJS=''
MAKEINFO='${SHELL} /Users/soegaard/BuildRacketLibs/gettext/build-aux/missing --run makeinfo'
MKDIR_P='../../build-aux/install-sh -c -d'
MSGFMT='/opt/local/bin/msgfmt'
MSGFMT_015='/opt/local/bin/msgfmt'
MSGMERGE='/opt/local/bin/msgmerge'
PACKAGE='gettext-examples'
PACKAGE_BUGREPORT=''
PACKAGE_NAME=''
PACKAGE_STRING=''
PACKAGE_TARNAME=''
PACKAGE_URL=''
PACKAGE_VERSION=''
PATH_SEPARATOR=':'
SET_MAKE=''
SHELL='/bin/sh'
STRIP=''
USE_NLS='yes'
VERSION='0.18.1'
XGETTEXT='/opt/local/bin/xgettext'
XGETTEXT_015='/opt/local/bin/xgettext'
XGETTEXT_EXTRA_OPTIONS=''
aclocaldir='${datadir}/aclocal'
am__isrc=''
am__leading_dot='.'
am__tar='${AMTAR} chof - "$$tardir"'
am__untar='${AMTAR} xf -'
bindir='${exec_prefix}/bin'
build_alias=''
datadir='${datarootdir}'
datarootdir='${prefix}/share'
docdir='${datarootdir}/doc/gettext'
dvidir='${docdir}'
exec_prefix='${prefix}'
host_alias=''
htmldir='${docdir}'
includedir='${prefix}/include'
infodir='${datarootdir}/info'
install_sh='${SHELL} /Users/soegaard/BuildRacketLibs/gettext/build-aux/install-sh'
libdir='${exec_prefix}/lib'
libexecdir='${exec_prefix}/libexec'
localedir='${datarootdir}/locale'
localstatedir='${prefix}/var'
mandir='${datarootdir}/man'
mkdir_p='$(top_builddir)/../../build-aux/install-sh -c -d'
oldincludedir='/usr/include'
pdfdir='${docdir}'
prefix='/Users/soegaard/BuildRacketLibs'
program_transform_name='s,x,x,'
psdir='${docdir}'
sbindir='${exec_prefix}/sbin'
sharedstatedir='${prefix}/com'
sysconfdir='${prefix}/etc'
target_alias=''

## ----------- ##
## confdefs.h. ##
## ----------- ##

/* confdefs.h */
#define PACKAGE_NAME ""
#define PACKAGE_TARNAME ""
#define PACKAGE_VERSION ""
#define PACKAGE_STRING ""
#define PACKAGE_BUGREPORT ""
#define PACKAGE_URL ""
#define PACKAGE "gettext-examples"
#define VERSION "0.18.1"

configure: exit 0
