This file contains any messages produced by compilers while
running configure, to aid debugging if configure makes a mistake.

It was created by libpng configure 1.5.17, which was
generated by GNU Autoconf 2.69.  Invocation command line was

  $ ./configure --prefix=/Users/soegaard/BuildRacketLibs

## --------- ##
## Platform. ##
## --------- ##

hostname = mba-5.local
uname -m = x86_64
uname -r = 13.0.0
uname -s = Darwin
uname -v = Darwin Kernel Version 13.0.0: Thu Sep 19 22:22:27 PDT 2013; root:xnu-2422.1.72~6/RELEASE_X86_64

/usr/bin/uname -p = i386
/bin/uname -X     = unknown

/bin/arch              = unknown
/usr/bin/arch -k       = unknown
/usr/convex/getsysinfo = unknown
/usr/bin/hostinfo      = Mach kernel version:
	 Darwin Kernel Version 13.0.0: Thu Sep 19 22:22:27 PDT 2013; root:xnu-2422.1.72~6/RELEASE_X86_64
Kernel configured for up to 4 processors.
2 processors are physically available.
4 processors are logically available.
Processor type: i486 (Intel 80486)
Processors active: 0 1 2 3
Primary memory available: 4.00 gigabytes
Default processor set: 309 tasks, 1850 threads, 4 processors
Load average: 2.65, Mach factor: 2.05
/bin/machine           = unknown
/usr/bin/oslevel       = unknown
/bin/universe          = unknown

PATH: /opt/local/bin
PATH: /opt/local/sbin
PATH: /opt/local/bin
PATH: /opt/local/sbin
PATH: /usr/bin
PATH: /bin
PATH: /usr/sbin
PATH: /sbin
PATH: /usr/local/bin
PATH: /opt/X11/bin


## ----------- ##
## Core tests. ##
## ----------- ##

configure:2353: checking for a BSD-compatible install
configure:2421: result: /usr/bin/install -c
configure:2432: checking whether build environment is sane
configure:2487: result: yes
configure:2638: checking for a thread-safe mkdir -p
configure:2677: result: ./install-sh -c -d
configure:2684: checking for gawk
configure:2714: result: no
configure:2684: checking for mawk
configure:2714: result: no
configure:2684: checking for nawk
configure:2714: result: no
configure:2684: checking for awk
configure:2700: found /usr/bin/awk
configure:2711: result: awk
configure:2722: checking whether make sets $(MAKE)
configure:2744: result: yes
configure:2773: checking whether make supports nested variables
configure:2790: result: yes
configure:2870: checking whether to enable maintainer-specific portions of Makefiles
configure:2879: result: no
configure:2958: checking for gcc
configure:2985: result: /usr/bin/gcc-4.2
configure:3214: checking for C compiler version
configure:3223: /usr/bin/gcc-4.2 --version >&5
i686-apple-darwin10-gcc-4.2.1 (GCC) 4.2.1 (Apple Inc. build 5666) (dot 3)
Copyright (C) 2007 Free Software Foundation, Inc.
This is free software; see the source for copying conditions.  There is NO
warranty; not even for MERCHANTABILITY or FITNESS FOR A PARTICULAR PURPOSE.

configure:3234: $? = 0
configure:3223: /usr/bin/gcc-4.2 -v >&5
Using built-in specs.
Target: i686-apple-darwin10
Configured with: /var/tmp/gcc/gcc-5666.3~6/src/configure --disable-checking --enable-werror --prefix=/usr --mandir=/share/man --enable-languages=c,objc,c++,obj-c++ --program-transform-name=/^[cg][^.-]*$/s/$/-4.2/ --with-slibdir=/usr/lib --build=i686-apple-darwin10 --program-prefix=i686-apple-darwin10- --host=x86_64-apple-darwin10 --target=i686-apple-darwin10 --with-gxx-include-dir=/include/c++/4.2.1
Thread model: posix
gcc version 4.2.1 (Apple Inc. build 5666) (dot 3)
configure:3234: $? = 0
configure:3223: /usr/bin/gcc-4.2 -V >&5
gcc-4.2: argument to `-V' is missing
configure:3234: $? = 1
configure:3223: /usr/bin/gcc-4.2 -qversion >&5
i686-apple-darwin10-gcc-4.2.1: no input files
configure:3234: $? = 1
configure:3254: checking whether the C compiler works
configure:3276: /usr/bin/gcc-4.2 -Os -arch x86_64 -isysroot /Developer/SDKs/MacOSX10.5.sdk  -arch x86_64 -isysroot /Developer/SDKs/MacOSX10.5.sdk conftest.c  >&5
configure:3280: $? = 0
configure:3328: result: yes
configure:3331: checking for C compiler default output file name
configure:3333: result: a.out
configure:3339: checking for suffix of executables
configure:3346: /usr/bin/gcc-4.2 -o conftest -Os -arch x86_64 -isysroot /Developer/SDKs/MacOSX10.5.sdk  -arch x86_64 -isysroot /Developer/SDKs/MacOSX10.5.sdk conftest.c  >&5
configure:3350: $? = 0
configure:3372: result: 
configure:3394: checking whether we are cross compiling
configure:3402: /usr/bin/gcc-4.2 -o conftest -Os -arch x86_64 -isysroot /Developer/SDKs/MacOSX10.5.sdk  -arch x86_64 -isysroot /Developer/SDKs/MacOSX10.5.sdk conftest.c  >&5
configure:3406: $? = 0
configure:3413: ./conftest
configure:3417: $? = 0
configure:3432: result: no
configure:3437: checking for suffix of object files
configure:3459: /usr/bin/gcc-4.2 -c -Os -arch x86_64 -isysroot /Developer/SDKs/MacOSX10.5.sdk  conftest.c >&5
configure:3463: $? = 0
configure:3484: result: o
configure:3488: checking whether we are using the GNU C compiler
configure:3507: /usr/bin/gcc-4.2 -c -Os -arch x86_64 -isysroot /Developer/SDKs/MacOSX10.5.sdk  conftest.c >&5
configure:3507: $? = 0
configure:3516: result: yes
configure:3525: checking whether /usr/bin/gcc-4.2 accepts -g
configure:3545: /usr/bin/gcc-4.2 -c -g  conftest.c >&5
configure:3545: $? = 0
configure:3586: result: yes
configure:3603: checking for /usr/bin/gcc-4.2 option to accept ISO C89
configure:3666: /usr/bin/gcc-4.2  -c -Os -arch x86_64 -isysroot /Developer/SDKs/MacOSX10.5.sdk  conftest.c >&5
configure:3666: $? = 0
configure:3679: result: none needed
configure:3710: checking for style of include used by make
configure:3738: result: GNU
configure:3764: checking dependency style of /usr/bin/gcc-4.2
configure:3875: result: gcc3
configure:3899: checking dependency style of /usr/bin/gcc-4.2
configure:4008: result: gcc3
configure:4027: checking build system type
configure:4041: result: x86_64-apple-darwin13.0.0
configure:4061: checking host system type
configure:4074: result: x86_64-apple-darwin13.0.0
configure:4094: checking for a sed that does not truncate output
configure:4158: result: /usr/bin/sed
configure:4176: checking for grep that handles long lines and -e
configure:4234: result: /usr/bin/grep
configure:4239: checking for egrep
configure:4301: result: /usr/bin/grep -E
configure:4306: checking for fgrep
configure:4368: result: /usr/bin/grep -F
configure:4395: checking how to print strings
configure:4422: result: printf
configure:4455: checking for ld used by /usr/bin/gcc-4.2
configure:4522: result: /usr/libexec/gcc/i686-apple-darwin10/4.2.1/ld
configure:4529: checking if the linker (/usr/libexec/gcc/i686-apple-darwin10/4.2.1/ld) is GNU ld
configure:4544: result: no
configure:4561: checking how to run the C preprocessor
configure:4592: /usr/bin/gcc-4.2 -E  conftest.c
configure:4592: $? = 0
configure:4606: /usr/bin/gcc-4.2 -E  conftest.c
conftest.c:11:28: error: ac_nonexistent.h: No such file or directory
configure:4606: $? = 1
configure: failed program was:
| /* confdefs.h */
| #define PACKAGE_NAME "libpng"
| #define PACKAGE_TARNAME "libpng"
| #define PACKAGE_VERSION "1.5.17"
| #define PACKAGE_STRING "libpng 1.5.17"
| #define PACKAGE_BUGREPORT "png-mng-implement@lists.sourceforge.net"
| #define PACKAGE_URL ""
| #define PACKAGE "libpng"
| #define VERSION "1.5.17"
| /* end confdefs.h.  */
| #include <ac_nonexistent.h>
configure:4631: result: /usr/bin/gcc-4.2 -E
configure:4651: /usr/bin/gcc-4.2 -E  conftest.c
configure:4651: $? = 0
configure:4665: /usr/bin/gcc-4.2 -E  conftest.c
conftest.c:11:28: error: ac_nonexistent.h: No such file or directory
configure:4665: $? = 1
configure: failed program was:
| /* confdefs.h */
| #define PACKAGE_NAME "libpng"
| #define PACKAGE_TARNAME "libpng"
| #define PACKAGE_VERSION "1.5.17"
| #define PACKAGE_STRING "libpng 1.5.17"
| #define PACKAGE_BUGREPORT "png-mng-implement@lists.sourceforge.net"
| #define PACKAGE_URL ""
| #define PACKAGE "libpng"
| #define VERSION "1.5.17"
| /* end confdefs.h.  */
| #include <ac_nonexistent.h>
configure:4693: checking for a sed that does not truncate output
configure:4757: result: /usr/bin/sed
configure:4766: checking for gawk
configure:4793: result: awk
configure:4805: checking whether ln -s works
configure:4809: result: yes
configure:4816: checking whether make sets $(MAKE)
configure:4838: result: yes
configure:4889: checking for BSD- or MS-compatible name lister (nm)
configure:4938: result: /opt/local/bin/nm
configure:5068: checking the name lister (/opt/local/bin/nm) interface
configure:5075: /usr/bin/gcc-4.2 -c -Os -arch x86_64 -isysroot /Developer/SDKs/MacOSX10.5.sdk  conftest.c >&5
configure:5078: /opt/local/bin/nm "conftest.o"
configure:5081: output
0000000000000000 D _some_variable
configure:5088: result: BSD nm
configure:5092: checking the maximum length of command line arguments
configure:5222: result: 196608
configure:5239: checking whether the shell understands some XSI constructs
configure:5249: result: yes
configure:5253: checking whether the shell understands "+="
configure:5259: result: yes
configure:5294: checking how to convert x86_64-apple-darwin13.0.0 file names to x86_64-apple-darwin13.0.0 format
configure:5334: result: func_convert_file_noop
configure:5341: checking how to convert x86_64-apple-darwin13.0.0 file names to toolchain format
configure:5361: result: func_convert_file_noop
configure:5368: checking for /usr/libexec/gcc/i686-apple-darwin10/4.2.1/ld option to reload object files
configure:5375: result: -r
configure:5449: checking for objdump
configure:5479: result: no
configure:5505: checking how to recognize dependent libraries
configure:5707: result: pass_all
configure:5792: checking for dlltool
configure:5822: result: no
configure:5849: checking how to associate runtime and link libraries
configure:5876: result: printf %s\n
configure:5937: checking for ar
configure:5953: found /opt/local/bin/ar
configure:5964: result: ar
configure:6001: checking for archiver @FILE support
configure:6018: /usr/bin/gcc-4.2 -c -Os -arch x86_64 -isysroot /Developer/SDKs/MacOSX10.5.sdk  conftest.c >&5
configure:6018: $? = 0
configure:6021: ar cru libconftest.a @conftest.lst >&5
ar: @conftest.lst: No such file or directory
configure:6024: $? = 1
configure:6044: result: no
configure:6102: checking for strip
configure:6118: found /opt/local/bin/strip
configure:6129: result: strip
configure:6201: checking for ranlib
configure:6217: found /opt/local/bin/ranlib
configure:6228: result: ranlib
configure:6330: checking command to parse /opt/local/bin/nm output from /usr/bin/gcc-4.2 object
configure:6450: /usr/bin/gcc-4.2 -c -Os -arch x86_64 -isysroot /Developer/SDKs/MacOSX10.5.sdk  conftest.c >&5
configure:6453: $? = 0
configure:6457: /opt/local/bin/nm conftest.o \| sed -n -e 's/^.*[ ]\([BCDEGRST][BCDEGRST]*\)[ ][ ]*\([_A-Za-z][_A-Za-z0-9]*\)$/\1 \2 \2/p' | sed '/ __gnu_lto/d' \> conftest.nm
configure:6460: $? = 0
cannot find nm_test_var in conftest.nm
configure:6450: /usr/bin/gcc-4.2 -c -Os -arch x86_64 -isysroot /Developer/SDKs/MacOSX10.5.sdk  conftest.c >&5
configure:6453: $? = 0
configure:6457: /opt/local/bin/nm conftest.o \| sed -n -e 's/^.*[ ]\([BCDEGRST][BCDEGRST]*\)[ ][ ]*_\([_A-Za-z][_A-Za-z0-9]*\)$/\1 _\2 \2/p' | sed '/ __gnu_lto/d' \> conftest.nm
configure:6460: $? = 0
configure:6526: /usr/bin/gcc-4.2 -o conftest -Os -arch x86_64 -isysroot /Developer/SDKs/MacOSX10.5.sdk  -arch x86_64 -isysroot /Developer/SDKs/MacOSX10.5.sdk conftest.c conftstm.o >&5
configure:6529: $? = 0
configure:6567: result: ok
configure:6604: checking for sysroot
configure:6634: result: no
configure:6890: checking for mt
configure:6920: result: no
configure:6940: checking if : is a manifest tool
configure:6946: : '-?'
configure:6954: result: no
configure:7010: checking for dsymutil
configure:7026: found /usr/bin/dsymutil
configure:7037: result: dsymutil
configure:7102: checking for nmedit
configure:7118: found /opt/local/bin/nmedit
configure:7129: result: nmedit
configure:7194: checking for lipo
configure:7210: found /opt/local/bin/lipo
configure:7221: result: lipo
configure:7286: checking for otool
configure:7302: found /opt/local/bin/otool
configure:7313: result: otool
configure:7378: checking for otool64
configure:7408: result: no
configure:7453: checking for -single_module linker flag
/usr/bin/gcc-4.2 -Os -arch x86_64 -isysroot /Developer/SDKs/MacOSX10.5.sdk -arch x86_64 -isysroot /Developer/SDKs/MacOSX10.5.sdk -o libconftest.dylib -dynamiclib -Wl,-single_module conftest.c
configure:7486: result: yes
configure:7489: checking for -exported_symbols_list linker flag
configure:7509: /usr/bin/gcc-4.2 -o conftest -Os -arch x86_64 -isysroot /Developer/SDKs/MacOSX10.5.sdk  -arch x86_64 -isysroot /Developer/SDKs/MacOSX10.5.sdk -Wl,-exported_symbols_list,conftest.sym conftest.c  >&5
configure:7509: $? = 0
configure:7519: result: yes
configure:7522: checking for -force_load linker flag
/usr/bin/gcc-4.2 -Os -arch x86_64 -isysroot /Developer/SDKs/MacOSX10.5.sdk -c -o conftest.o conftest.c
ar cru libconftest.a conftest.o
ranlib libconftest.a
/usr/bin/gcc-4.2 -Os -arch x86_64 -isysroot /Developer/SDKs/MacOSX10.5.sdk -arch x86_64 -isysroot /Developer/SDKs/MacOSX10.5.sdk -o conftest conftest.c -Wl,-force_load,./libconftest.a
configure:7554: result: yes
configure:7592: checking for ANSI C header files
configure:7612: /usr/bin/gcc-4.2 -c -Os -arch x86_64 -isysroot /Developer/SDKs/MacOSX10.5.sdk  conftest.c >&5
configure:7612: $? = 0
configure:7685: /usr/bin/gcc-4.2 -o conftest -Os -arch x86_64 -isysroot /Developer/SDKs/MacOSX10.5.sdk  -arch x86_64 -isysroot /Developer/SDKs/MacOSX10.5.sdk conftest.c  >&5
configure:7685: $? = 0
configure:7685: ./conftest
configure:7685: $? = 0
configure:7696: result: yes
configure:7709: checking for sys/types.h
configure:7709: /usr/bin/gcc-4.2 -c -Os -arch x86_64 -isysroot /Developer/SDKs/MacOSX10.5.sdk  conftest.c >&5
configure:7709: $? = 0
configure:7709: result: yes
configure:7709: checking for sys/stat.h
configure:7709: /usr/bin/gcc-4.2 -c -Os -arch x86_64 -isysroot /Developer/SDKs/MacOSX10.5.sdk  conftest.c >&5
configure:7709: $? = 0
configure:7709: result: yes
configure:7709: checking for stdlib.h
configure:7709: /usr/bin/gcc-4.2 -c -Os -arch x86_64 -isysroot /Developer/SDKs/MacOSX10.5.sdk  conftest.c >&5
configure:7709: $? = 0
configure:7709: result: yes
configure:7709: checking for string.h
configure:7709: /usr/bin/gcc-4.2 -c -Os -arch x86_64 -isysroot /Developer/SDKs/MacOSX10.5.sdk  conftest.c >&5
configure:7709: $? = 0
configure:7709: result: yes
configure:7709: checking for memory.h
configure:7709: /usr/bin/gcc-4.2 -c -Os -arch x86_64 -isysroot /Developer/SDKs/MacOSX10.5.sdk  conftest.c >&5
configure:7709: $? = 0
configure:7709: result: yes
configure:7709: checking for strings.h
configure:7709: /usr/bin/gcc-4.2 -c -Os -arch x86_64 -isysroot /Developer/SDKs/MacOSX10.5.sdk  conftest.c >&5
configure:7709: $? = 0
configure:7709: result: yes
configure:7709: checking for inttypes.h
configure:7709: /usr/bin/gcc-4.2 -c -Os -arch x86_64 -isysroot /Developer/SDKs/MacOSX10.5.sdk  conftest.c >&5
configure:7709: $? = 0
configure:7709: result: yes
configure:7709: checking for stdint.h
configure:7709: /usr/bin/gcc-4.2 -c -Os -arch x86_64 -isysroot /Developer/SDKs/MacOSX10.5.sdk  conftest.c >&5
configure:7709: $? = 0
configure:7709: result: yes
configure:7709: checking for unistd.h
configure:7709: /usr/bin/gcc-4.2 -c -Os -arch x86_64 -isysroot /Developer/SDKs/MacOSX10.5.sdk  conftest.c >&5
configure:7709: $? = 0
configure:7709: result: yes
configure:7723: checking for dlfcn.h
configure:7723: /usr/bin/gcc-4.2 -c -Os -arch x86_64 -isysroot /Developer/SDKs/MacOSX10.5.sdk  conftest.c >&5
configure:7723: $? = 0
configure:7723: result: yes
configure:8227: checking for objdir
configure:8242: result: .libs
configure:8509: checking if /usr/bin/gcc-4.2 supports -fno-rtti -fno-exceptions
configure:8527: /usr/bin/gcc-4.2 -c -Os -arch x86_64 -isysroot /Developer/SDKs/MacOSX10.5.sdk  -fno-rtti -fno-exceptions conftest.c >&5
cc1: warning: command line option "-fno-rtti" is valid for C++/ObjC++ but not for C
configure:8531: $? = 0
configure:8544: result: no
configure:8871: checking for /usr/bin/gcc-4.2 option to produce PIC
configure:8878: result: -fno-common -DPIC
configure:8886: checking if /usr/bin/gcc-4.2 PIC flag -fno-common -DPIC works
configure:8904: /usr/bin/gcc-4.2 -c -Os -arch x86_64 -isysroot /Developer/SDKs/MacOSX10.5.sdk  -fno-common -DPIC -DPIC conftest.c >&5
configure:8908: $? = 0
configure:8921: result: yes
configure:8950: checking if /usr/bin/gcc-4.2 static flag -static works
configure:8978: result: no
configure:8993: checking if /usr/bin/gcc-4.2 supports -c -o file.o
configure:9014: /usr/bin/gcc-4.2 -c -Os -arch x86_64 -isysroot /Developer/SDKs/MacOSX10.5.sdk  -o out/conftest2.o conftest.c >&5
configure:9018: $? = 0
configure:9040: result: yes
configure:9048: checking if /usr/bin/gcc-4.2 supports -c -o file.o
configure:9095: result: yes
configure:9128: checking whether the /usr/bin/gcc-4.2 linker (/usr/libexec/gcc/i686-apple-darwin10/4.2.1/ld) supports shared libraries
configure:10281: result: yes
configure:10521: checking dynamic linker characteristics
configure:11254: result: darwin13.0.0 dyld
configure:11361: checking how to hardcode library paths into programs
configure:11386: result: immediate
configure:11926: checking whether stripping libraries is possible
configure:11940: result: yes
configure:11966: checking if libtool supports shared libraries
configure:11968: result: yes
configure:11971: checking whether to build shared libraries
configure:11992: result: yes
configure:11995: checking whether to build static libraries
configure:11999: result: yes
configure:12038: checking for ANSI C header files
configure:12142: result: yes
configure:12153: checking malloc.h usability
configure:12153: /usr/bin/gcc-4.2 -c -Os -arch x86_64 -isysroot /Developer/SDKs/MacOSX10.5.sdk  conftest.c >&5
conftest.c:57:20: error: malloc.h: No such file or directory
configure:12153: $? = 1
configure: failed program was:
| /* confdefs.h */
| #define PACKAGE_NAME "libpng"
| #define PACKAGE_TARNAME "libpng"
| #define PACKAGE_VERSION "1.5.17"
| #define PACKAGE_STRING "libpng 1.5.17"
| #define PACKAGE_BUGREPORT "png-mng-implement@lists.sourceforge.net"
| #define PACKAGE_URL ""
| #define PACKAGE "libpng"
| #define VERSION "1.5.17"
| #define STDC_HEADERS 1
| #define HAVE_SYS_TYPES_H 1
| #define HAVE_SYS_STAT_H 1
| #define HAVE_STDLIB_H 1
| #define HAVE_STRING_H 1
| #define HAVE_MEMORY_H 1
| #define HAVE_STRINGS_H 1
| #define HAVE_INTTYPES_H 1
| #define HAVE_STDINT_H 1
| #define HAVE_UNISTD_H 1
| #define HAVE_DLFCN_H 1
| #define LT_OBJDIR ".libs/"
| #define STDC_HEADERS 1
| /* end confdefs.h.  */
| #include <stdio.h>
| #ifdef HAVE_SYS_TYPES_H
| # include <sys/types.h>
| #endif
| #ifdef HAVE_SYS_STAT_H
| # include <sys/stat.h>
| #endif
| #ifdef STDC_HEADERS
| # include <stdlib.h>
| # include <stddef.h>
| #else
| # ifdef HAVE_STDLIB_H
| #  include <stdlib.h>
| # endif
| #endif
| #ifdef HAVE_STRING_H
| # if !defined STDC_HEADERS && defined HAVE_MEMORY_H
| #  include <memory.h>
| # endif
| # include <string.h>
| #endif
| #ifdef HAVE_STRINGS_H
| # include <strings.h>
| #endif
| #ifdef HAVE_INTTYPES_H
| # include <inttypes.h>
| #endif
| #ifdef HAVE_STDINT_H
| # include <stdint.h>
| #endif
| #ifdef HAVE_UNISTD_H
| # include <unistd.h>
| #endif
| #include <malloc.h>
configure:12153: result: no
configure:12153: checking malloc.h presence
configure:12153: /usr/bin/gcc-4.2 -E  conftest.c
conftest.c:24:20: error: malloc.h: No such file or directory
configure:12153: $? = 1
configure: failed program was:
| /* confdefs.h */
| #define PACKAGE_NAME "libpng"
| #define PACKAGE_TARNAME "libpng"
| #define PACKAGE_VERSION "1.5.17"
| #define PACKAGE_STRING "libpng 1.5.17"
| #define PACKAGE_BUGREPORT "png-mng-implement@lists.sourceforge.net"
| #define PACKAGE_URL ""
| #define PACKAGE "libpng"
| #define VERSION "1.5.17"
| #define STDC_HEADERS 1
| #define HAVE_SYS_TYPES_H 1
| #define HAVE_SYS_STAT_H 1
| #define HAVE_STDLIB_H 1
| #define HAVE_STRING_H 1
| #define HAVE_MEMORY_H 1
| #define HAVE_STRINGS_H 1
| #define HAVE_INTTYPES_H 1
| #define HAVE_STDINT_H 1
| #define HAVE_UNISTD_H 1
| #define HAVE_DLFCN_H 1
| #define LT_OBJDIR ".libs/"
| #define STDC_HEADERS 1
| /* end confdefs.h.  */
| #include <malloc.h>
configure:12153: result: no
configure:12153: checking for malloc.h
configure:12153: result: no
configure:12153: checking for stdlib.h
configure:12153: result: yes
configure:12153: checking for string.h
configure:12153: result: yes
configure:12153: checking for strings.h
configure:12153: result: yes
configure:12165: checking for an ANSI C-conforming const
configure:12231: /usr/bin/gcc-4.2 -c -Os -arch x86_64 -isysroot /Developer/SDKs/MacOSX10.5.sdk  conftest.c >&5
configure:12231: $? = 0
configure:12238: result: yes
configure:12246: checking for size_t
configure:12246: /usr/bin/gcc-4.2 -c -Os -arch x86_64 -isysroot /Developer/SDKs/MacOSX10.5.sdk  conftest.c >&5
configure:12246: $? = 0
configure:12246: /usr/bin/gcc-4.2 -c -Os -arch x86_64 -isysroot /Developer/SDKs/MacOSX10.5.sdk  conftest.c >&5
conftest.c: In function 'main':
conftest.c:63: error: expected expression before ')' token
configure:12246: $? = 1
configure: failed program was:
| /* confdefs.h */
| #define PACKAGE_NAME "libpng"
| #define PACKAGE_TARNAME "libpng"
| #define PACKAGE_VERSION "1.5.17"
| #define PACKAGE_STRING "libpng 1.5.17"
| #define PACKAGE_BUGREPORT "png-mng-implement@lists.sourceforge.net"
| #define PACKAGE_URL ""
| #define PACKAGE "libpng"
| #define VERSION "1.5.17"
| #define STDC_HEADERS 1
| #define HAVE_SYS_TYPES_H 1
| #define HAVE_SYS_STAT_H 1
| #define HAVE_STDLIB_H 1
| #define HAVE_STRING_H 1
| #define HAVE_MEMORY_H 1
| #define HAVE_STRINGS_H 1
| #define HAVE_INTTYPES_H 1
| #define HAVE_STDINT_H 1
| #define HAVE_UNISTD_H 1
| #define HAVE_DLFCN_H 1
| #define LT_OBJDIR ".libs/"
| #define STDC_HEADERS 1
| #define HAVE_STDLIB_H 1
| #define HAVE_STRING_H 1
| #define HAVE_STRINGS_H 1
| /* end confdefs.h.  */
| #include <stdio.h>
| #ifdef HAVE_SYS_TYPES_H
| # include <sys/types.h>
| #endif
| #ifdef HAVE_SYS_STAT_H
| # include <sys/stat.h>
| #endif
| #ifdef STDC_HEADERS
| # include <stdlib.h>
| # include <stddef.h>
| #else
| # ifdef HAVE_STDLIB_H
| #  include <stdlib.h>
| # endif
| #endif
| #ifdef HAVE_STRING_H
| # if !defined STDC_HEADERS && defined HAVE_MEMORY_H
| #  include <memory.h>
| # endif
| # include <string.h>
| #endif
| #ifdef HAVE_STRINGS_H
| # include <strings.h>
| #endif
| #ifdef HAVE_INTTYPES_H
| # include <inttypes.h>
| #endif
| #ifdef HAVE_STDINT_H
| # include <stdint.h>
| #endif
| #ifdef HAVE_UNISTD_H
| # include <unistd.h>
| #endif
| int
| main ()
| {
| if (sizeof ((size_t)))
| 	    return 0;
|   ;
|   return 0;
| }
configure:12246: result: yes
configure:12257: checking whether struct tm is in sys/time.h or time.h
configure:12277: /usr/bin/gcc-4.2 -c -Os -arch x86_64 -isysroot /Developer/SDKs/MacOSX10.5.sdk  conftest.c >&5
configure:12277: $? = 0
configure:12284: result: time.h
configure:12292: checking for C/C++ restrict keyword
configure:12317: /usr/bin/gcc-4.2 -c -Os -arch x86_64 -isysroot /Developer/SDKs/MacOSX10.5.sdk  conftest.c >&5
configure:12317: $? = 0
configure:12325: result: __restrict
configure:12345: checking for working strtod
configure:12386: /usr/bin/gcc-4.2 -o conftest -Os -arch x86_64 -isysroot /Developer/SDKs/MacOSX10.5.sdk  -arch x86_64 -isysroot /Developer/SDKs/MacOSX10.5.sdk conftest.c  >&5
configure:12386: $? = 0
configure:12386: ./conftest
configure:12386: $? = 0
configure:12396: result: yes
configure:12460: checking for memset
configure:12460: /usr/bin/gcc-4.2 -o conftest -Os -arch x86_64 -isysroot /Developer/SDKs/MacOSX10.5.sdk  -arch x86_64 -isysroot /Developer/SDKs/MacOSX10.5.sdk conftest.c  >&5
conftest.c:51: warning: conflicting types for built-in function 'memset'
configure:12460: $? = 0
configure:12460: result: yes
configure:12473: checking for pow
configure:12473: /usr/bin/gcc-4.2 -o conftest -Os -arch x86_64 -isysroot /Developer/SDKs/MacOSX10.5.sdk  -arch x86_64 -isysroot /Developer/SDKs/MacOSX10.5.sdk conftest.c  >&5
conftest.c:52: warning: conflicting types for built-in function 'pow'
configure:12473: $? = 0
configure:12473: result: yes
configure:12538: checking for zlibVersion in -lz
configure:12563: /usr/bin/gcc-4.2 -o conftest -Os -arch x86_64 -isysroot /Developer/SDKs/MacOSX10.5.sdk  -arch x86_64 -isysroot /Developer/SDKs/MacOSX10.5.sdk conftest.c -lz   >&5
configure:12563: $? = 0
configure:12572: result: yes
configure:12637: checking for feenableexcept in -lm
configure:12662: /usr/bin/gcc-4.2 -o conftest -Os -arch x86_64 -isysroot /Developer/SDKs/MacOSX10.5.sdk  -arch x86_64 -isysroot /Developer/SDKs/MacOSX10.5.sdk conftest.c -lm  -lz  >&5
Undefined symbols:
  "_feenableexcept", referenced from:
      _main in ccNfQm9f.o
ld: symbol(s) not found
collect2: ld returned 1 exit status
configure:12662: $? = 1
configure: failed program was:
| /* confdefs.h */
| #define PACKAGE_NAME "libpng"
| #define PACKAGE_TARNAME "libpng"
| #define PACKAGE_VERSION "1.5.17"
| #define PACKAGE_STRING "libpng 1.5.17"
| #define PACKAGE_BUGREPORT "png-mng-implement@lists.sourceforge.net"
| #define PACKAGE_URL ""
| #define PACKAGE "libpng"
| #define VERSION "1.5.17"
| #define STDC_HEADERS 1
| #define HAVE_SYS_TYPES_H 1
| #define HAVE_SYS_STAT_H 1
| #define HAVE_STDLIB_H 1
| #define HAVE_STRING_H 1
| #define HAVE_MEMORY_H 1
| #define HAVE_STRINGS_H 1
| #define HAVE_INTTYPES_H 1
| #define HAVE_STDINT_H 1
| #define HAVE_UNISTD_H 1
| #define HAVE_DLFCN_H 1
| #define LT_OBJDIR ".libs/"
| #define STDC_HEADERS 1
| #define HAVE_STDLIB_H 1
| #define HAVE_STRING_H 1
| #define HAVE_STRINGS_H 1
| #define restrict __restrict
| #define HAVE_MEMSET 1
| #define HAVE_POW 1
| #define HAVE_LIBZ 1
| /* end confdefs.h.  */
| 
| /* Override any GCC internal prototype to avoid an error.
|    Use char because int might match the return type of a GCC
|    builtin and then its argument prototype would still apply.  */
| #ifdef __cplusplus
| extern "C"
| #endif
| char feenableexcept ();
| int
| main ()
| {
| return feenableexcept ();
|   ;
|   return 0;
| }
configure:12671: result: no
configure:12684: checking for feenableexcept
configure:12684: /usr/bin/gcc-4.2 -o conftest -Os -arch x86_64 -isysroot /Developer/SDKs/MacOSX10.5.sdk  -arch x86_64 -isysroot /Developer/SDKs/MacOSX10.5.sdk conftest.c -lz  >&5
Undefined symbols:
  "_feenableexcept", referenced from:
      _main in ccnjjh5E.o
ld: symbol(s) not found
collect2: ld returned 1 exit status
configure:12684: $? = 1
configure: failed program was:
| /* confdefs.h */
| #define PACKAGE_NAME "libpng"
| #define PACKAGE_TARNAME "libpng"
| #define PACKAGE_VERSION "1.5.17"
| #define PACKAGE_STRING "libpng 1.5.17"
| #define PACKAGE_BUGREPORT "png-mng-implement@lists.sourceforge.net"
| #define PACKAGE_URL ""
| #define PACKAGE "libpng"
| #define VERSION "1.5.17"
| #define STDC_HEADERS 1
| #define HAVE_SYS_TYPES_H 1
| #define HAVE_SYS_STAT_H 1
| #define HAVE_STDLIB_H 1
| #define HAVE_STRING_H 1
| #define HAVE_MEMORY_H 1
| #define HAVE_STRINGS_H 1
| #define HAVE_INTTYPES_H 1
| #define HAVE_STDINT_H 1
| #define HAVE_UNISTD_H 1
| #define HAVE_DLFCN_H 1
| #define LT_OBJDIR ".libs/"
| #define STDC_HEADERS 1
| #define HAVE_STDLIB_H 1
| #define HAVE_STRING_H 1
| #define HAVE_STRINGS_H 1
| #define restrict __restrict
| #define HAVE_MEMSET 1
| #define HAVE_POW 1
| #define HAVE_LIBZ 1
| /* end confdefs.h.  */
| /* Define feenableexcept to an innocuous variant, in case <limits.h> declares feenableexcept.
|    For example, HP-UX 11i <limits.h> declares gettimeofday.  */
| #define feenableexcept innocuous_feenableexcept
| 
| /* System header to define __stub macros and hopefully few prototypes,
|     which can conflict with char feenableexcept (); below.
|     Prefer <limits.h> to <assert.h> if __STDC__ is defined, since
|     <limits.h> exists even on freestanding compilers.  */
| 
| #ifdef __STDC__
| # include <limits.h>
| #else
| # include <assert.h>
| #endif
| 
| #undef feenableexcept
| 
| /* Override any GCC internal prototype to avoid an error.
|    Use char because int might match the return type of a GCC
|    builtin and then its argument prototype would still apply.  */
| #ifdef __cplusplus
| extern "C"
| #endif
| char feenableexcept ();
| /* The GNU C library defines this for functions which it implements
|     to always fail with ENOSYS.  Some functions are actually named
|     something starting with __ and the normal name is an alias.  */
| #if defined __stub_feenableexcept || defined __stub___feenableexcept
| choke me
| #endif
| 
| int
| main ()
| {
| return feenableexcept ();
|   ;
|   return 0;
| }
configure:12684: result: no
configure:12698: checking if using Solaris linker
configure:12707: result: no
configure:12719: checking if libraries can be versioned
configure:12744: result: no
configure:12746: WARNING: *** You have not enabled versioned symbols.
configure:12791: pkgconfig directory is ${libdir}/pkgconfig
configure:12870: Extra options for compiler: 
configure:12988: checking that generated files are newer than configure
configure:12994: result: done
configure:13037: creating ./config.status

## ---------------------- ##
## Running config.status. ##
## ---------------------- ##

This file was extended by libpng config.status 1.5.17, which was
generated by GNU Autoconf 2.69.  Invocation command line was

  CONFIG_FILES    = 
  CONFIG_HEADERS  = 
  CONFIG_LINKS    = 
  CONFIG_COMMANDS = 
  $ ./config.status 

on mba-5.local

config.status:1113: creating Makefile
config.status:1113: creating libpng.pc
config.status:1113: creating libpng-config
config.status:1113: creating config.h
config.status:1294: config.h is unchanged
config.status:1342: executing depfiles commands
config.status:1342: executing libtool commands

## ---------------- ##
## Cache variables. ##
## ---------------- ##

ac_cv_build=x86_64-apple-darwin13.0.0
ac_cv_c_compiler_gnu=yes
ac_cv_c_const=yes
ac_cv_c_restrict=__restrict
ac_cv_env_CCASFLAGS_set=
ac_cv_env_CCASFLAGS_value=
ac_cv_env_CCAS_set=
ac_cv_env_CCAS_value=
ac_cv_env_CC_set=set
ac_cv_env_CC_value=/usr/bin/gcc-4.2
ac_cv_env_CFLAGS_set=set
ac_cv_env_CFLAGS_value='-Os -arch x86_64 -isysroot /Developer/SDKs/MacOSX10.5.sdk'
ac_cv_env_CPPFLAGS_set=
ac_cv_env_CPPFLAGS_value=
ac_cv_env_CPP_set=
ac_cv_env_CPP_value=
ac_cv_env_LDFLAGS_set=set
ac_cv_env_LDFLAGS_value='-arch x86_64 -isysroot /Developer/SDKs/MacOSX10.5.sdk'
ac_cv_env_LIBS_set=
ac_cv_env_LIBS_value=
ac_cv_env_build_alias_set=
ac_cv_env_build_alias_value=
ac_cv_env_host_alias_set=
ac_cv_env_host_alias_value=
ac_cv_env_target_alias_set=
ac_cv_env_target_alias_value=
ac_cv_func_feenableexcept=no
ac_cv_func_memset=yes
ac_cv_func_pow=yes
ac_cv_func_strtod=yes
ac_cv_header_dlfcn_h=yes
ac_cv_header_inttypes_h=yes
ac_cv_header_malloc_h=no
ac_cv_header_memory_h=yes
ac_cv_header_stdc=yes
ac_cv_header_stdint_h=yes
ac_cv_header_stdlib_h=yes
ac_cv_header_string_h=yes
ac_cv_header_strings_h=yes
ac_cv_header_sys_stat_h=yes
ac_cv_header_sys_types_h=yes
ac_cv_header_unistd_h=yes
ac_cv_host=x86_64-apple-darwin13.0.0
ac_cv_lib_m_feenableexcept=no
ac_cv_lib_z_zlibVersion=yes
ac_cv_objext=o
ac_cv_path_EGREP='/usr/bin/grep -E'
ac_cv_path_FGREP='/usr/bin/grep -F'
ac_cv_path_GREP=/usr/bin/grep
ac_cv_path_SED=/usr/bin/sed
ac_cv_path_install='/usr/bin/install -c'
ac_cv_prog_AWK=awk
ac_cv_prog_CPP='/usr/bin/gcc-4.2 -E'
ac_cv_prog_ac_ct_AR=ar
ac_cv_prog_ac_ct_CC=/usr/bin/gcc-4.2
ac_cv_prog_ac_ct_DSYMUTIL=dsymutil
ac_cv_prog_ac_ct_LIPO=lipo
ac_cv_prog_ac_ct_NMEDIT=nmedit
ac_cv_prog_ac_ct_OTOOL=otool
ac_cv_prog_ac_ct_RANLIB=ranlib
ac_cv_prog_ac_ct_STRIP=strip
ac_cv_prog_cc_c89=
ac_cv_prog_cc_g=yes
ac_cv_prog_make_make_set=yes
ac_cv_struct_tm=time.h
ac_cv_type_size_t=yes
am_cv_CCAS_dependencies_compiler_type=gcc3
am_cv_CC_dependencies_compiler_type=gcc3
am_cv_make_support_nested_variables=yes
lt_cv_apple_cc_single_mod=yes
lt_cv_ar_at_file=no
lt_cv_deplibs_check_method=pass_all
lt_cv_file_magic_cmd='$MAGIC_CMD'
lt_cv_file_magic_test_file=
lt_cv_ld_exported_symbols_list=yes
lt_cv_ld_force_load=yes
lt_cv_ld_reload_flag=-r
lt_cv_nm_interface='BSD nm'
lt_cv_objdir=.libs
lt_cv_path_LD=/usr/libexec/gcc/i686-apple-darwin10/4.2.1/ld
lt_cv_path_NM=/opt/local/bin/nm
lt_cv_path_mainfest_tool=no
lt_cv_prog_compiler_c_o=yes
lt_cv_prog_compiler_pic='-fno-common -DPIC'
lt_cv_prog_compiler_pic_works=yes
lt_cv_prog_compiler_rtti_exceptions=no
lt_cv_prog_compiler_static_works=no
lt_cv_prog_gnu_ld=no
lt_cv_sharedlib_from_linklib_cmd='printf %s\n'
lt_cv_sys_global_symbol_pipe='sed -n -e '\''s/^.*[	 ]\([BCDEGRST][BCDEGRST]*\)[	 ][	 ]*_\([_A-Za-z][_A-Za-z0-9]*\)$/\1 _\2 \2/p'\'' | sed '\''/ __gnu_lto/d'\'''
lt_cv_sys_global_symbol_to_c_name_address='sed -n -e '\''s/^: \([^ ]*\)[ ]*$/  {\"\1\", (void *) 0},/p'\'' -e '\''s/^[BCDEGRST]* \([^ ]*\) \([^ ]*\)$/  {"\2", (void *) \&\2},/p'\'''
lt_cv_sys_global_symbol_to_c_name_address_lib_prefix='sed -n -e '\''s/^: \([^ ]*\)[ ]*$/  {\"\1\", (void *) 0},/p'\'' -e '\''s/^[BCDEGRST]* \([^ ]*\) \(lib[^ ]*\)$/  {"\2", (void *) \&\2},/p'\'' -e '\''s/^[BCDEGRST]* \([^ ]*\) \([^ ]*\)$/  {"lib\2", (void *) \&\2},/p'\'''
lt_cv_sys_global_symbol_to_cdecl='sed -n -e '\''s/^T .* \(.*\)$/extern int \1();/p'\'' -e '\''s/^[BCDEGRST]* .* \(.*\)$/extern char \1;/p'\'''
lt_cv_sys_max_cmd_len=196608
lt_cv_to_host_file_cmd=func_convert_file_noop
lt_cv_to_tool_file_cmd=func_convert_file_noop

## ----------------- ##
## Output variables. ##
## ----------------- ##

ACLOCAL='${SHELL} /Users/soegaard/BuildRacketLibs/libpng/missing aclocal-1.13'
AMDEPBACKSLASH='\'
AMDEP_FALSE='#'
AMDEP_TRUE=''
AMTAR='$${TAR-tar}'
AM_BACKSLASH='\'
AM_DEFAULT_V='$(AM_DEFAULT_VERBOSITY)'
AM_DEFAULT_VERBOSITY='1'
AM_V='$(V)'
AR='ar'
AS='as'
AUTOCONF='${SHELL} /Users/soegaard/BuildRacketLibs/libpng/missing autoconf'
AUTOHEADER='${SHELL} /Users/soegaard/BuildRacketLibs/libpng/missing autoheader'
AUTOMAKE='${SHELL} /Users/soegaard/BuildRacketLibs/libpng/missing automake-1.13'
AWK='awk'
CC='/usr/bin/gcc-4.2'
CCAS='/usr/bin/gcc-4.2'
CCASDEPMODE='depmode=gcc3'
CCASFLAGS='-Os -arch x86_64 -isysroot /Developer/SDKs/MacOSX10.5.sdk'
CCDEPMODE='depmode=gcc3'
CFLAGS='-Os -arch x86_64 -isysroot /Developer/SDKs/MacOSX10.5.sdk'
CPP='/usr/bin/gcc-4.2 -E'
CPPFLAGS=''
CYGPATH_W='echo'
DEFS='-DHAVE_CONFIG_H'
DEPDIR='.deps'
DFNCPP='/usr/bin/gcc-4.2 -E'
DLLTOOL='false'
DSYMUTIL='dsymutil'
DUMPBIN=''
ECHO_C='\c'
ECHO_N=''
ECHO_T=''
EGREP='/usr/bin/grep -E'
EXEEXT=''
FGREP='/usr/bin/grep -F'
GREP='/usr/bin/grep'
HAVE_LD_VERSION_SCRIPT_FALSE=''
HAVE_LD_VERSION_SCRIPT_TRUE='#'
HAVE_SOLARIS_LD_FALSE=''
HAVE_SOLARIS_LD_TRUE='#'
INSTALL_DATA='${INSTALL} -m 644'
INSTALL_PROGRAM='${INSTALL}'
INSTALL_SCRIPT='${INSTALL}'
INSTALL_STRIP_PROGRAM='$(install_sh) -c -s'
LD='/usr/libexec/gcc/i686-apple-darwin10/4.2.1/ld'
LDFLAGS='-arch x86_64 -isysroot /Developer/SDKs/MacOSX10.5.sdk'
LIBOBJS=''
LIBPNG_DEFINES='-DPNG_CONFIGURE_LIBPNG'
LIBS='-lz '
LIBTOOL='$(SHELL) $(top_builddir)/libtool'
LIPO='lipo'
LN_S='ln -s'
LTLIBOBJS=''
MAINT='#'
MAINTAINER_MODE_FALSE=''
MAINTAINER_MODE_TRUE='#'
MAKEINFO='${SHELL} /Users/soegaard/BuildRacketLibs/libpng/missing makeinfo'
MANIFEST_TOOL=':'
MKDIR_P='./install-sh -c -d'
NM='/opt/local/bin/nm'
NMEDIT='nmedit'
OBJDUMP='false'
OBJEXT='o'
OTOOL64=':'
OTOOL='otool'
PACKAGE='libpng'
PACKAGE_BUGREPORT='png-mng-implement@lists.sourceforge.net'
PACKAGE_NAME='libpng'
PACKAGE_STRING='libpng 1.5.17'
PACKAGE_TARNAME='libpng'
PACKAGE_URL=''
PACKAGE_VERSION='1.5.17'
PATH_SEPARATOR=':'
PNGLIB_MAJOR='1'
PNGLIB_MINOR='5'
PNGLIB_RELEASE='17'
PNGLIB_VERSION='1.5.17'
PNG_ARM_NEON_FALSE=''
PNG_ARM_NEON_TRUE='#'
POW_LIB=''
RANLIB='ranlib'
SED='/usr/bin/sed'
SET_MAKE=''
SHELL='/bin/sh'
STRIP='strip'
SYMBOL_PREFIX=''
VERSION='1.5.17'
ac_ct_AR='ar'
ac_ct_CC='/usr/bin/gcc-4.2'
ac_ct_DUMPBIN=''
am__EXEEXT_FALSE=''
am__EXEEXT_TRUE='#'
am__fastdepCCAS_FALSE='#'
am__fastdepCCAS_TRUE=''
am__fastdepCC_FALSE='#'
am__fastdepCC_TRUE=''
am__include='include'
am__isrc=''
am__leading_dot='.'
am__nodep='_no'
am__quote=''
am__tar='$${TAR-tar} chof - "$$tardir"'
am__untar='$${TAR-tar} xf -'
binconfigs='${binconfigs}'
bindir='${exec_prefix}/bin'
build='x86_64-apple-darwin13.0.0'
build_alias=''
build_cpu='x86_64'
build_os='darwin13.0.0'
build_vendor='apple'
datadir='${datarootdir}'
datarootdir='${prefix}/share'
docdir='${datarootdir}/doc/${PACKAGE_TARNAME}'
dvidir='${docdir}'
exec_prefix='${prefix}'
host='x86_64-apple-darwin13.0.0'
host_alias=''
host_cpu='x86_64'
host_os='darwin13.0.0'
host_vendor='apple'
htmldir='${docdir}'
includedir='${prefix}/include'
infodir='${datarootdir}/info'
install_sh='${SHELL} /Users/soegaard/BuildRacketLibs/libpng/install-sh'
libdir='${exec_prefix}/lib'
libexecdir='${exec_prefix}/libexec'
localedir='${datarootdir}/locale'
localstatedir='${prefix}/var'
mandir='${datarootdir}/man'
mkdir_p='$(MKDIR_P)'
oldincludedir='/usr/include'
pdfdir='${docdir}'
pkgconfigdir='${libdir}/pkgconfig'
prefix='/Users/soegaard/BuildRacketLibs'
program_transform_name='s,x,x,'
psdir='${docdir}'
sbindir='${exec_prefix}/sbin'
sharedstatedir='${prefix}/com'
sysconfdir='${prefix}/etc'
target_alias=''

## ----------- ##
## confdefs.h. ##
## ----------- ##

/* confdefs.h */
#define PACKAGE_NAME "libpng"
#define PACKAGE_TARNAME "libpng"
#define PACKAGE_VERSION "1.5.17"
#define PACKAGE_STRING "libpng 1.5.17"
#define PACKAGE_BUGREPORT "png-mng-implement@lists.sourceforge.net"
#define PACKAGE_URL ""
#define PACKAGE "libpng"
#define VERSION "1.5.17"
#define STDC_HEADERS 1
#define HAVE_SYS_TYPES_H 1
#define HAVE_SYS_STAT_H 1
#define HAVE_STDLIB_H 1
#define HAVE_STRING_H 1
#define HAVE_MEMORY_H 1
#define HAVE_STRINGS_H 1
#define HAVE_INTTYPES_H 1
#define HAVE_STDINT_H 1
#define HAVE_UNISTD_H 1
#define HAVE_DLFCN_H 1
#define LT_OBJDIR ".libs/"
#define STDC_HEADERS 1
#define HAVE_STDLIB_H 1
#define HAVE_STRING_H 1
#define HAVE_STRINGS_H 1
#define restrict __restrict
#define HAVE_MEMSET 1
#define HAVE_POW 1
#define HAVE_LIBZ 1

configure: exit 0
