This file contains any messages produced by compilers while
running configure, to aid debugging if configure makes a mistake.

It was created by pixman configure 0.24.4, which was
generated by GNU Autoconf 2.63.  Invocation command line was

  $ ./configure --prefix=/Users/soegaard/BuildRacketLibs

## --------- ##
## Platform. ##
## --------- ##

hostname = mba-5.local
uname -m = x86_64
uname -r = 13.0.0
uname -s = Darwin
uname -v = Darwin Kernel Version 13.0.0: Thu Sep 19 22:22:27 PDT 2013; root:xnu-2422.1.72~6/RELEASE_X86_64

/usr/bin/uname -p = i386
/bin/uname -X     = unknown

/bin/arch              = unknown
/usr/bin/arch -k       = unknown
/usr/convex/getsysinfo = unknown
/usr/bin/hostinfo      = Mach kernel version:
	 Darwin Kernel Version 13.0.0: Thu Sep 19 22:22:27 PDT 2013; root:xnu-2422.1.72~6/RELEASE_X86_64
Kernel configured for up to 4 processors.
2 processors are physically available.
4 processors are logically available.
Processor type: i486 (Intel 80486)
Processors active: 0 1 2 3
Primary memory available: 4.00 gigabytes
Default processor set: 311 tasks, 1881 threads, 4 processors
Load average: 3.86, Mach factor: 1.15
/bin/machine           = unknown
/usr/bin/oslevel       = unknown
/bin/universe          = unknown

PATH: /opt/local/bin
PATH: /opt/local/sbin
PATH: /opt/local/bin
PATH: /opt/local/sbin
PATH: /usr/bin
PATH: /bin
PATH: /usr/sbin
PATH: /sbin
PATH: /usr/local/bin
PATH: /opt/X11/bin


## ----------- ##
## Core tests. ##
## ----------- ##

configure:2175: checking for a BSD-compatible install
configure:2243: result: /usr/bin/install -c
configure:2254: checking whether build environment is sane
configure:2314: result: yes
configure:2455: checking for a thread-safe mkdir -p
configure:2494: result: ./install-sh -c -d
configure:2507: checking for gawk
configure:2537: result: no
configure:2507: checking for mawk
configure:2537: result: no
configure:2507: checking for nawk
configure:2537: result: no
configure:2507: checking for awk
configure:2523: found /usr/bin/awk
configure:2534: result: awk
configure:2545: checking whether make sets $(MAKE)
configure:2567: result: yes
configure:2673: checking build system type
configure:2691: result: i386-apple-darwin13.0.0
configure:2713: checking host system type
configure:2728: result: i386-apple-darwin13.0.0
configure:2801: checking for gcc
configure:2828: result: /usr/bin/gcc-4.2
configure:3060: checking for C compiler version
configure:3068: /usr/bin/gcc-4.2 --version >&5
i686-apple-darwin10-gcc-4.2.1 (GCC) 4.2.1 (Apple Inc. build 5666) (dot 3)
Copyright (C) 2007 Free Software Foundation, Inc.
This is free software; see the source for copying conditions.  There is NO
warranty; not even for MERCHANTABILITY or FITNESS FOR A PARTICULAR PURPOSE.

configure:3072: $? = 0
configure:3079: /usr/bin/gcc-4.2 -v >&5
Using built-in specs.
Target: i686-apple-darwin10
Configured with: /var/tmp/gcc/gcc-5666.3~6/src/configure --disable-checking --enable-werror --prefix=/usr --mandir=/share/man --enable-languages=c,objc,c++,obj-c++ --program-transform-name=/^[cg][^.-]*$/s/$/-4.2/ --with-slibdir=/usr/lib --build=i686-apple-darwin10 --program-prefix=i686-apple-darwin10- --host=x86_64-apple-darwin10 --target=i686-apple-darwin10 --with-gxx-include-dir=/include/c++/4.2.1
Thread model: posix
gcc version 4.2.1 (Apple Inc. build 5666) (dot 3)
configure:3083: $? = 0
configure:3090: /usr/bin/gcc-4.2 -V >&5
gcc-4.2: argument to `-V' is missing
configure:3094: $? = 1
configure:3117: checking for C compiler default output file name
configure:3139: /usr/bin/gcc-4.2 -Os -arch x86_64 -isysroot /Developer/SDKs/MacOSX10.5.sdk  -arch x86_64 -isysroot /Developer/SDKs/MacOSX10.5.sdk conftest.c  >&5
configure:3143: $? = 0
configure:3181: result: a.out
configure:3200: checking whether the C compiler works
configure:3210: ./a.out
configure:3214: $? = 0
configure:3233: result: yes
configure:3240: checking whether we are cross compiling
configure:3242: result: no
configure:3245: checking for suffix of executables
configure:3252: /usr/bin/gcc-4.2 -o conftest -Os -arch x86_64 -isysroot /Developer/SDKs/MacOSX10.5.sdk  -arch x86_64 -isysroot /Developer/SDKs/MacOSX10.5.sdk conftest.c  >&5
configure:3256: $? = 0
configure:3282: result: 
configure:3288: checking for suffix of object files
configure:3314: /usr/bin/gcc-4.2 -c -Os -arch x86_64 -isysroot /Developer/SDKs/MacOSX10.5.sdk  conftest.c >&5
configure:3318: $? = 0
configure:3343: result: o
configure:3347: checking whether we are using the GNU C compiler
configure:3376: /usr/bin/gcc-4.2 -c -Os -arch x86_64 -isysroot /Developer/SDKs/MacOSX10.5.sdk  conftest.c >&5
configure:3383: $? = 0
configure:3400: result: yes
configure:3409: checking whether /usr/bin/gcc-4.2 accepts -g
configure:3439: /usr/bin/gcc-4.2 -c -g  conftest.c >&5
configure:3446: $? = 0
configure:3547: result: yes
configure:3564: checking for /usr/bin/gcc-4.2 option to accept ISO C89
configure:3638: /usr/bin/gcc-4.2  -c -Os -arch x86_64 -isysroot /Developer/SDKs/MacOSX10.5.sdk  conftest.c >&5
configure:3645: $? = 0
configure:3668: result: none needed
configure:3697: checking for style of include used by make
configure:3725: result: GNU
configure:3750: checking dependency style of /usr/bin/gcc-4.2
configure:3860: result: gcc3
configure:3884: checking dependency style of /usr/bin/gcc-4.2
configure:3992: result: gcc3
configure:4079: checking for a sed that does not truncate output
configure:4135: result: /usr/bin/sed
configure:4138: checking for grep that handles long lines and -e
configure:4198: result: /usr/bin/grep
configure:4203: checking for egrep
configure:4267: result: /usr/bin/grep -E
configure:4283: checking for ld used by /usr/bin/gcc-4.2
configure:4350: result: /usr/libexec/gcc/i686-apple-darwin10/4.2.1/ld
configure:4359: checking if the linker (/usr/libexec/gcc/i686-apple-darwin10/4.2.1/ld) is GNU ld
configure:4374: result: no
configure:4379: checking for /usr/libexec/gcc/i686-apple-darwin10/4.2.1/ld option to reload object files
configure:4386: result: -r
configure:4404: checking for BSD-compatible nm
configure:4453: result: /opt/local/bin/nm
configure:4457: checking whether ln -s works
configure:4461: result: yes
configure:4468: checking how to recognize dependent libraries
configure:4654: result: pass_all
configure:4904: checking how to run the C preprocessor
configure:4944: /usr/bin/gcc-4.2 -E  conftest.c
configure:4951: $? = 0
configure:4982: /usr/bin/gcc-4.2 -E  conftest.c
conftest.c:10:28: error: ac_nonexistent.h: No such file or directory
configure:4989: $? = 1
configure: failed program was:
| /* confdefs.h.  */
| #define PACKAGE_NAME "pixman"
| #define PACKAGE_TARNAME "pixman"
| #define PACKAGE_VERSION "0.24.4"
| #define PACKAGE_STRING "pixman 0.24.4"
| #define PACKAGE_BUGREPORT "pixman@lists.freedesktop.org"
| #define PACKAGE "pixman"
| #define VERSION "0.24.4"
| /* end confdefs.h.  */
| #include <ac_nonexistent.h>
configure:5022: result: /usr/bin/gcc-4.2 -E
configure:5051: /usr/bin/gcc-4.2 -E  conftest.c
configure:5058: $? = 0
configure:5089: /usr/bin/gcc-4.2 -E  conftest.c
conftest.c:10:28: error: ac_nonexistent.h: No such file or directory
configure:5096: $? = 1
configure: failed program was:
| /* confdefs.h.  */
| #define PACKAGE_NAME "pixman"
| #define PACKAGE_TARNAME "pixman"
| #define PACKAGE_VERSION "0.24.4"
| #define PACKAGE_STRING "pixman 0.24.4"
| #define PACKAGE_BUGREPORT "pixman@lists.freedesktop.org"
| #define PACKAGE "pixman"
| #define VERSION "0.24.4"
| /* end confdefs.h.  */
| #include <ac_nonexistent.h>
configure:5136: checking for ANSI C header files
configure:5166: /usr/bin/gcc-4.2 -c -Os -arch x86_64 -isysroot /Developer/SDKs/MacOSX10.5.sdk  conftest.c >&5
configure:5173: $? = 0
configure:5272: /usr/bin/gcc-4.2 -o conftest -Os -arch x86_64 -isysroot /Developer/SDKs/MacOSX10.5.sdk  -arch x86_64 -isysroot /Developer/SDKs/MacOSX10.5.sdk conftest.c  >&5
configure:5276: $? = 0
configure:5282: ./conftest
configure:5286: $? = 0
configure:5304: result: yes
configure:5328: checking for sys/types.h
configure:5349: /usr/bin/gcc-4.2 -c -Os -arch x86_64 -isysroot /Developer/SDKs/MacOSX10.5.sdk  conftest.c >&5
configure:5356: $? = 0
configure:5373: result: yes
configure:5328: checking for sys/stat.h
configure:5349: /usr/bin/gcc-4.2 -c -Os -arch x86_64 -isysroot /Developer/SDKs/MacOSX10.5.sdk  conftest.c >&5
configure:5356: $? = 0
configure:5373: result: yes
configure:5328: checking for stdlib.h
configure:5349: /usr/bin/gcc-4.2 -c -Os -arch x86_64 -isysroot /Developer/SDKs/MacOSX10.5.sdk  conftest.c >&5
configure:5356: $? = 0
configure:5373: result: yes
configure:5328: checking for string.h
configure:5349: /usr/bin/gcc-4.2 -c -Os -arch x86_64 -isysroot /Developer/SDKs/MacOSX10.5.sdk  conftest.c >&5
configure:5356: $? = 0
configure:5373: result: yes
configure:5328: checking for memory.h
configure:5349: /usr/bin/gcc-4.2 -c -Os -arch x86_64 -isysroot /Developer/SDKs/MacOSX10.5.sdk  conftest.c >&5
configure:5356: $? = 0
configure:5373: result: yes
configure:5328: checking for strings.h
configure:5349: /usr/bin/gcc-4.2 -c -Os -arch x86_64 -isysroot /Developer/SDKs/MacOSX10.5.sdk  conftest.c >&5
configure:5356: $? = 0
configure:5373: result: yes
configure:5328: checking for inttypes.h
configure:5349: /usr/bin/gcc-4.2 -c -Os -arch x86_64 -isysroot /Developer/SDKs/MacOSX10.5.sdk  conftest.c >&5
configure:5356: $? = 0
configure:5373: result: yes
configure:5328: checking for stdint.h
configure:5349: /usr/bin/gcc-4.2 -c -Os -arch x86_64 -isysroot /Developer/SDKs/MacOSX10.5.sdk  conftest.c >&5
configure:5356: $? = 0
configure:5373: result: yes
configure:5328: checking for unistd.h
configure:5349: /usr/bin/gcc-4.2 -c -Os -arch x86_64 -isysroot /Developer/SDKs/MacOSX10.5.sdk  conftest.c >&5
configure:5356: $? = 0
configure:5373: result: yes
configure:5403: checking dlfcn.h usability
configure:5420: /usr/bin/gcc-4.2 -c -Os -arch x86_64 -isysroot /Developer/SDKs/MacOSX10.5.sdk  conftest.c >&5
configure:5427: $? = 0
configure:5441: result: yes
configure:5445: checking dlfcn.h presence
configure:5460: /usr/bin/gcc-4.2 -E  conftest.c
configure:5467: $? = 0
configure:5481: result: yes
configure:5514: checking for dlfcn.h
configure:5523: result: yes
configure:5596: checking for g++
configure:5612: found /usr/bin/g++
configure:5623: result: g++
configure:5650: checking for C++ compiler version
configure:5658: g++ --version >&5
i686-apple-darwin10-llvm-g++-4.2 (GCC) 4.2.1 (Based on Apple Inc. build 5658) (LLVM build 2335.6)
Copyright (C) 2007 Free Software Foundation, Inc.
This is free software; see the source for copying conditions.  There is NO
warranty; not even for MERCHANTABILITY or FITNESS FOR A PARTICULAR PURPOSE.

configure:5662: $? = 0
configure:5669: g++ -v >&5
Using built-in specs.
Target: i686-apple-darwin10
Configured with: /var/tmp/llvmgcc42/llvmgcc42-2335.6~17/src/configure --disable-checking --enable-werror --prefix=/Developer/usr/llvm-gcc-4.2 --mandir=/share/man --enable-languages=c,objc,c++,obj-c++ --program-prefix=llvm- --program-transform-name=/^[cg][^.-]*$/s/$/-4.2/ --with-slibdir=/usr/lib --build=i686-apple-darwin10 --enable-llvm=/var/tmp/llvmgcc42/llvmgcc42-2335.6~17/dst-llvmCore/Developer/usr/local --program-prefix=i686-apple-darwin10- --host=x86_64-apple-darwin10 --target=i686-apple-darwin10 --with-gxx-include-dir=/usr/include/c++/4.2.1
Thread model: posix
gcc version 4.2.1 (Based on Apple Inc. build 5658) (LLVM build 2335.6)
configure:5673: $? = 0
configure:5680: g++ -V >&5
llvm-g++-4.2: argument to `-V' is missing
configure:5684: $? = 1
configure:5687: checking whether we are using the GNU C++ compiler
configure:5716: g++ -c   conftest.cpp >&5
configure:5723: $? = 0
configure:5740: result: yes
configure:5749: checking whether g++ accepts -g
configure:5779: g++ -c -g  conftest.cpp >&5
configure:5786: $? = 0
configure:5887: result: yes
configure:5912: checking dependency style of g++
configure:6022: result: gcc3
configure:6047: checking how to run the C++ preprocessor
configure:6083: g++ -E  conftest.cpp
configure:6090: $? = 0
configure:6121: g++ -E  conftest.cpp
conftest.cpp:21:28: error: ac_nonexistent.h: No such file or directory
configure:6128: $? = 1
configure: failed program was:
| /* confdefs.h.  */
| #define PACKAGE_NAME "pixman"
| #define PACKAGE_TARNAME "pixman"
| #define PACKAGE_VERSION "0.24.4"
| #define PACKAGE_STRING "pixman 0.24.4"
| #define PACKAGE_BUGREPORT "pixman@lists.freedesktop.org"
| #define PACKAGE "pixman"
| #define VERSION "0.24.4"
| #define STDC_HEADERS 1
| #define HAVE_SYS_TYPES_H 1
| #define HAVE_SYS_STAT_H 1
| #define HAVE_STDLIB_H 1
| #define HAVE_STRING_H 1
| #define HAVE_MEMORY_H 1
| #define HAVE_STRINGS_H 1
| #define HAVE_INTTYPES_H 1
| #define HAVE_STDINT_H 1
| #define HAVE_UNISTD_H 1
| #define HAVE_DLFCN_H 1
| /* end confdefs.h.  */
| #include <ac_nonexistent.h>
configure:6161: result: g++ -E
configure:6190: g++ -E  conftest.cpp
configure:6197: $? = 0
configure:6228: g++ -E  conftest.cpp
conftest.cpp:21:28: error: ac_nonexistent.h: No such file or directory
configure:6235: $? = 1
configure: failed program was:
| /* confdefs.h.  */
| #define PACKAGE_NAME "pixman"
| #define PACKAGE_TARNAME "pixman"
| #define PACKAGE_VERSION "0.24.4"
| #define PACKAGE_STRING "pixman 0.24.4"
| #define PACKAGE_BUGREPORT "pixman@lists.freedesktop.org"
| #define PACKAGE "pixman"
| #define VERSION "0.24.4"
| #define STDC_HEADERS 1
| #define HAVE_SYS_TYPES_H 1
| #define HAVE_SYS_STAT_H 1
| #define HAVE_STDLIB_H 1
| #define HAVE_STRING_H 1
| #define HAVE_MEMORY_H 1
| #define HAVE_STRINGS_H 1
| #define HAVE_INTTYPES_H 1
| #define HAVE_STDINT_H 1
| #define HAVE_UNISTD_H 1
| #define HAVE_DLFCN_H 1
| /* end confdefs.h.  */
| #include <ac_nonexistent.h>
configure:6330: checking for g77
configure:6360: result: no
configure:6330: checking for xlf
configure:6360: result: no
configure:6330: checking for f77
configure:6360: result: no
configure:6330: checking for frt
configure:6360: result: no
configure:6330: checking for pgf77
configure:6360: result: no
configure:6330: checking for cf77
configure:6360: result: no
configure:6330: checking for fort77
configure:6360: result: no
configure:6330: checking for fl32
configure:6360: result: no
configure:6330: checking for af77
configure:6360: result: no
configure:6330: checking for xlf90
configure:6360: result: no
configure:6330: checking for f90
configure:6360: result: no
configure:6330: checking for pgf90
configure:6360: result: no
configure:6330: checking for pghpf
configure:6360: result: no
configure:6330: checking for epcf90
configure:6360: result: no
configure:6330: checking for gfortran
configure:6360: result: no
configure:6330: checking for g95
configure:6360: result: no
configure:6330: checking for xlf95
configure:6360: result: no
configure:6330: checking for f95
configure:6360: result: no
configure:6330: checking for fort
configure:6360: result: no
configure:6330: checking for ifort
configure:6360: result: no
configure:6330: checking for ifc
configure:6360: result: no
configure:6330: checking for efc
configure:6360: result: no
configure:6330: checking for pgf95
configure:6360: result: no
configure:6330: checking for lf95
configure:6360: result: no
configure:6330: checking for ftn
configure:6360: result: no
configure:6383: checking for Fortran 77 compiler version
configure:6391:  --version >&5
./configure: line 6393: --version: command not found
configure:6395: $? = 127
configure:6402:  -v >&5
./configure: line 6404: -v: command not found
configure:6406: $? = 127
configure:6413:  -V >&5
./configure: line 6415: -V: command not found
configure:6417: $? = 127
configure:6425: checking whether we are using the GNU Fortran 77 compiler
configure:6444:  -c  conftest.F >&5
./configure: line 6446: -c: command not found
configure:6451: $? = 127
configure: failed program was:
|       program main
| #ifndef __GNUC__
|        choke me
| #endif
| 
|       end
configure:6468: result: no
configure:6474: checking whether  accepts -g
configure:6491:  -c -g conftest.f >&5
./configure: line 6493: -c: command not found
configure:6498: $? = 127
configure: failed program was:
|       program main
| 
|       end
configure:6514: result: no
configure:6547: checking the maximum length of command line arguments
configure:6659: result: 196608
configure:6671: checking command to parse /opt/local/bin/nm output from /usr/bin/gcc-4.2 object
configure:6776: /usr/bin/gcc-4.2 -c -Os -arch x86_64 -isysroot /Developer/SDKs/MacOSX10.5.sdk  conftest.c >&5
configure:6779: $? = 0
configure:6783: /opt/local/bin/nm conftest.o \| sed -n -e 's/^.*[ 	]\([BCDEGRST][BCDEGRST]*\)[ 	][ 	]*\([_A-Za-z][_A-Za-z0-9]*\)$/\1 \2 \2/p' \> conftest.nm
configure:6786: $? = 0
cannot find nm_test_var in conftest.nm
configure:6776: /usr/bin/gcc-4.2 -c -Os -arch x86_64 -isysroot /Developer/SDKs/MacOSX10.5.sdk  conftest.c >&5
configure:6779: $? = 0
configure:6783: /opt/local/bin/nm conftest.o \| sed -n -e 's/^.*[ 	]\([BCDEGRST][BCDEGRST]*\)[ 	][ 	]*_\([_A-Za-z][_A-Za-z0-9]*\)$/\1 _\2 \2/p' \> conftest.nm
configure:6786: $? = 0
configure:6838: /usr/bin/gcc-4.2 -o conftest -Os -arch x86_64 -isysroot /Developer/SDKs/MacOSX10.5.sdk  -arch x86_64 -isysroot /Developer/SDKs/MacOSX10.5.sdk conftest.c conftstm.o >&5
configure:6841: $? = 0
configure:6879: result: ok
configure:6883: checking for objdir
configure:6898: result: .libs
configure:6990: checking for ar
configure:7006: found /opt/local/bin/ar
configure:7017: result: ar
configure:7082: checking for ranlib
configure:7098: found /opt/local/bin/ranlib
configure:7109: result: ranlib
configure:7174: checking for strip
configure:7190: found /opt/local/bin/strip
configure:7201: result: strip
configure:7454: checking for dsymutil
configure:7470: found /usr/bin/dsymutil
configure:7481: result: dsymutil
configure:7546: checking for nmedit
configure:7562: found /opt/local/bin/nmedit
configure:7573: result: nmedit
configure:7596: checking for -single_module linker flag
configure:7617: result: yes
configure:7619: checking for -exported_symbols_list linker flag
configure:7649: /usr/bin/gcc-4.2 -o conftest -Os -arch x86_64 -isysroot /Developer/SDKs/MacOSX10.5.sdk  -arch x86_64 -isysroot /Developer/SDKs/MacOSX10.5.sdk -Wl,-exported_symbols_list,conftest.sym conftest.c  >&5
configure:7656: $? = 0
configure:7678: result: yes
configure:7791: checking if /usr/bin/gcc-4.2 supports -fno-rtti -fno-exceptions
configure:7809: /usr/bin/gcc-4.2 -c -Os -arch x86_64 -isysroot /Developer/SDKs/MacOSX10.5.sdk  -fno-rtti -fno-exceptions conftest.c >&5
cc1: warning: command line option "-fno-rtti" is valid for C++/ObjC++ but not for C
configure:7813: $? = 0
configure:7826: result: no
configure:7841: checking for /usr/bin/gcc-4.2 option to produce PIC
configure:8073: result: -fno-common
configure:8081: checking if /usr/bin/gcc-4.2 PIC flag -fno-common works
configure:8099: /usr/bin/gcc-4.2 -c -Os -arch x86_64 -isysroot /Developer/SDKs/MacOSX10.5.sdk  -fno-common -DPIC conftest.c >&5
configure:8103: $? = 0
configure:8116: result: yes
configure:8144: checking if /usr/bin/gcc-4.2 static flag -static works
configure:8172: result: no
configure:8182: checking if /usr/bin/gcc-4.2 supports -c -o file.o
configure:8203: /usr/bin/gcc-4.2 -c -Os -arch x86_64 -isysroot /Developer/SDKs/MacOSX10.5.sdk  -o out/conftest2.o conftest.c >&5
configure:8207: $? = 0
configure:8229: result: yes
configure:8255: checking whether the /usr/bin/gcc-4.2 linker (/usr/libexec/gcc/i686-apple-darwin10/4.2.1/ld) supports shared libraries
configure:9243: result: yes
configure:9310: checking dynamic linker characteristics
configure:9914: result: darwin13.0.0 dyld
configure:9938: checking how to hardcode library paths into programs
configure:9963: result: immediate
configure:9977: checking whether stripping libraries is possible
configure:9991: result: yes
configure:10812: checking if libtool supports shared libraries
configure:10814: result: yes
configure:10817: checking whether to build shared libraries
configure:10838: result: yes
configure:10841: checking whether to build static libraries
configure:10845: result: yes
configure:10939: creating libtool
configure:11532: checking for ld used by g++
configure:11599: result: /usr/libexec/gcc/i686-apple-darwin10/4.2.1/ld
configure:11608: checking if the linker (/usr/libexec/gcc/i686-apple-darwin10/4.2.1/ld) is GNU ld
configure:11623: result: no
configure:11674: checking whether the g++ linker (/usr/libexec/gcc/i686-apple-darwin10/4.2.1/ld) supports shared libraries
configure:12628: result: yes
configure:12645: g++ -c -g -O2  conftest.cpp >&5
configure:12648: $? = 0
configure:12804: checking for g++ option to produce PIC
configure:13088: result: -fno-common
configure:13096: checking if g++ PIC flag -fno-common works
configure:13114: g++ -c -g -O2  -fno-common -DPIC conftest.cpp >&5
configure:13118: $? = 0
configure:13131: result: yes
configure:13159: checking if g++ static flag -static works
configure:13187: result: no
configure:13197: checking if g++ supports -c -o file.o
configure:13218: g++ -c -g -O2  -o out/conftest2.o conftest.cpp >&5
configure:13222: $? = 0
configure:13244: result: yes
configure:13270: checking whether the g++ linker (/usr/libexec/gcc/i686-apple-darwin10/4.2.1/ld) supports shared libraries
configure:13296: result: yes
configure:13363: checking dynamic linker characteristics
configure:13915: result: darwin13.0.0 dyld
configure:13939: checking how to hardcode library paths into programs
configure:13964: result: immediate
configure:20209: checking for getisax
configure:20265: /usr/bin/gcc-4.2 -o conftest -Os -arch x86_64 -isysroot /Developer/SDKs/MacOSX10.5.sdk  -arch x86_64 -isysroot /Developer/SDKs/MacOSX10.5.sdk conftest.c  >&5
Undefined symbols:
  "_getisax", referenced from:
      _main in ccBeJDyy.o
ld: symbol(s) not found
collect2: ld returned 1 exit status
configure:20272: $? = 1
configure: failed program was:
| /* confdefs.h.  */
| #define PACKAGE_NAME "pixman"
| #define PACKAGE_TARNAME "pixman"
| #define PACKAGE_VERSION "0.24.4"
| #define PACKAGE_STRING "pixman 0.24.4"
| #define PACKAGE_BUGREPORT "pixman@lists.freedesktop.org"
| #define PACKAGE "pixman"
| #define VERSION "0.24.4"
| #define STDC_HEADERS 1
| #define HAVE_SYS_TYPES_H 1
| #define HAVE_SYS_STAT_H 1
| #define HAVE_STDLIB_H 1
| #define HAVE_STRING_H 1
| #define HAVE_MEMORY_H 1
| #define HAVE_STRINGS_H 1
| #define HAVE_INTTYPES_H 1
| #define HAVE_STDINT_H 1
| #define HAVE_UNISTD_H 1
| #define HAVE_DLFCN_H 1
| /* end confdefs.h.  */
| /* Define getisax to an innocuous variant, in case <limits.h> declares getisax.
|    For example, HP-UX 11i <limits.h> declares gettimeofday.  */
| #define getisax innocuous_getisax
| 
| /* System header to define __stub macros and hopefully few prototypes,
|     which can conflict with char getisax (); below.
|     Prefer <limits.h> to <assert.h> if __STDC__ is defined, since
|     <limits.h> exists even on freestanding compilers.  */
| 
| #ifdef __STDC__
| # include <limits.h>
| #else
| # include <assert.h>
| #endif
| 
| #undef getisax
| 
| /* Override any GCC internal prototype to avoid an error.
|    Use char because int might match the return type of a GCC
|    builtin and then its argument prototype would still apply.  */
| #ifdef __cplusplus
| extern "C"
| #endif
| char getisax ();
| /* The GNU C library defines this for functions which it implements
|     to always fail with ENOSYS.  Some functions are actually named
|     something starting with __ and the normal name is an alias.  */
| #if defined __stub_getisax || defined __stub___getisax
| choke me
| #endif
| 
| int
| main ()
| {
| return getisax ();
|   ;
|   return 0;
| }
configure:20294: result: no
configure:20307: checking whether byte ordering is bigendian
configure:20332: /usr/bin/gcc-4.2 -c -Os -arch x86_64 -isysroot /Developer/SDKs/MacOSX10.5.sdk  conftest.c >&5
configure:20339: $? = 0
configure:20687: result: universal
configure:20712: checking for inline
configure:20738: /usr/bin/gcc-4.2 -c -Os -arch x86_64 -isysroot /Developer/SDKs/MacOSX10.5.sdk  conftest.c >&5
configure:20745: $? = 0
configure:20763: result: inline
configure:20788: checking whether the compiler supports -Werror
configure:20811: /usr/bin/gcc-4.2 -o conftest -Werror   conftest.c  >&5
configure:20818: $? = 0
configure:20853: result: yes
configure:20864: checking size of long
configure:21169: /usr/bin/gcc-4.2 -o conftest -Os -arch x86_64 -isysroot /Developer/SDKs/MacOSX10.5.sdk  -arch x86_64 -isysroot /Developer/SDKs/MacOSX10.5.sdk conftest.c  >&5
configure:21173: $? = 0
configure:21179: ./conftest
configure:21183: $? = 0
configure:21209: result: 8
configure:21221: checking whether __SUNPRO_C is declared
configure:21250: /usr/bin/gcc-4.2 -c -Os -arch x86_64 -isysroot /Developer/SDKs/MacOSX10.5.sdk  conftest.c >&5
conftest.c: In function 'main':
conftest.c:60: error: '__SUNPRO_C' undeclared (first use in this function)
conftest.c:60: error: (Each undeclared identifier is reported only once
conftest.c:60: error: for each function it appears in.)
configure:21257: $? = 1
configure: failed program was:
| /* confdefs.h.  */
| #define PACKAGE_NAME "pixman"
| #define PACKAGE_TARNAME "pixman"
| #define PACKAGE_VERSION "0.24.4"
| #define PACKAGE_STRING "pixman 0.24.4"
| #define PACKAGE_BUGREPORT "pixman@lists.freedesktop.org"
| #define PACKAGE "pixman"
| #define VERSION "0.24.4"
| #define STDC_HEADERS 1
| #define HAVE_SYS_TYPES_H 1
| #define HAVE_SYS_STAT_H 1
| #define HAVE_STDLIB_H 1
| #define HAVE_STRING_H 1
| #define HAVE_MEMORY_H 1
| #define HAVE_STRINGS_H 1
| #define HAVE_INTTYPES_H 1
| #define HAVE_STDINT_H 1
| #define HAVE_UNISTD_H 1
| #define HAVE_DLFCN_H 1
| #define AC_APPLE_UNIVERSAL_BUILD 1
| #define SIZEOF_LONG 8
| /* end confdefs.h.  */
| #include <stdio.h>
| #ifdef HAVE_SYS_TYPES_H
| # include <sys/types.h>
| #endif
| #ifdef HAVE_SYS_STAT_H
| # include <sys/stat.h>
| #endif
| #ifdef STDC_HEADERS
| # include <stdlib.h>
| # include <stddef.h>
| #else
| # ifdef HAVE_STDLIB_H
| #  include <stdlib.h>
| # endif
| #endif
| #ifdef HAVE_STRING_H
| # if !defined STDC_HEADERS && defined HAVE_MEMORY_H
| #  include <memory.h>
| # endif
| # include <string.h>
| #endif
| #ifdef HAVE_STRINGS_H
| # include <strings.h>
| #endif
| #ifdef HAVE_INTTYPES_H
| # include <inttypes.h>
| #endif
| #ifdef HAVE_STDINT_H
| # include <stdint.h>
| #endif
| #ifdef HAVE_UNISTD_H
| # include <unistd.h>
| #endif
| int
| main ()
| {
| #ifndef __SUNPRO_C
|   (void) __SUNPRO_C;
| #endif
| 
|   ;
|   return 0;
| }
configure:21272: result: no
configure:21280: checking whether __amd64 is declared
configure:21309: /usr/bin/gcc-4.2 -c -Os -arch x86_64 -isysroot /Developer/SDKs/MacOSX10.5.sdk  conftest.c >&5
configure:21316: $? = 0
configure:21331: result: yes
configure:21373: checking whether the compiler supports -Wall
configure:21398: /usr/bin/gcc-4.2 -o conftest -Werror -Wall   conftest.c  >&5
configure:21405: $? = 0
configure:21443: result: yes
configure:21446: checking whether the compiler supports -fno-strict-aliasing
configure:21471: /usr/bin/gcc-4.2 -o conftest -Werror -fno-strict-aliasing   conftest.c  >&5
configure:21478: $? = 0
configure:21516: result: yes
configure:21522: checking for perl
configure:21540: found /opt/local/bin/perl
configure:21553: result: /opt/local/bin/perl
configure:21579: checking for /usr/bin/gcc-4.2 option to support OpenMP
configure:21599: /usr/bin/gcc-4.2 -o conftest -Os -arch x86_64 -isysroot /Developer/SDKs/MacOSX10.5.sdk -Wall -fno-strict-aliasing  -arch x86_64 -isysroot /Developer/SDKs/MacOSX10.5.sdk conftest.c  >&5
conftest.c:3: error: expected '=', ',', ';', 'asm' or '__attribute__' before 'me'
In file included from conftest.c:5:
/Developer/SDKs/MacOSX10.5.sdk/usr/lib/gcc/i686-apple-darwin10/4.2.1/include/omp.h:68: error: expected ')' before '*' token
/Developer/SDKs/MacOSX10.5.sdk/usr/lib/gcc/i686-apple-darwin10/4.2.1/include/omp.h:69: error: expected ')' before '*' token
/Developer/SDKs/MacOSX10.5.sdk/usr/lib/gcc/i686-apple-darwin10/4.2.1/include/omp.h:70: error: expected ')' before '*' token
/Developer/SDKs/MacOSX10.5.sdk/usr/lib/gcc/i686-apple-darwin10/4.2.1/include/omp.h:71: error: expected ')' before '*' token
/Developer/SDKs/MacOSX10.5.sdk/usr/lib/gcc/i686-apple-darwin10/4.2.1/include/omp.h:72: error: expected ')' before '*' token
configure:21606: $? = 1
configure: failed program was:
| 
| #ifndef _OPENMP
|  choke me
| #endif
| #include <omp.h>
| int main () { return omp_get_num_threads (); }
| 
configure:21638: /usr/bin/gcc-4.2 -o conftest -Os -arch x86_64 -isysroot /Developer/SDKs/MacOSX10.5.sdk -Wall -fno-strict-aliasing -fopenmp  -arch x86_64 -isysroot /Developer/SDKs/MacOSX10.5.sdk conftest.c  >&5
configure:21645: $? = 0
configure:21675: result: -fopenmp
configure:21748: /usr/bin/gcc-4.2 -o conftest -fopenmp  -fopenmp conftest.c  >&5
conftest.c:26: sorry, unimplemented: threadprivate variables not supported in this target
configure:21755: $? = 1
configure: failed program was:
| /* confdefs.h.  */
| #define PACKAGE_NAME "pixman"
| #define PACKAGE_TARNAME "pixman"
| #define PACKAGE_VERSION "0.24.4"
| #define PACKAGE_STRING "pixman 0.24.4"
| #define PACKAGE_BUGREPORT "pixman@lists.freedesktop.org"
| #define PACKAGE "pixman"
| #define VERSION "0.24.4"
| #define STDC_HEADERS 1
| #define HAVE_SYS_TYPES_H 1
| #define HAVE_SYS_STAT_H 1
| #define HAVE_STDLIB_H 1
| #define HAVE_STRING_H 1
| #define HAVE_MEMORY_H 1
| #define HAVE_STRINGS_H 1
| #define HAVE_INTTYPES_H 1
| #define HAVE_STDINT_H 1
| #define HAVE_UNISTD_H 1
| #define HAVE_DLFCN_H 1
| #define AC_APPLE_UNIVERSAL_BUILD 1
| #define SIZEOF_LONG 8
| /* end confdefs.h.  */
|   #include <stdio.h>
| 
|   extern unsigned int lcg_seed;
|   #pragma omp threadprivate(lcg_seed)
|   unsigned int lcg_seed;
| 
|   unsigned function(unsigned a, unsigned b)
|   {
| 	lcg_seed ^= b;
| 	return ((a + b) ^ a ) + lcg_seed;
|   }
| 
|   int main(int argc, char **argv)
|   {
| 	int i;
| 	int n1 = 0, n2 = argc;
| 	unsigned checksum = 0;
| 	int verbose = argv != NULL;
| 	unsigned (*test_function)(unsigned, unsigned);
| 	test_function = function;
| 	#pragma omp parallel for reduction(+:checksum) default(none) 					shared(n1, n2, test_function, verbose)
| 	for (i = n1; i < n2; i++)
| 	{
| 		unsigned crc = test_function (i, 0);
| 		if (verbose)
| 			printf ("%d: %08X\n", i, crc);
| 		checksum += crc;
| 	}
| 	printf("%u\n", checksum);
| 	return 0;
|   }
| 
configure:21801: checking whether the compiler supports -fvisibility=hidden
configure:21833: /usr/bin/gcc-4.2 -o conftest -Werror -fvisibility=hidden   conftest.c  >&5
configure:21840: $? = 0
configure:21878: result: yes
configure:21882: checking whether the compiler supports -xldscope=hidden
configure:21911: /usr/bin/gcc-4.2 -o conftest -Werror -xldscope=hidden   conftest.c  >&5
i686-apple-darwin10-gcc-4.2.1: language ldscope=hidden not recognized
i686-apple-darwin10-gcc-4.2.1: language ldscope=hidden not recognized
ld: warning: in conftest.c, file was built for unsupported file format which is not the architecture being linked (x86_64)
Undefined symbols:
  "_main", referenced from:
      start in crt1.10.5.o
ld: symbol(s) not found
collect2: ld returned 1 exit status
configure:21918: $? = 1
configure: failed program was:
| /* confdefs.h.  */
| #define PACKAGE_NAME "pixman"
| #define PACKAGE_TARNAME "pixman"
| #define PACKAGE_VERSION "0.24.4"
| #define PACKAGE_STRING "pixman 0.24.4"
| #define PACKAGE_BUGREPORT "pixman@lists.freedesktop.org"
| #define PACKAGE "pixman"
| #define VERSION "0.24.4"
| #define STDC_HEADERS 1
| #define HAVE_SYS_TYPES_H 1
| #define HAVE_SYS_STAT_H 1
| #define HAVE_STDLIB_H 1
| #define HAVE_STRING_H 1
| #define HAVE_MEMORY_H 1
| #define HAVE_STRINGS_H 1
| #define HAVE_INTTYPES_H 1
| #define HAVE_STDINT_H 1
| #define HAVE_UNISTD_H 1
| #define HAVE_DLFCN_H 1
| #define AC_APPLE_UNIVERSAL_BUILD 1
| #define SIZEOF_LONG 8
| /* end confdefs.h.  */
| #if defined(__SUNPRO_C) && (__SUNPRO_C >= 0x550)
| #else
| error Need Sun Studio 8 for visibility
| #endif
| 
| 		 int main(int c, char **v) { (void)c; (void)v; return 0; }
| 
configure:21956: result: no
configure:21975: checking whether to use MMX intrinsics
configure:22001: /usr/bin/gcc-4.2 -c -mmmx -Winline -Os -arch x86_64 -isysroot /Developer/SDKs/MacOSX10.5.sdk -Wall -fno-strict-aliasing -fvisibility=hidden  conftest.c >&5
configure:22008: $? = 0
configure:22046: result: yes
configure:22076: checking whether to use SSE2 intrinsics
configure:22108: /usr/bin/gcc-4.2 -c -msse2 -Winline -Os -arch x86_64 -isysroot /Developer/SDKs/MacOSX10.5.sdk -Wall -fno-strict-aliasing -fvisibility=hidden  conftest.c >&5
configure:22115: $? = 0
configure:22151: result: yes
configure:22246: checking whether to use VMX/Altivec intrinsics
configure:22273: /usr/bin/gcc-4.2 -c -faltivec -Os -arch x86_64 -isysroot /Developer/SDKs/MacOSX10.5.sdk -Wall -fno-strict-aliasing -fvisibility=hidden  conftest.c >&5
conftest.c:29:21: error: altivec.h: No such file or directory
conftest.c: In function 'main':
conftest.c:31: error: 'vector' undeclared (first use in this function)
conftest.c:31: error: (Each undeclared identifier is reported only once
conftest.c:31: error: for each function it appears in.)
conftest.c:31: error: expected ';' before 'unsigned'
conftest.c:32: error: 'v' undeclared (first use in this function)
conftest.c:32: warning: implicit declaration of function 'vec_sub'
configure:22280: $? = 1
configure: failed program was:
| /* confdefs.h.  */
| #define PACKAGE_NAME "pixman"
| #define PACKAGE_TARNAME "pixman"
| #define PACKAGE_VERSION "0.24.4"
| #define PACKAGE_STRING "pixman 0.24.4"
| #define PACKAGE_BUGREPORT "pixman@lists.freedesktop.org"
| #define PACKAGE "pixman"
| #define VERSION "0.24.4"
| #define STDC_HEADERS 1
| #define HAVE_SYS_TYPES_H 1
| #define HAVE_SYS_STAT_H 1
| #define HAVE_STDLIB_H 1
| #define HAVE_STRING_H 1
| #define HAVE_MEMORY_H 1
| #define HAVE_STRINGS_H 1
| #define HAVE_INTTYPES_H 1
| #define HAVE_STDINT_H 1
| #define HAVE_UNISTD_H 1
| #define HAVE_DLFCN_H 1
| #define AC_APPLE_UNIVERSAL_BUILD 1
| #define SIZEOF_LONG 8
| #define USE_X86_MMX 1
| #define USE_SSE2 1
| /* end confdefs.h.  */
| 
| #if defined(__GNUC__) && (__GNUC__ < 3 || (__GNUC__ == 3 && __GNUC_MINOR__ < 4))
| error "Need GCC >= 3.4 for sane altivec support"
| #endif
| #include <altivec.h>
| int main () {
|     vector unsigned int v = vec_splat_u32 (1);
|     v = vec_sub (v, v);
|     return 0;
| }
configure:22318: result: no
configure:22338: checking whether to use ARM SIMD assembler
configure:22366: /usr/bin/gcc-4.2 -c -x assembler-with-cpp -Os -arch x86_64 -isysroot /Developer/SDKs/MacOSX10.5.sdk -Wall -fno-strict-aliasing -fvisibility=hidden  conftest.c >&5
conftest.c:32:2: error: #error EABI is required (to be sure that calling conventions are compatible)
configure:22373: $? = 1
configure: failed program was:
| /* confdefs.h.  */
| #define PACKAGE_NAME "pixman"
| #define PACKAGE_TARNAME "pixman"
| #define PACKAGE_VERSION "0.24.4"
| #define PACKAGE_STRING "pixman 0.24.4"
| #define PACKAGE_BUGREPORT "pixman@lists.freedesktop.org"
| #define PACKAGE "pixman"
| #define VERSION "0.24.4"
| #define STDC_HEADERS 1
| #define HAVE_SYS_TYPES_H 1
| #define HAVE_SYS_STAT_H 1
| #define HAVE_STDLIB_H 1
| #define HAVE_STRING_H 1
| #define HAVE_MEMORY_H 1
| #define HAVE_STRINGS_H 1
| #define HAVE_INTTYPES_H 1
| #define HAVE_STDINT_H 1
| #define HAVE_UNISTD_H 1
| #define HAVE_DLFCN_H 1
| #define AC_APPLE_UNIVERSAL_BUILD 1
| #define SIZEOF_LONG 8
| #define USE_X86_MMX 1
| #define USE_SSE2 1
| /* end confdefs.h.  */
| 
| .text
| .arch armv6
| .object_arch armv4
| .arm
| .altmacro
| #ifndef __ARM_EABI__
| #error EABI is required (to be sure that calling conventions are compatible)
| #endif
| pld [r0]
| uqadd8 r0, r0, r0
configure:22418: result: no
configure:22427: checking whether to use ARM NEON assembler
configure:22457: /usr/bin/gcc-4.2 -c -x assembler-with-cpp -Os -arch x86_64 -isysroot /Developer/SDKs/MacOSX10.5.sdk -Wall -fno-strict-aliasing -fvisibility=hidden  conftest.c >&5
conftest.c:34:2: error: #error EABI is required (to be sure that calling conventions are compatible)
configure:22464: $? = 1
configure: failed program was:
| /* confdefs.h.  */
| #define PACKAGE_NAME "pixman"
| #define PACKAGE_TARNAME "pixman"
| #define PACKAGE_VERSION "0.24.4"
| #define PACKAGE_STRING "pixman 0.24.4"
| #define PACKAGE_BUGREPORT "pixman@lists.freedesktop.org"
| #define PACKAGE "pixman"
| #define VERSION "0.24.4"
| #define STDC_HEADERS 1
| #define HAVE_SYS_TYPES_H 1
| #define HAVE_SYS_STAT_H 1
| #define HAVE_STDLIB_H 1
| #define HAVE_STRING_H 1
| #define HAVE_MEMORY_H 1
| #define HAVE_STRINGS_H 1
| #define HAVE_INTTYPES_H 1
| #define HAVE_STDINT_H 1
| #define HAVE_UNISTD_H 1
| #define HAVE_DLFCN_H 1
| #define AC_APPLE_UNIVERSAL_BUILD 1
| #define SIZEOF_LONG 8
| #define USE_X86_MMX 1
| #define USE_SSE2 1
| /* end confdefs.h.  */
| 
| .text
| .fpu neon
| .arch armv7a
| .object_arch armv4
| .eabi_attribute 10, 0
| .arm
| .altmacro
| #ifndef __ARM_EABI__
| #error EABI is required (to be sure that calling conventions are compatible)
| #endif
| pld [r0]
| vmovn.u16 d0, q0
configure:22509: result: no
configure:22523: checking whether to use ARM IWMMXT intrinsics
configure:22551: /usr/bin/gcc-4.2 -c -march=iwmmxt -flax-vector-conversions -Winline -Os -arch x86_64 -isysroot /Developer/SDKs/MacOSX10.5.sdk -Wall -fno-strict-aliasing -fvisibility=hidden  conftest.c >&5
conftest.c:1: error: bad value (iwmmxt) for -march= switch
conftest.c:1: error: bad value (iwmmxt) for -mtune= switch
configure:22558: $? = 1
configure: failed program was:
| 
| #ifndef __arm__
| #error "IWMMXT is only available on ARM"
| #endif
| #if defined(__GNUC__) && (__GNUC__ < 4 || (__GNUC__ == 4 && __GNUC_MINOR__ < 6))
| #error "Need GCC >= 4.6 for IWMMXT intrinsics"
| #endif
| #include <mmintrin.h>
| int main () {
| 	union {
| 		__m64 v;
| 		char c[8];
| 	} a = { .c = {1, 2, 3, 4, 5, 6, 7, 8} };
| 	int b = 4;
| 	__m64 c = _mm_srli_si64 (a.v, b);
| }
configure:22596: result: no
configure:22615: checking whether to use GNU-style inline assembler
configure:22636: /usr/bin/gcc-4.2 -c -Os -arch x86_64 -isysroot /Developer/SDKs/MacOSX10.5.sdk -Wall -fno-strict-aliasing -fvisibility=hidden  conftest.c >&5
configure:22643: $? = 0
configure:22678: result: yes
configure:22841: checking pkg-config is at least version 0.9.0
configure:22844: result: yes
configure:23042: checking for pixman_version_string in -lpixman-1
configure:23077: /usr/bin/gcc-4.2 -o conftest -Os -arch x86_64 -isysroot /Developer/SDKs/MacOSX10.5.sdk -Wall -fno-strict-aliasing -fvisibility=hidden  -arch x86_64 -isysroot /Developer/SDKs/MacOSX10.5.sdk conftest.c -lpixman-1   >&5
ld: library not found for -lpixman-1
collect2: ld returned 1 exit status
configure:23084: $? = 1
configure: failed program was:
| /* confdefs.h.  */
| #define PACKAGE_NAME "pixman"
| #define PACKAGE_TARNAME "pixman"
| #define PACKAGE_VERSION "0.24.4"
| #define PACKAGE_STRING "pixman 0.24.4"
| #define PACKAGE_BUGREPORT "pixman@lists.freedesktop.org"
| #define PACKAGE "pixman"
| #define VERSION "0.24.4"
| #define STDC_HEADERS 1
| #define HAVE_SYS_TYPES_H 1
| #define HAVE_SYS_STAT_H 1
| #define HAVE_STDLIB_H 1
| #define HAVE_STRING_H 1
| #define HAVE_MEMORY_H 1
| #define HAVE_STRINGS_H 1
| #define HAVE_INTTYPES_H 1
| #define HAVE_STDINT_H 1
| #define HAVE_UNISTD_H 1
| #define HAVE_DLFCN_H 1
| #define AC_APPLE_UNIVERSAL_BUILD 1
| #define SIZEOF_LONG 8
| #define USE_X86_MMX 1
| #define USE_SSE2 1
| #define USE_GCC_INLINE_ASM 1
| /* end confdefs.h.  */
| 
| /* Override any GCC internal prototype to avoid an error.
|    Use char because int might match the return type of a GCC
|    builtin and then its argument prototype would still apply.  */
| #ifdef __cplusplus
| extern "C"
| #endif
| char pixman_version_string ();
| int
| main ()
| {
| return pixman_version_string ();
|   ;
|   return 0;
| }
configure:23105: result: no
configure:23200: checking for posix_memalign
configure:23256: /usr/bin/gcc-4.2 -o conftest -Os -arch x86_64 -isysroot /Developer/SDKs/MacOSX10.5.sdk -Wall -fno-strict-aliasing -fvisibility=hidden  -arch x86_64 -isysroot /Developer/SDKs/MacOSX10.5.sdk conftest.c  >&5
Undefined symbols:
  "_posix_memalign", referenced from:
      _main in cc8Fxf8C.o
ld: symbol(s) not found
collect2: ld returned 1 exit status
configure:23263: $? = 1
configure: failed program was:
| /* confdefs.h.  */
| #define PACKAGE_NAME "pixman"
| #define PACKAGE_TARNAME "pixman"
| #define PACKAGE_VERSION "0.24.4"
| #define PACKAGE_STRING "pixman 0.24.4"
| #define PACKAGE_BUGREPORT "pixman@lists.freedesktop.org"
| #define PACKAGE "pixman"
| #define VERSION "0.24.4"
| #define STDC_HEADERS 1
| #define HAVE_SYS_TYPES_H 1
| #define HAVE_SYS_STAT_H 1
| #define HAVE_STDLIB_H 1
| #define HAVE_STRING_H 1
| #define HAVE_MEMORY_H 1
| #define HAVE_STRINGS_H 1
| #define HAVE_INTTYPES_H 1
| #define HAVE_STDINT_H 1
| #define HAVE_UNISTD_H 1
| #define HAVE_DLFCN_H 1
| #define AC_APPLE_UNIVERSAL_BUILD 1
| #define SIZEOF_LONG 8
| #define USE_X86_MMX 1
| #define USE_SSE2 1
| #define USE_GCC_INLINE_ASM 1
| /* end confdefs.h.  */
| /* Define posix_memalign to an innocuous variant, in case <limits.h> declares posix_memalign.
|    For example, HP-UX 11i <limits.h> declares gettimeofday.  */
| #define posix_memalign innocuous_posix_memalign
| 
| /* System header to define __stub macros and hopefully few prototypes,
|     which can conflict with char posix_memalign (); below.
|     Prefer <limits.h> to <assert.h> if __STDC__ is defined, since
|     <limits.h> exists even on freestanding compilers.  */
| 
| #ifdef __STDC__
| # include <limits.h>
| #else
| # include <assert.h>
| #endif
| 
| #undef posix_memalign
| 
| /* Override any GCC internal prototype to avoid an error.
|    Use char because int might match the return type of a GCC
|    builtin and then its argument prototype would still apply.  */
| #ifdef __cplusplus
| extern "C"
| #endif
| char posix_memalign ();
| /* The GNU C library defines this for functions which it implements
|     to always fail with ENOSYS.  Some functions are actually named
|     something starting with __ and the normal name is an alias.  */
| #if defined __stub_posix_memalign || defined __stub___posix_memalign
| choke me
| #endif
| 
| int
| main ()
| {
| return posix_memalign ();
|   ;
|   return 0;
| }
configure:23283: result: no
configure:23299: checking for sigaction
configure:23355: /usr/bin/gcc-4.2 -o conftest -Os -arch x86_64 -isysroot /Developer/SDKs/MacOSX10.5.sdk -Wall -fno-strict-aliasing -fvisibility=hidden  -arch x86_64 -isysroot /Developer/SDKs/MacOSX10.5.sdk conftest.c  >&5
configure:23362: $? = 0
configure:23382: result: yes
configure:23398: checking for alarm
configure:23454: /usr/bin/gcc-4.2 -o conftest -Os -arch x86_64 -isysroot /Developer/SDKs/MacOSX10.5.sdk -Wall -fno-strict-aliasing -fvisibility=hidden  -arch x86_64 -isysroot /Developer/SDKs/MacOSX10.5.sdk conftest.c  >&5
configure:23461: $? = 0
configure:23481: result: yes
configure:23507: checking sys/mman.h usability
configure:23524: /usr/bin/gcc-4.2 -c -Os -arch x86_64 -isysroot /Developer/SDKs/MacOSX10.5.sdk -Wall -fno-strict-aliasing -fvisibility=hidden  conftest.c >&5
configure:23531: $? = 0
configure:23545: result: yes
configure:23549: checking sys/mman.h presence
configure:23564: /usr/bin/gcc-4.2 -E  conftest.c
configure:23571: $? = 0
configure:23585: result: yes
configure:23618: checking for sys/mman.h
configure:23625: result: yes
configure:23639: checking for mmap
configure:23695: /usr/bin/gcc-4.2 -o conftest -Os -arch x86_64 -isysroot /Developer/SDKs/MacOSX10.5.sdk -Wall -fno-strict-aliasing -fvisibility=hidden  -arch x86_64 -isysroot /Developer/SDKs/MacOSX10.5.sdk conftest.c  >&5
configure:23702: $? = 0
configure:23722: result: yes
configure:23738: checking for mprotect
configure:23794: /usr/bin/gcc-4.2 -o conftest -Os -arch x86_64 -isysroot /Developer/SDKs/MacOSX10.5.sdk -Wall -fno-strict-aliasing -fvisibility=hidden  -arch x86_64 -isysroot /Developer/SDKs/MacOSX10.5.sdk conftest.c  >&5
configure:23801: $? = 0
configure:23821: result: yes
configure:23837: checking for getpagesize
configure:23893: /usr/bin/gcc-4.2 -o conftest -Os -arch x86_64 -isysroot /Developer/SDKs/MacOSX10.5.sdk -Wall -fno-strict-aliasing -fvisibility=hidden  -arch x86_64 -isysroot /Developer/SDKs/MacOSX10.5.sdk conftest.c  >&5
configure:23900: $? = 0
configure:23920: result: yes
configure:23946: checking fenv.h usability
configure:23963: /usr/bin/gcc-4.2 -c -Os -arch x86_64 -isysroot /Developer/SDKs/MacOSX10.5.sdk -Wall -fno-strict-aliasing -fvisibility=hidden  conftest.c >&5
configure:23970: $? = 0
configure:23984: result: yes
configure:23988: checking fenv.h presence
configure:24003: /usr/bin/gcc-4.2 -E  conftest.c
configure:24010: $? = 0
configure:24024: result: yes
configure:24057: checking for fenv.h
configure:24064: result: yes
configure:24078: checking for feenableexcept in -lm
configure:24113: /usr/bin/gcc-4.2 -o conftest -Os -arch x86_64 -isysroot /Developer/SDKs/MacOSX10.5.sdk -Wall -fno-strict-aliasing -fvisibility=hidden  -arch x86_64 -isysroot /Developer/SDKs/MacOSX10.5.sdk conftest.c -lm   >&5
Undefined symbols:
  "_feenableexcept", referenced from:
      _main in cctXLTkD.o
ld: symbol(s) not found
collect2: ld returned 1 exit status
configure:24120: $? = 1
configure: failed program was:
| /* confdefs.h.  */
| #define PACKAGE_NAME "pixman"
| #define PACKAGE_TARNAME "pixman"
| #define PACKAGE_VERSION "0.24.4"
| #define PACKAGE_STRING "pixman 0.24.4"
| #define PACKAGE_BUGREPORT "pixman@lists.freedesktop.org"
| #define PACKAGE "pixman"
| #define VERSION "0.24.4"
| #define STDC_HEADERS 1
| #define HAVE_SYS_TYPES_H 1
| #define HAVE_SYS_STAT_H 1
| #define HAVE_STDLIB_H 1
| #define HAVE_STRING_H 1
| #define HAVE_MEMORY_H 1
| #define HAVE_STRINGS_H 1
| #define HAVE_INTTYPES_H 1
| #define HAVE_STDINT_H 1
| #define HAVE_UNISTD_H 1
| #define HAVE_DLFCN_H 1
| #define AC_APPLE_UNIVERSAL_BUILD 1
| #define SIZEOF_LONG 8
| #define USE_X86_MMX 1
| #define USE_SSE2 1
| #define USE_GCC_INLINE_ASM 1
| #define HAVE_SIGACTION 1
| #define HAVE_ALARM 1
| #define HAVE_SYS_MMAN_H 1
| #define HAVE_MMAP 1
| #define HAVE_MPROTECT 1
| #define HAVE_GETPAGESIZE 1
| #define HAVE_FENV_H 1
| /* end confdefs.h.  */
| 
| /* Override any GCC internal prototype to avoid an error.
|    Use char because int might match the return type of a GCC
|    builtin and then its argument prototype would still apply.  */
| #ifdef __cplusplus
| extern "C"
| #endif
| char feenableexcept ();
| int
| main ()
| {
| return feenableexcept ();
|   ;
|   return 0;
| }
configure:24141: result: no
configure:24157: checking for gettimeofday
configure:24213: /usr/bin/gcc-4.2 -o conftest -Os -arch x86_64 -isysroot /Developer/SDKs/MacOSX10.5.sdk -Wall -fno-strict-aliasing -fvisibility=hidden  -arch x86_64 -isysroot /Developer/SDKs/MacOSX10.5.sdk conftest.c  >&5
configure:24220: $? = 0
configure:24240: result: yes
configure:24258: checking sys/time.h usability
configure:24275: /usr/bin/gcc-4.2 -c -Os -arch x86_64 -isysroot /Developer/SDKs/MacOSX10.5.sdk -Wall -fno-strict-aliasing -fvisibility=hidden  conftest.c >&5
configure:24282: $? = 0
configure:24296: result: yes
configure:24300: checking sys/time.h presence
configure:24315: /usr/bin/gcc-4.2 -E  conftest.c
configure:24322: $? = 0
configure:24336: result: yes
configure:24369: checking for sys/time.h
configure:24376: result: yes
configure:24398: checking for __thread
configure:24423: /usr/bin/gcc-4.2 -o conftest -Os -arch x86_64 -isysroot /Developer/SDKs/MacOSX10.5.sdk -Wall -fno-strict-aliasing -fvisibility=hidden  -arch x86_64 -isysroot /Developer/SDKs/MacOSX10.5.sdk conftest.c  >&5
conftest.c:41: error: thread-local storage not supported for this target
configure:24430: $? = 1
configure: failed program was:
| /* confdefs.h.  */
| #define PACKAGE_NAME "pixman"
| #define PACKAGE_TARNAME "pixman"
| #define PACKAGE_VERSION "0.24.4"
| #define PACKAGE_STRING "pixman 0.24.4"
| #define PACKAGE_BUGREPORT "pixman@lists.freedesktop.org"
| #define PACKAGE "pixman"
| #define VERSION "0.24.4"
| #define STDC_HEADERS 1
| #define HAVE_SYS_TYPES_H 1
| #define HAVE_SYS_STAT_H 1
| #define HAVE_STDLIB_H 1
| #define HAVE_STRING_H 1
| #define HAVE_MEMORY_H 1
| #define HAVE_STRINGS_H 1
| #define HAVE_INTTYPES_H 1
| #define HAVE_STDINT_H 1
| #define HAVE_UNISTD_H 1
| #define HAVE_DLFCN_H 1
| #define AC_APPLE_UNIVERSAL_BUILD 1
| #define SIZEOF_LONG 8
| #define USE_X86_MMX 1
| #define USE_SSE2 1
| #define USE_GCC_INLINE_ASM 1
| #define HAVE_SIGACTION 1
| #define HAVE_ALARM 1
| #define HAVE_SYS_MMAN_H 1
| #define HAVE_MMAP 1
| #define HAVE_MPROTECT 1
| #define HAVE_GETPAGESIZE 1
| #define HAVE_FENV_H 1
| #define HAVE_GETTIMEOFDAY 1
| /* end confdefs.h.  */
| 
| #if defined(__MINGW32__) && !(__GNUC__ > 4 || (__GNUC__ == 4 && __GNUC_MINOR__ >= 5))
| #error This MinGW version has broken __thread support
| #endif
| #ifdef __OpenBSD__
| #error OpenBSD has broken __thread support
| #endif
| static __thread int x ;
| int main () { x = 123; return x; }
| 
configure:24458: result: no
configure:24469: checking for pthread_setspecific
configure:24531: /usr/bin/gcc-4.2 -o conftest -D_REENTRANT   conftest.c -lpthread >&5
configure:24538: $? = 0
configure:24800: result: yes
configure:24812: checking for __attribute__((constructor))
configure:24839: /usr/bin/gcc-4.2 -o conftest -Os -arch x86_64 -isysroot /Developer/SDKs/MacOSX10.5.sdk -Wall -fno-strict-aliasing -fvisibility=hidden -D_REENTRANT  -arch x86_64 -isysroot /Developer/SDKs/MacOSX10.5.sdk conftest.c  >&5
configure:24846: $? = 0
configure:24874: result: yes
configure:24881: checking for PNG
configure:24888: $PKG_CONFIG --exists --print-errors "libpng"
configure:24891: $? = 0
configure:24904: $PKG_CONFIG --exists --print-errors "libpng"
configure:24907: $? = 0
configure:24942: result: yes
configure:25154: creating ./config.status

## ---------------------- ##
## Running config.status. ##
## ---------------------- ##

This file was extended by pixman config.status 0.24.4, which was
generated by GNU Autoconf 2.63.  Invocation command line was

  CONFIG_FILES    = 
  CONFIG_HEADERS  = 
  CONFIG_LINKS    = 
  CONFIG_COMMANDS = 
  $ ./config.status 

on mba-5.local

config.status:869: creating pixman-1.pc
config.status:869: creating pixman-1-uninstalled.pc
config.status:869: creating Makefile
config.status:869: creating pixman/Makefile
config.status:869: creating pixman/pixman-version.h
config.status:869: creating demos/Makefile
config.status:869: creating test/Makefile
config.status:869: creating config.h
config.status:1143: executing depfiles commands

## ---------------- ##
## Cache variables. ##
## ---------------- ##

ac_cv_build=i386-apple-darwin13.0.0
ac_cv_c_bigendian=universal
ac_cv_c_compiler_gnu=yes
ac_cv_c_inline=inline
ac_cv_cxx_compiler_gnu=yes
ac_cv_env_CCASFLAGS_set=
ac_cv_env_CCASFLAGS_value=
ac_cv_env_CCAS_set=
ac_cv_env_CCAS_value=
ac_cv_env_CCC_set=
ac_cv_env_CCC_value=
ac_cv_env_CC_set=set
ac_cv_env_CC_value=/usr/bin/gcc-4.2
ac_cv_env_CFLAGS_set=set
ac_cv_env_CFLAGS_value='-Os -arch x86_64 -isysroot /Developer/SDKs/MacOSX10.5.sdk'
ac_cv_env_CPPFLAGS_set=
ac_cv_env_CPPFLAGS_value=
ac_cv_env_CPP_set=
ac_cv_env_CPP_value=
ac_cv_env_CXXCPP_set=
ac_cv_env_CXXCPP_value=
ac_cv_env_CXXFLAGS_set=
ac_cv_env_CXXFLAGS_value=
ac_cv_env_CXX_set=
ac_cv_env_CXX_value=
ac_cv_env_F77_set=
ac_cv_env_F77_value=
ac_cv_env_FFLAGS_set=
ac_cv_env_FFLAGS_value=
ac_cv_env_GTK_CFLAGS_set=
ac_cv_env_GTK_CFLAGS_value=
ac_cv_env_GTK_LIBS_set=
ac_cv_env_GTK_LIBS_value=
ac_cv_env_LDFLAGS_set=set
ac_cv_env_LDFLAGS_value='-arch x86_64 -isysroot /Developer/SDKs/MacOSX10.5.sdk'
ac_cv_env_LIBS_set=
ac_cv_env_LIBS_value=
ac_cv_env_PKG_CONFIG_set=set
ac_cv_env_PKG_CONFIG_value=/Users/soegaard/BuildRacketLibs/bin/pkg-config
ac_cv_env_PNG_CFLAGS_set=
ac_cv_env_PNG_CFLAGS_value=
ac_cv_env_PNG_LIBS_set=
ac_cv_env_PNG_LIBS_value=
ac_cv_env_build_alias_set=
ac_cv_env_build_alias_value=
ac_cv_env_host_alias_set=
ac_cv_env_host_alias_value=
ac_cv_env_target_alias_set=
ac_cv_env_target_alias_value=
ac_cv_f77_compiler_gnu=no
ac_cv_func_alarm=yes
ac_cv_func_getisax=no
ac_cv_func_getpagesize=yes
ac_cv_func_gettimeofday=yes
ac_cv_func_mmap=yes
ac_cv_func_mprotect=yes
ac_cv_func_posix_memalign=no
ac_cv_func_sigaction=yes
ac_cv_have_decl___SUNPRO_C=no
ac_cv_have_decl___amd64=yes
ac_cv_header_dlfcn_h=yes
ac_cv_header_fenv_h=yes
ac_cv_header_inttypes_h=yes
ac_cv_header_memory_h=yes
ac_cv_header_stdc=yes
ac_cv_header_stdint_h=yes
ac_cv_header_stdlib_h=yes
ac_cv_header_string_h=yes
ac_cv_header_strings_h=yes
ac_cv_header_sys_mman_h=yes
ac_cv_header_sys_stat_h=yes
ac_cv_header_sys_time_h=yes
ac_cv_header_sys_types_h=yes
ac_cv_header_unistd_h=yes
ac_cv_host=i386-apple-darwin13.0.0
ac_cv_lib_m_feenableexcept=no
ac_cv_lib_pixman_1_pixman_version_string=no
ac_cv_objext=o
ac_cv_path_EGREP='/usr/bin/grep -E'
ac_cv_path_GREP=/usr/bin/grep
ac_cv_path_PERL=/opt/local/bin/perl
ac_cv_path_install='/usr/bin/install -c'
ac_cv_prog_AWK=awk
ac_cv_prog_CPP='/usr/bin/gcc-4.2 -E'
ac_cv_prog_CXXCPP='g++ -E'
ac_cv_prog_ac_ct_AR=ar
ac_cv_prog_ac_ct_CC=/usr/bin/gcc-4.2
ac_cv_prog_ac_ct_CXX=g++
ac_cv_prog_ac_ct_DSYMUTIL=dsymutil
ac_cv_prog_ac_ct_NMEDIT=nmedit
ac_cv_prog_ac_ct_RANLIB=ranlib
ac_cv_prog_ac_ct_STRIP=strip
ac_cv_prog_c_openmp=-fopenmp
ac_cv_prog_cc_c89=
ac_cv_prog_cc_g=yes
ac_cv_prog_cxx_g=yes
ac_cv_prog_f77_g=no
ac_cv_prog_make_make_set=yes
ac_cv_sizeof_long=8
am_cv_CCAS_dependencies_compiler_type=gcc3
am_cv_CC_dependencies_compiler_type=gcc3
am_cv_CXX_dependencies_compiler_type=gcc3
lt_cv_apple_cc_single_mod=yes
lt_cv_deplibs_check_method=pass_all
lt_cv_file_magic_cmd='$MAGIC_CMD'
lt_cv_file_magic_test_file=
lt_cv_ld_exported_symbols_list=yes
lt_cv_ld_reload_flag=-r
lt_cv_objdir=.libs
lt_cv_path_LD=/usr/libexec/gcc/i686-apple-darwin10/4.2.1/ld
lt_cv_path_LDCXX=/usr/libexec/gcc/i686-apple-darwin10/4.2.1/ld
lt_cv_path_NM=/opt/local/bin/nm
lt_cv_path_SED=/usr/bin/sed
lt_cv_prog_compiler_c_o=yes
lt_cv_prog_compiler_c_o_CXX=yes
lt_cv_prog_compiler_pic_works=yes
lt_cv_prog_compiler_pic_works_CXX=yes
lt_cv_prog_compiler_rtti_exceptions=no
lt_cv_prog_compiler_static_works=no
lt_cv_prog_compiler_static_works_CXX=no
lt_cv_prog_gnu_ld=no
lt_cv_prog_gnu_ldcxx=no
lt_cv_sys_global_symbol_pipe='sed -n -e '\''s/^.*[ 	]\([BCDEGRST][BCDEGRST]*\)[ 	][ 	]*_\([_A-Za-z][_A-Za-z0-9]*\)$/\1 _\2 \2/p'\'''
lt_cv_sys_global_symbol_to_c_name_address='sed -n -e '\''s/^: \([^ ]*\) $/  {\"\1\", (lt_ptr) 0},/p'\'' -e '\''s/^[BCDEGRST] \([^ ]*\) \([^ ]*\)$/  {"\2", (lt_ptr) \&\2},/p'\'''
lt_cv_sys_global_symbol_to_cdecl='sed -n -e '\''s/^. .* \(.*\)$/extern int \1;/p'\'''
lt_cv_sys_lib_dlsearch_path_spec='/usr/local/lib /lib /usr/lib'
lt_cv_sys_lib_search_path_spec='/usr/lib/gcc/i686-apple-darwin10/4.2.1/x86_64 /usr/lib/i686-apple-darwin10/4.2.1 /usr/lib /usr/local/lib'
lt_cv_sys_max_cmd_len=196608
lt_lt_cv_prog_compiler_c_o='"yes"'
lt_lt_cv_prog_compiler_c_o_CXX='"yes"'
lt_lt_cv_sys_global_symbol_pipe='"sed -n -e '\''s/^.*[ 	]\\([BCDEGRST][BCDEGRST]*\\)[ 	][ 	]*_\\([_A-Za-z][_A-Za-z0-9]*\\)\$/\\1 _\\2 \\2/p'\''"'
lt_lt_cv_sys_global_symbol_to_c_name_address='"sed -n -e '\''s/^: \\([^ ]*\\) \$/  {\\\"\\1\\\", (lt_ptr) 0},/p'\'' -e '\''s/^[BCDEGRST] \\([^ ]*\\) \\([^ ]*\\)\$/  {\"\\2\", (lt_ptr) \\&\\2},/p'\''"'
lt_lt_cv_sys_global_symbol_to_cdecl='"sed -n -e '\''s/^. .* \\(.*\\)\$/extern int \\1;/p'\''"'
pkg_cv_PNG_CFLAGS='-I/Users/soegaard/BuildRacketLibs/include/libpng15 '
pkg_cv_PNG_LIBS='-L/Users/soegaard/BuildRacketLibs/lib -lpng15 '

## ----------------- ##
## Output variables. ##
## ----------------- ##

ACLOCAL='${SHELL} /Users/soegaard/BuildRacketLibs/pixman/missing --run aclocal-1.11'
AMDEPBACKSLASH='\'
AMDEP_FALSE='#'
AMDEP_TRUE=''
AMTAR='${SHELL} /Users/soegaard/BuildRacketLibs/pixman/missing --run tar'
AM_BACKSLASH='\'
AM_DEFAULT_VERBOSITY='0'
AR='ar'
AUTOCONF='${SHELL} /Users/soegaard/BuildRacketLibs/pixman/missing --run autoconf'
AUTOHEADER='${SHELL} /Users/soegaard/BuildRacketLibs/pixman/missing --run autoheader'
AUTOMAKE='${SHELL} /Users/soegaard/BuildRacketLibs/pixman/missing --run automake-1.11'
AWK='awk'
CC='/usr/bin/gcc-4.2'
CCAS='/usr/bin/gcc-4.2'
CCASDEPMODE='depmode=gcc3'
CCASFLAGS='-Os -arch x86_64 -isysroot /Developer/SDKs/MacOSX10.5.sdk'
CCDEPMODE='depmode=gcc3'
CFLAGS='-Os -arch x86_64 -isysroot /Developer/SDKs/MacOSX10.5.sdk -Wall -fno-strict-aliasing -fvisibility=hidden -D_REENTRANT'
CPP='/usr/bin/gcc-4.2 -E'
CPPFLAGS=''
CXX='g++'
CXXCPP='g++ -E'
CXXDEPMODE='depmode=gcc3'
CXXFLAGS='-g -O2'
CYGPATH_W='echo'
DEFS='-DHAVE_CONFIG_H'
DEPDIR='.deps'
DEP_CFLAGS=''
DEP_LIBS=''
DSYMUTIL='dsymutil'
ECHO='/bin/echo'
ECHO_C='\c'
ECHO_N=''
ECHO_T=''
EGREP='/usr/bin/grep -E'
EXEEXT=''
F77=''
FFLAGS=''
GREP='/usr/bin/grep'
GTK_CFLAGS=''
GTK_LIBS=''
HAVE_GTK_FALSE=''
HAVE_GTK_TRUE='#'
HAVE_LIBPNG=''
HAVE_PTHREAD_SETSPECIFIC=''
INSTALL_DATA='${INSTALL} -m 644'
INSTALL_PROGRAM='${INSTALL}'
INSTALL_SCRIPT='${INSTALL}'
INSTALL_STRIP_PROGRAM='$(install_sh) -c -s'
LDFLAGS='-arch x86_64 -isysroot /Developer/SDKs/MacOSX10.5.sdk'
LIBOBJS=''
LIBS=''
LIBTOOL='$(SHELL) $(top_builddir)/libtool'
LN_S='ln -s'
LTLIBOBJS=''
LT_VERSION_INFO='24:4:24'
MAKEINFO='${SHELL} /Users/soegaard/BuildRacketLibs/pixman/missing --run makeinfo'
MKDIR_P='./install-sh -c -d'
MMX_CFLAGS='-mmmx -Winline'
MMX_LDFLAGS=''
NMEDIT='nmedit'
OBJEXT='o'
OPENMP_CFLAGS='-fopenmp'
PACKAGE='pixman'
PACKAGE_BUGREPORT='pixman@lists.freedesktop.org'
PACKAGE_NAME='pixman'
PACKAGE_STRING='pixman 0.24.4'
PACKAGE_TARNAME='pixman'
PACKAGE_VERSION='0.24.4'
PATH_SEPARATOR=':'
PERL='/opt/local/bin/perl'
PIXMAN_TIMERS=''
PIXMAN_VERSION_MAJOR='0'
PIXMAN_VERSION_MICRO='4'
PIXMAN_VERSION_MINOR='24'
PKG_CONFIG='/Users/soegaard/BuildRacketLibs/bin/pkg-config'
PNG_CFLAGS='-I/Users/soegaard/BuildRacketLibs/include/libpng15 '
PNG_LIBS='-L/Users/soegaard/BuildRacketLibs/lib -lpng15 '
PTHREAD_LDFLAGS=''
PTHREAD_LIBS='-lpthread'
RANLIB='ranlib'
SED='/usr/bin/sed'
SET_MAKE=''
SHELL='/bin/sh'
SSE2_CFLAGS='-msse2 -Winline'
SSE2_LDFLAGS=''
STRIP='strip'
TESTPROGS_EXTRA_LDFLAGS=''
TOOLCHAIN_SUPPORTS_ATTRIBUTE_CONSTRUCTOR=''
TOOLCHAIN_SUPPORTS__THREAD=''
USE_ARM_IWMMXT_FALSE=''
USE_ARM_IWMMXT_TRUE='#'
USE_ARM_NEON_FALSE=''
USE_ARM_NEON_TRUE='#'
USE_ARM_SIMD_FALSE=''
USE_ARM_SIMD_TRUE='#'
USE_GCC_INLINE_ASM_FALSE='#'
USE_GCC_INLINE_ASM_TRUE=''
USE_SSE2_FALSE='#'
USE_SSE2_TRUE=''
USE_VMX_FALSE=''
USE_VMX_TRUE='#'
USE_X86_MMX_FALSE='#'
USE_X86_MMX_TRUE=''
VERSION='0.24.4'
VMX_CFLAGS=''
ac_ct_CC='/usr/bin/gcc-4.2'
ac_ct_CXX='g++'
ac_ct_F77=''
am__EXEEXT_FALSE=''
am__EXEEXT_TRUE='#'
am__fastdepCCAS_FALSE='#'
am__fastdepCCAS_TRUE=''
am__fastdepCC_FALSE='#'
am__fastdepCC_TRUE=''
am__fastdepCXX_FALSE='#'
am__fastdepCXX_TRUE=''
am__include='include'
am__isrc=''
am__leading_dot='.'
am__quote=''
am__tar='${AMTAR} chof - "$$tardir"'
am__untar='${AMTAR} xf -'
bindir='${exec_prefix}/bin'
build='i386-apple-darwin13.0.0'
build_alias=''
build_cpu='i386'
build_os='darwin13.0.0'
build_vendor='apple'
datadir='${datarootdir}'
datarootdir='${prefix}/share'
docdir='${datarootdir}/doc/${PACKAGE_TARNAME}'
dvidir='${docdir}'
exec_prefix='${prefix}'
host='i386-apple-darwin13.0.0'
host_alias=''
host_cpu='i386'
host_os='darwin13.0.0'
host_vendor='apple'
htmldir='${docdir}'
includedir='${prefix}/include'
infodir='${datarootdir}/info'
install_sh='${SHELL} /Users/soegaard/BuildRacketLibs/pixman/install-sh'
libdir='${exec_prefix}/lib'
libexecdir='${exec_prefix}/libexec'
localedir='${datarootdir}/locale'
localstatedir='${prefix}/var'
mandir='${datarootdir}/man'
mkdir_p='$(top_builddir)/./install-sh -c -d'
oldincludedir='/usr/include'
pdfdir='${docdir}'
prefix='/Users/soegaard/BuildRacketLibs'
program_transform_name='s,x,x,'
psdir='${docdir}'
sbindir='${exec_prefix}/sbin'
sharedstatedir='${prefix}/com'
sysconfdir='${prefix}/etc'
target_alias=''

## ----------- ##
## confdefs.h. ##
## ----------- ##

#define PACKAGE_NAME "pixman"
#define PACKAGE_TARNAME "pixman"
#define PACKAGE_VERSION "0.24.4"
#define PACKAGE_STRING "pixman 0.24.4"
#define PACKAGE_BUGREPORT "pixman@lists.freedesktop.org"
#define PACKAGE "pixman"
#define VERSION "0.24.4"
#define STDC_HEADERS 1
#define HAVE_SYS_TYPES_H 1
#define HAVE_SYS_STAT_H 1
#define HAVE_STDLIB_H 1
#define HAVE_STRING_H 1
#define HAVE_MEMORY_H 1
#define HAVE_STRINGS_H 1
#define HAVE_INTTYPES_H 1
#define HAVE_STDINT_H 1
#define HAVE_UNISTD_H 1
#define HAVE_DLFCN_H 1
#define AC_APPLE_UNIVERSAL_BUILD 1
#define SIZEOF_LONG 8
#define USE_X86_MMX 1
#define USE_SSE2 1
#define USE_GCC_INLINE_ASM 1
#define HAVE_SIGACTION 1
#define HAVE_ALARM 1
#define HAVE_SYS_MMAN_H 1
#define HAVE_MMAP 1
#define HAVE_MPROTECT 1
#define HAVE_GETPAGESIZE 1
#define HAVE_FENV_H 1
#define HAVE_GETTIMEOFDAY 1
#define HAVE_PTHREAD_SETSPECIFIC /**/
#define TOOLCHAIN_SUPPORTS_ATTRIBUTE_CONSTRUCTOR /**/
#define HAVE_LIBPNG 1

configure: exit 0
