This file contains any messages produced by compilers while
running configure, to aid debugging if configure makes a mistake.

It was created by FreeType configure 2.5, which was
generated by GNU Autoconf 2.69.  Invocation command line was

  $ ./configure --prefix=/Users/soegaard/BuildRacketLibs

## --------- ##
## Platform. ##
## --------- ##

hostname = mba-5.local
uname -m = x86_64
uname -r = 13.0.0
uname -s = Darwin
uname -v = Darwin Kernel Version 13.0.0: Thu Sep 19 22:22:27 PDT 2013; root:xnu-2422.1.72~6/RELEASE_X86_64

/usr/bin/uname -p = i386
/bin/uname -X     = unknown

/bin/arch              = unknown
/usr/bin/arch -k       = unknown
/usr/convex/getsysinfo = unknown
/usr/bin/hostinfo      = Mach kernel version:
	 Darwin Kernel Version 13.0.0: Thu Sep 19 22:22:27 PDT 2013; root:xnu-2422.1.72~6/RELEASE_X86_64
Kernel configured for up to 4 processors.
2 processors are physically available.
4 processors are logically available.
Processor type: i486 (Intel 80486)
Processors active: 0 1 2 3
Primary memory available: 4.00 gigabytes
Default processor set: 313 tasks, 1909 threads, 4 processors
Load average: 2.93, Mach factor: 1.94
/bin/machine           = unknown
/usr/bin/oslevel       = unknown
/bin/universe          = unknown

PATH: /opt/local/bin
PATH: /opt/local/sbin
PATH: /opt/local/bin
PATH: /opt/local/sbin
PATH: /usr/bin
PATH: /bin
PATH: /usr/sbin
PATH: /sbin
PATH: /usr/local/bin
PATH: /opt/X11/bin


## ----------- ##
## Core tests. ##
## ----------- ##

configure:2483: checking build system type
configure:2497: result: x86_64-apple-darwin13.0.0
configure:2517: checking host system type
configure:2530: result: x86_64-apple-darwin13.0.0
configure:2602: checking for gcc
configure:2629: result: /usr/bin/gcc-4.2
configure:2858: checking for C compiler version
configure:2867: /usr/bin/gcc-4.2 --version >&5
i686-apple-darwin10-gcc-4.2.1 (GCC) 4.2.1 (Apple Inc. build 5666) (dot 3)
Copyright (C) 2007 Free Software Foundation, Inc.
This is free software; see the source for copying conditions.  There is NO
warranty; not even for MERCHANTABILITY or FITNESS FOR A PARTICULAR PURPOSE.

configure:2878: $? = 0
configure:2867: /usr/bin/gcc-4.2 -v >&5
Using built-in specs.
Target: i686-apple-darwin10
Configured with: /var/tmp/gcc/gcc-5666.3~6/src/configure --disable-checking --enable-werror --prefix=/usr --mandir=/share/man --enable-languages=c,objc,c++,obj-c++ --program-transform-name=/^[cg][^.-]*$/s/$/-4.2/ --with-slibdir=/usr/lib --build=i686-apple-darwin10 --program-prefix=i686-apple-darwin10- --host=x86_64-apple-darwin10 --target=i686-apple-darwin10 --with-gxx-include-dir=/include/c++/4.2.1
Thread model: posix
gcc version 4.2.1 (Apple Inc. build 5666) (dot 3)
configure:2878: $? = 0
configure:2867: /usr/bin/gcc-4.2 -V >&5
gcc-4.2: argument to `-V' is missing
configure:2878: $? = 1
configure:2867: /usr/bin/gcc-4.2 -qversion >&5
i686-apple-darwin10-gcc-4.2.1: no input files
configure:2878: $? = 1
configure:2898: checking whether the C compiler works
configure:2920: /usr/bin/gcc-4.2 -Os -arch x86_64 -isysroot /Developer/SDKs/MacOSX10.5.sdk -I/Users/soegaard/BuildRacketLibs/include -isysroot /Developer/SDKs/MacOSX10.5.sdk -mmacosx-version-min=10.5    -arch x86_64 -isysroot /Developer/SDKs/MacOSX10.5.sdk -L/Users/soegaard/BuildRacketLibs/lib conftest.c  >&5
configure:2924: $? = 0
configure:2972: result: yes
configure:2975: checking for C compiler default output file name
configure:2977: result: a.out
configure:2983: checking for suffix of executables
configure:2990: /usr/bin/gcc-4.2 -o conftest -Os -arch x86_64 -isysroot /Developer/SDKs/MacOSX10.5.sdk -I/Users/soegaard/BuildRacketLibs/include -isysroot /Developer/SDKs/MacOSX10.5.sdk -mmacosx-version-min=10.5    -arch x86_64 -isysroot /Developer/SDKs/MacOSX10.5.sdk -L/Users/soegaard/BuildRacketLibs/lib conftest.c  >&5
configure:2994: $? = 0
configure:3016: result: 
configure:3038: checking whether we are cross compiling
configure:3046: /usr/bin/gcc-4.2 -o conftest -Os -arch x86_64 -isysroot /Developer/SDKs/MacOSX10.5.sdk -I/Users/soegaard/BuildRacketLibs/include -isysroot /Developer/SDKs/MacOSX10.5.sdk -mmacosx-version-min=10.5    -arch x86_64 -isysroot /Developer/SDKs/MacOSX10.5.sdk -L/Users/soegaard/BuildRacketLibs/lib conftest.c  >&5
configure:3050: $? = 0
configure:3057: ./conftest
configure:3061: $? = 0
configure:3076: result: no
configure:3081: checking for suffix of object files
configure:3103: /usr/bin/gcc-4.2 -c -Os -arch x86_64 -isysroot /Developer/SDKs/MacOSX10.5.sdk -I/Users/soegaard/BuildRacketLibs/include -isysroot /Developer/SDKs/MacOSX10.5.sdk -mmacosx-version-min=10.5 conftest.c >&5
configure:3107: $? = 0
configure:3128: result: o
configure:3132: checking whether we are using the GNU C compiler
configure:3151: /usr/bin/gcc-4.2 -c -Os -arch x86_64 -isysroot /Developer/SDKs/MacOSX10.5.sdk -I/Users/soegaard/BuildRacketLibs/include -isysroot /Developer/SDKs/MacOSX10.5.sdk -mmacosx-version-min=10.5 conftest.c >&5
configure:3151: $? = 0
configure:3160: result: yes
configure:3169: checking whether /usr/bin/gcc-4.2 accepts -g
configure:3189: /usr/bin/gcc-4.2 -c -g -isysroot /Developer/SDKs/MacOSX10.5.sdk -mmacosx-version-min=10.5 conftest.c >&5
configure:3189: $? = 0
configure:3230: result: yes
configure:3247: checking for /usr/bin/gcc-4.2 option to accept ISO C89
configure:3310: /usr/bin/gcc-4.2  -c -Os -arch x86_64 -isysroot /Developer/SDKs/MacOSX10.5.sdk -I/Users/soegaard/BuildRacketLibs/include -isysroot /Developer/SDKs/MacOSX10.5.sdk -mmacosx-version-min=10.5 conftest.c >&5
configure:3310: $? = 0
configure:3323: result: none needed
configure:3348: checking how to run the C preprocessor
configure:3379: /usr/bin/gcc-4.2 -E -isysroot /Developer/SDKs/MacOSX10.5.sdk -mmacosx-version-min=10.5 conftest.c
configure:3379: $? = 0
configure:3393: /usr/bin/gcc-4.2 -E -isysroot /Developer/SDKs/MacOSX10.5.sdk -mmacosx-version-min=10.5 conftest.c
conftest.c:9:28: error: ac_nonexistent.h: No such file or directory
configure:3393: $? = 1
configure: failed program was:
| /* confdefs.h */
| #define PACKAGE_NAME "FreeType"
| #define PACKAGE_TARNAME "freetype"
| #define PACKAGE_VERSION "2.5"
| #define PACKAGE_STRING "FreeType 2.5"
| #define PACKAGE_BUGREPORT "freetype@nongnu.org"
| #define PACKAGE_URL ""
| /* end confdefs.h.  */
| #include <ac_nonexistent.h>
configure:3418: result: /usr/bin/gcc-4.2 -E
configure:3438: /usr/bin/gcc-4.2 -E -isysroot /Developer/SDKs/MacOSX10.5.sdk -mmacosx-version-min=10.5 conftest.c
configure:3438: $? = 0
configure:3452: /usr/bin/gcc-4.2 -E -isysroot /Developer/SDKs/MacOSX10.5.sdk -mmacosx-version-min=10.5 conftest.c
conftest.c:9:28: error: ac_nonexistent.h: No such file or directory
configure:3452: $? = 1
configure: failed program was:
| /* confdefs.h */
| #define PACKAGE_NAME "FreeType"
| #define PACKAGE_TARNAME "freetype"
| #define PACKAGE_VERSION "2.5"
| #define PACKAGE_STRING "FreeType 2.5"
| #define PACKAGE_BUGREPORT "freetype@nongnu.org"
| #define PACKAGE_URL ""
| /* end confdefs.h.  */
| #include <ac_nonexistent.h>
configure:3645: checking for rmdir
configure:3661: found /bin/rmdir
configure:3672: result: rmdir
configure:3700: checking for a BSD-compatible install
configure:3768: result: /usr/bin/install -c
configure:3792: checking for grep that handles long lines and -e
configure:3850: result: /usr/bin/grep
configure:3855: checking for egrep
configure:3917: result: /usr/bin/grep -E
configure:3922: checking for ANSI C header files
configure:3942: /usr/bin/gcc-4.2 -c -Os -arch x86_64 -isysroot /Developer/SDKs/MacOSX10.5.sdk -I/Users/soegaard/BuildRacketLibs/include -isysroot /Developer/SDKs/MacOSX10.5.sdk -mmacosx-version-min=10.5 conftest.c >&5
configure:3942: $? = 0
configure:4015: /usr/bin/gcc-4.2 -o conftest -Os -arch x86_64 -isysroot /Developer/SDKs/MacOSX10.5.sdk -I/Users/soegaard/BuildRacketLibs/include -isysroot /Developer/SDKs/MacOSX10.5.sdk -mmacosx-version-min=10.5    -arch x86_64 -isysroot /Developer/SDKs/MacOSX10.5.sdk -L/Users/soegaard/BuildRacketLibs/lib conftest.c  >&5
configure:4015: $? = 0
configure:4015: ./conftest
configure:4015: $? = 0
configure:4026: result: yes
configure:4039: checking for sys/types.h
configure:4039: /usr/bin/gcc-4.2 -c -Os -arch x86_64 -isysroot /Developer/SDKs/MacOSX10.5.sdk -I/Users/soegaard/BuildRacketLibs/include -isysroot /Developer/SDKs/MacOSX10.5.sdk -mmacosx-version-min=10.5 conftest.c >&5
configure:4039: $? = 0
configure:4039: result: yes
configure:4039: checking for sys/stat.h
configure:4039: /usr/bin/gcc-4.2 -c -Os -arch x86_64 -isysroot /Developer/SDKs/MacOSX10.5.sdk -I/Users/soegaard/BuildRacketLibs/include -isysroot /Developer/SDKs/MacOSX10.5.sdk -mmacosx-version-min=10.5 conftest.c >&5
configure:4039: $? = 0
configure:4039: result: yes
configure:4039: checking for stdlib.h
configure:4039: /usr/bin/gcc-4.2 -c -Os -arch x86_64 -isysroot /Developer/SDKs/MacOSX10.5.sdk -I/Users/soegaard/BuildRacketLibs/include -isysroot /Developer/SDKs/MacOSX10.5.sdk -mmacosx-version-min=10.5 conftest.c >&5
configure:4039: $? = 0
configure:4039: result: yes
configure:4039: checking for string.h
configure:4039: /usr/bin/gcc-4.2 -c -Os -arch x86_64 -isysroot /Developer/SDKs/MacOSX10.5.sdk -I/Users/soegaard/BuildRacketLibs/include -isysroot /Developer/SDKs/MacOSX10.5.sdk -mmacosx-version-min=10.5 conftest.c >&5
configure:4039: $? = 0
configure:4039: result: yes
configure:4039: checking for memory.h
configure:4039: /usr/bin/gcc-4.2 -c -Os -arch x86_64 -isysroot /Developer/SDKs/MacOSX10.5.sdk -I/Users/soegaard/BuildRacketLibs/include -isysroot /Developer/SDKs/MacOSX10.5.sdk -mmacosx-version-min=10.5 conftest.c >&5
configure:4039: $? = 0
configure:4039: result: yes
configure:4039: checking for strings.h
configure:4039: /usr/bin/gcc-4.2 -c -Os -arch x86_64 -isysroot /Developer/SDKs/MacOSX10.5.sdk -I/Users/soegaard/BuildRacketLibs/include -isysroot /Developer/SDKs/MacOSX10.5.sdk -mmacosx-version-min=10.5 conftest.c >&5
configure:4039: $? = 0
configure:4039: result: yes
configure:4039: checking for inttypes.h
configure:4039: /usr/bin/gcc-4.2 -c -Os -arch x86_64 -isysroot /Developer/SDKs/MacOSX10.5.sdk -I/Users/soegaard/BuildRacketLibs/include -isysroot /Developer/SDKs/MacOSX10.5.sdk -mmacosx-version-min=10.5 conftest.c >&5
configure:4039: $? = 0
configure:4039: result: yes
configure:4039: checking for stdint.h
configure:4039: /usr/bin/gcc-4.2 -c -Os -arch x86_64 -isysroot /Developer/SDKs/MacOSX10.5.sdk -I/Users/soegaard/BuildRacketLibs/include -isysroot /Developer/SDKs/MacOSX10.5.sdk -mmacosx-version-min=10.5 conftest.c >&5
configure:4039: $? = 0
configure:4039: result: yes
configure:4039: checking for unistd.h
configure:4039: /usr/bin/gcc-4.2 -c -Os -arch x86_64 -isysroot /Developer/SDKs/MacOSX10.5.sdk -I/Users/soegaard/BuildRacketLibs/include -isysroot /Developer/SDKs/MacOSX10.5.sdk -mmacosx-version-min=10.5 conftest.c >&5
configure:4039: $? = 0
configure:4039: result: yes
configure:4054: checking fcntl.h usability
configure:4054: /usr/bin/gcc-4.2 -c -Os -arch x86_64 -isysroot /Developer/SDKs/MacOSX10.5.sdk -I/Users/soegaard/BuildRacketLibs/include -isysroot /Developer/SDKs/MacOSX10.5.sdk -mmacosx-version-min=10.5 conftest.c >&5
configure:4054: $? = 0
configure:4054: result: yes
configure:4054: checking fcntl.h presence
configure:4054: /usr/bin/gcc-4.2 -E -isysroot /Developer/SDKs/MacOSX10.5.sdk -mmacosx-version-min=10.5 conftest.c
configure:4054: $? = 0
configure:4054: result: yes
configure:4054: checking for fcntl.h
configure:4054: result: yes
configure:4054: checking for unistd.h
configure:4054: result: yes
configure:4068: checking for an ANSI C-conforming const
configure:4134: /usr/bin/gcc-4.2 -c -Os -arch x86_64 -isysroot /Developer/SDKs/MacOSX10.5.sdk -I/Users/soegaard/BuildRacketLibs/include -isysroot /Developer/SDKs/MacOSX10.5.sdk -mmacosx-version-min=10.5 conftest.c >&5
configure:4134: $? = 0
configure:4141: result: yes
configure:4153: checking size of int
configure:4158: /usr/bin/gcc-4.2 -o conftest -Os -arch x86_64 -isysroot /Developer/SDKs/MacOSX10.5.sdk -I/Users/soegaard/BuildRacketLibs/include -isysroot /Developer/SDKs/MacOSX10.5.sdk -mmacosx-version-min=10.5    -arch x86_64 -isysroot /Developer/SDKs/MacOSX10.5.sdk -L/Users/soegaard/BuildRacketLibs/lib conftest.c  >&5
configure:4158: $? = 0
configure:4158: ./conftest
configure:4158: $? = 0
configure:4172: result: 4
configure:4186: checking size of long
configure:4191: /usr/bin/gcc-4.2 -o conftest -Os -arch x86_64 -isysroot /Developer/SDKs/MacOSX10.5.sdk -I/Users/soegaard/BuildRacketLibs/include -isysroot /Developer/SDKs/MacOSX10.5.sdk -mmacosx-version-min=10.5    -arch x86_64 -isysroot /Developer/SDKs/MacOSX10.5.sdk -L/Users/soegaard/BuildRacketLibs/lib conftest.c  >&5
configure:4191: $? = 0
configure:4191: ./conftest
configure:4191: $? = 0
configure:4205: result: 8
configure:4219: checking whether cpp computation of bit length in ftconfig.in works
configure:4276: result: yes
configure:4314: checking for stdlib.h
configure:4314: result: yes
configure:4314: checking for unistd.h
configure:4314: result: yes
configure:4314: checking for sys/param.h
configure:4314: /usr/bin/gcc-4.2 -c -Os -arch x86_64 -isysroot /Developer/SDKs/MacOSX10.5.sdk -I/Users/soegaard/BuildRacketLibs/include -isysroot /Developer/SDKs/MacOSX10.5.sdk -mmacosx-version-min=10.5 conftest.c >&5
configure:4314: $? = 0
configure:4314: result: yes
configure:4334: checking for getpagesize
configure:4334: /usr/bin/gcc-4.2 -o conftest -Os -arch x86_64 -isysroot /Developer/SDKs/MacOSX10.5.sdk -I/Users/soegaard/BuildRacketLibs/include -isysroot /Developer/SDKs/MacOSX10.5.sdk -mmacosx-version-min=10.5    -arch x86_64 -isysroot /Developer/SDKs/MacOSX10.5.sdk -L/Users/soegaard/BuildRacketLibs/lib conftest.c  >&5
configure:4334: $? = 0
configure:4334: result: yes
configure:4343: checking for working mmap
configure:4490: /usr/bin/gcc-4.2 -o conftest -Os -arch x86_64 -isysroot /Developer/SDKs/MacOSX10.5.sdk -I/Users/soegaard/BuildRacketLibs/include -isysroot /Developer/SDKs/MacOSX10.5.sdk -mmacosx-version-min=10.5    -arch x86_64 -isysroot /Developer/SDKs/MacOSX10.5.sdk -L/Users/soegaard/BuildRacketLibs/lib conftest.c  >&5
configure:4490: $? = 0
configure:4490: ./conftest
configure:4490: $? = 0
configure:4500: result: yes
configure:4516: checking whether munmap is declared
configure:4516: /usr/bin/gcc-4.2 -c -Os -arch x86_64 -isysroot /Developer/SDKs/MacOSX10.5.sdk -I/Users/soegaard/BuildRacketLibs/include -isysroot /Developer/SDKs/MacOSX10.5.sdk -mmacosx-version-min=10.5 conftest.c >&5
configure:4516: $? = 0
configure:4516: result: yes
configure:4536: checking for munmap's first parameter type
configure:4550: /usr/bin/gcc-4.2 -c -Os -arch x86_64 -isysroot /Developer/SDKs/MacOSX10.5.sdk -I/Users/soegaard/BuildRacketLibs/include -isysroot /Developer/SDKs/MacOSX10.5.sdk -mmacosx-version-min=10.5 conftest.c >&5
configure:4550: $? = 0
configure:4551: result: void *
configure:4568: checking for memcpy
configure:4568: /usr/bin/gcc-4.2 -o conftest -Os -arch x86_64 -isysroot /Developer/SDKs/MacOSX10.5.sdk -I/Users/soegaard/BuildRacketLibs/include -isysroot /Developer/SDKs/MacOSX10.5.sdk -mmacosx-version-min=10.5    -arch x86_64 -isysroot /Developer/SDKs/MacOSX10.5.sdk -L/Users/soegaard/BuildRacketLibs/lib conftest.c  >&5
conftest.c:53: warning: conflicting types for built-in function 'memcpy'
configure:4568: $? = 0
configure:4568: result: yes
configure:4568: checking for memmove
configure:4568: /usr/bin/gcc-4.2 -o conftest -Os -arch x86_64 -isysroot /Developer/SDKs/MacOSX10.5.sdk -I/Users/soegaard/BuildRacketLibs/include -isysroot /Developer/SDKs/MacOSX10.5.sdk -mmacosx-version-min=10.5    -arch x86_64 -isysroot /Developer/SDKs/MacOSX10.5.sdk -L/Users/soegaard/BuildRacketLibs/lib conftest.c  >&5
conftest.c:54: warning: conflicting types for built-in function 'memmove'
configure:4568: $? = 0
configure:4568: result: yes
configure:4591: checking gcc compiler flag -pedantic to assure ANSI C works correctly
configure:4608: /usr/bin/gcc-4.2 -c -Os -arch x86_64 -isysroot /Developer/SDKs/MacOSX10.5.sdk -I/Users/soegaard/BuildRacketLibs/include  -pedantic -isysroot /Developer/SDKs/MacOSX10.5.sdk -mmacosx-version-min=10.5 conftest.c >&5
configure:4608: $? = 0
configure:4610: result: ok, add it to XX_ANSIFLAGS
configure:4591: checking gcc compiler flag -ansi to assure ANSI C works correctly
configure:4608: /usr/bin/gcc-4.2 -c -Os -arch x86_64 -isysroot /Developer/SDKs/MacOSX10.5.sdk -I/Users/soegaard/BuildRacketLibs/include  -pedantic -ansi -isysroot /Developer/SDKs/MacOSX10.5.sdk -mmacosx-version-min=10.5 conftest.c >&5
configure:4608: $? = 0
configure:4610: result: ok, add it to XX_ANSIFLAGS
configure:4650: checking for gzsetparams in -lz
configure:4675: /usr/bin/gcc-4.2 -o conftest -Os -arch x86_64 -isysroot /Developer/SDKs/MacOSX10.5.sdk -I/Users/soegaard/BuildRacketLibs/include -isysroot /Developer/SDKs/MacOSX10.5.sdk -mmacosx-version-min=10.5    -arch x86_64 -isysroot /Developer/SDKs/MacOSX10.5.sdk -L/Users/soegaard/BuildRacketLibs/lib conftest.c -lz   >&5
configure:4675: $? = 0
configure:4684: result: yes
configure:4687: checking zlib.h usability
configure:4687: /usr/bin/gcc-4.2 -c -Os -arch x86_64 -isysroot /Developer/SDKs/MacOSX10.5.sdk -I/Users/soegaard/BuildRacketLibs/include -isysroot /Developer/SDKs/MacOSX10.5.sdk -mmacosx-version-min=10.5 conftest.c >&5
configure:4687: $? = 0
configure:4687: result: yes
configure:4687: checking zlib.h presence
configure:4687: /usr/bin/gcc-4.2 -E -isysroot /Developer/SDKs/MacOSX10.5.sdk -mmacosx-version-min=10.5 conftest.c
configure:4687: $? = 0
configure:4687: result: yes
configure:4687: checking for zlib.h
configure:4687: result: yes
configure:4711: checking for BZ2_bzDecompress in -lbz2
configure:4736: /usr/bin/gcc-4.2 -o conftest -Os -arch x86_64 -isysroot /Developer/SDKs/MacOSX10.5.sdk -I/Users/soegaard/BuildRacketLibs/include -isysroot /Developer/SDKs/MacOSX10.5.sdk -mmacosx-version-min=10.5    -arch x86_64 -isysroot /Developer/SDKs/MacOSX10.5.sdk -L/Users/soegaard/BuildRacketLibs/lib conftest.c -lbz2   >&5
configure:4736: $? = 0
configure:4745: result: yes
configure:4748: checking bzlib.h usability
configure:4748: /usr/bin/gcc-4.2 -c -Os -arch x86_64 -isysroot /Developer/SDKs/MacOSX10.5.sdk -I/Users/soegaard/BuildRacketLibs/include -isysroot /Developer/SDKs/MacOSX10.5.sdk -mmacosx-version-min=10.5 conftest.c >&5
configure:4748: $? = 0
configure:4748: result: yes
configure:4748: checking bzlib.h presence
configure:4748: /usr/bin/gcc-4.2 -E -isysroot /Developer/SDKs/MacOSX10.5.sdk -mmacosx-version-min=10.5 conftest.c
configure:4748: $? = 0
configure:4748: result: yes
configure:4748: checking for bzlib.h
configure:4748: result: yes
configure:4772: checking for libpng
configure:4784: result: -L/opt/local/lib -lpng15
configure:4803: checking whether CFLAGS and LDFLAGS share -arch x86_64
configure:4807: result: yes
configure:4803: checking whether CFLAGS and LDFLAGS share -isysroot /Developer/SDKs/MacOSX10.5.sdk
configure:4807: result: yes
configure:5421: checking how to print strings
configure:5448: result: printf
configure:5469: checking for a sed that does not truncate output
configure:5533: result: /usr/bin/sed
configure:5551: checking for fgrep
configure:5613: result: /usr/bin/grep -F
configure:5648: checking for ld used by /usr/bin/gcc-4.2
configure:5715: result: /usr/libexec/gcc/i686-apple-darwin10/4.2.1/ld
configure:5722: checking if the linker (/usr/libexec/gcc/i686-apple-darwin10/4.2.1/ld) is GNU ld
configure:5737: result: no
configure:5749: checking for BSD- or MS-compatible name lister (nm)
configure:5798: result: /opt/local/bin/nm
configure:5928: checking the name lister (/opt/local/bin/nm) interface
configure:5935: /usr/bin/gcc-4.2 -c -Os -arch x86_64 -isysroot /Developer/SDKs/MacOSX10.5.sdk -I/Users/soegaard/BuildRacketLibs/include -DDARWIN_NO_CARBON -isysroot /Developer/SDKs/MacOSX10.5.sdk -mmacosx-version-min=10.5 conftest.c >&5
configure:5938: /opt/local/bin/nm "conftest.o"
configure:5941: output
0000000000000000 D _some_variable
configure:5948: result: BSD nm
configure:5951: checking whether ln -s works
configure:5955: result: yes
configure:5963: checking the maximum length of command line arguments
configure:6093: result: 196608
configure:6110: checking whether the shell understands some XSI constructs
configure:6120: result: yes
configure:6124: checking whether the shell understands "+="
configure:6130: result: yes
configure:6165: checking how to convert x86_64-apple-darwin13.0.0 file names to x86_64-apple-darwin13.0.0 format
configure:6205: result: func_convert_file_noop
configure:6212: checking how to convert x86_64-apple-darwin13.0.0 file names to toolchain format
configure:6232: result: func_convert_file_noop
configure:6239: checking for /usr/libexec/gcc/i686-apple-darwin10/4.2.1/ld option to reload object files
configure:6246: result: -r
configure:6320: checking for objdump
configure:6350: result: no
configure:6376: checking how to recognize dependent libraries
configure:6578: result: pass_all
configure:6663: checking for dlltool
configure:6693: result: no
configure:6720: checking how to associate runtime and link libraries
configure:6747: result: printf %s\n
configure:6807: checking for ar
configure:6823: found /opt/local/bin/ar
configure:6834: result: ar
configure:6871: checking for archiver @FILE support
configure:6888: /usr/bin/gcc-4.2 -c -Os -arch x86_64 -isysroot /Developer/SDKs/MacOSX10.5.sdk -I/Users/soegaard/BuildRacketLibs/include -DDARWIN_NO_CARBON -isysroot /Developer/SDKs/MacOSX10.5.sdk -mmacosx-version-min=10.5 conftest.c >&5
configure:6888: $? = 0
configure:6891: ar cru libconftest.a @conftest.lst >&5
ar: @conftest.lst: No such file or directory
configure:6894: $? = 1
configure:6914: result: no
configure:6972: checking for strip
configure:6988: found /opt/local/bin/strip
configure:6999: result: strip
configure:7071: checking for ranlib
configure:7087: found /opt/local/bin/ranlib
configure:7098: result: ranlib
configure:7175: checking for gawk
configure:7205: result: no
configure:7175: checking for mawk
configure:7205: result: no
configure:7175: checking for nawk
configure:7205: result: no
configure:7175: checking for awk
configure:7191: found /usr/bin/awk
configure:7202: result: awk
configure:7242: checking command to parse /opt/local/bin/nm output from /usr/bin/gcc-4.2 object
configure:7362: /usr/bin/gcc-4.2 -c -Os -arch x86_64 -isysroot /Developer/SDKs/MacOSX10.5.sdk -I/Users/soegaard/BuildRacketLibs/include -DDARWIN_NO_CARBON -isysroot /Developer/SDKs/MacOSX10.5.sdk -mmacosx-version-min=10.5 conftest.c >&5
configure:7365: $? = 0
configure:7369: /opt/local/bin/nm conftest.o \| sed -n -e 's/^.*[ ]\([BCDEGRST][BCDEGRST]*\)[ ][ ]*\([_A-Za-z][_A-Za-z0-9]*\)$/\1 \2 \2/p' | sed '/ __gnu_lto/d' \> conftest.nm
configure:7372: $? = 0
cannot find nm_test_var in conftest.nm
configure:7362: /usr/bin/gcc-4.2 -c -Os -arch x86_64 -isysroot /Developer/SDKs/MacOSX10.5.sdk -I/Users/soegaard/BuildRacketLibs/include -DDARWIN_NO_CARBON -isysroot /Developer/SDKs/MacOSX10.5.sdk -mmacosx-version-min=10.5 conftest.c >&5
configure:7365: $? = 0
configure:7369: /opt/local/bin/nm conftest.o \| sed -n -e 's/^.*[ ]\([BCDEGRST][BCDEGRST]*\)[ ][ ]*_\([_A-Za-z][_A-Za-z0-9]*\)$/\1 _\2 \2/p' | sed '/ __gnu_lto/d' \> conftest.nm
configure:7372: $? = 0
configure:7438: /usr/bin/gcc-4.2 -o conftest -Os -arch x86_64 -isysroot /Developer/SDKs/MacOSX10.5.sdk -I/Users/soegaard/BuildRacketLibs/include -DDARWIN_NO_CARBON -isysroot /Developer/SDKs/MacOSX10.5.sdk -mmacosx-version-min=10.5    -arch x86_64 -isysroot /Developer/SDKs/MacOSX10.5.sdk -L/Users/soegaard/BuildRacketLibs/lib conftest.c conftstm.o >&5
configure:7441: $? = 0
configure:7479: result: ok
configure:7516: checking for sysroot
configure:7546: result: no
configure:7802: checking for mt
configure:7832: result: no
configure:7852: checking if : is a manifest tool
configure:7858: : '-?'
configure:7866: result: no
configure:7922: checking for dsymutil
configure:7938: found /usr/bin/dsymutil
configure:7949: result: dsymutil
configure:8014: checking for nmedit
configure:8030: found /opt/local/bin/nmedit
configure:8041: result: nmedit
configure:8106: checking for lipo
configure:8122: found /opt/local/bin/lipo
configure:8133: result: lipo
configure:8198: checking for otool
configure:8214: found /opt/local/bin/otool
configure:8225: result: otool
configure:8290: checking for otool64
configure:8320: result: no
configure:8365: checking for -single_module linker flag
/usr/bin/gcc-4.2 -Os -arch x86_64 -isysroot /Developer/SDKs/MacOSX10.5.sdk -I/Users/soegaard/BuildRacketLibs/include -DDARWIN_NO_CARBON    -arch x86_64 -isysroot /Developer/SDKs/MacOSX10.5.sdk -L/Users/soegaard/BuildRacketLibs/lib -o libconftest.dylib -dynamiclib -Wl,-single_module conftest.c
configure:8398: result: yes
configure:8401: checking for -exported_symbols_list linker flag
configure:8421: /usr/bin/gcc-4.2 -o conftest -Os -arch x86_64 -isysroot /Developer/SDKs/MacOSX10.5.sdk -I/Users/soegaard/BuildRacketLibs/include -DDARWIN_NO_CARBON -isysroot /Developer/SDKs/MacOSX10.5.sdk -mmacosx-version-min=10.5    -arch x86_64 -isysroot /Developer/SDKs/MacOSX10.5.sdk -L/Users/soegaard/BuildRacketLibs/lib -Wl,-exported_symbols_list,conftest.sym conftest.c  >&5
configure:8421: $? = 0
configure:8431: result: yes
configure:8434: checking for -force_load linker flag
/usr/bin/gcc-4.2 -Os -arch x86_64 -isysroot /Developer/SDKs/MacOSX10.5.sdk -I/Users/soegaard/BuildRacketLibs/include -DDARWIN_NO_CARBON -c -o conftest.o conftest.c
ar cru libconftest.a conftest.o
ranlib libconftest.a
/usr/bin/gcc-4.2 -Os -arch x86_64 -isysroot /Developer/SDKs/MacOSX10.5.sdk -I/Users/soegaard/BuildRacketLibs/include -DDARWIN_NO_CARBON    -arch x86_64 -isysroot /Developer/SDKs/MacOSX10.5.sdk -L/Users/soegaard/BuildRacketLibs/lib -o conftest conftest.c -Wl,-force_load,./libconftest.a
configure:8466: result: yes
configure:8505: checking for dlfcn.h
configure:8505: /usr/bin/gcc-4.2 -c -Os -arch x86_64 -isysroot /Developer/SDKs/MacOSX10.5.sdk -I/Users/soegaard/BuildRacketLibs/include -DDARWIN_NO_CARBON -isysroot /Developer/SDKs/MacOSX10.5.sdk -mmacosx-version-min=10.5 conftest.c >&5
configure:8505: $? = 0
configure:8505: result: yes
configure:9009: checking for objdir
configure:9024: result: .libs
configure:9291: checking if /usr/bin/gcc-4.2 supports -fno-rtti -fno-exceptions
configure:9309: /usr/bin/gcc-4.2 -c -Os -arch x86_64 -isysroot /Developer/SDKs/MacOSX10.5.sdk -I/Users/soegaard/BuildRacketLibs/include -DDARWIN_NO_CARBON -isysroot /Developer/SDKs/MacOSX10.5.sdk -mmacosx-version-min=10.5 -fno-rtti -fno-exceptions conftest.c >&5
cc1: warning: command line option "-fno-rtti" is valid for C++/ObjC++ but not for C
configure:9313: $? = 0
configure:9326: result: no
configure:9653: checking for /usr/bin/gcc-4.2 option to produce PIC
configure:9660: result: -fno-common -DPIC
configure:9668: checking if /usr/bin/gcc-4.2 PIC flag -fno-common -DPIC works
configure:9686: /usr/bin/gcc-4.2 -c -Os -arch x86_64 -isysroot /Developer/SDKs/MacOSX10.5.sdk -I/Users/soegaard/BuildRacketLibs/include -DDARWIN_NO_CARBON -isysroot /Developer/SDKs/MacOSX10.5.sdk -mmacosx-version-min=10.5 -fno-common -DPIC -DPIC conftest.c >&5
configure:9690: $? = 0
configure:9703: result: yes
configure:9732: checking if /usr/bin/gcc-4.2 static flag -static works
configure:9760: result: no
configure:9775: checking if /usr/bin/gcc-4.2 supports -c -o file.o
configure:9796: /usr/bin/gcc-4.2 -c -Os -arch x86_64 -isysroot /Developer/SDKs/MacOSX10.5.sdk -I/Users/soegaard/BuildRacketLibs/include -DDARWIN_NO_CARBON -isysroot /Developer/SDKs/MacOSX10.5.sdk -mmacosx-version-min=10.5 -o out/conftest2.o conftest.c >&5
configure:9800: $? = 0
configure:9822: result: yes
configure:9830: checking if /usr/bin/gcc-4.2 supports -c -o file.o
configure:9877: result: yes
configure:9910: checking whether the /usr/bin/gcc-4.2 linker (/usr/libexec/gcc/i686-apple-darwin10/4.2.1/ld) supports shared libraries
configure:11063: result: yes
configure:11303: checking dynamic linker characteristics
configure:12036: result: darwin13.0.0 dyld
configure:12143: checking how to hardcode library paths into programs
configure:12168: result: immediate
configure:12708: checking whether stripping libraries is possible
configure:12722: result: yes
configure:12748: checking if libtool supports shared libraries
configure:12750: result: yes
configure:12753: checking whether to build shared libraries
configure:12774: result: yes
configure:12777: checking whether to build static libraries
configure:12781: result: yes
configure:12974: creating ./config.status

## ---------------------- ##
## Running config.status. ##
## ---------------------- ##

This file was extended by FreeType config.status 2.5, which was
generated by GNU Autoconf 2.69.  Invocation command line was

  CONFIG_FILES    = 
  CONFIG_HEADERS  = 
  CONFIG_LINKS    = 
  CONFIG_COMMANDS = 
  $ ./config.status 

on mba-5.local

config.status:1071: creating unix-cc.mk
config.status:1071: creating unix-def.mk
config.status:1071: creating ftconfig.h
config.status:1260: executing libtool commands

## ---------------- ##
## Cache variables. ##
## ---------------- ##

ac_cv_build=x86_64-apple-darwin13.0.0
ac_cv_c_compiler_gnu=yes
ac_cv_c_const=yes
ac_cv_env_CC_set=set
ac_cv_env_CC_value=/usr/bin/gcc-4.2
ac_cv_env_CFLAGS_set=set
ac_cv_env_CFLAGS_value='-Os -arch x86_64 -isysroot /Developer/SDKs/MacOSX10.5.sdk -I/Users/soegaard/BuildRacketLibs/include'
ac_cv_env_CPPFLAGS_set=set
ac_cv_env_CPPFLAGS_value='-isysroot /Developer/SDKs/MacOSX10.5.sdk -mmacosx-version-min=10.5'
ac_cv_env_CPP_set=
ac_cv_env_CPP_value=
ac_cv_env_LDFLAGS_set=set
ac_cv_env_LDFLAGS_value='   -arch x86_64 -isysroot /Developer/SDKs/MacOSX10.5.sdk -L/Users/soegaard/BuildRacketLibs/lib'
ac_cv_env_LIBS_set=
ac_cv_env_LIBS_value=
ac_cv_env_build_alias_set=
ac_cv_env_build_alias_value=
ac_cv_env_host_alias_set=
ac_cv_env_host_alias_value=
ac_cv_env_target_alias_set=
ac_cv_env_target_alias_value=
ac_cv_func_getpagesize=yes
ac_cv_func_memcpy=yes
ac_cv_func_memmove=yes
ac_cv_func_mmap_fixed_mapped=yes
ac_cv_have_decl_munmap=yes
ac_cv_header_bzlib_h=yes
ac_cv_header_dlfcn_h=yes
ac_cv_header_fcntl_h=yes
ac_cv_header_inttypes_h=yes
ac_cv_header_memory_h=yes
ac_cv_header_stdc=yes
ac_cv_header_stdint_h=yes
ac_cv_header_stdlib_h=yes
ac_cv_header_string_h=yes
ac_cv_header_strings_h=yes
ac_cv_header_sys_param_h=yes
ac_cv_header_sys_stat_h=yes
ac_cv_header_sys_types_h=yes
ac_cv_header_unistd_h=yes
ac_cv_header_zlib_h=yes
ac_cv_host=x86_64-apple-darwin13.0.0
ac_cv_lib_bz2_BZ2_bzDecompress=yes
ac_cv_lib_z_gzsetparams=yes
ac_cv_objext=o
ac_cv_path_EGREP='/usr/bin/grep -E'
ac_cv_path_FGREP='/usr/bin/grep -F'
ac_cv_path_GREP=/usr/bin/grep
ac_cv_path_SED=/usr/bin/sed
ac_cv_path_install='/usr/bin/install -c'
ac_cv_prog_AWK=awk
ac_cv_prog_CPP='/usr/bin/gcc-4.2 -E'
ac_cv_prog_RMDIR=rmdir
ac_cv_prog_ac_ct_AR=ar
ac_cv_prog_ac_ct_CC=/usr/bin/gcc-4.2
ac_cv_prog_ac_ct_DSYMUTIL=dsymutil
ac_cv_prog_ac_ct_LIPO=lipo
ac_cv_prog_ac_ct_NMEDIT=nmedit
ac_cv_prog_ac_ct_OTOOL=otool
ac_cv_prog_ac_ct_RANLIB=ranlib
ac_cv_prog_ac_ct_STRIP=strip
ac_cv_prog_cc_c89=
ac_cv_prog_cc_g=yes
ac_cv_sizeof_int=4
ac_cv_sizeof_long=8
lt_cv_apple_cc_single_mod=yes
lt_cv_ar_at_file=no
lt_cv_deplibs_check_method=pass_all
lt_cv_file_magic_cmd='$MAGIC_CMD'
lt_cv_file_magic_test_file=
lt_cv_ld_exported_symbols_list=yes
lt_cv_ld_force_load=yes
lt_cv_ld_reload_flag=-r
lt_cv_nm_interface='BSD nm'
lt_cv_objdir=.libs
lt_cv_path_LD=/usr/libexec/gcc/i686-apple-darwin10/4.2.1/ld
lt_cv_path_NM=/opt/local/bin/nm
lt_cv_path_mainfest_tool=no
lt_cv_prog_compiler_c_o=yes
lt_cv_prog_compiler_pic='-fno-common -DPIC'
lt_cv_prog_compiler_pic_works=yes
lt_cv_prog_compiler_rtti_exceptions=no
lt_cv_prog_compiler_static_works=no
lt_cv_prog_gnu_ld=no
lt_cv_sharedlib_from_linklib_cmd='printf %s\n'
lt_cv_sys_global_symbol_pipe='sed -n -e '\''s/^.*[	 ]\([BCDEGRST][BCDEGRST]*\)[	 ][	 ]*_\([_A-Za-z][_A-Za-z0-9]*\)$/\1 _\2 \2/p'\'' | sed '\''/ __gnu_lto/d'\'''
lt_cv_sys_global_symbol_to_c_name_address='sed -n -e '\''s/^: \([^ ]*\)[ ]*$/  {\"\1\", (void *) 0},/p'\'' -e '\''s/^[BCDEGRST]* \([^ ]*\) \([^ ]*\)$/  {"\2", (void *) \&\2},/p'\'''
lt_cv_sys_global_symbol_to_c_name_address_lib_prefix='sed -n -e '\''s/^: \([^ ]*\)[ ]*$/  {\"\1\", (void *) 0},/p'\'' -e '\''s/^[BCDEGRST]* \([^ ]*\) \(lib[^ ]*\)$/  {"\2", (void *) \&\2},/p'\'' -e '\''s/^[BCDEGRST]* \([^ ]*\) \([^ ]*\)$/  {"lib\2", (void *) \&\2},/p'\'''
lt_cv_sys_global_symbol_to_cdecl='sed -n -e '\''s/^T .* \(.*\)$/extern int \1();/p'\'' -e '\''s/^[BCDEGRST]* .* \(.*\)$/extern char \1;/p'\'''
lt_cv_sys_max_cmd_len=196608
lt_cv_to_host_file_cmd=func_convert_file_noop
lt_cv_to_tool_file_cmd=func_convert_file_noop

## ----------------- ##
## Output variables. ##
## ----------------- ##

AR='ar'
AS='as'
AWK='awk'
CC='/usr/bin/gcc-4.2'
CC_BUILD='/usr/bin/gcc-4.2'
CFLAGS='-Os -arch x86_64 -isysroot /Developer/SDKs/MacOSX10.5.sdk -I/Users/soegaard/BuildRacketLibs/include -DDARWIN_NO_CARBON -DFT_CONFIG_OPTION_SYSTEM_ZLIB -DFT_CONFIG_OPTION_USE_BZIP2 -I/opt/local/include/libpng15 -DFT_CONFIG_OPTION_USE_PNG'
CPP='/usr/bin/gcc-4.2 -E'
CPPFLAGS='-isysroot /Developer/SDKs/MacOSX10.5.sdk -mmacosx-version-min=10.5'
DEFS='-DHAVE_CONFIG_H'
DLLTOOL='false'
DSYMUTIL='dsymutil'
DUMPBIN=''
ECHO_C='\c'
ECHO_N=''
ECHO_T=''
EGREP='/usr/bin/grep -E'
EXEEXT=''
EXEEXT_BUILD=''
FGREP='/usr/bin/grep -F'
FT2_EXTRA_LIBS=''
FTSYS_SRC='$(BUILD_DIR)/ftsystem.c'
GREP='/usr/bin/grep'
INSTALL_DATA='${INSTALL} -m 644'
INSTALL_PROGRAM='${INSTALL}'
INSTALL_SCRIPT='${INSTALL}'
LD='/usr/libexec/gcc/i686-apple-darwin10/4.2.1/ld'
LDFLAGS='   -arch x86_64 -isysroot /Developer/SDKs/MacOSX10.5.sdk -L/Users/soegaard/BuildRacketLibs/lib -lz -lbz2 -L/opt/local/lib -lpng15'
LIBBZ2='-lbz2'
LIBOBJS=''
LIBS=''
LIBTOOL='$(SHELL) $(top_builddir)/libtool'
LIBZ='-lz'
LIPO='lipo'
LN_S='ln -s'
LTLIBOBJS=''
MANIFEST_TOOL=':'
NM='/opt/local/bin/nm'
NMEDIT='nmedit'
OBJDUMP='false'
OBJEXT='o'
OTOOL64=':'
OTOOL='otool'
PACKAGE_BUGREPORT='freetype@nongnu.org'
PACKAGE_NAME='FreeType'
PACKAGE_STRING='FreeType 2.5'
PACKAGE_TARNAME='freetype'
PACKAGE_URL=''
PACKAGE_VERSION='2.5'
PATH_SEPARATOR=':'
RANLIB='ranlib'
RMDIR='rmdir'
SED='/usr/bin/sed'
SHELL='/bin/sh'
STRIP='strip'
SYSTEM_ZLIB='yes'
XX_ANSIFLAGS=' -pedantic -ansi'
XX_CFLAGS='-Wall'
ac_ct_AR='ar'
ac_ct_CC='/usr/bin/gcc-4.2'
ac_ct_DUMPBIN=''
bindir='${exec_prefix}/bin'
build='x86_64-apple-darwin13.0.0'
build_alias=''
build_cpu='x86_64'
build_libtool_libs=''
build_os='darwin13.0.0'
build_vendor='apple'
datadir='${datarootdir}'
datarootdir='${prefix}/share'
docdir='${datarootdir}/doc/${PACKAGE_TARNAME}'
dvidir='${docdir}'
exec_prefix='${prefix}'
ft_version='16.2.10'
ftmac_c=''
hardcode_libdir_flag_spec=''
host='x86_64-apple-darwin13.0.0'
host_alias=''
host_cpu='x86_64'
host_os='darwin13.0.0'
host_vendor='apple'
htmldir='${docdir}'
includedir='${prefix}/include'
infodir='${datarootdir}/info'
libdir='${exec_prefix}/lib'
libexecdir='${exec_prefix}/libexec'
localedir='${datarootdir}/locale'
localstatedir='${prefix}/var'
mandir='${datarootdir}/man'
oldincludedir='/usr/include'
pdfdir='${docdir}'
prefix='/Users/soegaard/BuildRacketLibs'
program_transform_name='s,x,x,'
psdir='${docdir}'
sbindir='${exec_prefix}/sbin'
sharedstatedir='${prefix}/com'
sysconfdir='${prefix}/etc'
target_alias=''
version_info='16:2:10'
wl='-Wl,'

## ----------- ##
## confdefs.h. ##
## ----------- ##

/* confdefs.h */
#define PACKAGE_NAME "FreeType"
#define PACKAGE_TARNAME "freetype"
#define PACKAGE_VERSION "2.5"
#define PACKAGE_STRING "FreeType 2.5"
#define PACKAGE_BUGREPORT "freetype@nongnu.org"
#define PACKAGE_URL ""
#define STDC_HEADERS 1
#define HAVE_SYS_TYPES_H 1
#define HAVE_SYS_STAT_H 1
#define HAVE_STDLIB_H 1
#define HAVE_STRING_H 1
#define HAVE_MEMORY_H 1
#define HAVE_STRINGS_H 1
#define HAVE_INTTYPES_H 1
#define HAVE_STDINT_H 1
#define HAVE_UNISTD_H 1
#define HAVE_FCNTL_H 1
#define HAVE_UNISTD_H 1
#define SIZEOF_INT 4
#define SIZEOF_LONG 8
#define HAVE_STDLIB_H 1
#define HAVE_UNISTD_H 1
#define HAVE_SYS_PARAM_H 1
#define HAVE_GETPAGESIZE 1
#define HAVE_MMAP 1
#define HAVE_DECL_MUNMAP 1
#define MUNMAP_USES_VOIDP /**/
#define HAVE_MEMCPY 1
#define HAVE_MEMMOVE 1
#define HAVE_DLFCN_H 1
#define LT_OBJDIR ".libs/"

configure: exit 0
